['resnet110', 'resnet1202', 'resnet20', 'resnet32', 'resnet44', 'resnet56']
Files already downloaded and verified
current lr 1.00000e-02
Epoch: [0][0/391]	Time 0.976 (0.976)	Data 0.272 (0.272)	Loss 6.2384 (6.2384)	Prec@1 7.812 (7.812)
Epoch: [0][50/391]	Time 0.320 (0.279)	Data 0.000 (0.007)	Loss 2.2504 (2.8503)	Prec@1 21.875 (17.417)
Epoch: [0][100/391]	Time 0.331 (0.302)	Data 0.000 (0.004)	Loss 2.3315 (2.4529)	Prec@1 14.844 (21.504)
Epoch: [0][150/391]	Time 0.332 (0.309)	Data 0.000 (0.003)	Loss 1.6855 (2.2912)	Prec@1 35.156 (24.286)
Epoch: [0][200/391]	Time 0.318 (0.312)	Data 0.003 (0.002)	Loss 1.6947 (2.1774)	Prec@1 35.938 (26.776)
Epoch: [0][250/391]	Time 0.331 (0.315)	Data 0.000 (0.002)	Loss 1.5537 (2.0756)	Prec@1 45.312 (29.224)
Epoch: [0][300/391]	Time 0.329 (0.316)	Data 0.000 (0.002)	Loss 1.5607 (2.0040)	Prec@1 40.625 (31.107)
Epoch: [0][350/391]	Time 0.320 (0.317)	Data 0.001 (0.002)	Loss 1.4693 (1.9504)	Prec@1 50.000 (32.450)
Test: [0/79]	Time 0.320 (0.320)	Loss 1.4849 (1.4849)	Prec@1 47.656 (47.656)
Test: [50/79]	Time 0.074 (0.062)	Loss 1.5291 (1.5619)	Prec@1 48.438 (44.332)
 * Prec@1 44.010
current lr 1.00000e-02
Epoch: [1][0/391]	Time 0.722 (0.722)	Data 0.328 (0.328)	Loss 1.4199 (1.4199)	Prec@1 50.781 (50.781)
Epoch: [1][50/391]	Time 0.318 (0.321)	Data 0.000 (0.008)	Loss 1.5421 (1.5545)	Prec@1 47.656 (43.643)
Epoch: [1][100/391]	Time 0.333 (0.321)	Data 0.000 (0.004)	Loss 1.4859 (1.5142)	Prec@1 46.875 (45.343)
Epoch: [1][150/391]	Time 0.318 (0.322)	Data 0.000 (0.003)	Loss 1.3774 (1.4937)	Prec@1 50.000 (46.021)
Epoch: [1][200/391]	Time 0.318 (0.322)	Data 0.000 (0.003)	Loss 1.4283 (1.4780)	Prec@1 44.531 (46.611)
Epoch: [1][250/391]	Time 0.315 (0.322)	Data 0.000 (0.002)	Loss 1.4226 (1.4680)	Prec@1 50.000 (47.084)
Epoch: [1][300/391]	Time 0.320 (0.322)	Data 0.000 (0.002)	Loss 1.5402 (1.4532)	Prec@1 44.531 (47.661)
Epoch: [1][350/391]	Time 0.313 (0.322)	Data 0.000 (0.002)	Loss 1.4951 (1.4417)	Prec@1 46.875 (48.081)
Test: [0/79]	Time 0.405 (0.405)	Loss 1.2467 (1.2467)	Prec@1 53.125 (53.125)
Test: [50/79]	Time 0.071 (0.079)	Loss 1.2607 (1.3389)	Prec@1 52.344 (52.589)
 * Prec@1 51.950
current lr 1.00000e-02
Epoch: [2][0/391]	Time 0.637 (0.637)	Data 0.315 (0.315)	Loss 1.2362 (1.2362)	Prec@1 50.781 (50.781)
Epoch: [2][50/391]	Time 0.327 (0.321)	Data 0.000 (0.008)	Loss 1.2377 (1.2554)	Prec@1 54.688 (54.810)
Epoch: [2][100/391]	Time 0.316 (0.321)	Data 0.000 (0.004)	Loss 1.1780 (1.2688)	Prec@1 60.938 (54.571)
Epoch: [2][150/391]	Time 0.330 (0.321)	Data 0.000 (0.003)	Loss 1.1268 (1.2752)	Prec@1 55.469 (54.486)
Epoch: [2][200/391]	Time 0.319 (0.321)	Data 0.000 (0.002)	Loss 1.0773 (1.2561)	Prec@1 60.938 (55.138)
Epoch: [2][250/391]	Time 0.320 (0.321)	Data 0.000 (0.002)	Loss 1.0934 (1.2385)	Prec@1 60.156 (55.836)
Epoch: [2][300/391]	Time 0.319 (0.322)	Data 0.000 (0.002)	Loss 1.1555 (1.2198)	Prec@1 59.375 (56.515)
Epoch: [2][350/391]	Time 0.214 (0.321)	Data 0.000 (0.002)	Loss 1.0805 (1.2024)	Prec@1 65.625 (57.205)
Test: [0/79]	Time 0.329 (0.329)	Loss 1.1165 (1.1165)	Prec@1 64.844 (64.844)
Test: [50/79]	Time 0.079 (0.079)	Loss 1.1154 (1.2115)	Prec@1 63.281 (59.038)
 * Prec@1 58.750
current lr 1.00000e-02
Epoch: [3][0/391]	Time 0.624 (0.624)	Data 0.316 (0.316)	Loss 1.2006 (1.2006)	Prec@1 54.688 (54.688)
Epoch: [3][50/391]	Time 0.320 (0.324)	Data 0.000 (0.007)	Loss 1.0538 (1.0780)	Prec@1 57.031 (61.642)
Epoch: [3][100/391]	Time 0.317 (0.323)	Data 0.000 (0.004)	Loss 0.9623 (1.0461)	Prec@1 65.625 (62.778)
Epoch: [3][150/391]	Time 0.318 (0.323)	Data 0.000 (0.003)	Loss 1.0632 (1.0451)	Prec@1 63.281 (62.981)
Epoch: [3][200/391]	Time 0.320 (0.323)	Data 0.000 (0.002)	Loss 0.9176 (1.0370)	Prec@1 66.406 (63.188)
Epoch: [3][250/391]	Time 0.317 (0.323)	Data 0.000 (0.002)	Loss 0.8883 (1.0318)	Prec@1 67.969 (63.353)
Epoch: [3][300/391]	Time 0.318 (0.323)	Data 0.000 (0.002)	Loss 1.1727 (1.0259)	Prec@1 61.719 (63.564)
Epoch: [3][350/391]	Time 0.311 (0.319)	Data 0.000 (0.002)	Loss 0.9986 (1.0185)	Prec@1 66.406 (63.911)
Test: [0/79]	Time 0.321 (0.321)	Loss 0.9117 (0.9117)	Prec@1 64.844 (64.844)
Test: [50/79]	Time 0.078 (0.080)	Loss 1.1342 (1.0110)	Prec@1 64.844 (65.012)
 * Prec@1 65.020
current lr 1.00000e-02
Epoch: [4][0/391]	Time 0.649 (0.649)	Data 0.328 (0.328)	Loss 0.9261 (0.9261)	Prec@1 68.750 (68.750)
Epoch: [4][50/391]	Time 0.323 (0.325)	Data 0.000 (0.007)	Loss 0.9191 (0.9244)	Prec@1 63.281 (67.662)
Epoch: [4][100/391]	Time 0.327 (0.322)	Data 0.000 (0.004)	Loss 0.9116 (0.9301)	Prec@1 67.969 (67.536)
Epoch: [4][150/391]	Time 0.329 (0.322)	Data 0.000 (0.003)	Loss 0.9763 (0.9230)	Prec@1 67.969 (67.472)
Epoch: [4][200/391]	Time 0.317 (0.322)	Data 0.000 (0.002)	Loss 0.9078 (0.9210)	Prec@1 70.312 (67.467)
Epoch: [4][250/391]	Time 0.316 (0.322)	Data 0.000 (0.002)	Loss 0.9636 (0.9195)	Prec@1 67.969 (67.402)
Epoch: [4][300/391]	Time 0.319 (0.322)	Data 0.000 (0.002)	Loss 0.8617 (0.9149)	Prec@1 67.969 (67.662)
Epoch: [4][350/391]	Time 0.320 (0.319)	Data 0.000 (0.002)	Loss 1.0226 (0.9081)	Prec@1 60.156 (67.864)
Test: [0/79]	Time 0.332 (0.332)	Loss 0.7508 (0.7508)	Prec@1 72.656 (72.656)
Test: [50/79]	Time 0.074 (0.080)	Loss 0.8898 (0.8168)	Prec@1 75.781 (71.369)
 * Prec@1 71.550
current lr 1.00000e-02
Epoch: [5][0/391]	Time 0.589 (0.589)	Data 0.284 (0.284)	Loss 0.8760 (0.8760)	Prec@1 71.094 (71.094)
Epoch: [5][50/391]	Time 0.319 (0.324)	Data 0.000 (0.006)	Loss 0.6911 (0.8136)	Prec@1 75.781 (71.278)
Epoch: [5][100/391]	Time 0.320 (0.321)	Data 0.001 (0.004)	Loss 0.7361 (0.8091)	Prec@1 75.000 (71.527)
Epoch: [5][150/391]	Time 0.319 (0.321)	Data 0.000 (0.003)	Loss 0.7739 (0.8092)	Prec@1 72.656 (71.637)
Epoch: [5][200/391]	Time 0.329 (0.321)	Data 0.000 (0.002)	Loss 0.8920 (0.8111)	Prec@1 68.750 (71.583)
Epoch: [5][250/391]	Time 0.319 (0.321)	Data 0.000 (0.002)	Loss 0.7895 (0.8067)	Prec@1 73.438 (71.735)
Epoch: [5][300/391]	Time 0.289 (0.320)	Data 0.000 (0.002)	Loss 0.7397 (0.8046)	Prec@1 71.094 (71.719)
Epoch: [5][350/391]	Time 0.309 (0.318)	Data 0.000 (0.002)	Loss 0.8339 (0.8061)	Prec@1 72.656 (71.652)
Test: [0/79]	Time 0.354 (0.354)	Loss 0.7199 (0.7199)	Prec@1 75.000 (75.000)
Test: [50/79]	Time 0.071 (0.081)	Loss 0.9533 (0.8354)	Prec@1 67.969 (71.936)
 * Prec@1 72.080
current lr 1.00000e-02
Epoch: [6][0/391]	Time 0.642 (0.642)	Data 0.309 (0.309)	Loss 0.8192 (0.8192)	Prec@1 75.000 (75.000)
Epoch: [6][50/391]	Time 0.316 (0.329)	Data 0.000 (0.007)	Loss 0.6868 (0.7609)	Prec@1 73.438 (73.024)
Epoch: [6][100/391]	Time 0.316 (0.323)	Data 0.000 (0.004)	Loss 0.6137 (0.7478)	Prec@1 81.250 (73.724)
Epoch: [6][150/391]	Time 0.328 (0.322)	Data 0.000 (0.003)	Loss 0.6743 (0.7431)	Prec@1 77.344 (73.820)
Epoch: [6][200/391]	Time 0.317 (0.322)	Data 0.000 (0.003)	Loss 0.6494 (0.7434)	Prec@1 82.031 (73.850)
Epoch: [6][250/391]	Time 0.341 (0.322)	Data 0.000 (0.002)	Loss 0.6025 (0.7397)	Prec@1 78.906 (73.988)
Epoch: [6][300/391]	Time 0.319 (0.318)	Data 0.000 (0.002)	Loss 0.7465 (0.7359)	Prec@1 72.656 (74.198)
Epoch: [6][350/391]	Time 0.309 (0.318)	Data 0.000 (0.002)	Loss 0.7296 (0.7317)	Prec@1 75.781 (74.401)
Test: [0/79]	Time 0.331 (0.331)	Loss 0.6523 (0.6523)	Prec@1 77.344 (77.344)
Test: [50/79]	Time 0.073 (0.080)	Loss 0.8896 (0.7957)	Prec@1 72.656 (73.100)
 * Prec@1 73.150
current lr 1.00000e-02
Epoch: [7][0/391]	Time 0.651 (0.651)	Data 0.330 (0.330)	Loss 0.7241 (0.7241)	Prec@1 71.094 (71.094)
Epoch: [7][50/391]	Time 0.315 (0.329)	Data 0.000 (0.007)	Loss 0.6183 (0.6772)	Prec@1 78.906 (76.164)
Epoch: [7][100/391]	Time 0.308 (0.324)	Data 0.000 (0.004)	Loss 0.6613 (0.6702)	Prec@1 75.781 (76.532)
Epoch: [7][150/391]	Time 0.319 (0.322)	Data 0.000 (0.003)	Loss 0.6918 (0.6736)	Prec@1 75.000 (76.345)
Epoch: [7][200/391]	Time 0.332 (0.323)	Data 0.000 (0.002)	Loss 0.6912 (0.6752)	Prec@1 71.875 (76.325)
Epoch: [7][250/391]	Time 0.311 (0.322)	Data 0.000 (0.002)	Loss 0.6797 (0.6743)	Prec@1 75.000 (76.298)
Epoch: [7][300/391]	Time 0.320 (0.319)	Data 0.000 (0.002)	Loss 0.7317 (0.6724)	Prec@1 73.438 (76.350)
Epoch: [7][350/391]	Time 0.320 (0.318)	Data 0.000 (0.002)	Loss 0.6636 (0.6738)	Prec@1 73.438 (76.293)
Test: [0/79]	Time 0.325 (0.325)	Loss 0.7181 (0.7181)	Prec@1 75.000 (75.000)
Test: [50/79]	Time 0.075 (0.080)	Loss 0.9588 (0.7461)	Prec@1 65.625 (75.306)
 * Prec@1 75.260
current lr 1.00000e-02
Epoch: [8][0/391]	Time 0.595 (0.595)	Data 0.282 (0.282)	Loss 0.6221 (0.6221)	Prec@1 77.344 (77.344)
Epoch: [8][50/391]	Time 0.319 (0.329)	Data 0.000 (0.006)	Loss 0.7161 (0.6430)	Prec@1 75.000 (78.002)
Epoch: [8][100/391]	Time 0.325 (0.325)	Data 0.005 (0.004)	Loss 0.6078 (0.6448)	Prec@1 81.250 (77.560)
Epoch: [8][150/391]	Time 0.318 (0.323)	Data 0.000 (0.003)	Loss 0.6239 (0.6411)	Prec@1 78.906 (77.623)
Epoch: [8][200/391]	Time 0.318 (0.323)	Data 0.000 (0.002)	Loss 0.6692 (0.6354)	Prec@1 76.562 (77.966)
Epoch: [8][250/391]	Time 0.300 (0.319)	Data 0.000 (0.002)	Loss 0.6094 (0.6342)	Prec@1 82.031 (77.954)
Epoch: [8][300/391]	Time 0.329 (0.318)	Data 0.000 (0.002)	Loss 0.7168 (0.6328)	Prec@1 75.781 (77.993)
Epoch: [8][350/391]	Time 0.319 (0.318)	Data 0.000 (0.002)	Loss 0.7604 (0.6315)	Prec@1 72.656 (77.967)
Test: [0/79]	Time 0.331 (0.331)	Loss 0.5875 (0.5875)	Prec@1 79.688 (79.688)
Test: [50/79]	Time 0.072 (0.079)	Loss 0.8853 (0.7240)	Prec@1 71.875 (76.287)
 * Prec@1 75.940
current lr 1.00000e-02
Epoch: [9][0/391]	Time 0.627 (0.627)	Data 0.287 (0.287)	Loss 0.4154 (0.4154)	Prec@1 88.281 (88.281)
Epoch: [9][50/391]	Time 0.328 (0.328)	Data 0.000 (0.007)	Loss 0.5136 (0.5956)	Prec@1 78.906 (79.442)
Epoch: [9][100/391]	Time 0.316 (0.325)	Data 0.000 (0.004)	Loss 0.6030 (0.5868)	Prec@1 77.344 (79.664)
Epoch: [9][150/391]	Time 0.332 (0.322)	Data 0.000 (0.003)	Loss 0.5513 (0.5792)	Prec@1 80.469 (79.791)
Epoch: [9][200/391]	Time 0.316 (0.322)	Data 0.000 (0.002)	Loss 0.5548 (0.5856)	Prec@1 85.156 (79.579)
Epoch: [9][250/391]	Time 0.315 (0.317)	Data 0.000 (0.002)	Loss 0.6904 (0.5860)	Prec@1 78.125 (79.513)
Epoch: [9][300/391]	Time 0.308 (0.317)	Data 0.000 (0.002)	Loss 0.5396 (0.5906)	Prec@1 81.250 (79.397)
Epoch: [9][350/391]	Time 0.328 (0.318)	Data 0.000 (0.002)	Loss 0.5299 (0.5917)	Prec@1 82.812 (79.380)
Test: [0/79]	Time 0.329 (0.329)	Loss 0.5055 (0.5055)	Prec@1 79.688 (79.688)
Test: [50/79]	Time 0.074 (0.079)	Loss 0.8770 (0.6708)	Prec@1 72.656 (77.619)
 * Prec@1 77.680
current lr 1.00000e-02
Epoch: [10][0/391]	Time 0.602 (0.602)	Data 0.267 (0.267)	Loss 0.5056 (0.5056)	Prec@1 81.250 (81.250)
Epoch: [10][50/391]	Time 0.331 (0.328)	Data 0.000 (0.006)	Loss 0.4133 (0.5474)	Prec@1 83.594 (81.112)
Epoch: [10][100/391]	Time 0.320 (0.325)	Data 0.000 (0.004)	Loss 0.5937 (0.5569)	Prec@1 79.688 (81.242)
Epoch: [10][150/391]	Time 0.332 (0.322)	Data 0.000 (0.003)	Loss 0.7290 (0.5574)	Prec@1 78.906 (80.826)
Epoch: [10][200/391]	Time 0.330 (0.321)	Data 0.014 (0.002)	Loss 0.4971 (0.5559)	Prec@1 82.812 (80.803)
Epoch: [10][250/391]	Time 0.319 (0.318)	Data 0.000 (0.002)	Loss 0.4745 (0.5608)	Prec@1 81.250 (80.596)
Epoch: [10][300/391]	Time 0.318 (0.318)	Data 0.000 (0.002)	Loss 0.6955 (0.5592)	Prec@1 73.438 (80.645)
Epoch: [10][350/391]	Time 0.332 (0.318)	Data 0.000 (0.002)	Loss 0.6361 (0.5585)	Prec@1 75.781 (80.702)
Test: [0/79]	Time 0.335 (0.335)	Loss 0.7330 (0.7330)	Prec@1 77.344 (77.344)
Test: [50/79]	Time 0.073 (0.079)	Loss 0.9519 (0.7950)	Prec@1 75.000 (76.072)
 * Prec@1 76.080
current lr 1.00000e-02
Epoch: [11][0/391]	Time 0.603 (0.603)	Data 0.295 (0.295)	Loss 0.4890 (0.4890)	Prec@1 83.594 (83.594)
Epoch: [11][50/391]	Time 0.316 (0.329)	Data 0.000 (0.007)	Loss 0.5133 (0.5246)	Prec@1 82.812 (81.480)
Epoch: [11][100/391]	Time 0.320 (0.326)	Data 0.000 (0.004)	Loss 0.5715 (0.5332)	Prec@1 82.031 (81.088)
Epoch: [11][150/391]	Time 0.321 (0.324)	Data 0.000 (0.003)	Loss 0.6719 (0.5320)	Prec@1 77.344 (81.297)
Epoch: [11][200/391]	Time 0.311 (0.317)	Data 0.000 (0.003)	Loss 0.4833 (0.5389)	Prec@1 82.031 (81.083)
Epoch: [11][250/391]	Time 0.321 (0.317)	Data 0.000 (0.002)	Loss 0.4420 (0.5365)	Prec@1 81.250 (81.203)
Epoch: [11][300/391]	Time 0.338 (0.317)	Data 0.000 (0.002)	Loss 0.5056 (0.5301)	Prec@1 84.375 (81.359)
Epoch: [11][350/391]	Time 0.318 (0.318)	Data 0.000 (0.002)	Loss 0.5238 (0.5284)	Prec@1 83.594 (81.437)
Test: [0/79]	Time 0.332 (0.332)	Loss 0.5588 (0.5588)	Prec@1 82.031 (82.031)
Test: [50/79]	Time 0.071 (0.080)	Loss 0.9353 (0.6505)	Prec@1 70.312 (78.631)
 * Prec@1 78.440
current lr 1.00000e-02
Epoch: [12][0/391]	Time 0.648 (0.648)	Data 0.323 (0.323)	Loss 0.4707 (0.4707)	Prec@1 83.594 (83.594)
Epoch: [12][50/391]	Time 0.328 (0.330)	Data 0.000 (0.008)	Loss 0.5863 (0.5016)	Prec@1 82.031 (81.985)
Epoch: [12][100/391]	Time 0.332 (0.326)	Data 0.000 (0.004)	Loss 0.3881 (0.5031)	Prec@1 88.281 (82.333)
Epoch: [12][150/391]	Time 0.319 (0.324)	Data 0.000 (0.003)	Loss 0.4614 (0.4987)	Prec@1 85.156 (82.497)
Epoch: [12][200/391]	Time 0.317 (0.315)	Data 0.000 (0.003)	Loss 0.5864 (0.5065)	Prec@1 79.688 (82.218)
Epoch: [12][250/391]	Time 0.329 (0.317)	Data 0.000 (0.002)	Loss 0.4116 (0.5054)	Prec@1 84.375 (82.311)
Epoch: [12][300/391]	Time 0.317 (0.317)	Data 0.000 (0.002)	Loss 0.2924 (0.5046)	Prec@1 89.844 (82.405)
Epoch: [12][350/391]	Time 0.317 (0.317)	Data 0.000 (0.002)	Loss 0.5877 (0.5059)	Prec@1 81.250 (82.372)
Test: [0/79]	Time 0.332 (0.332)	Loss 0.5677 (0.5677)	Prec@1 82.031 (82.031)
Test: [50/79]	Time 0.072 (0.081)	Loss 0.7098 (0.6243)	Prec@1 76.562 (78.523)
 * Prec@1 78.940
current lr 1.00000e-02
Epoch: [13][0/391]	Time 0.588 (0.588)	Data 0.274 (0.274)	Loss 0.4575 (0.4575)	Prec@1 83.594 (83.594)
Epoch: [13][50/391]	Time 0.330 (0.327)	Data 0.000 (0.006)	Loss 0.5249 (0.4704)	Prec@1 81.250 (83.487)
Epoch: [13][100/391]	Time 0.321 (0.324)	Data 0.000 (0.003)	Loss 0.4544 (0.4665)	Prec@1 82.812 (83.671)
Epoch: [13][150/391]	Time 0.271 (0.320)	Data 0.003 (0.003)	Loss 0.4833 (0.4689)	Prec@1 83.594 (83.780)
Epoch: [13][200/391]	Time 0.330 (0.317)	Data 0.000 (0.002)	Loss 0.5116 (0.4726)	Prec@1 82.812 (83.644)
Epoch: [13][250/391]	Time 0.331 (0.318)	Data 0.001 (0.002)	Loss 0.5848 (0.4725)	Prec@1 79.688 (83.612)
Epoch: [13][300/391]	Time 0.318 (0.318)	Data 0.000 (0.002)	Loss 0.4512 (0.4733)	Prec@1 85.156 (83.594)
Epoch: [13][350/391]	Time 0.316 (0.318)	Data 0.000 (0.002)	Loss 0.3709 (0.4734)	Prec@1 86.719 (83.576)
Test: [0/79]	Time 0.352 (0.352)	Loss 0.4800 (0.4800)	Prec@1 81.250 (81.250)
Test: [50/79]	Time 0.067 (0.080)	Loss 0.8067 (0.5765)	Prec@1 78.906 (81.097)
 * Prec@1 81.150
current lr 1.00000e-02
Epoch: [14][0/391]	Time 0.554 (0.554)	Data 0.240 (0.240)	Loss 0.5806 (0.5806)	Prec@1 82.812 (82.812)
Epoch: [14][50/391]	Time 0.332 (0.326)	Data 0.000 (0.006)	Loss 0.4972 (0.4667)	Prec@1 83.594 (83.716)
Epoch: [14][100/391]	Time 0.314 (0.324)	Data 0.000 (0.003)	Loss 0.5154 (0.4705)	Prec@1 81.250 (83.679)
Epoch: [14][150/391]	Time 0.317 (0.317)	Data 0.001 (0.003)	Loss 0.4432 (0.4622)	Prec@1 85.938 (83.837)
Epoch: [14][200/391]	Time 0.320 (0.317)	Data 0.000 (0.003)	Loss 0.4531 (0.4584)	Prec@1 85.156 (84.037)
Epoch: [14][250/391]	Time 0.310 (0.317)	Data 0.000 (0.002)	Loss 0.2556 (0.4582)	Prec@1 89.062 (83.958)
Epoch: [14][300/391]	Time 0.316 (0.317)	Data 0.000 (0.002)	Loss 0.4900 (0.4555)	Prec@1 83.594 (84.027)
Epoch: [14][350/391]	Time 0.318 (0.318)	Data 0.000 (0.002)	Loss 0.4124 (0.4563)	Prec@1 85.156 (83.994)
Test: [0/79]	Time 0.297 (0.297)	Loss 0.4683 (0.4683)	Prec@1 84.375 (84.375)
Test: [50/79]	Time 0.074 (0.081)	Loss 0.7681 (0.5853)	Prec@1 78.125 (80.928)
 * Prec@1 81.070
current lr 1.00000e-02
Epoch: [15][0/391]	Time 0.624 (0.624)	Data 0.303 (0.303)	Loss 0.3587 (0.3587)	Prec@1 89.062 (89.062)
Epoch: [15][50/391]	Time 0.327 (0.328)	Data 0.000 (0.007)	Loss 0.4035 (0.4135)	Prec@1 83.594 (85.524)
Epoch: [15][100/391]	Time 0.255 (0.323)	Data 0.000 (0.004)	Loss 0.5317 (0.4289)	Prec@1 78.125 (85.079)
Epoch: [15][150/391]	Time 0.314 (0.316)	Data 0.000 (0.003)	Loss 0.4307 (0.4332)	Prec@1 86.719 (84.913)
Epoch: [15][200/391]	Time 0.313 (0.317)	Data 0.000 (0.003)	Loss 0.4452 (0.4340)	Prec@1 85.938 (84.919)
Epoch: [15][250/391]	Time 0.265 (0.316)	Data 0.000 (0.002)	Loss 0.3638 (0.4383)	Prec@1 89.844 (84.854)
Epoch: [15][300/391]	Time 0.316 (0.317)	Data 0.000 (0.002)	Loss 0.3609 (0.4349)	Prec@1 86.719 (84.834)
Epoch: [15][350/391]	Time 0.319 (0.318)	Data 0.000 (0.002)	Loss 0.4525 (0.4377)	Prec@1 83.594 (84.787)
Test: [0/79]	Time 0.318 (0.318)	Loss 0.4385 (0.4385)	Prec@1 84.375 (84.375)
Test: [50/79]	Time 0.076 (0.080)	Loss 0.7273 (0.5544)	Prec@1 78.906 (82.077)
 * Prec@1 81.830
current lr 1.00000e-02
Epoch: [16][0/391]	Time 0.682 (0.682)	Data 0.374 (0.374)	Loss 0.4327 (0.4327)	Prec@1 84.375 (84.375)
Epoch: [16][50/391]	Time 0.317 (0.328)	Data 0.001 (0.008)	Loss 0.3738 (0.3942)	Prec@1 86.719 (86.198)
Epoch: [16][100/391]	Time 0.301 (0.316)	Data 0.000 (0.004)	Loss 0.4305 (0.3980)	Prec@1 85.938 (85.837)
Epoch: [16][150/391]	Time 0.315 (0.317)	Data 0.001 (0.003)	Loss 0.4542 (0.4060)	Prec@1 81.250 (85.705)
Epoch: [16][200/391]	Time 0.320 (0.318)	Data 0.000 (0.003)	Loss 0.2975 (0.4077)	Prec@1 89.844 (85.739)
Epoch: [16][250/391]	Time 0.319 (0.316)	Data 0.000 (0.002)	Loss 0.6660 (0.4109)	Prec@1 78.125 (85.586)
Epoch: [16][300/391]	Time 0.318 (0.317)	Data 0.000 (0.002)	Loss 0.4653 (0.4124)	Prec@1 85.938 (85.603)
Epoch: [16][350/391]	Time 0.318 (0.318)	Data 0.000 (0.002)	Loss 0.3905 (0.4117)	Prec@1 87.500 (85.628)
Test: [0/79]	Time 0.359 (0.359)	Loss 0.4260 (0.4260)	Prec@1 85.156 (85.156)
Test: [50/79]	Time 0.075 (0.081)	Loss 0.7533 (0.5316)	Prec@1 78.906 (82.659)
 * Prec@1 82.570
current lr 1.00000e-02
Epoch: [17][0/391]	Time 0.636 (0.636)	Data 0.327 (0.327)	Loss 0.3429 (0.3429)	Prec@1 89.062 (89.062)
Epoch: [17][50/391]	Time 0.314 (0.328)	Data 0.000 (0.008)	Loss 0.3989 (0.3955)	Prec@1 87.500 (86.198)
Epoch: [17][100/391]	Time 0.327 (0.311)	Data 0.000 (0.005)	Loss 0.3260 (0.4029)	Prec@1 87.500 (85.775)
Epoch: [17][150/391]	Time 0.319 (0.314)	Data 0.000 (0.003)	Loss 0.3912 (0.3964)	Prec@1 85.156 (86.031)
Epoch: [17][200/391]	Time 0.332 (0.316)	Data 0.000 (0.003)	Loss 0.3676 (0.3949)	Prec@1 87.500 (86.077)
Epoch: [17][250/391]	Time 0.304 (0.315)	Data 0.000 (0.002)	Loss 0.3530 (0.3947)	Prec@1 87.500 (86.124)
Epoch: [17][300/391]	Time 0.333 (0.316)	Data 0.000 (0.002)	Loss 0.3820 (0.3935)	Prec@1 85.938 (86.179)
Epoch: [17][350/391]	Time 0.320 (0.317)	Data 0.000 (0.002)	Loss 0.3710 (0.3969)	Prec@1 86.719 (86.089)
Test: [0/79]	Time 0.319 (0.319)	Loss 0.3845 (0.3845)	Prec@1 89.062 (89.062)
Test: [50/79]	Time 0.075 (0.081)	Loss 0.6607 (0.5539)	Prec@1 78.125 (82.292)
 * Prec@1 81.960
current lr 1.00000e-02
Epoch: [18][0/391]	Time 0.611 (0.611)	Data 0.305 (0.305)	Loss 0.3039 (0.3039)	Prec@1 88.281 (88.281)
Epoch: [18][50/391]	Time 0.271 (0.322)	Data 0.001 (0.006)	Loss 0.3596 (0.3810)	Prec@1 89.062 (86.612)
Epoch: [18][100/391]	Time 0.315 (0.313)	Data 0.000 (0.004)	Loss 0.3556 (0.3774)	Prec@1 87.500 (86.556)
Epoch: [18][150/391]	Time 0.319 (0.316)	Data 0.000 (0.003)	Loss 0.4821 (0.3807)	Prec@1 84.375 (86.579)
Epoch: [18][200/391]	Time 0.312 (0.317)	Data 0.000 (0.002)	Loss 0.2699 (0.3767)	Prec@1 86.719 (86.680)
Epoch: [18][250/391]	Time 0.316 (0.316)	Data 0.000 (0.002)	Loss 0.3652 (0.3760)	Prec@1 89.062 (86.750)
Epoch: [18][300/391]	Time 0.316 (0.316)	Data 0.000 (0.002)	Loss 0.3470 (0.3762)	Prec@1 89.062 (86.799)
Epoch: [18][350/391]	Time 0.321 (0.317)	Data 0.000 (0.002)	Loss 0.4103 (0.3776)	Prec@1 86.719 (86.812)
Test: [0/79]	Time 0.297 (0.297)	Loss 0.4909 (0.4909)	Prec@1 80.469 (80.469)
Test: [50/79]	Time 0.072 (0.079)	Loss 0.7497 (0.5828)	Prec@1 80.469 (81.863)
 * Prec@1 81.870
current lr 1.00000e-02
Epoch: [19][0/391]	Time 0.572 (0.572)	Data 0.252 (0.252)	Loss 0.3492 (0.3492)	Prec@1 87.500 (87.500)
Epoch: [19][50/391]	Time 0.300 (0.307)	Data 0.000 (0.006)	Loss 0.4117 (0.3500)	Prec@1 87.500 (87.669)
Epoch: [19][100/391]	Time 0.320 (0.313)	Data 0.000 (0.004)	Loss 0.3916 (0.3524)	Prec@1 85.156 (87.655)
Epoch: [19][150/391]	Time 0.328 (0.316)	Data 0.002 (0.003)	Loss 0.2524 (0.3571)	Prec@1 89.844 (87.365)
Epoch: [19][200/391]	Time 0.306 (0.317)	Data 0.000 (0.002)	Loss 0.3658 (0.3608)	Prec@1 85.156 (87.298)
Epoch: [19][250/391]	Time 0.318 (0.317)	Data 0.000 (0.002)	Loss 0.3368 (0.3618)	Prec@1 89.844 (87.263)
Epoch: [19][300/391]	Time 0.320 (0.317)	Data 0.000 (0.002)	Loss 0.3537 (0.3610)	Prec@1 85.938 (87.290)
Epoch: [19][350/391]	Time 0.319 (0.318)	Data 0.000 (0.002)	Loss 0.3454 (0.3632)	Prec@1 89.062 (87.242)
Test: [0/79]	Time 0.354 (0.354)	Loss 0.3779 (0.3779)	Prec@1 85.938 (85.938)
Test: [50/79]	Time 0.074 (0.081)	Loss 0.8088 (0.5165)	Prec@1 78.906 (83.732)
 * Prec@1 83.690
current lr 1.00000e-02
Epoch: [20][0/391]	Time 0.624 (0.624)	Data 0.287 (0.287)	Loss 0.2922 (0.2922)	Prec@1 90.625 (90.625)
Epoch: [20][50/391]	Time 0.319 (0.304)	Data 0.000 (0.008)	Loss 0.2832 (0.3430)	Prec@1 92.188 (87.990)
Epoch: [20][100/391]	Time 0.334 (0.312)	Data 0.008 (0.005)	Loss 0.3080 (0.3425)	Prec@1 85.938 (87.840)
Epoch: [20][150/391]	Time 0.317 (0.315)	Data 0.000 (0.004)	Loss 0.3797 (0.3480)	Prec@1 85.156 (87.650)
Epoch: [20][200/391]	Time 0.318 (0.315)	Data 0.000 (0.003)	Loss 0.3764 (0.3515)	Prec@1 89.062 (87.593)
Epoch: [20][250/391]	Time 0.329 (0.316)	Data 0.000 (0.003)	Loss 0.4416 (0.3544)	Prec@1 82.812 (87.540)
Epoch: [20][300/391]	Time 0.330 (0.317)	Data 0.000 (0.002)	Loss 0.3004 (0.3578)	Prec@1 88.281 (87.401)
Epoch: [20][350/391]	Time 0.319 (0.318)	Data 0.000 (0.002)	Loss 0.4805 (0.3568)	Prec@1 82.031 (87.462)
Test: [0/79]	Time 0.311 (0.311)	Loss 0.5895 (0.5895)	Prec@1 81.250 (81.250)
Test: [50/79]	Time 0.064 (0.077)	Loss 0.8749 (0.5798)	Prec@1 75.781 (81.756)
 * Prec@1 81.860
current lr 1.00000e-02
Epoch: [21][0/391]	Time 0.592 (0.592)	Data 0.340 (0.340)	Loss 0.2518 (0.2518)	Prec@1 91.406 (91.406)
Epoch: [21][50/391]	Time 0.323 (0.316)	Data 0.000 (0.008)	Loss 0.4715 (0.3180)	Prec@1 85.156 (88.940)
Epoch: [21][100/391]	Time 0.319 (0.319)	Data 0.000 (0.005)	Loss 0.2639 (0.3236)	Prec@1 92.969 (88.653)
Epoch: [21][150/391]	Time 0.320 (0.320)	Data 0.000 (0.004)	Loss 0.3260 (0.3281)	Prec@1 88.281 (88.561)
Epoch: [21][200/391]	Time 0.319 (0.319)	Data 0.000 (0.003)	Loss 0.3096 (0.3324)	Prec@1 89.062 (88.378)
Epoch: [21][250/391]	Time 0.317 (0.319)	Data 0.000 (0.003)	Loss 0.2738 (0.3360)	Prec@1 90.625 (88.247)
Epoch: [21][300/391]	Time 0.314 (0.319)	Data 0.000 (0.002)	Loss 0.2689 (0.3354)	Prec@1 87.500 (88.253)
Epoch: [21][350/391]	Time 0.320 (0.319)	Data 0.002 (0.002)	Loss 0.3967 (0.3361)	Prec@1 83.594 (88.232)
Test: [0/79]	Time 0.408 (0.408)	Loss 0.4464 (0.4464)	Prec@1 85.156 (85.156)
Test: [50/79]	Time 0.062 (0.075)	Loss 0.8300 (0.5152)	Prec@1 81.250 (83.609)
 * Prec@1 83.570
current lr 1.00000e-02
Epoch: [22][0/391]	Time 0.625 (0.625)	Data 0.286 (0.286)	Loss 0.2786 (0.2786)	Prec@1 91.406 (91.406)
Epoch: [22][50/391]	Time 0.318 (0.328)	Data 0.000 (0.007)	Loss 0.3205 (0.3066)	Prec@1 88.281 (89.400)
Epoch: [22][100/391]	Time 0.319 (0.325)	Data 0.000 (0.004)	Loss 0.3594 (0.3174)	Prec@1 87.500 (88.869)
Epoch: [22][150/391]	Time 0.301 (0.324)	Data 0.000 (0.003)	Loss 0.2784 (0.3197)	Prec@1 90.625 (88.737)
Epoch: [22][200/391]	Time 0.319 (0.322)	Data 0.000 (0.002)	Loss 0.3193 (0.3177)	Prec@1 89.844 (88.891)
Epoch: [22][250/391]	Time 0.315 (0.322)	Data 0.002 (0.002)	Loss 0.3342 (0.3222)	Prec@1 88.281 (88.733)
Epoch: [22][300/391]	Time 0.298 (0.321)	Data 0.001 (0.002)	Loss 0.2761 (0.3205)	Prec@1 92.188 (88.790)
Epoch: [22][350/391]	Time 0.321 (0.321)	Data 0.000 (0.002)	Loss 0.2553 (0.3203)	Prec@1 91.406 (88.838)
Test: [0/79]	Time 0.338 (0.338)	Loss 0.5635 (0.5635)	Prec@1 83.594 (83.594)
Test: [50/79]	Time 0.076 (0.081)	Loss 0.9320 (0.6193)	Prec@1 78.906 (81.158)
 * Prec@1 81.150
current lr 1.00000e-02
Epoch: [23][0/391]	Time 0.621 (0.621)	Data 0.286 (0.286)	Loss 0.4221 (0.4221)	Prec@1 85.938 (85.938)
Epoch: [23][50/391]	Time 0.318 (0.327)	Data 0.001 (0.007)	Loss 0.3064 (0.3023)	Prec@1 87.500 (89.583)
Epoch: [23][100/391]	Time 0.318 (0.325)	Data 0.000 (0.004)	Loss 0.3258 (0.3054)	Prec@1 88.281 (89.372)
Epoch: [23][150/391]	Time 0.324 (0.323)	Data 0.000 (0.003)	Loss 0.2782 (0.3062)	Prec@1 89.844 (89.290)
Epoch: [23][200/391]	Time 0.321 (0.321)	Data 0.000 (0.003)	Loss 0.3689 (0.3092)	Prec@1 83.594 (89.167)
Epoch: [23][250/391]	Time 0.331 (0.322)	Data 0.013 (0.002)	Loss 0.3077 (0.3119)	Prec@1 88.281 (89.072)
Epoch: [23][300/391]	Time 0.317 (0.322)	Data 0.000 (0.002)	Loss 0.2904 (0.3119)	Prec@1 87.500 (89.042)
Epoch: [23][350/391]	Time 0.292 (0.320)	Data 0.000 (0.002)	Loss 0.4381 (0.3120)	Prec@1 88.281 (89.027)
Test: [0/79]	Time 0.330 (0.330)	Loss 0.4297 (0.4297)	Prec@1 85.156 (85.156)
Test: [50/79]	Time 0.076 (0.080)	Loss 0.7902 (0.5319)	Prec@1 78.906 (83.471)
 * Prec@1 83.640
current lr 1.00000e-02
Epoch: [24][0/391]	Time 0.675 (0.675)	Data 0.356 (0.356)	Loss 0.2570 (0.2570)	Prec@1 89.062 (89.062)
Epoch: [24][50/391]	Time 0.319 (0.329)	Data 0.000 (0.007)	Loss 0.2231 (0.2829)	Prec@1 92.188 (90.426)
Epoch: [24][100/391]	Time 0.313 (0.326)	Data 0.000 (0.004)	Loss 0.3398 (0.2891)	Prec@1 90.625 (89.790)
Epoch: [24][150/391]	Time 0.320 (0.322)	Data 0.000 (0.003)	Loss 0.2217 (0.2953)	Prec@1 92.969 (89.461)
Epoch: [24][200/391]	Time 0.318 (0.322)	Data 0.000 (0.003)	Loss 0.4268 (0.2981)	Prec@1 89.844 (89.373)
Epoch: [24][250/391]	Time 0.331 (0.322)	Data 0.000 (0.002)	Loss 0.2681 (0.2992)	Prec@1 87.500 (89.240)
Epoch: [24][300/391]	Time 0.314 (0.322)	Data 0.000 (0.002)	Loss 0.2876 (0.2982)	Prec@1 87.500 (89.244)
Epoch: [24][350/391]	Time 0.311 (0.318)	Data 0.000 (0.002)	Loss 0.3117 (0.3012)	Prec@1 88.281 (89.205)
Test: [0/79]	Time 0.329 (0.329)	Loss 0.3945 (0.3945)	Prec@1 86.719 (86.719)
Test: [50/79]	Time 0.072 (0.080)	Loss 0.8109 (0.5585)	Prec@1 81.250 (83.379)
 * Prec@1 83.350
current lr 1.00000e-02
Epoch: [25][0/391]	Time 0.575 (0.575)	Data 0.265 (0.265)	Loss 0.2549 (0.2549)	Prec@1 87.500 (87.500)
Epoch: [25][50/391]	Time 0.317 (0.326)	Data 0.000 (0.006)	Loss 0.3487 (0.2795)	Prec@1 86.719 (90.012)
Epoch: [25][100/391]	Time 0.321 (0.324)	Data 0.000 (0.003)	Loss 0.3752 (0.2857)	Prec@1 89.062 (89.937)
Epoch: [25][150/391]	Time 0.343 (0.322)	Data 0.015 (0.003)	Loss 0.2967 (0.2851)	Prec@1 90.625 (89.895)
Epoch: [25][200/391]	Time 0.332 (0.322)	Data 0.000 (0.002)	Loss 0.3359 (0.2869)	Prec@1 89.062 (89.867)
Epoch: [25][250/391]	Time 0.330 (0.322)	Data 0.015 (0.002)	Loss 0.2871 (0.2838)	Prec@1 89.062 (89.962)
Epoch: [25][300/391]	Time 0.338 (0.322)	Data 0.000 (0.002)	Loss 0.2796 (0.2853)	Prec@1 88.281 (89.937)
Epoch: [25][350/391]	Time 0.323 (0.318)	Data 0.000 (0.002)	Loss 0.2520 (0.2841)	Prec@1 91.406 (89.975)
Test: [0/79]	Time 0.345 (0.345)	Loss 0.4361 (0.4361)	Prec@1 87.500 (87.500)
Test: [50/79]	Time 0.075 (0.081)	Loss 0.6330 (0.4946)	Prec@1 82.812 (84.988)
 * Prec@1 84.640
current lr 1.00000e-02
Epoch: [26][0/391]	Time 0.580 (0.580)	Data 0.274 (0.274)	Loss 0.2833 (0.2833)	Prec@1 88.281 (88.281)
Epoch: [26][50/391]	Time 0.319 (0.327)	Data 0.000 (0.006)	Loss 0.1991 (0.2696)	Prec@1 92.969 (90.702)
Epoch: [26][100/391]	Time 0.320 (0.324)	Data 0.000 (0.004)	Loss 0.2072 (0.2758)	Prec@1 91.406 (90.254)
Epoch: [26][150/391]	Time 0.318 (0.321)	Data 0.000 (0.003)	Loss 0.2161 (0.2809)	Prec@1 92.969 (90.077)
Epoch: [26][200/391]	Time 0.320 (0.321)	Data 0.001 (0.002)	Loss 0.3636 (0.2857)	Prec@1 87.500 (89.817)
Epoch: [26][250/391]	Time 0.317 (0.321)	Data 0.000 (0.002)	Loss 0.2560 (0.2856)	Prec@1 90.625 (89.887)
Epoch: [26][300/391]	Time 0.299 (0.319)	Data 0.000 (0.002)	Loss 0.2693 (0.2807)	Prec@1 91.406 (90.083)
Epoch: [26][350/391]	Time 0.318 (0.318)	Data 0.000 (0.002)	Loss 0.1977 (0.2826)	Prec@1 93.750 (90.044)
Test: [0/79]	Time 0.365 (0.365)	Loss 0.3684 (0.3684)	Prec@1 87.500 (87.500)
Test: [50/79]	Time 0.073 (0.081)	Loss 0.6722 (0.5020)	Prec@1 78.906 (84.421)
 * Prec@1 84.190
current lr 1.00000e-02
Epoch: [27][0/391]	Time 0.691 (0.691)	Data 0.350 (0.350)	Loss 0.1411 (0.1411)	Prec@1 95.312 (95.312)
Epoch: [27][50/391]	Time 0.329 (0.327)	Data 0.000 (0.007)	Loss 0.4240 (0.2671)	Prec@1 85.938 (90.870)
Epoch: [27][100/391]	Time 0.309 (0.323)	Data 0.000 (0.004)	Loss 0.1984 (0.2645)	Prec@1 92.188 (90.834)
Epoch: [27][150/391]	Time 0.317 (0.322)	Data 0.000 (0.003)	Loss 0.2854 (0.2629)	Prec@1 90.625 (90.853)
Epoch: [27][200/391]	Time 0.327 (0.322)	Data 0.000 (0.003)	Loss 0.2616 (0.2635)	Prec@1 90.625 (90.819)
Epoch: [27][250/391]	Time 0.319 (0.321)	Data 0.000 (0.002)	Loss 0.2752 (0.2683)	Prec@1 90.625 (90.647)
Epoch: [27][300/391]	Time 0.316 (0.318)	Data 0.000 (0.002)	Loss 0.2351 (0.2682)	Prec@1 93.750 (90.659)
Epoch: [27][350/391]	Time 0.330 (0.318)	Data 0.015 (0.002)	Loss 0.2275 (0.2678)	Prec@1 92.188 (90.645)
Test: [0/79]	Time 0.356 (0.356)	Loss 0.3914 (0.3914)	Prec@1 89.062 (89.062)
Test: [50/79]	Time 0.075 (0.077)	Loss 0.6583 (0.4960)	Prec@1 81.250 (85.141)
 * Prec@1 85.060
current lr 1.00000e-02
Epoch: [28][0/391]	Time 0.570 (0.570)	Data 0.270 (0.270)	Loss 0.2130 (0.2130)	Prec@1 92.969 (92.969)
Epoch: [28][50/391]	Time 0.314 (0.327)	Data 0.000 (0.007)	Loss 0.2912 (0.2586)	Prec@1 89.844 (90.962)
Epoch: [28][100/391]	Time 0.316 (0.323)	Data 0.000 (0.004)	Loss 0.2912 (0.2599)	Prec@1 89.844 (90.942)
Epoch: [28][150/391]	Time 0.331 (0.322)	Data 0.000 (0.003)	Loss 0.2600 (0.2535)	Prec@1 89.062 (91.184)
Epoch: [28][200/391]	Time 0.317 (0.322)	Data 0.000 (0.002)	Loss 0.2777 (0.2566)	Prec@1 89.844 (90.979)
Epoch: [28][250/391]	Time 0.326 (0.322)	Data 0.003 (0.002)	Loss 0.1722 (0.2552)	Prec@1 92.188 (91.070)
Epoch: [28][300/391]	Time 0.333 (0.318)	Data 0.000 (0.002)	Loss 0.2532 (0.2553)	Prec@1 92.188 (91.118)
Epoch: [28][350/391]	Time 0.319 (0.319)	Data 0.000 (0.002)	Loss 0.2735 (0.2592)	Prec@1 90.625 (90.921)
Test: [0/79]	Time 0.391 (0.391)	Loss 0.3221 (0.3221)	Prec@1 87.500 (87.500)
Test: [50/79]	Time 0.073 (0.081)	Loss 0.6775 (0.4774)	Prec@1 82.812 (85.325)
 * Prec@1 85.180
current lr 1.00000e-02
Epoch: [29][0/391]	Time 0.574 (0.574)	Data 0.253 (0.253)	Loss 0.2953 (0.2953)	Prec@1 91.406 (91.406)
Epoch: [29][50/391]	Time 0.320 (0.325)	Data 0.000 (0.007)	Loss 0.2063 (0.2287)	Prec@1 92.969 (92.157)
Epoch: [29][100/391]	Time 0.330 (0.322)	Data 0.000 (0.004)	Loss 0.2437 (0.2337)	Prec@1 89.062 (91.971)
Epoch: [29][150/391]	Time 0.320 (0.322)	Data 0.000 (0.003)	Loss 0.2291 (0.2419)	Prec@1 94.531 (91.618)
Epoch: [29][200/391]	Time 0.321 (0.322)	Data 0.000 (0.002)	Loss 0.3006 (0.2463)	Prec@1 90.625 (91.410)
Epoch: [29][250/391]	Time 0.245 (0.319)	Data 0.000 (0.002)	Loss 0.3278 (0.2479)	Prec@1 89.062 (91.328)
Epoch: [29][300/391]	Time 0.332 (0.318)	Data 0.000 (0.002)	Loss 0.2873 (0.2483)	Prec@1 90.625 (91.276)
Epoch: [29][350/391]	Time 0.316 (0.319)	Data 0.000 (0.002)	Loss 0.3800 (0.2502)	Prec@1 86.719 (91.253)
Test: [0/79]	Time 0.375 (0.375)	Loss 0.3448 (0.3448)	Prec@1 89.062 (89.062)
Test: [50/79]	Time 0.075 (0.080)	Loss 0.7200 (0.5322)	Prec@1 84.375 (84.176)
 * Prec@1 84.020
current lr 1.00000e-02
Epoch: [30][0/391]	Time 0.582 (0.582)	Data 0.286 (0.286)	Loss 0.1990 (0.1990)	Prec@1 92.188 (92.188)
Epoch: [30][50/391]	Time 0.328 (0.323)	Data 0.000 (0.006)	Loss 0.1642 (0.2185)	Prec@1 94.531 (92.004)
Epoch: [30][100/391]	Time 0.320 (0.321)	Data 0.000 (0.004)	Loss 0.1977 (0.2202)	Prec@1 92.969 (92.079)
Epoch: [30][150/391]	Time 0.321 (0.321)	Data 0.000 (0.003)	Loss 0.1510 (0.2273)	Prec@1 94.531 (91.841)
Epoch: [30][200/391]	Time 0.329 (0.322)	Data 0.000 (0.002)	Loss 0.2817 (0.2339)	Prec@1 89.062 (91.682)
Epoch: [30][250/391]	Time 0.316 (0.318)	Data 0.000 (0.002)	Loss 0.3192 (0.2368)	Prec@1 91.406 (91.689)
Epoch: [30][300/391]	Time 0.330 (0.319)	Data 0.000 (0.002)	Loss 0.2025 (0.2400)	Prec@1 92.969 (91.580)
Epoch: [30][350/391]	Time 0.319 (0.319)	Data 0.000 (0.002)	Loss 0.3196 (0.2428)	Prec@1 89.844 (91.460)
Test: [0/79]	Time 0.331 (0.331)	Loss 0.4390 (0.4390)	Prec@1 85.938 (85.938)
Test: [50/79]	Time 0.068 (0.080)	Loss 0.5472 (0.5316)	Prec@1 84.375 (84.360)
 * Prec@1 84.190
current lr 1.00000e-02
Epoch: [31][0/391]	Time 0.590 (0.590)	Data 0.275 (0.275)	Loss 0.1029 (0.1029)	Prec@1 96.094 (96.094)
Epoch: [31][50/391]	Time 0.314 (0.322)	Data 0.000 (0.006)	Loss 0.1963 (0.2009)	Prec@1 91.406 (93.168)
Epoch: [31][100/391]	Time 0.331 (0.319)	Data 0.000 (0.003)	Loss 0.1437 (0.2103)	Prec@1 93.750 (92.613)
Epoch: [31][150/391]	Time 0.319 (0.320)	Data 0.000 (0.003)	Loss 0.2434 (0.2167)	Prec@1 90.625 (92.477)
Epoch: [31][200/391]	Time 0.285 (0.318)	Data 0.000 (0.002)	Loss 0.2442 (0.2203)	Prec@1 91.406 (92.409)
Epoch: [31][250/391]	Time 0.316 (0.315)	Data 0.000 (0.002)	Loss 0.2172 (0.2237)	Prec@1 92.188 (92.281)
Epoch: [31][300/391]	Time 0.318 (0.317)	Data 0.000 (0.002)	Loss 0.2667 (0.2269)	Prec@1 90.625 (92.213)
Epoch: [31][350/391]	Time 0.332 (0.317)	Data 0.000 (0.002)	Loss 0.2295 (0.2287)	Prec@1 90.625 (92.147)
Test: [0/79]	Time 0.333 (0.333)	Loss 0.4261 (0.4261)	Prec@1 89.062 (89.062)
Test: [50/79]	Time 0.073 (0.081)	Loss 0.5667 (0.4937)	Prec@1 85.938 (85.248)
 * Prec@1 85.230
current lr 1.00000e-02
Epoch: [32][0/391]	Time 0.586 (0.586)	Data 0.234 (0.234)	Loss 0.2102 (0.2102)	Prec@1 93.750 (93.750)
Epoch: [32][50/391]	Time 0.308 (0.319)	Data 0.000 (0.005)	Loss 0.1545 (0.2289)	Prec@1 93.750 (91.774)
Epoch: [32][100/391]	Time 0.319 (0.319)	Data 0.000 (0.003)	Loss 0.2459 (0.2256)	Prec@1 89.844 (92.002)
Epoch: [32][150/391]	Time 0.333 (0.320)	Data 0.000 (0.002)	Loss 0.2319 (0.2295)	Prec@1 92.188 (91.877)
Epoch: [32][200/391]	Time 0.318 (0.315)	Data 0.000 (0.002)	Loss 0.2565 (0.2304)	Prec@1 93.750 (91.900)
Epoch: [32][250/391]	Time 0.332 (0.316)	Data 0.000 (0.002)	Loss 0.1663 (0.2295)	Prec@1 92.969 (91.967)
Epoch: [32][300/391]	Time 0.320 (0.317)	Data 0.000 (0.002)	Loss 0.2204 (0.2280)	Prec@1 93.750 (92.006)
Epoch: [32][350/391]	Time 0.327 (0.318)	Data 0.000 (0.002)	Loss 0.2297 (0.2271)	Prec@1 91.406 (91.992)
Test: [0/79]	Time 0.314 (0.314)	Loss 0.4074 (0.4074)	Prec@1 88.281 (88.281)
Test: [50/79]	Time 0.071 (0.080)	Loss 0.6014 (0.5377)	Prec@1 82.812 (84.620)
 * Prec@1 84.360
current lr 1.00000e-02
Epoch: [33][0/391]	Time 0.699 (0.699)	Data 0.345 (0.345)	Loss 0.3071 (0.3071)	Prec@1 91.406 (91.406)
Epoch: [33][50/391]	Time 0.309 (0.322)	Data 0.000 (0.008)	Loss 0.1768 (0.2032)	Prec@1 93.750 (92.540)
Epoch: [33][100/391]	Time 0.330 (0.321)	Data 0.000 (0.005)	Loss 0.1401 (0.2122)	Prec@1 93.750 (92.226)
Epoch: [33][150/391]	Time 0.319 (0.321)	Data 0.000 (0.003)	Loss 0.3155 (0.2171)	Prec@1 85.938 (92.136)
Epoch: [33][200/391]	Time 0.319 (0.316)	Data 0.000 (0.003)	Loss 0.1551 (0.2185)	Prec@1 92.969 (92.125)
Epoch: [33][250/391]	Time 0.318 (0.317)	Data 0.000 (0.003)	Loss 0.2591 (0.2177)	Prec@1 91.406 (92.222)
Epoch: [33][300/391]	Time 0.320 (0.318)	Data 0.000 (0.002)	Loss 0.2586 (0.2195)	Prec@1 92.969 (92.162)
Epoch: [33][350/391]	Time 0.319 (0.318)	Data 0.000 (0.002)	Loss 0.3035 (0.2187)	Prec@1 87.500 (92.196)
Test: [0/79]	Time 0.327 (0.327)	Loss 0.4667 (0.4667)	Prec@1 87.500 (87.500)
Test: [50/79]	Time 0.068 (0.079)	Loss 0.6016 (0.5044)	Prec@1 84.375 (85.110)
 * Prec@1 84.670
current lr 1.00000e-02
Epoch: [34][0/391]	Time 0.590 (0.590)	Data 0.270 (0.270)	Loss 0.1394 (0.1394)	Prec@1 95.312 (95.312)
Epoch: [34][50/391]	Time 0.328 (0.320)	Data 0.000 (0.006)	Loss 0.2371 (0.2208)	Prec@1 92.188 (91.958)
Epoch: [34][100/391]	Time 0.319 (0.319)	Data 0.000 (0.004)	Loss 0.2199 (0.2123)	Prec@1 93.750 (92.350)
Epoch: [34][150/391]	Time 0.294 (0.315)	Data 0.000 (0.003)	Loss 0.2377 (0.2086)	Prec@1 91.406 (92.617)
Epoch: [34][200/391]	Time 0.320 (0.314)	Data 0.000 (0.002)	Loss 0.3765 (0.2098)	Prec@1 89.062 (92.572)
Epoch: [34][250/391]	Time 0.332 (0.316)	Data 0.002 (0.002)	Loss 0.1902 (0.2089)	Prec@1 91.406 (92.577)
Epoch: [34][300/391]	Time 0.316 (0.317)	Data 0.000 (0.002)	Loss 0.1417 (0.2109)	Prec@1 94.531 (92.468)
Epoch: [34][350/391]	Time 0.317 (0.317)	Data 0.000 (0.002)	Loss 0.2669 (0.2095)	Prec@1 92.188 (92.535)
Test: [0/79]	Time 0.334 (0.334)	Loss 0.2910 (0.2910)	Prec@1 89.844 (89.844)
Test: [50/79]	Time 0.076 (0.080)	Loss 0.6637 (0.5212)	Prec@1 86.719 (85.340)
 * Prec@1 85.170
current lr 1.00000e-02
Epoch: [35][0/391]	Time 0.586 (0.586)	Data 0.249 (0.249)	Loss 0.2155 (0.2155)	Prec@1 92.188 (92.188)
Epoch: [35][50/391]	Time 0.318 (0.320)	Data 0.000 (0.006)	Loss 0.1363 (0.2021)	Prec@1 96.875 (92.892)
Epoch: [35][100/391]	Time 0.320 (0.319)	Data 0.000 (0.004)	Loss 0.1835 (0.2014)	Prec@1 94.531 (92.853)
Epoch: [35][150/391]	Time 0.316 (0.312)	Data 0.000 (0.003)	Loss 0.2043 (0.2031)	Prec@1 92.188 (92.736)
Epoch: [35][200/391]	Time 0.330 (0.315)	Data 0.000 (0.003)	Loss 0.1815 (0.2080)	Prec@1 92.969 (92.592)
Epoch: [35][250/391]	Time 0.317 (0.316)	Data 0.000 (0.002)	Loss 0.1977 (0.2104)	Prec@1 93.750 (92.527)
Epoch: [35][300/391]	Time 0.319 (0.317)	Data 0.000 (0.002)	Loss 0.1906 (0.2097)	Prec@1 93.750 (92.559)
Epoch: [35][350/391]	Time 0.316 (0.318)	Data 0.000 (0.002)	Loss 0.2091 (0.2093)	Prec@1 90.625 (92.550)
Test: [0/79]	Time 0.363 (0.363)	Loss 0.2442 (0.2442)	Prec@1 91.406 (91.406)
Test: [50/79]	Time 0.076 (0.081)	Loss 0.5753 (0.4484)	Prec@1 85.938 (87.071)
 * Prec@1 87.120
current lr 1.00000e-02
Epoch: [36][0/391]	Time 0.606 (0.606)	Data 0.284 (0.284)	Loss 0.1803 (0.1803)	Prec@1 92.188 (92.188)
Epoch: [36][50/391]	Time 0.322 (0.325)	Data 0.000 (0.006)	Loss 0.1520 (0.1936)	Prec@1 94.531 (92.969)
Epoch: [36][100/391]	Time 0.299 (0.320)	Data 0.000 (0.003)	Loss 0.2715 (0.1966)	Prec@1 88.281 (92.868)
Epoch: [36][150/391]	Time 0.319 (0.312)	Data 0.000 (0.002)	Loss 0.2825 (0.1909)	Prec@1 89.844 (93.103)
Epoch: [36][200/391]	Time 0.323 (0.315)	Data 0.000 (0.002)	Loss 0.1242 (0.1893)	Prec@1 96.094 (93.171)
Epoch: [36][250/391]	Time 0.320 (0.316)	Data 0.000 (0.002)	Loss 0.1534 (0.1927)	Prec@1 94.531 (93.118)
Epoch: [36][300/391]	Time 0.320 (0.317)	Data 0.000 (0.002)	Loss 0.2335 (0.1949)	Prec@1 92.188 (92.966)
Epoch: [36][350/391]	Time 0.332 (0.318)	Data 0.000 (0.002)	Loss 0.1592 (0.1980)	Prec@1 93.750 (92.875)
Test: [0/79]	Time 0.322 (0.322)	Loss 0.3921 (0.3921)	Prec@1 87.500 (87.500)
Test: [50/79]	Time 0.084 (0.079)	Loss 0.8193 (0.5681)	Prec@1 81.250 (84.206)
 * Prec@1 84.100
current lr 1.00000e-02
Epoch: [37][0/391]	Time 0.567 (0.567)	Data 0.235 (0.235)	Loss 0.1656 (0.1656)	Prec@1 96.875 (96.875)
Epoch: [37][50/391]	Time 0.318 (0.326)	Data 0.000 (0.006)	Loss 0.2120 (0.1857)	Prec@1 92.188 (93.750)
Epoch: [37][100/391]	Time 0.169 (0.312)	Data 0.000 (0.004)	Loss 0.0890 (0.1810)	Prec@1 96.875 (93.781)
Epoch: [37][150/391]	Time 0.332 (0.312)	Data 0.000 (0.003)	Loss 0.1515 (0.1809)	Prec@1 95.312 (93.817)
Epoch: [37][200/391]	Time 0.320 (0.314)	Data 0.000 (0.002)	Loss 0.1619 (0.1813)	Prec@1 93.750 (93.762)
Epoch: [37][250/391]	Time 0.319 (0.316)	Data 0.000 (0.002)	Loss 0.1764 (0.1821)	Prec@1 93.750 (93.728)
Epoch: [37][300/391]	Time 0.317 (0.317)	Data 0.000 (0.002)	Loss 0.1590 (0.1871)	Prec@1 94.531 (93.509)
Epoch: [37][350/391]	Time 0.320 (0.317)	Data 0.000 (0.002)	Loss 0.3204 (0.1918)	Prec@1 91.406 (93.320)
Test: [0/79]	Time 0.356 (0.356)	Loss 0.2975 (0.2975)	Prec@1 87.500 (87.500)
Test: [50/79]	Time 0.062 (0.078)	Loss 0.5676 (0.4632)	Prec@1 87.500 (86.688)
 * Prec@1 86.580
current lr 1.00000e-02
Epoch: [38][0/391]	Time 0.611 (0.611)	Data 0.296 (0.296)	Loss 0.1870 (0.1870)	Prec@1 92.188 (92.188)
Epoch: [38][50/391]	Time 0.318 (0.326)	Data 0.000 (0.007)	Loss 0.1856 (0.1789)	Prec@1 92.969 (93.627)
Epoch: [38][100/391]	Time 0.314 (0.313)	Data 0.000 (0.004)	Loss 0.1012 (0.1804)	Prec@1 96.875 (93.510)
Epoch: [38][150/391]	Time 0.320 (0.314)	Data 0.000 (0.003)	Loss 0.2780 (0.1787)	Prec@1 89.062 (93.522)
Epoch: [38][200/391]	Time 0.327 (0.316)	Data 0.013 (0.003)	Loss 0.1220 (0.1783)	Prec@1 96.875 (93.532)
Epoch: [38][250/391]	Time 0.331 (0.317)	Data 0.000 (0.002)	Loss 0.1763 (0.1800)	Prec@1 92.969 (93.532)
Epoch: [38][300/391]	Time 0.317 (0.318)	Data 0.000 (0.002)	Loss 0.1888 (0.1811)	Prec@1 94.531 (93.514)
Epoch: [38][350/391]	Time 0.317 (0.319)	Data 0.000 (0.002)	Loss 0.1144 (0.1835)	Prec@1 97.656 (93.465)
Test: [0/79]	Time 0.354 (0.354)	Loss 0.2592 (0.2592)	Prec@1 89.844 (89.844)
Test: [50/79]	Time 0.075 (0.079)	Loss 0.7179 (0.5517)	Prec@1 81.250 (84.452)
 * Prec@1 84.190
current lr 1.00000e-02
Epoch: [39][0/391]	Time 0.624 (0.624)	Data 0.313 (0.313)	Loss 0.0994 (0.0994)	Prec@1 97.656 (97.656)
Epoch: [39][50/391]	Time 0.295 (0.318)	Data 0.000 (0.007)	Loss 0.2297 (0.1583)	Prec@1 91.406 (94.225)
Epoch: [39][100/391]	Time 0.319 (0.314)	Data 0.000 (0.005)	Loss 0.1456 (0.1565)	Prec@1 93.750 (94.415)
Epoch: [39][150/391]	Time 0.315 (0.315)	Data 0.000 (0.004)	Loss 0.1726 (0.1646)	Prec@1 93.750 (94.143)
Epoch: [39][200/391]	Time 0.320 (0.316)	Data 0.000 (0.003)	Loss 0.1498 (0.1680)	Prec@1 93.750 (94.026)
Epoch: [39][250/391]	Time 0.327 (0.317)	Data 0.000 (0.002)	Loss 0.1448 (0.1763)	Prec@1 94.531 (93.725)
Epoch: [39][300/391]	Time 0.316 (0.318)	Data 0.000 (0.002)	Loss 0.2360 (0.1784)	Prec@1 91.406 (93.664)
Epoch: [39][350/391]	Time 0.329 (0.318)	Data 0.000 (0.002)	Loss 0.1286 (0.1801)	Prec@1 95.312 (93.605)
Test: [0/79]	Time 0.371 (0.371)	Loss 0.3407 (0.3407)	Prec@1 91.406 (91.406)
Test: [50/79]	Time 0.074 (0.082)	Loss 0.7212 (0.4895)	Prec@1 82.031 (86.198)
 * Prec@1 85.800
current lr 1.00000e-02
Epoch: [40][0/391]	Time 0.660 (0.660)	Data 0.332 (0.332)	Loss 0.1177 (0.1177)	Prec@1 95.312 (95.312)
Epoch: [40][50/391]	Time 0.315 (0.307)	Data 0.000 (0.008)	Loss 0.1233 (0.1617)	Prec@1 97.656 (94.225)
Epoch: [40][100/391]	Time 0.318 (0.314)	Data 0.000 (0.005)	Loss 0.2007 (0.1650)	Prec@1 94.531 (94.129)
Epoch: [40][150/391]	Time 0.323 (0.316)	Data 0.000 (0.003)	Loss 0.1526 (0.1634)	Prec@1 93.750 (94.164)
Epoch: [40][200/391]	Time 0.319 (0.316)	Data 0.000 (0.003)	Loss 0.2331 (0.1658)	Prec@1 91.406 (94.030)
Epoch: [40][250/391]	Time 0.318 (0.317)	Data 0.000 (0.002)	Loss 0.2507 (0.1694)	Prec@1 92.188 (93.971)
Epoch: [40][300/391]	Time 0.327 (0.318)	Data 0.000 (0.002)	Loss 0.1854 (0.1694)	Prec@1 92.188 (93.947)
Epoch: [40][350/391]	Time 0.300 (0.318)	Data 0.000 (0.002)	Loss 0.1791 (0.1722)	Prec@1 93.750 (93.843)
Test: [0/79]	Time 0.333 (0.333)	Loss 0.3914 (0.3914)	Prec@1 89.062 (89.062)
Test: [50/79]	Time 0.072 (0.080)	Loss 0.4684 (0.4879)	Prec@1 85.938 (86.045)
 * Prec@1 85.830
current lr 1.00000e-02
Epoch: [41][0/391]	Time 0.603 (0.603)	Data 0.273 (0.273)	Loss 0.1798 (0.1798)	Prec@1 93.750 (93.750)
Epoch: [41][50/391]	Time 0.325 (0.308)	Data 0.000 (0.007)	Loss 0.1500 (0.1684)	Prec@1 95.312 (93.964)
Epoch: [41][100/391]	Time 0.316 (0.314)	Data 0.000 (0.004)	Loss 0.1701 (0.1656)	Prec@1 95.312 (93.912)
Epoch: [41][150/391]	Time 0.329 (0.316)	Data 0.000 (0.003)	Loss 0.2191 (0.1681)	Prec@1 92.188 (93.905)
Epoch: [41][200/391]	Time 0.317 (0.317)	Data 0.000 (0.003)	Loss 0.1160 (0.1694)	Prec@1 94.531 (93.902)
Epoch: [41][250/391]	Time 0.330 (0.318)	Data 0.000 (0.002)	Loss 0.1586 (0.1704)	Prec@1 96.094 (93.887)
Epoch: [41][300/391]	Time 0.315 (0.319)	Data 0.000 (0.002)	Loss 0.1867 (0.1722)	Prec@1 92.969 (93.817)
Epoch: [41][350/391]	Time 0.321 (0.318)	Data 0.000 (0.002)	Loss 0.1781 (0.1739)	Prec@1 92.969 (93.741)
Test: [0/79]	Time 0.273 (0.273)	Loss 0.5606 (0.5606)	Prec@1 84.375 (84.375)
Test: [50/79]	Time 0.068 (0.073)	Loss 0.6609 (0.6688)	Prec@1 85.156 (83.104)
 * Prec@1 82.850
current lr 1.00000e-02
Epoch: [42][0/391]	Time 0.628 (0.628)	Data 0.356 (0.356)	Loss 0.1747 (0.1747)	Prec@1 92.188 (92.188)
Epoch: [42][50/391]	Time 0.319 (0.316)	Data 0.000 (0.008)	Loss 0.1773 (0.1605)	Prec@1 94.531 (94.363)
Epoch: [42][100/391]	Time 0.315 (0.319)	Data 0.000 (0.005)	Loss 0.1886 (0.1589)	Prec@1 93.750 (94.477)
Epoch: [42][150/391]	Time 0.317 (0.320)	Data 0.000 (0.003)	Loss 0.2423 (0.1612)	Prec@1 93.750 (94.288)
Epoch: [42][200/391]	Time 0.333 (0.319)	Data 0.000 (0.003)	Loss 0.1208 (0.1606)	Prec@1 96.875 (94.271)
Epoch: [42][250/391]	Time 0.334 (0.320)	Data 0.000 (0.002)	Loss 0.1501 (0.1628)	Prec@1 95.312 (94.130)
Epoch: [42][300/391]	Time 0.319 (0.320)	Data 0.000 (0.002)	Loss 0.3476 (0.1640)	Prec@1 85.938 (94.090)
Epoch: [42][350/391]	Time 0.331 (0.320)	Data 0.000 (0.002)	Loss 0.1808 (0.1630)	Prec@1 93.750 (94.128)
Test: [0/79]	Time 0.399 (0.399)	Loss 0.3442 (0.3442)	Prec@1 87.500 (87.500)
Test: [50/79]	Time 0.067 (0.073)	Loss 0.5482 (0.4998)	Prec@1 86.719 (86.229)
 * Prec@1 86.240
current lr 1.00000e-02
Epoch: [43][0/391]	Time 0.558 (0.558)	Data 0.241 (0.241)	Loss 0.1049 (0.1049)	Prec@1 96.875 (96.875)
Epoch: [43][50/391]	Time 0.318 (0.326)	Data 0.000 (0.006)	Loss 0.1280 (0.1474)	Prec@1 96.094 (94.700)
Epoch: [43][100/391]	Time 0.330 (0.324)	Data 0.014 (0.004)	Loss 0.2050 (0.1474)	Prec@1 92.188 (94.740)
Epoch: [43][150/391]	Time 0.319 (0.324)	Data 0.000 (0.003)	Loss 0.1458 (0.1487)	Prec@1 95.312 (94.702)
Epoch: [43][200/391]	Time 0.324 (0.323)	Data 0.002 (0.002)	Loss 0.0817 (0.1510)	Prec@1 97.656 (94.656)
Epoch: [43][250/391]	Time 0.317 (0.322)	Data 0.000 (0.002)	Loss 0.2180 (0.1536)	Prec@1 92.969 (94.531)
Epoch: [43][300/391]	Time 0.329 (0.322)	Data 0.000 (0.002)	Loss 0.1526 (0.1573)	Prec@1 93.750 (94.412)
Epoch: [43][350/391]	Time 0.316 (0.321)	Data 0.000 (0.002)	Loss 0.1359 (0.1583)	Prec@1 96.094 (94.398)
Test: [0/79]	Time 0.392 (0.392)	Loss 0.3496 (0.3496)	Prec@1 87.500 (87.500)
Test: [50/79]	Time 0.078 (0.081)	Loss 0.6801 (0.5888)	Prec@1 85.156 (85.156)
 * Prec@1 85.010
current lr 1.00000e-02
Epoch: [44][0/391]	Time 0.579 (0.579)	Data 0.264 (0.264)	Loss 0.2135 (0.2135)	Prec@1 92.188 (92.188)
Epoch: [44][50/391]	Time 0.318 (0.328)	Data 0.000 (0.006)	Loss 0.2056 (0.1449)	Prec@1 91.406 (94.730)
Epoch: [44][100/391]	Time 0.328 (0.325)	Data 0.000 (0.003)	Loss 0.2068 (0.1520)	Prec@1 92.969 (94.539)
Epoch: [44][150/391]	Time 0.317 (0.325)	Data 0.000 (0.003)	Loss 0.1127 (0.1506)	Prec@1 96.875 (94.562)
Epoch: [44][200/391]	Time 0.277 (0.324)	Data 0.013 (0.002)	Loss 0.1758 (0.1526)	Prec@1 94.531 (94.551)
Epoch: [44][250/391]	Time 0.319 (0.323)	Data 0.000 (0.002)	Loss 0.1763 (0.1538)	Prec@1 92.969 (94.429)
Epoch: [44][300/391]	Time 0.319 (0.323)	Data 0.000 (0.002)	Loss 0.0844 (0.1546)	Prec@1 96.094 (94.417)
Epoch: [44][350/391]	Time 0.291 (0.320)	Data 0.000 (0.002)	Loss 0.1515 (0.1548)	Prec@1 94.531 (94.407)
Test: [0/79]	Time 0.351 (0.351)	Loss 0.4472 (0.4472)	Prec@1 87.500 (87.500)
Test: [50/79]	Time 0.072 (0.080)	Loss 0.4707 (0.5034)	Prec@1 85.156 (86.443)
 * Prec@1 86.130
current lr 1.00000e-02
Epoch: [45][0/391]	Time 0.598 (0.598)	Data 0.294 (0.294)	Loss 0.0927 (0.0927)	Prec@1 96.875 (96.875)
Epoch: [45][50/391]	Time 0.318 (0.329)	Data 0.000 (0.007)	Loss 0.1266 (0.1358)	Prec@1 93.750 (95.175)
Epoch: [45][100/391]	Time 0.328 (0.326)	Data 0.014 (0.004)	Loss 0.0833 (0.1393)	Prec@1 99.219 (95.065)
Epoch: [45][150/391]	Time 0.319 (0.324)	Data 0.000 (0.003)	Loss 0.1552 (0.1421)	Prec@1 95.312 (94.992)
Epoch: [45][200/391]	Time 0.314 (0.323)	Data 0.000 (0.002)	Loss 0.1875 (0.1444)	Prec@1 93.750 (94.803)
Epoch: [45][250/391]	Time 0.329 (0.322)	Data 0.000 (0.002)	Loss 0.2175 (0.1457)	Prec@1 91.406 (94.718)
Epoch: [45][300/391]	Time 0.309 (0.321)	Data 0.000 (0.002)	Loss 0.2515 (0.1478)	Prec@1 92.188 (94.682)
Epoch: [45][350/391]	Time 0.311 (0.318)	Data 0.000 (0.002)	Loss 0.1926 (0.1519)	Prec@1 92.969 (94.562)
Test: [0/79]	Time 0.293 (0.293)	Loss 0.3849 (0.3849)	Prec@1 88.281 (88.281)
Test: [50/79]	Time 0.074 (0.079)	Loss 0.6461 (0.5389)	Prec@1 85.156 (86.121)
 * Prec@1 86.040
current lr 1.00000e-02
Epoch: [46][0/391]	Time 0.635 (0.635)	Data 0.290 (0.290)	Loss 0.2290 (0.2290)	Prec@1 93.750 (93.750)
Epoch: [46][50/391]	Time 0.319 (0.329)	Data 0.000 (0.006)	Loss 0.1563 (0.1377)	Prec@1 96.875 (95.297)
Epoch: [46][100/391]	Time 0.328 (0.325)	Data 0.000 (0.004)	Loss 0.1460 (0.1387)	Prec@1 93.750 (95.034)
Epoch: [46][150/391]	Time 0.331 (0.324)	Data 0.000 (0.003)	Loss 0.0911 (0.1402)	Prec@1 96.875 (94.826)
Epoch: [46][200/391]	Time 0.321 (0.324)	Data 0.000 (0.002)	Loss 0.1639 (0.1439)	Prec@1 95.312 (94.741)
Epoch: [46][250/391]	Time 0.314 (0.323)	Data 0.000 (0.002)	Loss 0.0822 (0.1415)	Prec@1 97.656 (94.902)
Epoch: [46][300/391]	Time 0.277 (0.321)	Data 0.000 (0.002)	Loss 0.1641 (0.1412)	Prec@1 92.969 (94.908)
Epoch: [46][350/391]	Time 0.316 (0.318)	Data 0.000 (0.002)	Loss 0.1618 (0.1430)	Prec@1 90.625 (94.807)
Test: [0/79]	Time 0.337 (0.337)	Loss 0.3312 (0.3312)	Prec@1 90.625 (90.625)
Test: [50/79]	Time 0.077 (0.080)	Loss 0.5719 (0.4819)	Prec@1 86.719 (87.194)
 * Prec@1 86.710
current lr 1.00000e-02
Epoch: [47][0/391]	Time 0.664 (0.664)	Data 0.335 (0.335)	Loss 0.2372 (0.2372)	Prec@1 90.625 (90.625)
Epoch: [47][50/391]	Time 0.315 (0.330)	Data 0.000 (0.008)	Loss 0.1271 (0.1397)	Prec@1 95.312 (94.914)
Epoch: [47][100/391]	Time 0.318 (0.326)	Data 0.000 (0.004)	Loss 0.1986 (0.1356)	Prec@1 94.531 (95.088)
Epoch: [47][150/391]	Time 0.317 (0.325)	Data 0.000 (0.003)	Loss 0.1947 (0.1342)	Prec@1 92.969 (95.261)
Epoch: [47][200/391]	Time 0.320 (0.324)	Data 0.000 (0.003)	Loss 0.1483 (0.1364)	Prec@1 93.750 (95.145)
Epoch: [47][250/391]	Time 0.309 (0.323)	Data 0.000 (0.002)	Loss 0.2579 (0.1395)	Prec@1 91.406 (94.979)
Epoch: [47][300/391]	Time 0.250 (0.319)	Data 0.008 (0.002)	Loss 0.1423 (0.1418)	Prec@1 94.531 (94.856)
Epoch: [47][350/391]	Time 0.331 (0.318)	Data 0.000 (0.002)	Loss 0.2658 (0.1467)	Prec@1 89.844 (94.671)
Test: [0/79]	Time 0.333 (0.333)	Loss 0.3361 (0.3361)	Prec@1 92.969 (92.969)
Test: [50/79]	Time 0.071 (0.081)	Loss 0.6695 (0.5026)	Prec@1 85.938 (86.841)
 * Prec@1 86.680
current lr 1.00000e-02
Epoch: [48][0/391]	Time 0.599 (0.599)	Data 0.291 (0.291)	Loss 0.1540 (0.1540)	Prec@1 92.188 (92.188)
Epoch: [48][50/391]	Time 0.320 (0.327)	Data 0.000 (0.006)	Loss 0.1046 (0.1291)	Prec@1 96.875 (95.435)
Epoch: [48][100/391]	Time 0.318 (0.325)	Data 0.000 (0.004)	Loss 0.1098 (0.1283)	Prec@1 96.094 (95.374)
Epoch: [48][150/391]	Time 0.318 (0.324)	Data 0.000 (0.003)	Loss 0.1409 (0.1328)	Prec@1 96.094 (95.261)
Epoch: [48][200/391]	Time 0.318 (0.323)	Data 0.000 (0.002)	Loss 0.1039 (0.1382)	Prec@1 98.438 (95.052)
Epoch: [48][250/391]	Time 0.319 (0.323)	Data 0.000 (0.002)	Loss 0.0709 (0.1382)	Prec@1 97.656 (95.035)
Epoch: [48][300/391]	Time 0.330 (0.315)	Data 0.000 (0.002)	Loss 0.1257 (0.1380)	Prec@1 95.312 (95.024)
Epoch: [48][350/391]	Time 0.315 (0.316)	Data 0.000 (0.002)	Loss 0.1286 (0.1382)	Prec@1 96.094 (95.016)
Test: [0/79]	Time 0.386 (0.386)	Loss 0.3992 (0.3992)	Prec@1 90.625 (90.625)
Test: [50/79]	Time 0.071 (0.082)	Loss 0.5351 (0.4795)	Prec@1 84.375 (86.994)
 * Prec@1 86.630
current lr 1.00000e-02
Epoch: [49][0/391]	Time 0.585 (0.585)	Data 0.244 (0.244)	Loss 0.0914 (0.0914)	Prec@1 96.094 (96.094)
Epoch: [49][50/391]	Time 0.315 (0.327)	Data 0.000 (0.006)	Loss 0.1428 (0.1375)	Prec@1 94.531 (95.251)
Epoch: [49][100/391]	Time 0.331 (0.324)	Data 0.000 (0.003)	Loss 0.1525 (0.1374)	Prec@1 93.750 (95.142)
Epoch: [49][150/391]	Time 0.318 (0.323)	Data 0.000 (0.003)	Loss 0.1117 (0.1331)	Prec@1 96.094 (95.380)
Epoch: [49][200/391]	Time 0.317 (0.323)	Data 0.000 (0.002)	Loss 0.1212 (0.1329)	Prec@1 96.094 (95.371)
Epoch: [49][250/391]	Time 0.223 (0.321)	Data 0.000 (0.002)	Loss 0.1492 (0.1346)	Prec@1 92.969 (95.250)
Epoch: [49][300/391]	Time 0.323 (0.317)	Data 0.000 (0.002)	Loss 0.1363 (0.1346)	Prec@1 93.750 (95.279)
Epoch: [49][350/391]	Time 0.320 (0.317)	Data 0.000 (0.002)	Loss 0.1996 (0.1359)	Prec@1 93.750 (95.230)
Test: [0/79]	Time 0.341 (0.341)	Loss 0.4467 (0.4467)	Prec@1 90.625 (90.625)
Test: [50/79]	Time 0.076 (0.080)	Loss 0.6013 (0.5102)	Prec@1 83.594 (86.826)
 * Prec@1 86.910
current lr 1.00000e-02
Epoch: [50][0/391]	Time 0.572 (0.572)	Data 0.256 (0.256)	Loss 0.1350 (0.1350)	Prec@1 95.312 (95.312)
Epoch: [50][50/391]	Time 0.321 (0.328)	Data 0.000 (0.006)	Loss 0.1533 (0.1348)	Prec@1 96.875 (95.190)
Epoch: [50][100/391]	Time 0.317 (0.325)	Data 0.000 (0.003)	Loss 0.1206 (0.1258)	Prec@1 97.656 (95.521)
Epoch: [50][150/391]	Time 0.317 (0.323)	Data 0.000 (0.002)	Loss 0.0976 (0.1293)	Prec@1 96.875 (95.375)
Epoch: [50][200/391]	Time 0.330 (0.323)	Data 0.000 (0.002)	Loss 0.1341 (0.1290)	Prec@1 94.531 (95.425)
Epoch: [50][250/391]	Time 0.229 (0.318)	Data 0.000 (0.002)	Loss 0.1540 (0.1294)	Prec@1 93.750 (95.381)
Epoch: [50][300/391]	Time 0.308 (0.317)	Data 0.000 (0.002)	Loss 0.1250 (0.1296)	Prec@1 95.312 (95.367)
Epoch: [50][350/391]	Time 0.317 (0.318)	Data 0.000 (0.002)	Loss 0.1177 (0.1318)	Prec@1 94.531 (95.279)
Test: [0/79]	Time 0.346 (0.346)	Loss 0.4279 (0.4279)	Prec@1 89.844 (89.844)
Test: [50/79]	Time 0.069 (0.080)	Loss 0.7074 (0.5497)	Prec@1 84.375 (85.907)
 * Prec@1 85.770
current lr 1.00000e-02
Epoch: [51][0/391]	Time 0.607 (0.607)	Data 0.269 (0.269)	Loss 0.1535 (0.1535)	Prec@1 94.531 (94.531)
Epoch: [51][50/391]	Time 0.345 (0.328)	Data 0.000 (0.006)	Loss 0.0660 (0.1278)	Prec@1 97.656 (95.374)
Epoch: [51][100/391]	Time 0.317 (0.325)	Data 0.000 (0.004)	Loss 0.1708 (0.1265)	Prec@1 92.969 (95.483)
Epoch: [51][150/391]	Time 0.320 (0.324)	Data 0.000 (0.003)	Loss 0.0915 (0.1283)	Prec@1 97.656 (95.416)
Epoch: [51][200/391]	Time 0.328 (0.323)	Data 0.000 (0.002)	Loss 0.1269 (0.1317)	Prec@1 96.094 (95.281)
Epoch: [51][250/391]	Time 0.323 (0.317)	Data 0.000 (0.002)	Loss 0.0679 (0.1306)	Prec@1 96.875 (95.297)
Epoch: [51][300/391]	Time 0.320 (0.317)	Data 0.000 (0.002)	Loss 0.1789 (0.1297)	Prec@1 94.531 (95.333)
Epoch: [51][350/391]	Time 0.317 (0.317)	Data 0.000 (0.002)	Loss 0.1032 (0.1285)	Prec@1 97.656 (95.393)
Test: [0/79]	Time 0.300 (0.300)	Loss 0.3909 (0.3909)	Prec@1 88.281 (88.281)
Test: [50/79]	Time 0.078 (0.079)	Loss 0.7173 (0.6097)	Prec@1 82.812 (85.386)
 * Prec@1 85.270
current lr 1.00000e-02
Epoch: [52][0/391]	Time 0.658 (0.658)	Data 0.350 (0.350)	Loss 0.0828 (0.0828)	Prec@1 97.656 (97.656)
Epoch: [52][50/391]	Time 0.329 (0.328)	Data 0.000 (0.008)	Loss 0.1205 (0.1236)	Prec@1 96.094 (95.573)
Epoch: [52][100/391]	Time 0.315 (0.324)	Data 0.000 (0.005)	Loss 0.1216 (0.1176)	Prec@1 95.312 (95.769)
Epoch: [52][150/391]	Time 0.328 (0.324)	Data 0.000 (0.004)	Loss 0.1027 (0.1214)	Prec@1 96.094 (95.602)
Epoch: [52][200/391]	Time 0.313 (0.321)	Data 0.020 (0.003)	Loss 0.1118 (0.1273)	Prec@1 96.094 (95.320)
Epoch: [52][250/391]	Time 0.319 (0.318)	Data 0.000 (0.003)	Loss 0.0773 (0.1292)	Prec@1 96.875 (95.269)
Epoch: [52][300/391]	Time 0.329 (0.318)	Data 0.000 (0.002)	Loss 0.1394 (0.1299)	Prec@1 92.188 (95.297)
Epoch: [52][350/391]	Time 0.331 (0.318)	Data 0.000 (0.002)	Loss 0.1393 (0.1317)	Prec@1 96.094 (95.284)
Test: [0/79]	Time 0.313 (0.313)	Loss 0.3174 (0.3174)	Prec@1 92.188 (92.188)
Test: [50/79]	Time 0.078 (0.080)	Loss 0.6545 (0.5431)	Prec@1 88.281 (86.167)
 * Prec@1 85.980
current lr 1.00000e-02
Epoch: [53][0/391]	Time 0.638 (0.638)	Data 0.322 (0.322)	Loss 0.1360 (0.1360)	Prec@1 94.531 (94.531)
Epoch: [53][50/391]	Time 0.329 (0.327)	Data 0.000 (0.007)	Loss 0.1797 (0.1112)	Prec@1 92.969 (96.048)
Epoch: [53][100/391]	Time 0.333 (0.325)	Data 0.000 (0.004)	Loss 0.1392 (0.1147)	Prec@1 93.750 (95.769)
Epoch: [53][150/391]	Time 0.315 (0.324)	Data 0.003 (0.003)	Loss 0.0572 (0.1151)	Prec@1 97.656 (95.752)
Epoch: [53][200/391]	Time 0.334 (0.317)	Data 0.000 (0.003)	Loss 0.0485 (0.1166)	Prec@1 98.438 (95.725)
Epoch: [53][250/391]	Time 0.327 (0.316)	Data 0.000 (0.002)	Loss 0.1166 (0.1173)	Prec@1 94.531 (95.733)
Epoch: [53][300/391]	Time 0.315 (0.317)	Data 0.000 (0.002)	Loss 0.1580 (0.1190)	Prec@1 93.750 (95.697)
Epoch: [53][350/391]	Time 0.309 (0.317)	Data 0.000 (0.002)	Loss 0.2297 (0.1208)	Prec@1 92.969 (95.655)
Test: [0/79]	Time 0.313 (0.313)	Loss 0.6337 (0.6337)	Prec@1 83.594 (83.594)
Test: [50/79]	Time 0.063 (0.080)	Loss 0.7129 (0.5981)	Prec@1 82.812 (85.340)
 * Prec@1 85.050
current lr 1.00000e-02
Epoch: [54][0/391]	Time 0.617 (0.617)	Data 0.284 (0.284)	Loss 0.0726 (0.0726)	Prec@1 96.094 (96.094)
Epoch: [54][50/391]	Time 0.327 (0.329)	Data 0.000 (0.007)	Loss 0.1814 (0.1168)	Prec@1 93.750 (96.002)
Epoch: [54][100/391]	Time 0.316 (0.326)	Data 0.000 (0.004)	Loss 0.0842 (0.1149)	Prec@1 96.875 (96.117)
Epoch: [54][150/391]	Time 0.318 (0.324)	Data 0.000 (0.003)	Loss 0.0878 (0.1176)	Prec@1 96.875 (95.933)
Epoch: [54][200/391]	Time 0.322 (0.319)	Data 0.009 (0.003)	Loss 0.1132 (0.1202)	Prec@1 96.094 (95.763)
Epoch: [54][250/391]	Time 0.332 (0.318)	Data 0.000 (0.002)	Loss 0.0850 (0.1196)	Prec@1 96.875 (95.733)
Epoch: [54][300/391]	Time 0.328 (0.319)	Data 0.000 (0.002)	Loss 0.0663 (0.1210)	Prec@1 98.438 (95.702)
Epoch: [54][350/391]	Time 0.273 (0.319)	Data 0.000 (0.002)	Loss 0.1682 (0.1224)	Prec@1 93.750 (95.640)
Test: [0/79]	Time 0.338 (0.338)	Loss 0.2836 (0.2836)	Prec@1 94.531 (94.531)
Test: [50/79]	Time 0.073 (0.080)	Loss 0.6746 (0.5076)	Prec@1 86.719 (87.102)
 * Prec@1 86.810
current lr 1.00000e-02
Epoch: [55][0/391]	Time 0.582 (0.582)	Data 0.258 (0.258)	Loss 0.1093 (0.1093)	Prec@1 95.312 (95.312)
Epoch: [55][50/391]	Time 0.328 (0.327)	Data 0.000 (0.006)	Loss 0.2162 (0.1180)	Prec@1 93.750 (95.895)
Epoch: [55][100/391]	Time 0.317 (0.325)	Data 0.000 (0.003)	Loss 0.1624 (0.1161)	Prec@1 92.188 (95.885)
Epoch: [55][150/391]	Time 0.291 (0.319)	Data 0.000 (0.003)	Loss 0.0820 (0.1148)	Prec@1 96.875 (95.995)
Epoch: [55][200/391]	Time 0.306 (0.317)	Data 0.000 (0.002)	Loss 0.1483 (0.1162)	Prec@1 95.312 (95.927)
Epoch: [55][250/391]	Time 0.320 (0.317)	Data 0.000 (0.002)	Loss 0.1159 (0.1172)	Prec@1 96.094 (95.845)
Epoch: [55][300/391]	Time 0.317 (0.318)	Data 0.008 (0.002)	Loss 0.1384 (0.1187)	Prec@1 94.531 (95.787)
Epoch: [55][350/391]	Time 0.329 (0.319)	Data 0.000 (0.002)	Loss 0.2077 (0.1184)	Prec@1 94.531 (95.780)
Test: [0/79]	Time 0.350 (0.350)	Loss 0.4082 (0.4082)	Prec@1 91.406 (91.406)
Test: [50/79]	Time 0.078 (0.080)	Loss 0.7235 (0.5170)	Prec@1 82.031 (87.224)
 * Prec@1 86.980
current lr 1.00000e-02
Epoch: [56][0/391]	Time 0.625 (0.625)	Data 0.299 (0.299)	Loss 0.1519 (0.1519)	Prec@1 93.750 (93.750)
Epoch: [56][50/391]	Time 0.319 (0.327)	Data 0.000 (0.006)	Loss 0.2529 (0.1066)	Prec@1 93.750 (96.109)
Epoch: [56][100/391]	Time 0.312 (0.324)	Data 0.000 (0.004)	Loss 0.1705 (0.1110)	Prec@1 94.531 (96.063)
Epoch: [56][150/391]	Time 0.315 (0.314)	Data 0.000 (0.003)	Loss 0.1261 (0.1096)	Prec@1 95.312 (96.135)
Epoch: [56][200/391]	Time 0.317 (0.315)	Data 0.000 (0.002)	Loss 0.0853 (0.1112)	Prec@1 95.312 (96.047)
Epoch: [56][250/391]	Time 0.332 (0.316)	Data 0.000 (0.002)	Loss 0.1028 (0.1131)	Prec@1 95.312 (95.960)
Epoch: [56][300/391]	Time 0.322 (0.317)	Data 0.000 (0.002)	Loss 0.1123 (0.1124)	Prec@1 96.875 (95.967)
Epoch: [56][350/391]	Time 0.320 (0.318)	Data 0.000 (0.002)	Loss 0.0738 (0.1121)	Prec@1 97.656 (95.927)
Test: [0/79]	Time 0.325 (0.325)	Loss 0.4159 (0.4159)	Prec@1 89.062 (89.062)
Test: [50/79]	Time 0.073 (0.078)	Loss 0.7008 (0.5602)	Prec@1 87.500 (86.489)
 * Prec@1 86.580
current lr 1.00000e-02
Epoch: [57][0/391]	Time 0.672 (0.672)	Data 0.348 (0.348)	Loss 0.1457 (0.1457)	Prec@1 96.094 (96.094)
Epoch: [57][50/391]	Time 0.315 (0.328)	Data 0.000 (0.007)	Loss 0.0815 (0.1095)	Prec@1 96.875 (96.002)
Epoch: [57][100/391]	Time 0.304 (0.323)	Data 0.000 (0.004)	Loss 0.1372 (0.1104)	Prec@1 94.531 (95.955)
Epoch: [57][150/391]	Time 0.329 (0.316)	Data 0.000 (0.004)	Loss 0.0737 (0.1055)	Prec@1 96.094 (96.166)
Epoch: [57][200/391]	Time 0.322 (0.316)	Data 0.000 (0.003)	Loss 0.0713 (0.1062)	Prec@1 95.312 (96.148)
Epoch: [57][250/391]	Time 0.315 (0.317)	Data 0.000 (0.003)	Loss 0.0905 (0.1065)	Prec@1 96.875 (96.159)
Epoch: [57][300/391]	Time 0.318 (0.318)	Data 0.000 (0.002)	Loss 0.1083 (0.1073)	Prec@1 96.094 (96.096)
Epoch: [57][350/391]	Time 0.315 (0.318)	Data 0.000 (0.002)	Loss 0.1062 (0.1080)	Prec@1 96.094 (96.103)
Test: [0/79]	Time 0.347 (0.347)	Loss 0.3924 (0.3924)	Prec@1 89.844 (89.844)
Test: [50/79]	Time 0.072 (0.078)	Loss 0.7650 (0.5514)	Prec@1 80.469 (86.719)
 * Prec@1 86.850
current lr 1.00000e-02
Epoch: [58][0/391]	Time 0.554 (0.554)	Data 0.261 (0.261)	Loss 0.1579 (0.1579)	Prec@1 94.531 (94.531)
Epoch: [58][50/391]	Time 0.331 (0.323)	Data 0.000 (0.007)	Loss 0.1090 (0.1041)	Prec@1 96.094 (96.170)
Epoch: [58][100/391]	Time 0.278 (0.313)	Data 0.000 (0.004)	Loss 0.0710 (0.0987)	Prec@1 96.875 (96.434)
Epoch: [58][150/391]	Time 0.327 (0.315)	Data 0.000 (0.003)	Loss 0.1543 (0.1024)	Prec@1 94.531 (96.378)
Epoch: [58][200/391]	Time 0.331 (0.315)	Data 0.000 (0.003)	Loss 0.0807 (0.1023)	Prec@1 96.875 (96.389)
Epoch: [58][250/391]	Time 0.332 (0.316)	Data 0.000 (0.002)	Loss 0.1444 (0.1029)	Prec@1 95.312 (96.330)
Epoch: [58][300/391]	Time 0.319 (0.317)	Data 0.000 (0.002)	Loss 0.0872 (0.1041)	Prec@1 96.875 (96.294)
Epoch: [58][350/391]	Time 0.319 (0.318)	Data 0.000 (0.002)	Loss 0.0885 (0.1054)	Prec@1 98.438 (96.203)
Test: [0/79]	Time 0.346 (0.346)	Loss 0.3616 (0.3616)	Prec@1 91.406 (91.406)
Test: [50/79]	Time 0.074 (0.081)	Loss 0.4807 (0.5408)	Prec@1 85.156 (87.102)
 * Prec@1 87.070
current lr 1.00000e-02
Epoch: [59][0/391]	Time 0.657 (0.657)	Data 0.331 (0.331)	Loss 0.0652 (0.0652)	Prec@1 98.438 (98.438)
Epoch: [59][50/391]	Time 0.319 (0.326)	Data 0.000 (0.008)	Loss 0.0644 (0.1114)	Prec@1 97.656 (95.987)
Epoch: [59][100/391]	Time 0.315 (0.313)	Data 0.000 (0.004)	Loss 0.1099 (0.1049)	Prec@1 96.094 (96.279)
Epoch: [59][150/391]	Time 0.309 (0.315)	Data 0.000 (0.003)	Loss 0.1637 (0.1022)	Prec@1 92.188 (96.342)
Epoch: [59][200/391]	Time 0.311 (0.316)	Data 0.000 (0.003)	Loss 0.1261 (0.1011)	Prec@1 96.094 (96.412)
Epoch: [59][250/391]	Time 0.319 (0.317)	Data 0.000 (0.002)	Loss 0.1049 (0.1010)	Prec@1 96.094 (96.414)
Epoch: [59][300/391]	Time 0.321 (0.318)	Data 0.000 (0.002)	Loss 0.1121 (0.1023)	Prec@1 95.312 (96.361)
Epoch: [59][350/391]	Time 0.319 (0.318)	Data 0.000 (0.002)	Loss 0.1102 (0.1027)	Prec@1 95.312 (96.350)
Test: [0/79]	Time 0.317 (0.317)	Loss 0.2758 (0.2758)	Prec@1 89.844 (89.844)
Test: [50/79]	Time 0.078 (0.079)	Loss 0.5635 (0.5247)	Prec@1 85.938 (86.826)
 * Prec@1 86.670
current lr 1.00000e-02
Epoch: [60][0/391]	Time 0.636 (0.636)	Data 0.321 (0.321)	Loss 0.1257 (0.1257)	Prec@1 94.531 (94.531)
Epoch: [60][50/391]	Time 0.295 (0.313)	Data 0.010 (0.009)	Loss 0.0509 (0.0988)	Prec@1 98.438 (96.369)
Epoch: [60][100/391]	Time 0.320 (0.311)	Data 0.000 (0.005)	Loss 0.0904 (0.0954)	Prec@1 96.875 (96.550)
Epoch: [60][150/391]	Time 0.320 (0.313)	Data 0.000 (0.004)	Loss 0.0809 (0.0944)	Prec@1 96.875 (96.616)
Epoch: [60][200/391]	Time 0.318 (0.315)	Data 0.000 (0.003)	Loss 0.1006 (0.0968)	Prec@1 94.531 (96.541)
Epoch: [60][250/391]	Time 0.331 (0.316)	Data 0.000 (0.003)	Loss 0.1308 (0.0962)	Prec@1 94.531 (96.526)
