['resnet110', 'resnet1202', 'resnet20', 'resnet32', 'resnet44', 'resnet56']
Files already downloaded and verified
current lr 1.00000e-02
Epoch: [0][0/391]	Time 1.874 (1.874)	Data 0.272 (0.272)	Loss 7.5628 (7.5628)	Prec@1 7.812 (7.812)
Epoch: [0][50/391]	Time 0.306 (0.326)	Data 0.000 (0.006)	Loss 2.1852 (2.9812)	Prec@1 16.406 (16.131)
Epoch: [0][100/391]	Time 0.303 (0.316)	Data 0.000 (0.004)	Loss 1.8053 (2.5006)	Prec@1 23.438 (20.761)
Epoch: [0][150/391]	Time 0.303 (0.313)	Data 0.000 (0.003)	Loss 1.8129 (2.2987)	Prec@1 34.375 (23.769)
Epoch: [0][200/391]	Time 0.306 (0.311)	Data 0.000 (0.002)	Loss 1.7111 (2.1656)	Prec@1 35.938 (26.516)
Epoch: [0][250/391]	Time 0.317 (0.310)	Data 0.016 (0.002)	Loss 1.6060 (2.0789)	Prec@1 40.625 (28.411)
Epoch: [0][300/391]	Time 0.304 (0.309)	Data 0.001 (0.002)	Loss 1.6535 (2.0140)	Prec@1 43.750 (29.944)
Epoch: [0][350/391]	Time 0.304 (0.309)	Data 0.000 (0.002)	Loss 1.4610 (1.9562)	Prec@1 51.562 (31.564)
Test: [0/79]	Time 0.264 (0.264)	Loss 2.0604 (2.0604)	Prec@1 30.469 (30.469)
Test: [50/79]	Time 0.058 (0.063)	Loss 1.9439 (1.8736)	Prec@1 35.156 (35.493)
 * Prec@1 35.240
current lr 1.00000e-02
Epoch: [1][0/391]	Time 0.751 (0.751)	Data 0.482 (0.482)	Loss 1.6540 (1.6540)	Prec@1 49.219 (49.219)
Epoch: [1][50/391]	Time 0.308 (0.291)	Data 0.000 (0.011)	Loss 1.6906 (1.5436)	Prec@1 42.188 (43.352)
Epoch: [1][100/391]	Time 0.305 (0.298)	Data 0.000 (0.006)	Loss 1.5292 (1.5246)	Prec@1 43.750 (44.083)
Epoch: [1][150/391]	Time 0.305 (0.301)	Data 0.000 (0.005)	Loss 1.5574 (1.5095)	Prec@1 43.750 (44.609)
Epoch: [1][200/391]	Time 0.298 (0.302)	Data 0.000 (0.004)	Loss 1.3886 (1.4915)	Prec@1 49.219 (45.297)
Epoch: [1][250/391]	Time 0.317 (0.303)	Data 0.013 (0.003)	Loss 1.5505 (1.4743)	Prec@1 46.094 (46.081)
Epoch: [1][300/391]	Time 0.305 (0.303)	Data 0.000 (0.003)	Loss 1.3813 (1.4544)	Prec@1 50.781 (46.955)
Epoch: [1][350/391]	Time 0.305 (0.303)	Data 0.000 (0.002)	Loss 1.3477 (1.4396)	Prec@1 48.438 (47.561)
Test: [0/79]	Time 0.281 (0.281)	Loss 1.2180 (1.2180)	Prec@1 58.594 (58.594)
Test: [50/79]	Time 0.066 (0.075)	Loss 1.3495 (1.3105)	Prec@1 48.438 (53.339)
 * Prec@1 53.330
current lr 1.00000e-02
Epoch: [2][0/391]	Time 0.651 (0.651)	Data 0.361 (0.361)	Loss 1.2550 (1.2550)	Prec@1 55.469 (55.469)
Epoch: [2][50/391]	Time 0.298 (0.289)	Data 0.000 (0.008)	Loss 1.3396 (1.2829)	Prec@1 53.906 (54.121)
Epoch: [2][100/391]	Time 0.303 (0.296)	Data 0.000 (0.005)	Loss 1.1284 (1.2678)	Prec@1 60.938 (54.177)
Epoch: [2][150/391]	Time 0.304 (0.299)	Data 0.000 (0.004)	Loss 1.0589 (1.2551)	Prec@1 61.719 (54.988)
Epoch: [2][200/391]	Time 0.303 (0.301)	Data 0.000 (0.003)	Loss 1.1124 (1.2430)	Prec@1 60.938 (55.368)
Epoch: [2][250/391]	Time 0.304 (0.302)	Data 0.000 (0.003)	Loss 1.2064 (1.2351)	Prec@1 57.031 (55.562)
Epoch: [2][300/391]	Time 0.307 (0.303)	Data 0.000 (0.002)	Loss 1.1427 (1.2228)	Prec@1 56.250 (55.944)
Epoch: [2][350/391]	Time 0.307 (0.303)	Data 0.000 (0.002)	Loss 1.0240 (1.2143)	Prec@1 63.281 (56.386)
Test: [0/79]	Time 0.255 (0.255)	Loss 1.2470 (1.2470)	Prec@1 52.344 (52.344)
Test: [50/79]	Time 0.070 (0.074)	Loss 1.2045 (1.1904)	Prec@1 59.375 (57.598)
 * Prec@1 57.320
current lr 1.00000e-02
Epoch: [3][0/391]	Time 0.580 (0.580)	Data 0.294 (0.294)	Loss 0.9924 (0.9924)	Prec@1 58.594 (58.594)
Epoch: [3][50/391]	Time 0.256 (0.293)	Data 0.000 (0.007)	Loss 1.0548 (1.1105)	Prec@1 71.094 (60.202)
Epoch: [3][100/391]	Time 0.301 (0.295)	Data 0.000 (0.004)	Loss 1.0082 (1.0970)	Prec@1 61.719 (60.582)
Epoch: [3][150/391]	Time 0.305 (0.298)	Data 0.000 (0.003)	Loss 1.0780 (1.0927)	Prec@1 58.594 (60.741)
Epoch: [3][200/391]	Time 0.302 (0.300)	Data 0.000 (0.002)	Loss 1.0154 (1.0793)	Prec@1 60.156 (61.315)
Epoch: [3][250/391]	Time 0.305 (0.301)	Data 0.000 (0.002)	Loss 1.0435 (1.0652)	Prec@1 62.500 (61.772)
Epoch: [3][300/391]	Time 0.304 (0.302)	Data 0.000 (0.002)	Loss 1.0358 (1.0634)	Prec@1 63.281 (61.854)
Epoch: [3][350/391]	Time 0.307 (0.302)	Data 0.000 (0.002)	Loss 1.1218 (1.0586)	Prec@1 60.156 (62.068)
Test: [0/79]	Time 0.274 (0.274)	Loss 0.8402 (0.8402)	Prec@1 68.750 (68.750)
Test: [50/79]	Time 0.070 (0.072)	Loss 1.0711 (0.9908)	Prec@1 64.062 (64.614)
 * Prec@1 64.420
current lr 1.00000e-02
Epoch: [4][0/391]	Time 0.632 (0.632)	Data 0.310 (0.310)	Loss 0.8075 (0.8075)	Prec@1 74.219 (74.219)
Epoch: [4][50/391]	Time 0.270 (0.299)	Data 0.004 (0.008)	Loss 0.9714 (0.9881)	Prec@1 67.188 (65.074)
Epoch: [4][100/391]	Time 0.305 (0.299)	Data 0.000 (0.004)	Loss 1.0488 (0.9826)	Prec@1 58.594 (65.006)
Epoch: [4][150/391]	Time 0.306 (0.299)	Data 0.000 (0.003)	Loss 1.1785 (0.9788)	Prec@1 59.375 (65.196)
Epoch: [4][200/391]	Time 0.304 (0.301)	Data 0.000 (0.003)	Loss 0.9771 (0.9757)	Prec@1 64.844 (65.252)
Epoch: [4][250/391]	Time 0.305 (0.302)	Data 0.003 (0.002)	Loss 0.9225 (0.9698)	Prec@1 67.969 (65.522)
Epoch: [4][300/391]	Time 0.306 (0.302)	Data 0.000 (0.002)	Loss 0.8461 (0.9635)	Prec@1 68.750 (65.825)
Epoch: [4][350/391]	Time 0.303 (0.303)	Data 0.000 (0.002)	Loss 1.0385 (0.9570)	Prec@1 60.156 (65.954)
Test: [0/79]	Time 0.313 (0.313)	Loss 0.7927 (0.7927)	Prec@1 69.531 (69.531)
Test: [50/79]	Time 0.099 (0.078)	Loss 1.0834 (0.9297)	Prec@1 61.719 (66.912)
 * Prec@1 67.230
current lr 1.00000e-02
Epoch: [5][0/391]	Time 0.611 (0.611)	Data 0.324 (0.324)	Loss 0.9973 (0.9973)	Prec@1 61.719 (61.719)
Epoch: [5][50/391]	Time 0.298 (0.303)	Data 0.000 (0.008)	Loss 0.8142 (0.8811)	Prec@1 71.875 (68.428)
Epoch: [5][100/391]	Time 0.306 (0.301)	Data 0.000 (0.005)	Loss 0.9435 (0.8814)	Prec@1 60.938 (68.239)
Epoch: [5][150/391]	Time 0.302 (0.302)	Data 0.000 (0.003)	Loss 0.8216 (0.8841)	Prec@1 70.312 (68.507)
Epoch: [5][200/391]	Time 0.305 (0.302)	Data 0.000 (0.003)	Loss 0.9022 (0.8801)	Prec@1 64.062 (68.680)
Epoch: [5][250/391]	Time 0.306 (0.302)	Data 0.000 (0.002)	Loss 0.9001 (0.8817)	Prec@1 67.188 (68.682)
Epoch: [5][300/391]	Time 0.304 (0.303)	Data 0.000 (0.002)	Loss 0.8510 (0.8779)	Prec@1 71.875 (68.880)
Epoch: [5][350/391]	Time 0.302 (0.303)	Data 0.000 (0.002)	Loss 0.9626 (0.8771)	Prec@1 66.406 (68.953)
Test: [0/79]	Time 0.318 (0.318)	Loss 0.8699 (0.8699)	Prec@1 67.188 (67.188)
Test: [50/79]	Time 0.068 (0.076)	Loss 1.0056 (0.8420)	Prec@1 64.844 (71.186)
 * Prec@1 71.250
current lr 1.00000e-02
Epoch: [6][0/391]	Time 0.627 (0.627)	Data 0.325 (0.325)	Loss 0.6666 (0.6666)	Prec@1 78.125 (78.125)
Epoch: [6][50/391]	Time 0.295 (0.306)	Data 0.000 (0.009)	Loss 0.7127 (0.8298)	Prec@1 76.562 (71.048)
Epoch: [6][100/391]	Time 0.316 (0.303)	Data 0.000 (0.005)	Loss 1.0177 (0.8314)	Prec@1 67.188 (70.692)
Epoch: [6][150/391]	Time 0.306 (0.303)	Data 0.000 (0.003)	Loss 0.7057 (0.8289)	Prec@1 74.219 (70.825)
Epoch: [6][200/391]	Time 0.297 (0.303)	Data 0.000 (0.003)	Loss 0.7319 (0.8184)	Prec@1 73.438 (71.350)
Epoch: [6][250/391]	Time 0.301 (0.303)	Data 0.000 (0.003)	Loss 0.7745 (0.8128)	Prec@1 71.875 (71.536)
Epoch: [6][300/391]	Time 0.305 (0.303)	Data 0.000 (0.002)	Loss 0.6279 (0.8123)	Prec@1 79.688 (71.457)
Epoch: [6][350/391]	Time 0.305 (0.304)	Data 0.000 (0.002)	Loss 0.7371 (0.8097)	Prec@1 71.875 (71.530)
Test: [0/79]	Time 0.304 (0.304)	Loss 0.8460 (0.8460)	Prec@1 71.094 (71.094)
Test: [50/79]	Time 0.071 (0.075)	Loss 1.0388 (0.8301)	Prec@1 60.156 (71.553)
 * Prec@1 71.600
current lr 1.00000e-02
Epoch: [7][0/391]	Time 0.618 (0.618)	Data 0.346 (0.346)	Loss 0.8489 (0.8489)	Prec@1 69.531 (69.531)
Epoch: [7][50/391]	Time 0.310 (0.305)	Data 0.000 (0.008)	Loss 0.6983 (0.7617)	Prec@1 74.219 (73.422)
Epoch: [7][100/391]	Time 0.303 (0.303)	Data 0.000 (0.005)	Loss 0.7328 (0.7452)	Prec@1 75.000 (73.909)
Epoch: [7][150/391]	Time 0.306 (0.302)	Data 0.011 (0.004)	Loss 0.6456 (0.7439)	Prec@1 78.125 (73.831)
Epoch: [7][200/391]	Time 0.306 (0.303)	Data 0.000 (0.003)	Loss 0.8687 (0.7485)	Prec@1 67.188 (73.628)
Epoch: [7][250/391]	Time 0.307 (0.302)	Data 0.000 (0.003)	Loss 0.6421 (0.7477)	Prec@1 78.906 (73.646)
Epoch: [7][300/391]	Time 0.302 (0.303)	Data 0.000 (0.002)	Loss 0.6629 (0.7485)	Prec@1 73.438 (73.578)
Epoch: [7][350/391]	Time 0.304 (0.303)	Data 0.000 (0.002)	Loss 0.8156 (0.7456)	Prec@1 72.656 (73.696)
Test: [0/79]	Time 0.321 (0.321)	Loss 0.8379 (0.8379)	Prec@1 72.656 (72.656)
Test: [50/79]	Time 0.068 (0.077)	Loss 0.9942 (0.8128)	Prec@1 68.750 (72.855)
 * Prec@1 72.890
current lr 1.00000e-02
Epoch: [8][0/391]	Time 0.613 (0.613)	Data 0.332 (0.332)	Loss 0.9356 (0.9356)	Prec@1 71.094 (71.094)
Epoch: [8][50/391]	Time 0.309 (0.308)	Data 0.000 (0.009)	Loss 0.6948 (0.6984)	Prec@1 74.219 (75.628)
Epoch: [8][100/391]	Time 0.304 (0.304)	Data 0.000 (0.005)	Loss 0.5530 (0.6893)	Prec@1 78.125 (75.657)
Epoch: [8][150/391]	Time 0.252 (0.303)	Data 0.000 (0.004)	Loss 0.6251 (0.6892)	Prec@1 77.344 (75.730)
Epoch: [8][200/391]	Time 0.306 (0.303)	Data 0.003 (0.003)	Loss 0.5561 (0.6863)	Prec@1 78.906 (75.847)
Epoch: [8][250/391]	Time 0.302 (0.304)	Data 0.010 (0.003)	Loss 0.7035 (0.6860)	Prec@1 75.781 (75.853)
Epoch: [8][300/391]	Time 0.306 (0.303)	Data 0.000 (0.003)	Loss 0.5369 (0.6828)	Prec@1 82.812 (75.989)
Epoch: [8][350/391]	Time 0.307 (0.304)	Data 0.000 (0.002)	Loss 0.6938 (0.6785)	Prec@1 76.562 (76.173)
Test: [0/79]	Time 0.350 (0.350)	Loss 0.8403 (0.8403)	Prec@1 70.312 (70.312)
Test: [50/79]	Time 0.074 (0.074)	Loss 0.9369 (0.8435)	Prec@1 71.875 (72.472)
 * Prec@1 72.960
current lr 1.00000e-02
Epoch: [9][0/391]	Time 0.588 (0.588)	Data 0.316 (0.316)	Loss 0.8205 (0.8205)	Prec@1 71.875 (71.875)
Epoch: [9][50/391]	Time 0.332 (0.306)	Data 0.002 (0.007)	Loss 0.6467 (0.6496)	Prec@1 75.781 (77.221)
Epoch: [9][100/391]	Time 0.300 (0.302)	Data 0.000 (0.004)	Loss 0.7328 (0.6576)	Prec@1 73.438 (76.756)
Epoch: [9][150/391]	Time 0.301 (0.303)	Data 0.000 (0.003)	Loss 0.6841 (0.6539)	Prec@1 76.562 (76.982)
Epoch: [9][200/391]	Time 0.307 (0.303)	Data 0.000 (0.003)	Loss 0.6698 (0.6489)	Prec@1 75.000 (77.126)
Epoch: [9][250/391]	Time 0.307 (0.303)	Data 0.000 (0.003)	Loss 0.8627 (0.6430)	Prec@1 73.438 (77.437)
Epoch: [9][300/391]	Time 0.294 (0.303)	Data 0.000 (0.002)	Loss 0.4975 (0.6401)	Prec@1 83.594 (77.505)
Epoch: [9][350/391]	Time 0.304 (0.303)	Data 0.000 (0.002)	Loss 0.4737 (0.6381)	Prec@1 84.375 (77.642)
Test: [0/79]	Time 0.293 (0.293)	Loss 0.6686 (0.6686)	Prec@1 72.656 (72.656)
Test: [50/79]	Time 0.068 (0.076)	Loss 0.8486 (0.6917)	Prec@1 75.000 (76.517)
 * Prec@1 76.680
current lr 1.00000e-02
Epoch: [10][0/391]	Time 0.592 (0.592)	Data 0.295 (0.295)	Loss 0.5780 (0.5780)	Prec@1 78.906 (78.906)
Epoch: [10][50/391]	Time 0.306 (0.308)	Data 0.000 (0.008)	Loss 0.6579 (0.5994)	Prec@1 80.469 (79.167)
Epoch: [10][100/391]	Time 0.307 (0.303)	Data 0.000 (0.004)	Loss 0.6513 (0.6031)	Prec@1 79.688 (78.829)
Epoch: [10][150/391]	Time 0.305 (0.304)	Data 0.000 (0.003)	Loss 0.5193 (0.6022)	Prec@1 83.594 (78.844)
Epoch: [10][200/391]	Time 0.306 (0.303)	Data 0.000 (0.003)	Loss 0.5633 (0.5993)	Prec@1 76.562 (79.054)
Epoch: [10][250/391]	Time 0.305 (0.304)	Data 0.000 (0.002)	Loss 0.6250 (0.5978)	Prec@1 75.781 (79.062)
Epoch: [10][300/391]	Time 0.305 (0.304)	Data 0.000 (0.002)	Loss 0.6779 (0.5990)	Prec@1 74.219 (79.049)
Epoch: [10][350/391]	Time 0.311 (0.303)	Data 0.000 (0.002)	Loss 0.5889 (0.5974)	Prec@1 78.906 (79.080)
Test: [0/79]	Time 0.314 (0.314)	Loss 0.6431 (0.6431)	Prec@1 78.906 (78.906)
Test: [50/79]	Time 0.062 (0.073)	Loss 0.8981 (0.7249)	Prec@1 71.094 (76.547)
 * Prec@1 76.580
current lr 1.00000e-02
Epoch: [11][0/391]	Time 0.597 (0.597)	Data 0.313 (0.313)	Loss 0.4889 (0.4889)	Prec@1 83.594 (83.594)
Epoch: [11][50/391]	Time 0.307 (0.305)	Data 0.000 (0.007)	Loss 0.5792 (0.5897)	Prec@1 79.688 (79.442)
Epoch: [11][100/391]	Time 0.256 (0.302)	Data 0.000 (0.004)	Loss 0.4843 (0.5736)	Prec@1 83.594 (79.912)
Epoch: [11][150/391]	Time 0.316 (0.303)	Data 0.015 (0.003)	Loss 0.4975 (0.5748)	Prec@1 82.031 (80.024)
Epoch: [11][200/391]	Time 0.295 (0.303)	Data 0.000 (0.003)	Loss 0.4984 (0.5681)	Prec@1 82.812 (80.247)
Epoch: [11][250/391]	Time 0.306 (0.303)	Data 0.000 (0.002)	Loss 0.5674 (0.5669)	Prec@1 78.125 (80.217)
Epoch: [11][300/391]	Time 0.308 (0.304)	Data 0.000 (0.002)	Loss 0.6064 (0.5602)	Prec@1 82.812 (80.502)
Epoch: [11][350/391]	Time 0.306 (0.304)	Data 0.000 (0.002)	Loss 0.6261 (0.5632)	Prec@1 78.125 (80.353)
Test: [0/79]	Time 0.295 (0.295)	Loss 0.6608 (0.6608)	Prec@1 75.000 (75.000)
Test: [50/79]	Time 0.069 (0.075)	Loss 0.8846 (0.6974)	Prec@1 72.656 (77.390)
 * Prec@1 77.240
current lr 1.00000e-02
Epoch: [12][0/391]	Time 0.611 (0.611)	Data 0.295 (0.295)	Loss 0.4896 (0.4896)	Prec@1 84.375 (84.375)
Epoch: [12][50/391]	Time 0.310 (0.305)	Data 0.000 (0.006)	Loss 0.5764 (0.5374)	Prec@1 78.906 (81.189)
Epoch: [12][100/391]	Time 0.301 (0.304)	Data 0.000 (0.004)	Loss 0.4751 (0.5294)	Prec@1 82.031 (81.459)
Epoch: [12][150/391]	Time 0.305 (0.304)	Data 0.000 (0.003)	Loss 0.5090 (0.5297)	Prec@1 84.375 (81.431)
Epoch: [12][200/391]	Time 0.317 (0.304)	Data 0.000 (0.002)	Loss 0.4968 (0.5317)	Prec@1 85.156 (81.347)
Epoch: [12][250/391]	Time 0.294 (0.303)	Data 0.000 (0.002)	Loss 0.5165 (0.5360)	Prec@1 84.375 (81.250)
Epoch: [12][300/391]	Time 0.305 (0.304)	Data 0.000 (0.002)	Loss 0.4542 (0.5369)	Prec@1 83.594 (81.193)
Epoch: [12][350/391]	Time 0.306 (0.304)	Data 0.000 (0.002)	Loss 0.5580 (0.5361)	Prec@1 78.125 (81.239)
Test: [0/79]	Time 0.321 (0.321)	Loss 0.5788 (0.5788)	Prec@1 80.469 (80.469)
Test: [50/79]	Time 0.103 (0.074)	Loss 0.8143 (0.6285)	Prec@1 76.562 (79.167)
 * Prec@1 79.410
current lr 1.00000e-02
Epoch: [13][0/391]	Time 0.679 (0.679)	Data 0.403 (0.403)	Loss 0.5588 (0.5588)	Prec@1 78.125 (78.125)
Epoch: [13][50/391]	Time 0.299 (0.304)	Data 0.000 (0.009)	Loss 0.4902 (0.5191)	Prec@1 81.250 (81.939)
Epoch: [13][100/391]	Time 0.292 (0.303)	Data 0.000 (0.005)	Loss 0.5181 (0.5185)	Prec@1 78.906 (82.186)
Epoch: [13][150/391]	Time 0.303 (0.303)	Data 0.000 (0.003)	Loss 0.3802 (0.5156)	Prec@1 85.938 (82.104)
Epoch: [13][200/391]	Time 0.305 (0.303)	Data 0.000 (0.003)	Loss 0.5801 (0.5109)	Prec@1 79.688 (82.296)
Epoch: [13][250/391]	Time 0.288 (0.303)	Data 0.000 (0.002)	Loss 0.5751 (0.5124)	Prec@1 82.812 (82.202)
Epoch: [13][300/391]	Time 0.303 (0.303)	Data 0.001 (0.002)	Loss 0.4249 (0.5116)	Prec@1 87.500 (82.244)
Epoch: [13][350/391]	Time 0.306 (0.304)	Data 0.010 (0.002)	Loss 0.3916 (0.5110)	Prec@1 84.375 (82.265)
Test: [0/79]	Time 0.306 (0.306)	Loss 0.5198 (0.5198)	Prec@1 81.250 (81.250)
Test: [50/79]	Time 0.074 (0.077)	Loss 0.7032 (0.5837)	Prec@1 79.688 (80.974)
 * Prec@1 80.910
current lr 1.00000e-02
Epoch: [14][0/391]	Time 0.564 (0.564)	Data 0.290 (0.290)	Loss 0.5258 (0.5258)	Prec@1 82.812 (82.812)
Epoch: [14][50/391]	Time 0.305 (0.299)	Data 0.000 (0.007)	Loss 0.6422 (0.5021)	Prec@1 81.250 (82.246)
Epoch: [14][100/391]	Time 0.305 (0.302)	Data 0.000 (0.004)	Loss 0.3918 (0.4862)	Prec@1 86.719 (82.952)
Epoch: [14][150/391]	Time 0.305 (0.301)	Data 0.000 (0.003)	Loss 0.3516 (0.4844)	Prec@1 88.281 (83.056)
Epoch: [14][200/391]	Time 0.306 (0.302)	Data 0.000 (0.002)	Loss 0.4955 (0.4828)	Prec@1 83.594 (83.139)
Epoch: [14][250/391]	Time 0.294 (0.303)	Data 0.000 (0.002)	Loss 0.5769 (0.4841)	Prec@1 80.469 (83.043)
Epoch: [14][300/391]	Time 0.305 (0.302)	Data 0.000 (0.002)	Loss 0.6197 (0.4860)	Prec@1 81.250 (82.914)
Epoch: [14][350/391]	Time 0.325 (0.303)	Data 0.001 (0.002)	Loss 0.5589 (0.4894)	Prec@1 81.250 (82.819)
Test: [0/79]	Time 0.293 (0.293)	Loss 0.5364 (0.5364)	Prec@1 82.812 (82.812)
Test: [50/79]	Time 0.081 (0.074)	Loss 0.8010 (0.6115)	Prec@1 74.219 (80.009)
 * Prec@1 79.910
current lr 1.00000e-02
Epoch: [15][0/391]	Time 0.571 (0.571)	Data 0.306 (0.306)	Loss 0.3605 (0.3605)	Prec@1 91.406 (91.406)
Epoch: [15][50/391]	Time 0.260 (0.305)	Data 0.000 (0.007)	Loss 0.4242 (0.4671)	Prec@1 86.719 (83.686)
Epoch: [15][100/391]	Time 0.300 (0.303)	Data 0.000 (0.004)	Loss 0.3367 (0.4573)	Prec@1 85.938 (83.787)
Epoch: [15][150/391]	Time 0.307 (0.302)	Data 0.000 (0.003)	Loss 0.5132 (0.4584)	Prec@1 81.250 (83.837)
Epoch: [15][200/391]	Time 0.306 (0.303)	Data 0.000 (0.003)	Loss 0.4529 (0.4601)	Prec@1 82.812 (83.776)
Epoch: [15][250/391]	Time 0.303 (0.303)	Data 0.000 (0.002)	Loss 0.4570 (0.4602)	Prec@1 83.594 (83.700)
Epoch: [15][300/391]	Time 0.311 (0.303)	Data 0.015 (0.002)	Loss 0.4259 (0.4599)	Prec@1 82.031 (83.749)
Epoch: [15][350/391]	Time 0.303 (0.303)	Data 0.000 (0.002)	Loss 0.4596 (0.4639)	Prec@1 82.812 (83.598)
Test: [0/79]	Time 0.358 (0.358)	Loss 0.7285 (0.7285)	Prec@1 75.781 (75.781)
Test: [50/79]	Time 0.068 (0.076)	Loss 0.8744 (0.7336)	Prec@1 74.219 (76.945)
 * Prec@1 76.750
current lr 1.00000e-02
Epoch: [16][0/391]	Time 0.673 (0.673)	Data 0.391 (0.391)	Loss 0.5054 (0.5054)	Prec@1 80.469 (80.469)
Epoch: [16][50/391]	Time 0.304 (0.308)	Data 0.000 (0.009)	Loss 0.4160 (0.4463)	Prec@1 82.812 (84.329)
Epoch: [16][100/391]	Time 0.302 (0.305)	Data 0.000 (0.005)	Loss 0.3000 (0.4401)	Prec@1 92.188 (84.584)
Epoch: [16][150/391]	Time 0.306 (0.303)	Data 0.010 (0.004)	Loss 0.5266 (0.4367)	Prec@1 84.375 (84.716)
Epoch: [16][200/391]	Time 0.306 (0.303)	Data 0.000 (0.003)	Loss 0.4977 (0.4346)	Prec@1 86.719 (84.826)
Epoch: [16][250/391]	Time 0.304 (0.304)	Data 0.000 (0.003)	Loss 0.6174 (0.4332)	Prec@1 81.250 (84.826)
Epoch: [16][300/391]	Time 0.298 (0.304)	Data 0.001 (0.003)	Loss 0.3511 (0.4348)	Prec@1 88.281 (84.759)
Epoch: [16][350/391]	Time 0.311 (0.303)	Data 0.001 (0.002)	Loss 0.4566 (0.4358)	Prec@1 85.938 (84.747)
Test: [0/79]	Time 0.303 (0.303)	Loss 0.6340 (0.6340)	Prec@1 76.562 (76.562)
Test: [50/79]	Time 0.070 (0.076)	Loss 0.8073 (0.6228)	Prec@1 74.219 (80.040)
 * Prec@1 79.780
current lr 1.00000e-02
Epoch: [17][0/391]	Time 0.690 (0.690)	Data 0.375 (0.375)	Loss 0.3853 (0.3853)	Prec@1 89.844 (89.844)
Epoch: [17][50/391]	Time 0.304 (0.307)	Data 0.000 (0.008)	Loss 0.5306 (0.4355)	Prec@1 84.375 (85.386)
Epoch: [17][100/391]	Time 0.307 (0.307)	Data 0.000 (0.005)	Loss 0.5024 (0.4296)	Prec@1 83.594 (85.342)
Epoch: [17][150/391]	Time 0.303 (0.302)	Data 0.000 (0.004)	Loss 0.3440 (0.4264)	Prec@1 89.062 (85.234)
Epoch: [17][200/391]	Time 0.305 (0.303)	Data 0.000 (0.003)	Loss 0.2301 (0.4277)	Prec@1 89.844 (85.215)
Epoch: [17][250/391]	Time 0.307 (0.303)	Data 0.000 (0.002)	Loss 0.4775 (0.4253)	Prec@1 82.812 (85.206)
Epoch: [17][300/391]	Time 0.305 (0.304)	Data 0.000 (0.002)	Loss 0.3579 (0.4232)	Prec@1 85.156 (85.278)
Epoch: [17][350/391]	Time 0.305 (0.303)	Data 0.000 (0.002)	Loss 0.3705 (0.4208)	Prec@1 85.938 (85.330)
Test: [0/79]	Time 0.310 (0.310)	Loss 0.6124 (0.6124)	Prec@1 82.031 (82.031)
Test: [50/79]	Time 0.083 (0.077)	Loss 0.7118 (0.5552)	Prec@1 82.031 (81.863)
 * Prec@1 82.050
current lr 1.00000e-02
Epoch: [18][0/391]	Time 0.641 (0.641)	Data 0.333 (0.333)	Loss 0.3633 (0.3633)	Prec@1 87.500 (87.500)
Epoch: [18][50/391]	Time 0.301 (0.307)	Data 0.010 (0.009)	Loss 0.3493 (0.4190)	Prec@1 88.281 (85.371)
Epoch: [18][100/391]	Time 0.306 (0.307)	Data 0.000 (0.006)	Loss 0.3877 (0.3979)	Prec@1 82.812 (86.162)
Epoch: [18][150/391]	Time 0.300 (0.305)	Data 0.000 (0.004)	Loss 0.4505 (0.4068)	Prec@1 84.375 (85.705)
Epoch: [18][200/391]	Time 0.303 (0.303)	Data 0.000 (0.003)	Loss 0.5412 (0.4082)	Prec@1 82.812 (85.743)
Epoch: [18][250/391]	Time 0.306 (0.304)	Data 0.000 (0.003)	Loss 0.4352 (0.4112)	Prec@1 82.812 (85.660)
Epoch: [18][300/391]	Time 0.299 (0.304)	Data 0.000 (0.003)	Loss 0.3180 (0.4093)	Prec@1 91.406 (85.725)
Epoch: [18][350/391]	Time 0.307 (0.303)	Data 0.000 (0.002)	Loss 0.4546 (0.4074)	Prec@1 84.375 (85.788)
Test: [0/79]	Time 0.299 (0.299)	Loss 0.5214 (0.5214)	Prec@1 82.812 (82.812)
Test: [50/79]	Time 0.073 (0.077)	Loss 0.6666 (0.5406)	Prec@1 78.906 (82.767)
 * Prec@1 82.830
current lr 1.00000e-02
Epoch: [19][0/391]	Time 0.641 (0.641)	Data 0.327 (0.327)	Loss 0.4051 (0.4051)	Prec@1 85.156 (85.156)
Epoch: [19][50/391]	Time 0.305 (0.309)	Data 0.000 (0.009)	Loss 0.3495 (0.3823)	Prec@1 88.281 (86.520)
Epoch: [19][100/391]	Time 0.305 (0.307)	Data 0.000 (0.006)	Loss 0.4107 (0.3769)	Prec@1 82.031 (86.626)
Epoch: [19][150/391]	Time 0.296 (0.306)	Data 0.000 (0.004)	Loss 0.4245 (0.3787)	Prec@1 86.719 (86.574)
Epoch: [19][200/391]	Time 0.298 (0.304)	Data 0.000 (0.003)	Loss 0.4664 (0.3817)	Prec@1 85.156 (86.548)
Epoch: [19][250/391]	Time 0.305 (0.304)	Data 0.000 (0.003)	Loss 0.4453 (0.3838)	Prec@1 85.156 (86.501)
Epoch: [19][300/391]	Time 0.305 (0.304)	Data 0.000 (0.002)	Loss 0.3632 (0.3854)	Prec@1 87.500 (86.446)
Epoch: [19][350/391]	Time 0.296 (0.304)	Data 0.000 (0.002)	Loss 0.3342 (0.3868)	Prec@1 89.062 (86.392)
Test: [0/79]	Time 0.268 (0.268)	Loss 0.4130 (0.4130)	Prec@1 84.375 (84.375)
Test: [50/79]	Time 0.070 (0.074)	Loss 0.6597 (0.5163)	Prec@1 81.250 (83.318)
 * Prec@1 83.010
current lr 1.00000e-02
Epoch: [20][0/391]	Time 0.672 (0.672)	Data 0.392 (0.392)	Loss 0.3834 (0.3834)	Prec@1 89.844 (89.844)
Epoch: [20][50/391]	Time 0.304 (0.308)	Data 0.000 (0.008)	Loss 0.3329 (0.3652)	Prec@1 87.500 (87.117)
Epoch: [20][100/391]	Time 0.319 (0.307)	Data 0.000 (0.004)	Loss 0.2476 (0.3663)	Prec@1 90.625 (86.974)
Epoch: [20][150/391]	Time 0.305 (0.306)	Data 0.001 (0.003)	Loss 0.4244 (0.3621)	Prec@1 82.812 (87.309)
Epoch: [20][200/391]	Time 0.306 (0.304)	Data 0.000 (0.003)	Loss 0.3682 (0.3672)	Prec@1 85.156 (87.170)
Epoch: [20][250/391]	Time 0.303 (0.304)	Data 0.000 (0.003)	Loss 0.2566 (0.3699)	Prec@1 91.406 (87.102)
Epoch: [20][300/391]	Time 0.307 (0.304)	Data 0.000 (0.002)	Loss 0.4829 (0.3729)	Prec@1 84.375 (87.017)
Epoch: [20][350/391]	Time 0.307 (0.304)	Data 0.000 (0.002)	Loss 0.3643 (0.3761)	Prec@1 85.938 (86.948)
Test: [0/79]	Time 0.303 (0.303)	Loss 0.4338 (0.4338)	Prec@1 86.719 (86.719)
Test: [50/79]	Time 0.067 (0.075)	Loss 0.6425 (0.5464)	Prec@1 82.031 (82.552)
 * Prec@1 82.630
current lr 1.00000e-02
Epoch: [21][0/391]	Time 0.608 (0.608)	Data 0.319 (0.319)	Loss 0.3200 (0.3200)	Prec@1 91.406 (91.406)
Epoch: [21][50/391]	Time 0.307 (0.305)	Data 0.000 (0.007)	Loss 0.3128 (0.3410)	Prec@1 91.406 (87.960)
Epoch: [21][100/391]	Time 0.308 (0.306)	Data 0.000 (0.005)	Loss 0.3182 (0.3483)	Prec@1 87.500 (87.500)
Epoch: [21][150/391]	Time 0.306 (0.306)	Data 0.000 (0.003)	Loss 0.4156 (0.3554)	Prec@1 83.594 (87.184)
Epoch: [21][200/391]	Time 0.306 (0.304)	Data 0.000 (0.003)	Loss 0.3957 (0.3595)	Prec@1 84.375 (87.170)
Epoch: [21][250/391]	Time 0.300 (0.304)	Data 0.000 (0.002)	Loss 0.5021 (0.3576)	Prec@1 86.719 (87.347)
Epoch: [21][300/391]	Time 0.307 (0.304)	Data 0.000 (0.002)	Loss 0.3608 (0.3604)	Prec@1 85.156 (87.253)
Epoch: [21][350/391]	Time 0.304 (0.304)	Data 0.000 (0.002)	Loss 0.3394 (0.3602)	Prec@1 89.062 (87.220)
Test: [0/79]	Time 0.290 (0.290)	Loss 0.3920 (0.3920)	Prec@1 83.594 (83.594)
Test: [50/79]	Time 0.059 (0.071)	Loss 0.6261 (0.5002)	Prec@1 82.812 (83.854)
 * Prec@1 83.720
current lr 1.00000e-02
Epoch: [22][0/391]	Time 0.691 (0.691)	Data 0.414 (0.414)	Loss 0.3991 (0.3991)	Prec@1 86.719 (86.719)
Epoch: [22][50/391]	Time 0.304 (0.308)	Data 0.000 (0.009)	Loss 0.4091 (0.3308)	Prec@1 89.062 (88.771)
Epoch: [22][100/391]	Time 0.301 (0.307)	Data 0.000 (0.005)	Loss 0.2948 (0.3309)	Prec@1 89.844 (88.575)
Epoch: [22][150/391]	Time 0.307 (0.307)	Data 0.000 (0.004)	Loss 0.3321 (0.3406)	Prec@1 85.156 (88.147)
Epoch: [22][200/391]	Time 0.304 (0.305)	Data 0.000 (0.003)	Loss 0.4242 (0.3465)	Prec@1 81.250 (87.955)
Epoch: [22][250/391]	Time 0.300 (0.305)	Data 0.000 (0.003)	Loss 0.6106 (0.3441)	Prec@1 80.469 (87.998)
Epoch: [22][300/391]	Time 0.298 (0.305)	Data 0.000 (0.002)	Loss 0.3768 (0.3462)	Prec@1 84.375 (87.905)
Epoch: [22][350/391]	Time 0.305 (0.304)	Data 0.000 (0.002)	Loss 0.3207 (0.3449)	Prec@1 87.500 (87.972)
Test: [0/79]	Time 0.295 (0.295)	Loss 0.5526 (0.5526)	Prec@1 81.250 (81.250)
Test: [50/79]	Time 0.069 (0.076)	Loss 0.6533 (0.6330)	Prec@1 83.594 (80.990)
 * Prec@1 80.920
current lr 1.00000e-02
Epoch: [23][0/391]	Time 0.542 (0.542)	Data 0.281 (0.281)	Loss 0.3607 (0.3607)	Prec@1 89.844 (89.844)
Epoch: [23][50/391]	Time 0.317 (0.302)	Data 0.000 (0.007)	Loss 0.2454 (0.3259)	Prec@1 95.312 (88.388)
Epoch: [23][100/391]	Time 0.304 (0.304)	Data 0.000 (0.005)	Loss 0.2799 (0.3286)	Prec@1 92.969 (88.428)
Epoch: [23][150/391]	Time 0.305 (0.305)	Data 0.000 (0.003)	Loss 0.4234 (0.3291)	Prec@1 89.062 (88.457)
Epoch: [23][200/391]	Time 0.307 (0.303)	Data 0.000 (0.003)	Loss 0.3206 (0.3333)	Prec@1 88.281 (88.340)
Epoch: [23][250/391]	Time 0.302 (0.304)	Data 0.000 (0.002)	Loss 0.3656 (0.3345)	Prec@1 86.719 (88.312)
Epoch: [23][300/391]	Time 0.318 (0.304)	Data 0.000 (0.002)	Loss 0.3793 (0.3378)	Prec@1 85.938 (88.092)
Epoch: [23][350/391]	Time 0.252 (0.303)	Data 0.000 (0.002)	Loss 0.3786 (0.3376)	Prec@1 87.500 (88.188)
Test: [0/79]	Time 0.334 (0.334)	Loss 0.4604 (0.4604)	Prec@1 85.156 (85.156)
Test: [50/79]	Time 0.073 (0.075)	Loss 0.6245 (0.5080)	Prec@1 81.250 (84.130)
 * Prec@1 84.560
current lr 1.00000e-02
Epoch: [24][0/391]	Time 0.644 (0.644)	Data 0.360 (0.360)	Loss 0.2384 (0.2384)	Prec@1 92.969 (92.969)
Epoch: [24][50/391]	Time 0.307 (0.300)	Data 0.000 (0.008)	Loss 0.1789 (0.3050)	Prec@1 93.750 (89.170)
Epoch: [24][100/391]	Time 0.303 (0.303)	Data 0.000 (0.004)	Loss 0.3537 (0.3078)	Prec@1 85.938 (88.962)
Epoch: [24][150/391]	Time 0.307 (0.303)	Data 0.000 (0.003)	Loss 0.2556 (0.3124)	Prec@1 91.406 (88.871)
Epoch: [24][200/391]	Time 0.254 (0.303)	Data 0.006 (0.002)	Loss 0.3382 (0.3203)	Prec@1 86.719 (88.538)
Epoch: [24][250/391]	Time 0.305 (0.303)	Data 0.000 (0.002)	Loss 0.2411 (0.3223)	Prec@1 90.625 (88.527)
Epoch: [24][300/391]	Time 0.303 (0.304)	Data 0.000 (0.002)	Loss 0.3306 (0.3214)	Prec@1 86.719 (88.564)
Epoch: [24][350/391]	Time 0.302 (0.304)	Data 0.000 (0.002)	Loss 0.2552 (0.3208)	Prec@1 89.062 (88.608)
Test: [0/79]	Time 0.297 (0.297)	Loss 0.4313 (0.4313)	Prec@1 85.156 (85.156)
Test: [50/79]	Time 0.072 (0.075)	Loss 0.6451 (0.5132)	Prec@1 82.031 (84.390)
 * Prec@1 84.350
current lr 1.00000e-02
Epoch: [25][0/391]	Time 0.675 (0.675)	Data 0.393 (0.393)	Loss 0.3418 (0.3418)	Prec@1 88.281 (88.281)
Epoch: [25][50/391]	Time 0.252 (0.301)	Data 0.003 (0.009)	Loss 0.3229 (0.3082)	Prec@1 88.281 (89.354)
Epoch: [25][100/391]	Time 0.308 (0.303)	Data 0.002 (0.005)	Loss 0.2568 (0.2935)	Prec@1 92.188 (89.859)
Epoch: [25][150/391]	Time 0.316 (0.304)	Data 0.000 (0.004)	Loss 0.2734 (0.2929)	Prec@1 89.844 (89.854)
Epoch: [25][200/391]	Time 0.298 (0.303)	Data 0.000 (0.003)	Loss 0.2883 (0.2995)	Prec@1 91.406 (89.560)
Epoch: [25][250/391]	Time 0.306 (0.303)	Data 0.000 (0.003)	Loss 0.1752 (0.3018)	Prec@1 95.312 (89.461)
Epoch: [25][300/391]	Time 0.305 (0.303)	Data 0.000 (0.002)	Loss 0.2333 (0.3035)	Prec@1 93.750 (89.384)
Epoch: [25][350/391]	Time 0.298 (0.304)	Data 0.000 (0.002)	Loss 0.3476 (0.3069)	Prec@1 89.062 (89.229)
Test: [0/79]	Time 0.327 (0.327)	Loss 0.4122 (0.4122)	Prec@1 84.375 (84.375)
Test: [50/79]	Time 0.062 (0.074)	Loss 0.5779 (0.4936)	Prec@1 82.031 (84.268)
 * Prec@1 84.390
current lr 1.00000e-02
Epoch: [26][0/391]	Time 0.609 (0.609)	Data 0.293 (0.293)	Loss 0.3212 (0.3212)	Prec@1 88.281 (88.281)
Epoch: [26][50/391]	Time 0.290 (0.302)	Data 0.000 (0.006)	Loss 0.3377 (0.2916)	Prec@1 89.844 (89.936)
Epoch: [26][100/391]	Time 0.305 (0.302)	Data 0.000 (0.004)	Loss 0.2883 (0.2878)	Prec@1 91.406 (90.014)
Epoch: [26][150/391]	Time 0.306 (0.303)	Data 0.000 (0.003)	Loss 0.3016 (0.2818)	Prec@1 89.844 (90.071)
Epoch: [26][200/391]	Time 0.298 (0.303)	Data 0.000 (0.002)	Loss 0.3459 (0.2875)	Prec@1 87.500 (89.887)
Epoch: [26][250/391]	Time 0.305 (0.303)	Data 0.000 (0.002)	Loss 0.2778 (0.2894)	Prec@1 92.188 (89.713)
Epoch: [26][300/391]	Time 0.301 (0.303)	Data 0.000 (0.002)	Loss 0.3559 (0.2906)	Prec@1 86.719 (89.675)
Epoch: [26][350/391]	Time 0.308 (0.303)	Data 0.000 (0.002)	Loss 0.3456 (0.2937)	Prec@1 87.500 (89.561)
Test: [0/79]	Time 0.325 (0.325)	Loss 0.4475 (0.4475)	Prec@1 84.375 (84.375)
Test: [50/79]	Time 0.068 (0.076)	Loss 0.6197 (0.5132)	Prec@1 82.812 (84.237)
 * Prec@1 84.060
current lr 1.00000e-02
Epoch: [27][0/391]	Time 0.628 (0.628)	Data 0.353 (0.353)	Loss 0.4212 (0.4212)	Prec@1 88.281 (88.281)
Epoch: [27][50/391]	Time 0.303 (0.302)	Data 0.000 (0.009)	Loss 0.2198 (0.3034)	Prec@1 89.844 (89.415)
Epoch: [27][100/391]	Time 0.304 (0.300)	Data 0.000 (0.005)	Loss 0.3758 (0.2974)	Prec@1 85.938 (89.503)
Epoch: [27][150/391]	Time 0.304 (0.302)	Data 0.000 (0.003)	Loss 0.2301 (0.2891)	Prec@1 91.406 (89.657)
Epoch: [27][200/391]	Time 0.307 (0.303)	Data 0.000 (0.003)	Loss 0.4058 (0.2892)	Prec@1 85.938 (89.583)
Epoch: [27][250/391]	Time 0.306 (0.302)	Data 0.000 (0.002)	Loss 0.2998 (0.2902)	Prec@1 89.062 (89.576)
Epoch: [27][300/391]	Time 0.306 (0.303)	Data 0.000 (0.002)	Loss 0.3562 (0.2925)	Prec@1 85.156 (89.548)
Epoch: [27][350/391]	Time 0.317 (0.303)	Data 0.013 (0.002)	Loss 0.4077 (0.2926)	Prec@1 91.406 (89.554)
Test: [0/79]	Time 0.366 (0.366)	Loss 0.3302 (0.3302)	Prec@1 88.281 (88.281)
Test: [50/79]	Time 0.070 (0.075)	Loss 0.6362 (0.4809)	Prec@1 82.812 (84.972)
 * Prec@1 84.920
current lr 1.00000e-02
Epoch: [28][0/391]	Time 0.593 (0.593)	Data 0.293 (0.293)	Loss 0.3463 (0.3463)	Prec@1 88.281 (88.281)
Epoch: [28][50/391]	Time 0.307 (0.306)	Data 0.000 (0.007)	Loss 0.2958 (0.2694)	Prec@1 89.844 (90.502)
Epoch: [28][100/391]	Time 0.291 (0.302)	Data 0.004 (0.004)	Loss 0.1967 (0.2651)	Prec@1 91.406 (90.718)
Epoch: [28][150/391]	Time 0.304 (0.302)	Data 0.000 (0.003)	Loss 0.2991 (0.2697)	Prec@1 86.719 (90.609)
Epoch: [28][200/391]	Time 0.303 (0.303)	Data 0.000 (0.003)	Loss 0.3122 (0.2751)	Prec@1 89.062 (90.411)
Epoch: [28][250/391]	Time 0.302 (0.303)	Data 0.000 (0.003)	Loss 0.2772 (0.2760)	Prec@1 88.281 (90.351)
Epoch: [28][300/391]	Time 0.301 (0.303)	Data 0.000 (0.002)	Loss 0.2894 (0.2770)	Prec@1 90.625 (90.360)
Epoch: [28][350/391]	Time 0.315 (0.304)	Data 0.000 (0.002)	Loss 0.2543 (0.2777)	Prec@1 92.188 (90.318)
Test: [0/79]	Time 0.291 (0.291)	Loss 0.5036 (0.5036)	Prec@1 81.250 (81.250)
Test: [50/79]	Time 0.072 (0.074)	Loss 0.6503 (0.6173)	Prec@1 80.469 (82.031)
 * Prec@1 81.650
current lr 1.00000e-02
Epoch: [29][0/391]	Time 0.591 (0.591)	Data 0.308 (0.308)	Loss 0.3309 (0.3309)	Prec@1 85.938 (85.938)
Epoch: [29][50/391]	Time 0.307 (0.307)	Data 0.000 (0.007)	Loss 0.2444 (0.2618)	Prec@1 90.625 (90.748)
Epoch: [29][100/391]	Time 0.299 (0.305)	Data 0.000 (0.004)	Loss 0.3328 (0.2710)	Prec@1 85.938 (90.532)
Epoch: [29][150/391]	Time 0.303 (0.302)	Data 0.000 (0.003)	Loss 0.3165 (0.2725)	Prec@1 91.406 (90.527)
Epoch: [29][200/391]	Time 0.306 (0.303)	Data 0.000 (0.003)	Loss 0.3111 (0.2706)	Prec@1 90.625 (90.567)
Epoch: [29][250/391]	Time 0.306 (0.302)	Data 0.000 (0.003)	Loss 0.2308 (0.2698)	Prec@1 92.188 (90.535)
Epoch: [29][300/391]	Time 0.307 (0.303)	Data 0.000 (0.002)	Loss 0.1874 (0.2710)	Prec@1 95.312 (90.500)
Epoch: [29][350/391]	Time 0.305 (0.303)	Data 0.002 (0.002)	Loss 0.2031 (0.2717)	Prec@1 92.188 (90.503)
Test: [0/79]	Time 0.323 (0.323)	Loss 0.4691 (0.4691)	Prec@1 82.031 (82.031)
Test: [50/79]	Time 0.071 (0.075)	Loss 0.7091 (0.4862)	Prec@1 82.031 (85.861)
 * Prec@1 85.790
current lr 1.00000e-02
Epoch: [30][0/391]	Time 0.679 (0.679)	Data 0.384 (0.384)	Loss 0.1769 (0.1769)	Prec@1 93.750 (93.750)
Epoch: [30][50/391]	Time 0.315 (0.308)	Data 0.015 (0.009)	Loss 0.2720 (0.2473)	Prec@1 89.844 (91.513)
Epoch: [30][100/391]	Time 0.307 (0.307)	Data 0.000 (0.005)	Loss 0.3186 (0.2572)	Prec@1 86.719 (91.159)
Epoch: [30][150/391]	Time 0.274 (0.303)	Data 0.000 (0.003)	Loss 0.1979 (0.2601)	Prec@1 90.625 (91.018)
Epoch: [30][200/391]	Time 0.306 (0.303)	Data 0.000 (0.003)	Loss 0.4132 (0.2533)	Prec@1 85.156 (91.235)
Epoch: [30][250/391]	Time 0.306 (0.302)	Data 0.000 (0.002)	Loss 0.2250 (0.2560)	Prec@1 92.969 (91.070)
Epoch: [30][300/391]	Time 0.305 (0.303)	Data 0.000 (0.002)	Loss 0.1773 (0.2584)	Prec@1 95.312 (91.012)
Epoch: [30][350/391]	Time 0.303 (0.303)	Data 0.000 (0.002)	Loss 0.2447 (0.2620)	Prec@1 91.406 (90.854)
Test: [0/79]	Time 0.320 (0.320)	Loss 0.3274 (0.3274)	Prec@1 89.844 (89.844)
Test: [50/79]	Time 0.079 (0.075)	Loss 0.6260 (0.4698)	Prec@1 83.594 (85.355)
 * Prec@1 85.410
current lr 1.00000e-02
Epoch: [31][0/391]	Time 0.689 (0.689)	Data 0.405 (0.405)	Loss 0.3274 (0.3274)	Prec@1 89.062 (89.062)
Epoch: [31][50/391]	Time 0.307 (0.307)	Data 0.000 (0.009)	Loss 0.2541 (0.2568)	Prec@1 89.062 (90.824)
Epoch: [31][100/391]	Time 0.307 (0.307)	Data 0.000 (0.005)	Loss 0.3127 (0.2535)	Prec@1 91.406 (91.174)
Epoch: [31][150/391]	Time 0.297 (0.306)	Data 0.000 (0.003)	Loss 0.2194 (0.2588)	Prec@1 91.406 (90.961)
Epoch: [31][200/391]	Time 0.305 (0.303)	Data 0.000 (0.003)	Loss 0.1894 (0.2556)	Prec@1 93.750 (91.064)
Epoch: [31][250/391]	Time 0.299 (0.303)	Data 0.000 (0.002)	Loss 0.2844 (0.2564)	Prec@1 89.062 (90.980)
Epoch: [31][300/391]	Time 0.301 (0.303)	Data 0.000 (0.002)	Loss 0.1970 (0.2585)	Prec@1 94.531 (90.978)
Epoch: [31][350/391]	Time 0.304 (0.303)	Data 0.000 (0.002)	Loss 0.3654 (0.2571)	Prec@1 89.844 (91.012)
Test: [0/79]	Time 0.367 (0.367)	Loss 0.4401 (0.4401)	Prec@1 85.938 (85.938)
Test: [50/79]	Time 0.075 (0.074)	Loss 0.4376 (0.5032)	Prec@1 85.156 (85.003)
 * Prec@1 84.770
current lr 1.00000e-02
Epoch: [32][0/391]	Time 0.621 (0.621)	Data 0.325 (0.325)	Loss 0.3126 (0.3126)	Prec@1 89.844 (89.844)
Epoch: [32][50/391]	Time 0.308 (0.308)	Data 0.000 (0.007)	Loss 0.1819 (0.2376)	Prec@1 92.969 (91.468)
Epoch: [32][100/391]	Time 0.306 (0.306)	Data 0.002 (0.004)	Loss 0.1822 (0.2461)	Prec@1 94.531 (91.460)
Epoch: [32][150/391]	Time 0.306 (0.306)	Data 0.000 (0.003)	Loss 0.2189 (0.2412)	Prec@1 92.188 (91.655)
Epoch: [32][200/391]	Time 0.298 (0.304)	Data 0.000 (0.003)	Loss 0.2926 (0.2425)	Prec@1 87.500 (91.531)
Epoch: [32][250/391]	Time 0.309 (0.303)	Data 0.015 (0.002)	Loss 0.2185 (0.2450)	Prec@1 89.844 (91.419)
Epoch: [32][300/391]	Time 0.307 (0.303)	Data 0.000 (0.002)	Loss 0.4053 (0.2479)	Prec@1 88.281 (91.313)
Epoch: [32][350/391]	Time 0.306 (0.303)	Data 0.000 (0.002)	Loss 0.2017 (0.2494)	Prec@1 89.062 (91.244)
Test: [0/79]	Time 0.298 (0.298)	Loss 0.3336 (0.3336)	Prec@1 89.062 (89.062)
Test: [50/79]	Time 0.060 (0.073)	Loss 0.6935 (0.6035)	Prec@1 79.688 (83.272)
 * Prec@1 83.110
current lr 1.00000e-02
Epoch: [33][0/391]	Time 0.726 (0.726)	Data 0.421 (0.421)	Loss 0.2176 (0.2176)	Prec@1 92.969 (92.969)
Epoch: [33][50/391]	Time 0.304 (0.310)	Data 0.000 (0.009)	Loss 0.1319 (0.2199)	Prec@1 94.531 (91.988)
Epoch: [33][100/391]	Time 0.304 (0.308)	Data 0.000 (0.005)	Loss 0.3255 (0.2349)	Prec@1 86.719 (91.515)
Epoch: [33][150/391]	Time 0.307 (0.307)	Data 0.000 (0.003)	Loss 0.3014 (0.2327)	Prec@1 91.406 (91.691)
Epoch: [33][200/391]	Time 0.301 (0.306)	Data 0.000 (0.003)	Loss 0.3539 (0.2398)	Prec@1 86.719 (91.445)
Epoch: [33][250/391]	Time 0.285 (0.304)	Data 0.000 (0.003)	Loss 0.3301 (0.2410)	Prec@1 86.719 (91.425)
Epoch: [33][300/391]	Time 0.307 (0.303)	Data 0.000 (0.002)	Loss 0.2848 (0.2412)	Prec@1 89.844 (91.435)
Epoch: [33][350/391]	Time 0.302 (0.303)	Data 0.000 (0.002)	Loss 0.1824 (0.2394)	Prec@1 89.844 (91.509)
Test: [0/79]	Time 0.299 (0.299)	Loss 0.3815 (0.3815)	Prec@1 83.594 (83.594)
Test: [50/79]	Time 0.073 (0.076)	Loss 0.5492 (0.4668)	Prec@1 82.031 (86.382)
 * Prec@1 86.180
current lr 1.00000e-02
Epoch: [34][0/391]	Time 0.561 (0.561)	Data 0.310 (0.310)	Loss 0.2353 (0.2353)	Prec@1 92.969 (92.969)
Epoch: [34][50/391]	Time 0.307 (0.308)	Data 0.000 (0.008)	Loss 0.2164 (0.2349)	Prec@1 91.406 (91.774)
Epoch: [34][100/391]	Time 0.306 (0.306)	Data 0.000 (0.004)	Loss 0.2529 (0.2274)	Prec@1 91.406 (91.808)
Epoch: [34][150/391]	Time 0.315 (0.306)	Data 0.000 (0.003)	Loss 0.3169 (0.2286)	Prec@1 89.844 (91.924)
Epoch: [34][200/391]	Time 0.301 (0.306)	Data 0.000 (0.003)	Loss 0.2221 (0.2278)	Prec@1 92.969 (91.877)
Epoch: [34][250/391]	Time 0.307 (0.305)	Data 0.001 (0.002)	Loss 0.2118 (0.2297)	Prec@1 92.188 (91.761)
Epoch: [34][300/391]	Time 0.303 (0.303)	Data 0.000 (0.002)	Loss 0.2068 (0.2315)	Prec@1 91.406 (91.697)
Epoch: [34][350/391]	Time 0.304 (0.303)	Data 0.000 (0.002)	Loss 0.2274 (0.2308)	Prec@1 89.062 (91.767)
Test: [0/79]	Time 0.289 (0.289)	Loss 0.3589 (0.3589)	Prec@1 85.156 (85.156)
Test: [50/79]	Time 0.085 (0.073)	Loss 0.6008 (0.4983)	Prec@1 84.375 (85.018)
 * Prec@1 84.870
current lr 1.00000e-02
Epoch: [35][0/391]	Time 0.687 (0.687)	Data 0.399 (0.399)	Loss 0.1725 (0.1725)	Prec@1 94.531 (94.531)
Epoch: [35][50/391]	Time 0.319 (0.308)	Data 0.000 (0.009)	Loss 0.1256 (0.2114)	Prec@1 95.312 (92.785)
Epoch: [35][100/391]	Time 0.304 (0.307)	Data 0.000 (0.005)	Loss 0.1651 (0.2040)	Prec@1 92.188 (93.038)
Epoch: [35][150/391]	Time 0.317 (0.306)	Data 0.015 (0.003)	Loss 0.3513 (0.2136)	Prec@1 88.281 (92.653)
Epoch: [35][200/391]	Time 0.303 (0.306)	Data 0.000 (0.003)	Loss 0.2466 (0.2211)	Prec@1 91.406 (92.347)
Epoch: [35][250/391]	Time 0.291 (0.305)	Data 0.010 (0.003)	Loss 0.2725 (0.2199)	Prec@1 87.500 (92.365)
Epoch: [35][300/391]	Time 0.309 (0.304)	Data 0.000 (0.002)	Loss 0.2953 (0.2203)	Prec@1 89.844 (92.356)
Epoch: [35][350/391]	Time 0.309 (0.303)	Data 0.000 (0.002)	Loss 0.2992 (0.2217)	Prec@1 89.844 (92.270)
Test: [0/79]	Time 0.340 (0.340)	Loss 0.4507 (0.4507)	Prec@1 83.594 (83.594)
Test: [50/79]	Time 0.071 (0.074)	Loss 0.5500 (0.5420)	Prec@1 80.469 (84.283)
 * Prec@1 84.550
current lr 1.00000e-02
Epoch: [36][0/391]	Time 0.579 (0.579)	Data 0.274 (0.274)	Loss 0.2171 (0.2171)	Prec@1 93.750 (93.750)
Epoch: [36][50/391]	Time 0.307 (0.305)	Data 0.000 (0.006)	Loss 0.2297 (0.2058)	Prec@1 90.625 (92.785)
Epoch: [36][100/391]	Time 0.302 (0.305)	Data 0.000 (0.003)	Loss 0.1450 (0.2111)	Prec@1 95.312 (92.659)
Epoch: [36][150/391]	Time 0.306 (0.305)	Data 0.000 (0.003)	Loss 0.1889 (0.2092)	Prec@1 95.312 (92.617)
Epoch: [36][200/391]	Time 0.304 (0.305)	Data 0.000 (0.002)	Loss 0.2621 (0.2096)	Prec@1 89.062 (92.576)
Epoch: [36][250/391]	Time 0.294 (0.305)	Data 0.000 (0.002)	Loss 0.3227 (0.2129)	Prec@1 91.406 (92.458)
Epoch: [36][300/391]	Time 0.302 (0.303)	Data 0.000 (0.002)	Loss 0.1696 (0.2146)	Prec@1 93.750 (92.330)
Epoch: [36][350/391]	Time 0.300 (0.303)	Data 0.000 (0.002)	Loss 0.2062 (0.2161)	Prec@1 91.406 (92.272)
Test: [0/79]	Time 0.324 (0.324)	Loss 0.3784 (0.3784)	Prec@1 86.719 (86.719)
Test: [50/79]	Time 0.065 (0.074)	Loss 0.5733 (0.4923)	Prec@1 84.375 (85.509)
 * Prec@1 85.460
current lr 1.00000e-02
Epoch: [37][0/391]	Time 0.660 (0.660)	Data 0.376 (0.376)	Loss 0.1598 (0.1598)	Prec@1 92.969 (92.969)
Epoch: [37][50/391]	Time 0.313 (0.309)	Data 0.000 (0.008)	Loss 0.2247 (0.2188)	Prec@1 89.844 (92.540)
Epoch: [37][100/391]	Time 0.315 (0.308)	Data 0.000 (0.005)	Loss 0.1933 (0.2081)	Prec@1 96.094 (92.814)
Epoch: [37][150/391]	Time 0.304 (0.307)	Data 0.000 (0.003)	Loss 0.2628 (0.2066)	Prec@1 90.625 (92.860)
Epoch: [37][200/391]	Time 0.304 (0.307)	Data 0.000 (0.003)	Loss 0.1440 (0.2055)	Prec@1 95.312 (92.965)
Epoch: [37][250/391]	Time 0.305 (0.307)	Data 0.000 (0.003)	Loss 0.2092 (0.2065)	Prec@1 92.969 (92.935)
Epoch: [37][300/391]	Time 0.299 (0.305)	Data 0.000 (0.002)	Loss 0.1675 (0.2099)	Prec@1 93.750 (92.769)
Epoch: [37][350/391]	Time 0.308 (0.305)	Data 0.000 (0.002)	Loss 0.2461 (0.2114)	Prec@1 93.750 (92.699)
Test: [0/79]	Time 0.357 (0.357)	Loss 0.4222 (0.4222)	Prec@1 88.281 (88.281)
Test: [50/79]	Time 0.060 (0.075)	Loss 0.7570 (0.5915)	Prec@1 80.469 (84.053)
 * Prec@1 84.050
current lr 1.00000e-02
Epoch: [38][0/391]	Time 0.576 (0.576)	Data 0.335 (0.335)	Loss 0.1368 (0.1368)	Prec@1 95.312 (95.312)
Epoch: [38][50/391]	Time 0.307 (0.306)	Data 0.000 (0.007)	Loss 0.2663 (0.1959)	Prec@1 92.969 (92.907)
Epoch: [38][100/391]	Time 0.304 (0.306)	Data 0.000 (0.004)	Loss 0.3313 (0.2066)	Prec@1 89.844 (92.590)
Epoch: [38][150/391]	Time 0.309 (0.306)	Data 0.000 (0.003)	Loss 0.1089 (0.2031)	Prec@1 96.094 (92.720)
Epoch: [38][200/391]	Time 0.303 (0.306)	Data 0.000 (0.003)	Loss 0.2218 (0.2052)	Prec@1 94.531 (92.666)
Epoch: [38][250/391]	Time 0.307 (0.306)	Data 0.000 (0.002)	Loss 0.1800 (0.2043)	Prec@1 92.188 (92.723)
Epoch: [38][300/391]	Time 0.285 (0.305)	Data 0.000 (0.002)	Loss 0.1087 (0.2055)	Prec@1 95.312 (92.683)
Epoch: [38][350/391]	Time 0.307 (0.304)	Data 0.000 (0.002)	Loss 0.1261 (0.2039)	Prec@1 96.875 (92.746)
Test: [0/79]	Time 0.331 (0.331)	Loss 0.4427 (0.4427)	Prec@1 85.938 (85.938)
Test: [50/79]	Time 0.070 (0.075)	Loss 0.5518 (0.5248)	Prec@1 84.375 (85.034)
 * Prec@1 84.840
current lr 1.00000e-02
Epoch: [39][0/391]	Time 0.678 (0.678)	Data 0.363 (0.363)	Loss 0.1358 (0.1358)	Prec@1 95.312 (95.312)
Epoch: [39][50/391]	Time 0.307 (0.305)	Data 0.000 (0.008)	Loss 0.2351 (0.1947)	Prec@1 92.188 (92.907)
Epoch: [39][100/391]	Time 0.303 (0.305)	Data 0.000 (0.004)	Loss 0.1268 (0.1914)	Prec@1 96.094 (93.038)
Epoch: [39][150/391]	Time 0.305 (0.305)	Data 0.000 (0.003)	Loss 0.2003 (0.1891)	Prec@1 93.750 (93.186)
Epoch: [39][200/391]	Time 0.308 (0.305)	Data 0.000 (0.002)	Loss 0.0852 (0.1876)	Prec@1 96.875 (93.303)
Epoch: [39][250/391]	Time 0.307 (0.305)	Data 0.000 (0.002)	Loss 0.1802 (0.1913)	Prec@1 92.188 (93.202)
Epoch: [39][300/391]	Time 0.299 (0.305)	Data 0.000 (0.002)	Loss 0.1375 (0.1909)	Prec@1 94.531 (93.246)
Epoch: [39][350/391]	Time 0.305 (0.303)	Data 0.008 (0.002)	Loss 0.3178 (0.1936)	Prec@1 90.625 (93.147)
Test: [0/79]	Time 0.325 (0.325)	Loss 0.4270 (0.4270)	Prec@1 89.062 (89.062)
Test: [50/79]	Time 0.072 (0.077)	Loss 0.5846 (0.4635)	Prec@1 82.031 (86.489)
 * Prec@1 86.310
current lr 1.00000e-02
Epoch: [40][0/391]	Time 0.635 (0.635)	Data 0.329 (0.329)	Loss 0.1599 (0.1599)	Prec@1 92.188 (92.188)
Epoch: [40][50/391]	Time 0.299 (0.305)	Data 0.001 (0.008)	Loss 0.1090 (0.1740)	Prec@1 96.094 (93.566)
Epoch: [40][100/391]	Time 0.305 (0.304)	Data 0.000 (0.004)	Loss 0.1036 (0.1796)	Prec@1 97.656 (93.541)
Epoch: [40][150/391]	Time 0.307 (0.305)	Data 0.000 (0.003)	Loss 0.1443 (0.1788)	Prec@1 94.531 (93.631)
Epoch: [40][200/391]	Time 0.308 (0.305)	Data 0.000 (0.003)	Loss 0.2613 (0.1835)	Prec@1 89.844 (93.462)
Epoch: [40][250/391]	Time 0.301 (0.305)	Data 0.000 (0.002)	Loss 0.1947 (0.1865)	Prec@1 92.188 (93.367)
Epoch: [40][300/391]	Time 0.309 (0.305)	Data 0.000 (0.002)	Loss 0.3059 (0.1870)	Prec@1 90.625 (93.355)
Epoch: [40][350/391]	Time 0.308 (0.303)	Data 0.000 (0.002)	Loss 0.1263 (0.1887)	Prec@1 95.312 (93.285)
Test: [0/79]	Time 0.343 (0.343)	Loss 0.4296 (0.4296)	Prec@1 82.031 (82.031)
Test: [50/79]	Time 0.085 (0.075)	Loss 0.6293 (0.4911)	Prec@1 82.812 (85.646)
 * Prec@1 85.460
current lr 1.00000e-02
Epoch: [41][0/391]	Time 0.506 (0.506)	Data 0.286 (0.286)	Loss 0.1795 (0.1795)	Prec@1 92.969 (92.969)
Epoch: [41][50/391]	Time 0.302 (0.306)	Data 0.000 (0.007)	Loss 0.2531 (0.1743)	Prec@1 91.406 (93.842)
Epoch: [41][100/391]	Time 0.304 (0.302)	Data 0.000 (0.004)	Loss 0.1343 (0.1726)	Prec@1 97.656 (93.804)
Epoch: [41][150/391]	Time 0.303 (0.304)	Data 0.000 (0.003)	Loss 0.1242 (0.1710)	Prec@1 95.312 (93.890)
Epoch: [41][200/391]	Time 0.303 (0.304)	Data 0.000 (0.002)	Loss 0.1547 (0.1757)	Prec@1 94.531 (93.773)
Epoch: [41][250/391]	Time 0.318 (0.304)	Data 0.014 (0.002)	Loss 0.2161 (0.1803)	Prec@1 89.844 (93.541)
Epoch: [41][300/391]	Time 0.305 (0.305)	Data 0.000 (0.002)	Loss 0.1712 (0.1836)	Prec@1 94.531 (93.462)
Epoch: [41][350/391]	Time 0.291 (0.304)	Data 0.000 (0.002)	Loss 0.2176 (0.1857)	Prec@1 92.969 (93.412)
Test: [0/79]	Time 0.276 (0.276)	Loss 0.4989 (0.4989)	Prec@1 81.250 (81.250)
Test: [50/79]	Time 0.066 (0.076)	Loss 0.6511 (0.5288)	Prec@1 82.031 (85.172)
 * Prec@1 85.440
current lr 1.00000e-02
Epoch: [42][0/391]	Time 0.565 (0.565)	Data 0.296 (0.296)	Loss 0.1166 (0.1166)	Prec@1 94.531 (94.531)
Epoch: [42][50/391]	Time 0.306 (0.308)	Data 0.000 (0.007)	Loss 0.1404 (0.1753)	Prec@1 92.188 (93.474)
Epoch: [42][100/391]	Time 0.308 (0.307)	Data 0.002 (0.004)	Loss 0.1599 (0.1756)	Prec@1 95.312 (93.696)
Epoch: [42][150/391]	Time 0.308 (0.305)	Data 0.000 (0.003)	Loss 0.2473 (0.1796)	Prec@1 91.406 (93.636)
Epoch: [42][200/391]	Time 0.308 (0.305)	Data 0.000 (0.002)	Loss 0.1262 (0.1813)	Prec@1 95.312 (93.548)
Epoch: [42][250/391]	Time 0.308 (0.305)	Data 0.000 (0.002)	Loss 0.0975 (0.1793)	Prec@1 96.094 (93.613)
Epoch: [42][300/391]	Time 0.304 (0.305)	Data 0.000 (0.002)	Loss 0.1031 (0.1796)	Prec@1 96.875 (93.628)
Epoch: [42][350/391]	Time 0.307 (0.305)	Data 0.000 (0.002)	Loss 0.1689 (0.1804)	Prec@1 93.750 (93.634)
Test: [0/79]	Time 0.322 (0.322)	Loss 0.3740 (0.3740)	Prec@1 88.281 (88.281)
Test: [50/79]	Time 0.067 (0.076)	Loss 0.6281 (0.4541)	Prec@1 82.812 (87.469)
 * Prec@1 87.470
current lr 1.00000e-02
Epoch: [43][0/391]	Time 0.649 (0.649)	Data 0.332 (0.332)	Loss 0.1653 (0.1653)	Prec@1 93.750 (93.750)
Epoch: [43][50/391]	Time 0.303 (0.309)	Data 0.000 (0.008)	Loss 0.2207 (0.1762)	Prec@1 91.406 (94.010)
Epoch: [43][100/391]	Time 0.307 (0.308)	Data 0.000 (0.005)	Loss 0.1723 (0.1637)	Prec@1 92.969 (94.276)
Epoch: [43][150/391]	Time 0.302 (0.306)	Data 0.000 (0.003)	Loss 0.1540 (0.1663)	Prec@1 95.312 (94.128)
Epoch: [43][200/391]	Time 0.304 (0.305)	Data 0.000 (0.003)	Loss 0.1078 (0.1694)	Prec@1 97.656 (94.049)
Epoch: [43][250/391]	Time 0.308 (0.305)	Data 0.000 (0.002)	Loss 0.1749 (0.1710)	Prec@1 93.750 (94.055)
Epoch: [43][300/391]	Time 0.305 (0.305)	Data 0.000 (0.002)	Loss 0.1103 (0.1705)	Prec@1 96.875 (94.054)
Epoch: [43][350/391]	Time 0.287 (0.305)	Data 0.000 (0.002)	Loss 0.1526 (0.1717)	Prec@1 94.531 (93.970)
Test: [0/79]	Time 0.338 (0.338)	Loss 0.5270 (0.5270)	Prec@1 82.031 (82.031)
Test: [50/79]	Time 0.074 (0.074)	Loss 0.7509 (0.6189)	Prec@1 80.469 (84.099)
 * Prec@1 84.070
current lr 1.00000e-02
Epoch: [44][0/391]	Time 0.541 (0.541)	Data 0.269 (0.269)	Loss 0.2491 (0.2491)	Prec@1 91.406 (91.406)
Epoch: [44][50/391]	Time 0.304 (0.307)	Data 0.000 (0.006)	Loss 0.2155 (0.1599)	Prec@1 92.188 (94.393)
Epoch: [44][100/391]	Time 0.302 (0.306)	Data 0.000 (0.004)	Loss 0.1416 (0.1577)	Prec@1 94.531 (94.609)
Epoch: [44][150/391]	Time 0.306 (0.306)	Data 0.000 (0.003)	Loss 0.1746 (0.1553)	Prec@1 94.531 (94.666)
Epoch: [44][200/391]	Time 0.264 (0.304)	Data 0.002 (0.002)	Loss 0.2067 (0.1602)	Prec@1 89.844 (94.407)
Epoch: [44][250/391]	Time 0.304 (0.304)	Data 0.000 (0.002)	Loss 0.2641 (0.1638)	Prec@1 88.281 (94.232)
Epoch: [44][300/391]	Time 0.307 (0.305)	Data 0.000 (0.002)	Loss 0.2867 (0.1647)	Prec@1 88.281 (94.196)
Epoch: [44][350/391]	Time 0.293 (0.304)	Data 0.000 (0.001)	Loss 0.1423 (0.1674)	Prec@1 95.312 (94.111)
Test: [0/79]	Time 0.314 (0.314)	Loss 0.3704 (0.3704)	Prec@1 87.500 (87.500)
Test: [50/79]	Time 0.073 (0.073)	Loss 0.5372 (0.4539)	Prec@1 82.812 (87.347)
 * Prec@1 87.450
current lr 1.00000e-02
Epoch: [45][0/391]	Time 0.611 (0.611)	Data 0.340 (0.340)	Loss 0.2041 (0.2041)	Prec@1 94.531 (94.531)
Epoch: [45][50/391]	Time 0.304 (0.304)	Data 0.009 (0.009)	Loss 0.1998 (0.1587)	Prec@1 93.750 (94.424)
Epoch: [45][100/391]	Time 0.306 (0.305)	Data 0.002 (0.005)	Loss 0.1430 (0.1593)	Prec@1 94.531 (94.384)
Epoch: [45][150/391]	Time 0.302 (0.305)	Data 0.000 (0.004)	Loss 0.1172 (0.1612)	Prec@1 95.312 (94.267)
Epoch: [45][200/391]	Time 0.301 (0.305)	Data 0.004 (0.003)	Loss 0.1369 (0.1613)	Prec@1 93.750 (94.298)
Epoch: [45][250/391]	Time 0.305 (0.304)	Data 0.000 (0.003)	Loss 0.1939 (0.1626)	Prec@1 93.750 (94.267)
Epoch: [45][300/391]	Time 0.305 (0.304)	Data 0.000 (0.002)	Loss 0.2433 (0.1602)	Prec@1 90.625 (94.394)
Epoch: [45][350/391]	Time 0.300 (0.304)	Data 0.003 (0.002)	Loss 0.2137 (0.1608)	Prec@1 93.750 (94.358)
Test: [0/79]	Time 0.314 (0.314)	Loss 0.2651 (0.2651)	Prec@1 89.844 (89.844)
Test: [50/79]	Time 0.073 (0.075)	Loss 0.6251 (0.4665)	Prec@1 85.938 (87.102)
 * Prec@1 87.070
current lr 1.00000e-02
Epoch: [46][0/391]	Time 0.489 (0.489)	Data 0.239 (0.239)	Loss 0.2271 (0.2271)	Prec@1 89.844 (89.844)
Epoch: [46][50/391]	Time 0.308 (0.300)	Data 0.000 (0.006)	Loss 0.0626 (0.1466)	Prec@1 99.219 (94.868)
Epoch: [46][100/391]	Time 0.305 (0.303)	Data 0.000 (0.003)	Loss 0.1096 (0.1442)	Prec@1 96.094 (94.941)
Epoch: [46][150/391]	Time 0.304 (0.304)	Data 0.000 (0.002)	Loss 0.1475 (0.1482)	Prec@1 94.531 (94.738)
Epoch: [46][200/391]	Time 0.307 (0.304)	Data 0.000 (0.002)	Loss 0.2330 (0.1518)	Prec@1 92.188 (94.617)
Epoch: [46][250/391]	Time 0.303 (0.304)	Data 0.000 (0.002)	Loss 0.1776 (0.1545)	Prec@1 92.969 (94.522)
Epoch: [46][300/391]	Time 0.310 (0.304)	Data 0.002 (0.002)	Loss 0.2042 (0.1598)	Prec@1 92.969 (94.383)
Epoch: [46][350/391]	Time 0.303 (0.304)	Data 0.001 (0.001)	Loss 0.2025 (0.1595)	Prec@1 91.406 (94.375)
Test: [0/79]	Time 0.314 (0.314)	Loss 0.3920 (0.3920)	Prec@1 86.719 (86.719)
Test: [50/79]	Time 0.084 (0.075)	Loss 0.6975 (0.5105)	Prec@1 85.938 (86.979)
 * Prec@1 86.710
current lr 1.00000e-02
Epoch: [47][0/391]	Time 0.564 (0.564)	Data 0.287 (0.287)	Loss 0.2515 (0.2515)	Prec@1 92.969 (92.969)
Epoch: [47][50/391]	Time 0.291 (0.304)	Data 0.000 (0.007)	Loss 0.1367 (0.1466)	Prec@1 95.312 (94.730)
Epoch: [47][100/391]	Time 0.306 (0.303)	Data 0.000 (0.004)	Loss 0.1361 (0.1455)	Prec@1 93.750 (94.817)
Epoch: [47][150/391]	Time 0.307 (0.304)	Data 0.000 (0.003)	Loss 0.1882 (0.1460)	Prec@1 93.750 (94.785)
Epoch: [47][200/391]	Time 0.309 (0.304)	Data 0.000 (0.002)	Loss 0.1517 (0.1471)	Prec@1 93.750 (94.698)
Epoch: [47][250/391]	Time 0.310 (0.304)	Data 0.000 (0.002)	Loss 0.1388 (0.1512)	Prec@1 95.312 (94.556)
Epoch: [47][300/391]	Time 0.298 (0.304)	Data 0.001 (0.002)	Loss 0.1199 (0.1541)	Prec@1 98.438 (94.451)
Epoch: [47][350/391]	Time 0.308 (0.304)	Data 0.000 (0.002)	Loss 0.2371 (0.1543)	Prec@1 90.625 (94.456)
Test: [0/79]	Time 0.350 (0.350)	Loss 0.4105 (0.4105)	Prec@1 87.500 (87.500)
Test: [50/79]	Time 0.091 (0.076)	Loss 0.5710 (0.5124)	Prec@1 85.938 (86.366)
 * Prec@1 86.080
current lr 1.00000e-02
Epoch: [48][0/391]	Time 0.526 (0.526)	Data 0.305 (0.305)	Loss 0.1625 (0.1625)	Prec@1 93.750 (93.750)
Epoch: [48][50/391]	Time 0.304 (0.307)	Data 0.000 (0.007)	Loss 0.1660 (0.1485)	Prec@1 93.750 (94.730)
Epoch: [48][100/391]	Time 0.306 (0.303)	Data 0.000 (0.004)	Loss 0.1452 (0.1497)	Prec@1 95.312 (94.640)
Epoch: [48][150/391]	Time 0.305 (0.304)	Data 0.000 (0.003)	Loss 0.0878 (0.1439)	Prec@1 96.094 (94.940)
Epoch: [48][200/391]	Time 0.306 (0.304)	Data 0.000 (0.002)	Loss 0.2437 (0.1477)	Prec@1 92.969 (94.815)
Epoch: [48][250/391]	Time 0.303 (0.305)	Data 0.000 (0.002)	Loss 0.1346 (0.1481)	Prec@1 93.750 (94.771)
Epoch: [48][300/391]	Time 0.306 (0.305)	Data 0.000 (0.002)	Loss 0.1105 (0.1497)	Prec@1 97.656 (94.677)
Epoch: [48][350/391]	Time 0.306 (0.304)	Data 0.000 (0.002)	Loss 0.2681 (0.1518)	Prec@1 89.844 (94.551)
Test: [0/79]	Time 0.403 (0.403)	Loss 0.3233 (0.3233)	Prec@1 88.281 (88.281)
Test: [50/79]	Time 0.067 (0.077)	Loss 0.4839 (0.4852)	Prec@1 86.719 (87.178)
 * Prec@1 86.970
current lr 1.00000e-02
Epoch: [49][0/391]	Time 0.592 (0.592)	Data 0.269 (0.269)	Loss 0.0973 (0.0973)	Prec@1 97.656 (97.656)
Epoch: [49][50/391]	Time 0.302 (0.306)	Data 0.000 (0.007)	Loss 0.1545 (0.1367)	Prec@1 92.188 (95.083)
Epoch: [49][100/391]	Time 0.301 (0.302)	Data 0.000 (0.004)	Loss 0.1646 (0.1489)	Prec@1 96.094 (94.833)
Epoch: [49][150/391]	Time 0.307 (0.303)	Data 0.000 (0.003)	Loss 0.1374 (0.1470)	Prec@1 96.094 (94.878)
Epoch: [49][200/391]	Time 0.305 (0.304)	Data 0.009 (0.002)	Loss 0.0786 (0.1482)	Prec@1 98.438 (94.815)
Epoch: [49][250/391]	Time 0.303 (0.304)	Data 0.000 (0.002)	Loss 0.2051 (0.1480)	Prec@1 92.188 (94.796)
Epoch: [49][300/391]	Time 0.305 (0.304)	Data 0.000 (0.002)	Loss 0.2724 (0.1497)	Prec@1 89.844 (94.710)
Epoch: [49][350/391]	Time 0.307 (0.305)	Data 0.000 (0.002)	Loss 0.2169 (0.1498)	Prec@1 92.969 (94.705)
Test: [0/79]	Time 0.318 (0.318)	Loss 0.3802 (0.3802)	Prec@1 87.500 (87.500)
Test: [50/79]	Time 0.078 (0.076)	Loss 0.5157 (0.4930)	Prec@1 81.250 (86.244)
 * Prec@1 86.290
current lr 1.00000e-02
Epoch: [50][0/391]	Time 0.537 (0.537)	Data 0.296 (0.296)	Loss 0.1157 (0.1157)	Prec@1 96.094 (96.094)
Epoch: [50][50/391]	Time 0.305 (0.306)	Data 0.000 (0.007)	Loss 0.1557 (0.1421)	Prec@1 92.969 (94.960)
Epoch: [50][100/391]	Time 0.297 (0.304)	Data 0.000 (0.004)	Loss 0.1182 (0.1343)	Prec@1 96.094 (95.282)
Epoch: [50][150/391]	Time 0.304 (0.304)	Data 0.000 (0.003)	Loss 0.1592 (0.1330)	Prec@1 92.969 (95.385)
Epoch: [50][200/391]	Time 0.305 (0.304)	Data 0.000 (0.003)	Loss 0.2090 (0.1332)	Prec@1 92.188 (95.367)
Epoch: [50][250/391]	Time 0.304 (0.304)	Data 0.000 (0.002)	Loss 0.1172 (0.1334)	Prec@1 95.312 (95.397)
Epoch: [50][300/391]	Time 0.307 (0.305)	Data 0.000 (0.002)	Loss 0.0802 (0.1379)	Prec@1 96.094 (95.211)
Epoch: [50][350/391]	Time 0.308 (0.305)	Data 0.000 (0.002)	Loss 0.1078 (0.1401)	Prec@1 95.312 (95.119)
Test: [0/79]	Time 0.403 (0.403)	Loss 0.3603 (0.3603)	Prec@1 90.625 (90.625)
Test: [50/79]	Time 0.047 (0.076)	Loss 0.6791 (0.5365)	Prec@1 80.469 (85.938)
 * Prec@1 85.870
current lr 1.00000e-02
Epoch: [51][0/391]	Time 0.643 (0.643)	Data 0.426 (0.426)	Loss 0.1735 (0.1735)	Prec@1 92.969 (92.969)
Epoch: [51][50/391]	Time 0.305 (0.307)	Data 0.000 (0.009)	Loss 0.1141 (0.1317)	Prec@1 96.875 (95.190)
Epoch: [51][100/391]	Time 0.306 (0.306)	Data 0.000 (0.005)	Loss 0.1245 (0.1314)	Prec@1 95.312 (95.166)
Epoch: [51][150/391]	Time 0.305 (0.303)	Data 0.000 (0.004)	Loss 0.0803 (0.1317)	Prec@1 96.875 (95.142)
Epoch: [51][200/391]	Time 0.303 (0.304)	Data 0.000 (0.003)	Loss 0.0876 (0.1332)	Prec@1 96.094 (95.103)
Epoch: [51][250/391]	Time 0.306 (0.304)	Data 0.000 (0.003)	Loss 0.1262 (0.1319)	Prec@1 95.312 (95.157)
Epoch: [51][300/391]	Time 0.304 (0.305)	Data 0.000 (0.002)	Loss 0.1574 (0.1327)	Prec@1 94.531 (95.154)
Epoch: [51][350/391]	Time 0.305 (0.305)	Data 0.000 (0.002)	Loss 0.1722 (0.1340)	Prec@1 92.969 (95.157)
Test: [0/79]	Time 0.302 (0.302)	Loss 0.3341 (0.3341)	Prec@1 86.719 (86.719)
Test: [50/79]	Time 0.067 (0.071)	Loss 0.7000 (0.5144)	Prec@1 78.906 (86.412)
 * Prec@1 86.360
current lr 1.00000e-02
Epoch: [52][0/391]	Time 0.569 (0.569)	Data 0.330 (0.330)	Loss 0.1162 (0.1162)	Prec@1 97.656 (97.656)
Epoch: [52][50/391]	Time 0.307 (0.300)	Data 0.000 (0.009)	Loss 0.1244 (0.1220)	Prec@1 95.312 (95.711)
Epoch: [52][100/391]	Time 0.303 (0.302)	Data 0.000 (0.005)	Loss 0.2071 (0.1263)	Prec@1 93.750 (95.699)
Epoch: [52][150/391]	Time 0.273 (0.301)	Data 0.000 (0.003)	Loss 0.1341 (0.1282)	Prec@1 95.312 (95.582)
Epoch: [52][200/391]	Time 0.305 (0.302)	Data 0.000 (0.003)	Loss 0.1615 (0.1298)	Prec@1 94.531 (95.491)
Epoch: [52][250/391]	Time 0.306 (0.303)	Data 0.000 (0.002)	Loss 0.1302 (0.1310)	Prec@1 94.531 (95.434)
Epoch: [52][300/391]	Time 0.302 (0.303)	Data 0.000 (0.002)	Loss 0.1109 (0.1315)	Prec@1 96.875 (95.390)
Epoch: [52][350/391]	Time 0.306 (0.304)	Data 0.000 (0.002)	Loss 0.0725 (0.1328)	Prec@1 97.656 (95.310)
Test: [0/79]	Time 0.271 (0.271)	Loss 0.3180 (0.3180)	Prec@1 85.156 (85.156)
Test: [50/79]	Time 0.073 (0.074)	Loss 0.7093 (0.5191)	Prec@1 84.375 (86.657)
 * Prec@1 86.790
current lr 1.00000e-02
Epoch: [53][0/391]	Time 0.652 (0.652)	Data 0.389 (0.389)	Loss 0.1416 (0.1416)	Prec@1 95.312 (95.312)
Epoch: [53][50/391]	Time 0.299 (0.301)	Data 0.000 (0.009)	Loss 0.1418 (0.1256)	Prec@1 96.875 (95.650)
Epoch: [53][100/391]	Time 0.303 (0.301)	Data 0.000 (0.005)	Loss 0.0933 (0.1286)	Prec@1 95.312 (95.413)
Epoch: [53][150/391]	Time 0.246 (0.302)	Data 0.000 (0.004)	Loss 0.1080 (0.1267)	Prec@1 97.656 (95.525)
Epoch: [53][200/391]	Time 0.305 (0.302)	Data 0.000 (0.003)	Loss 0.1299 (0.1281)	Prec@1 96.094 (95.452)
Epoch: [53][250/391]	Time 0.301 (0.303)	Data 0.000 (0.003)	Loss 0.1965 (0.1276)	Prec@1 93.750 (95.453)
Epoch: [53][300/391]	Time 0.300 (0.304)	Data 0.002 (0.002)	Loss 0.1976 (0.1293)	Prec@1 93.750 (95.396)
Epoch: [53][350/391]	Time 0.306 (0.304)	Data 0.000 (0.002)	Loss 0.2185 (0.1289)	Prec@1 92.188 (95.419)
Test: [0/79]	Time 0.306 (0.306)	Loss 0.3811 (0.3811)	Prec@1 89.062 (89.062)
Test: [50/79]	Time 0.072 (0.076)	Loss 0.5725 (0.5315)	Prec@1 85.938 (86.443)
 * Prec@1 86.240
current lr 1.00000e-02
Epoch: [54][0/391]	Time 0.538 (0.538)	Data 0.270 (0.270)	Loss 0.0868 (0.0868)	Prec@1 97.656 (97.656)
Epoch: [54][50/391]	Time 0.317 (0.299)	Data 0.013 (0.007)	Loss 0.0944 (0.1262)	Prec@1 96.094 (95.328)
Epoch: [54][100/391]	Time 0.296 (0.301)	Data 0.001 (0.004)	Loss 0.1443 (0.1221)	Prec@1 93.750 (95.529)
Epoch: [54][150/391]	Time 0.304 (0.302)	Data 0.000 (0.003)	Loss 0.0909 (0.1233)	Prec@1 95.312 (95.452)
Epoch: [54][200/391]	Time 0.297 (0.301)	Data 0.000 (0.003)	Loss 0.1309 (0.1275)	Prec@1 95.312 (95.336)
Epoch: [54][250/391]	Time 0.306 (0.302)	Data 0.000 (0.002)	Loss 0.1258 (0.1291)	Prec@1 92.969 (95.319)
Epoch: [54][300/391]	Time 0.307 (0.303)	Data 0.000 (0.002)	Loss 0.1168 (0.1306)	Prec@1 96.094 (95.284)
Epoch: [54][350/391]	Time 0.303 (0.303)	Data 0.000 (0.002)	Loss 0.1622 (0.1297)	Prec@1 94.531 (95.330)
Test: [0/79]	Time 0.371 (0.371)	Loss 0.3062 (0.3062)	Prec@1 89.062 (89.062)
Test: [50/79]	Time 0.074 (0.074)	Loss 0.7417 (0.5127)	Prec@1 84.375 (86.612)
 * Prec@1 86.440
current lr 1.00000e-02
Epoch: [55][0/391]	Time 0.571 (0.571)	Data 0.269 (0.269)	Loss 0.0821 (0.0821)	Prec@1 98.438 (98.438)
Epoch: [55][50/391]	Time 0.308 (0.301)	Data 0.000 (0.008)	Loss 0.1537 (0.1083)	Prec@1 94.531 (96.201)
Epoch: [55][100/391]	Time 0.306 (0.303)	Data 0.000 (0.004)	Loss 0.0921 (0.1142)	Prec@1 96.875 (95.808)
Epoch: [55][150/391]	Time 0.305 (0.302)	Data 0.000 (0.003)	Loss 0.1359 (0.1157)	Prec@1 97.656 (95.768)
Epoch: [55][200/391]	Time 0.297 (0.302)	Data 0.000 (0.002)	Loss 0.1050 (0.1179)	Prec@1 95.312 (95.732)
Epoch: [55][250/391]	Time 0.305 (0.302)	Data 0.000 (0.002)	Loss 0.1321 (0.1193)	Prec@1 94.531 (95.667)
Epoch: [55][300/391]	Time 0.307 (0.303)	Data 0.000 (0.002)	Loss 0.1754 (0.1214)	Prec@1 94.531 (95.601)
Epoch: [55][350/391]	Time 0.306 (0.303)	Data 0.000 (0.002)	Loss 0.1527 (0.1236)	Prec@1 95.312 (95.553)
Test: [0/79]	Time 0.300 (0.300)	Loss 0.3374 (0.3374)	Prec@1 89.062 (89.062)
Test: [50/79]	Time 0.066 (0.074)	Loss 0.8839 (0.6806)	Prec@1 85.938 (84.436)
 * Prec@1 84.380
current lr 1.00000e-02
Epoch: [56][0/391]	Time 0.589 (0.589)	Data 0.281 (0.281)	Loss 0.1196 (0.1196)	Prec@1 95.312 (95.312)
Epoch: [56][50/391]	Time 0.306 (0.300)	Data 0.000 (0.006)	Loss 0.0771 (0.1159)	Prec@1 96.875 (95.558)
Epoch: [56][100/391]	Time 0.303 (0.303)	Data 0.000 (0.003)	Loss 0.1474 (0.1197)	Prec@1 96.094 (95.475)
Epoch: [56][150/391]	Time 0.304 (0.304)	Data 0.000 (0.003)	Loss 0.0734 (0.1228)	Prec@1 96.875 (95.400)
Epoch: [56][200/391]	Time 0.305 (0.303)	Data 0.000 (0.003)	Loss 0.1112 (0.1225)	Prec@1 96.875 (95.484)
Epoch: [56][250/391]	Time 0.307 (0.302)	Data 0.000 (0.002)	Loss 0.0852 (0.1239)	Prec@1 98.438 (95.459)
Epoch: [56][300/391]	Time 0.306 (0.303)	Data 0.000 (0.002)	Loss 0.1368 (0.1251)	Prec@1 94.531 (95.437)
Epoch: [56][350/391]	Time 0.305 (0.303)	Data 0.000 (0.002)	Loss 0.1345 (0.1240)	Prec@1 93.750 (95.495)
Test: [0/79]	Time 0.345 (0.345)	Loss 0.3493 (0.3493)	Prec@1 86.719 (86.719)
Test: [50/79]	Time 0.072 (0.075)	Loss 0.6045 (0.5170)	Prec@1 85.156 (87.056)
 * Prec@1 87.210
current lr 1.00000e-02
Epoch: [57][0/391]	Time 0.647 (0.647)	Data 0.342 (0.342)	Loss 0.1169 (0.1169)	Prec@1 94.531 (94.531)
Epoch: [57][50/391]	Time 0.306 (0.300)	Data 0.000 (0.008)	Loss 0.1843 (0.1108)	Prec@1 91.406 (95.833)
Epoch: [57][100/391]	Time 0.314 (0.303)	Data 0.012 (0.004)	Loss 0.1621 (0.1054)	Prec@1 93.750 (96.210)
Epoch: [57][150/391]	Time 0.306 (0.304)	Data 0.001 (0.003)	Loss 0.0836 (0.1050)	Prec@1 97.656 (96.223)
Epoch: [57][200/391]	Time 0.298 (0.303)	Data 0.000 (0.003)	Loss 0.0572 (0.1032)	Prec@1 98.438 (96.300)
Epoch: [57][250/391]	Time 0.255 (0.302)	Data 0.000 (0.003)	Loss 0.0770 (0.1049)	Prec@1 98.438 (96.265)
Epoch: [57][300/391]	Time 0.306 (0.303)	Data 0.008 (0.003)	Loss 0.1763 (0.1085)	Prec@1 93.750 (96.169)
Epoch: [57][350/391]	Time 0.304 (0.303)	Data 0.000 (0.002)	Loss 0.1059 (0.1108)	Prec@1 94.531 (96.098)
Test: [0/79]	Time 0.310 (0.310)	Loss 0.3380 (0.3380)	Prec@1 87.500 (87.500)
Test: [50/79]	Time 0.085 (0.077)	Loss 0.5332 (0.4556)	Prec@1 87.500 (88.327)
 * Prec@1 88.300
current lr 1.00000e-02
Epoch: [58][0/391]	Time 0.547 (0.547)	Data 0.259 (0.259)	Loss 0.1046 (0.1046)	Prec@1 96.094 (96.094)
Epoch: [58][50/391]	Time 0.296 (0.301)	Data 0.000 (0.006)	Loss 0.0955 (0.1061)	Prec@1 96.875 (96.369)
Epoch: [58][100/391]	Time 0.306 (0.302)	Data 0.000 (0.003)	Loss 0.1058 (0.1046)	Prec@1 96.094 (96.364)
Epoch: [58][150/391]	Time 0.325 (0.303)	Data 0.000 (0.002)	Loss 0.1466 (0.1025)	Prec@1 95.312 (96.420)
Epoch: [58][200/391]	Time 0.303 (0.304)	Data 0.000 (0.002)	Loss 0.1118 (0.1048)	Prec@1 96.094 (96.319)
Epoch: [58][250/391]	Time 0.270 (0.302)	Data 0.000 (0.002)	Loss 0.0801 (0.1096)	Prec@1 96.094 (96.150)
Epoch: [58][300/391]	Time 0.304 (0.302)	Data 0.000 (0.002)	Loss 0.1282 (0.1117)	Prec@1 94.531 (96.070)
Epoch: [58][350/391]	Time 0.307 (0.303)	Data 0.000 (0.002)	Loss 0.0838 (0.1114)	Prec@1 97.656 (96.047)
Test: [0/79]	Time 0.278 (0.278)	Loss 0.2746 (0.2746)	Prec@1 90.625 (90.625)
Test: [50/79]	Time 0.074 (0.074)	Loss 0.8110 (0.5872)	Prec@1 82.031 (86.075)
 * Prec@1 86.200
current lr 1.00000e-02
Epoch: [59][0/391]	Time 0.568 (0.568)	Data 0.270 (0.270)	Loss 0.0602 (0.0602)	Prec@1 97.656 (97.656)
Epoch: [59][50/391]	Time 0.300 (0.304)	Data 0.000 (0.007)	Loss 0.1077 (0.1225)	Prec@1 96.094 (95.879)
Epoch: [59][100/391]	Time 0.306 (0.303)	Data 0.000 (0.005)	Loss 0.1200 (0.1198)	Prec@1 95.312 (95.908)
Epoch: [59][150/391]	Time 0.307 (0.304)	Data 0.000 (0.003)	Loss 0.1897 (0.1222)	Prec@1 92.188 (95.752)
Epoch: [59][200/391]	Time 0.304 (0.304)	Data 0.000 (0.003)	Loss 0.1672 (0.1212)	Prec@1 96.094 (95.845)
Epoch: [59][250/391]	Time 0.308 (0.304)	Data 0.000 (0.002)	Loss 0.1108 (0.1207)	Prec@1 95.312 (95.839)
Epoch: [59][300/391]	Time 0.300 (0.302)	Data 0.000 (0.002)	Loss 0.0859 (0.1204)	Prec@1 96.875 (95.777)
Epoch: [59][350/391]	Time 0.308 (0.303)	Data 0.000 (0.002)	Loss 0.2163 (0.1198)	Prec@1 89.844 (95.829)
Test: [0/79]	Time 0.389 (0.389)	Loss 0.5428 (0.5428)	Prec@1 84.375 (84.375)
Test: [50/79]	Time 0.072 (0.077)	Loss 0.7783 (0.5357)	Prec@1 83.594 (86.703)
 * Prec@1 86.940
current lr 1.00000e-02
Epoch: [60][0/391]	Time 0.550 (0.550)	Data 0.266 (0.266)	Loss 0.1329 (0.1329)	Prec@1 94.531 (94.531)
Epoch: [60][50/391]	Time 0.317 (0.305)	Data 0.016 (0.006)	Loss 0.1259 (0.1027)	Prec@1 96.094 (96.385)
Epoch: [60][100/391]	Time 0.304 (0.302)	Data 0.000 (0.004)	Loss 0.0924 (0.1043)	Prec@1 96.875 (96.318)
Epoch: [60][150/391]	Time 0.302 (0.303)	Data 0.000 (0.003)	Loss 0.1248 (0.1098)	Prec@1 94.531 (96.114)
Epoch: [60][200/391]	Time 0.303 (0.304)	Data 0.000 (0.002)	Loss 0.1050 (0.1159)	Prec@1 96.875 (95.911)
Epoch: [60][250/391]	Time 0.305 (0.304)	Data 0.000 (0.002)	Loss 0.0646 (0.1131)	Prec@1 96.875 (95.997)
Epoch: [60][300/391]	Time 0.286 (0.303)	Data 0.000 (0.002)	Loss 0.0247 (0.1133)	Prec@1 99.219 (96.000)
Epoch: [60][350/391]	Time 0.306 (0.303)	Data 0.000 (0.002)	Loss 0.0580 (0.1131)	Prec@1 96.875 (95.962)
Test: [0/79]	Time 0.321 (0.321)	Loss 0.3110 (0.3110)	Prec@1 92.188 (92.188)
Test: [50/79]	Time 0.072 (0.076)	Loss 0.6957 (0.5428)	Prec@1 85.156 (86.872)
 * Prec@1 86.910
current lr 1.00000e-02
Epoch: [61][0/391]	Time 0.673 (0.673)	Data 0.344 (0.344)	Loss 0.0366 (0.0366)	Prec@1 98.438 (98.438)
Epoch: [61][50/391]	Time 0.305 (0.309)	Data 0.000 (0.008)	Loss 0.1474 (0.0992)	Prec@1 93.750 (96.446)
Epoch: [61][100/391]	Time 0.306 (0.304)	Data 0.000 (0.005)	Loss 0.0700 (0.0983)	Prec@1 97.656 (96.442)
Epoch: [61][150/391]	Time 0.303 (0.305)	Data 0.000 (0.003)	Loss 0.0864 (0.0984)	Prec@1 96.875 (96.477)
Epoch: [61][200/391]	Time 0.302 (0.305)	Data 0.000 (0.003)	Loss 0.1449 (0.1007)	Prec@1 95.312 (96.432)
Epoch: [61][250/391]	Time 0.317 (0.305)	Data 0.000 (0.003)	Loss 0.0826 (0.1018)	Prec@1 96.875 (96.340)
Epoch: [61][300/391]	Time 0.319 (0.305)	Data 0.000 (0.002)	Loss 0.1009 (0.1034)	Prec@1 96.094 (96.288)
Epoch: [61][350/391]	Time 0.300 (0.304)	Data 0.000 (0.002)	Loss 0.1779 (0.1051)	Prec@1 94.531 (96.214)
Test: [0/79]	Time 0.275 (0.275)	Loss 0.5482 (0.5482)	Prec@1 85.938 (85.938)
Test: [50/79]	Time 0.063 (0.072)	Loss 0.9280 (0.5415)	Prec@1 81.250 (87.102)
 * Prec@1 86.900
current lr 1.00000e-02
Epoch: [62][0/391]	Time 0.655 (0.655)	Data 0.352 (0.352)	Loss 0.0713 (0.0713)	Prec@1 96.875 (96.875)
Epoch: [62][50/391]	Time 0.304 (0.307)	Data 0.000 (0.008)	Loss 0.0805 (0.0932)	Prec@1 96.875 (96.860)
Epoch: [62][100/391]	Time 0.310 (0.303)	Data 0.000 (0.004)	Loss 0.1047 (0.0933)	Prec@1 94.531 (96.751)
Epoch: [62][150/391]	Time 0.304 (0.304)	Data 0.000 (0.003)	Loss 0.0754 (0.0961)	Prec@1 97.656 (96.627)
Epoch: [62][200/391]	Time 0.307 (0.304)	Data 0.000 (0.003)	Loss 0.0318 (0.0985)	Prec@1 99.219 (96.541)
Epoch: [62][250/391]	Time 0.302 (0.304)	Data 0.000 (0.002)	Loss 0.0952 (0.0990)	Prec@1 96.094 (96.542)
Epoch: [62][300/391]	Time 0.302 (0.304)	Data 0.000 (0.002)	Loss 0.0905 (0.0988)	Prec@1 97.656 (96.512)
Epoch: [62][350/391]	Time 0.268 (0.304)	Data 0.000 (0.002)	Loss 0.1038 (0.0968)	Prec@1 96.094 (96.592)
Test: [0/79]	Time 0.394 (0.394)	Loss 0.5052 (0.5052)	Prec@1 86.719 (86.719)
Test: [50/79]	Time 0.078 (0.076)	Loss 0.7435 (0.5437)	Prec@1 85.156 (86.734)
 * Prec@1 86.960
current lr 1.00000e-02
Epoch: [63][0/391]	Time 0.675 (0.675)	Data 0.375 (0.375)	Loss 0.1120 (0.1120)	Prec@1 96.875 (96.875)
Epoch: [63][50/391]	Time 0.305 (0.308)	Data 0.000 (0.009)	Loss 0.0673 (0.0845)	Prec@1 96.094 (96.967)
Epoch: [63][100/391]	Time 0.307 (0.304)	Data 0.000 (0.005)	Loss 0.1188 (0.0896)	Prec@1 95.312 (96.844)
Epoch: [63][150/391]	Time 0.308 (0.304)	Data 0.000 (0.003)	Loss 0.0682 (0.0918)	Prec@1 98.438 (96.823)
Epoch: [63][200/391]	Time 0.304 (0.305)	Data 0.000 (0.003)	Loss 0.1171 (0.0934)	Prec@1 95.312 (96.766)
