['resnet110', 'resnet1202', 'resnet20', 'resnet32', 'resnet44', 'resnet56']
Files already downloaded and verified
current lr 1.00000e-02
Epoch: [0][0/391]	Time 1.177 (1.177)	Data 0.354 (0.354)	Loss 6.6560 (6.6560)	Prec@1 12.500 (12.500)
Epoch: [0][50/391]	Time 0.332 (0.303)	Data 0.000 (0.009)	Loss 1.9610 (3.0744)	Prec@1 23.438 (17.739)
Epoch: [0][100/391]	Time 0.329 (0.318)	Data 0.000 (0.005)	Loss 1.7257 (2.5313)	Prec@1 30.469 (21.844)
Epoch: [0][150/391]	Time 0.326 (0.322)	Data 0.000 (0.004)	Loss 1.8627 (2.3153)	Prec@1 31.250 (24.488)
Epoch: [0][200/391]	Time 0.355 (0.325)	Data 0.000 (0.003)	Loss 1.9094 (2.1816)	Prec@1 22.656 (26.652)
Epoch: [0][250/391]	Time 0.326 (0.326)	Data 0.000 (0.002)	Loss 1.7121 (2.0929)	Prec@1 35.938 (28.091)
Epoch: [0][300/391]	Time 0.329 (0.327)	Data 0.000 (0.002)	Loss 1.7234 (2.0269)	Prec@1 39.062 (29.493)
Epoch: [0][350/391]	Time 0.328 (0.327)	Data 0.006 (0.002)	Loss 1.4789 (1.9705)	Prec@1 42.188 (30.827)
Test: [0/79]	Time 0.418 (0.418)	Loss 1.5500 (1.5500)	Prec@1 40.625 (40.625)
Test: [50/79]	Time 0.088 (0.077)	Loss 1.6271 (1.6325)	Prec@1 42.188 (40.426)
 * Prec@1 40.150
current lr 1.00000e-02
Epoch: [1][0/391]	Time 0.620 (0.620)	Data 0.274 (0.274)	Loss 1.6482 (1.6482)	Prec@1 39.062 (39.062)
Epoch: [1][50/391]	Time 0.322 (0.336)	Data 0.000 (0.006)	Loss 1.5245 (1.5844)	Prec@1 39.844 (41.468)
Epoch: [1][100/391]	Time 0.330 (0.333)	Data 0.000 (0.004)	Loss 1.3189 (1.5707)	Prec@1 48.438 (42.102)
Epoch: [1][150/391]	Time 0.328 (0.333)	Data 0.000 (0.003)	Loss 1.4110 (1.5442)	Prec@1 43.750 (43.088)
Epoch: [1][200/391]	Time 0.343 (0.332)	Data 0.015 (0.002)	Loss 1.5535 (1.5159)	Prec@1 47.656 (44.127)
Epoch: [1][250/391]	Time 0.328 (0.332)	Data 0.000 (0.002)	Loss 1.5454 (1.4970)	Prec@1 37.500 (44.771)
Epoch: [1][300/391]	Time 0.349 (0.332)	Data 0.000 (0.002)	Loss 1.4159 (1.4761)	Prec@1 48.438 (45.653)
Epoch: [1][350/391]	Time 0.306 (0.331)	Data 0.000 (0.002)	Loss 1.2935 (1.4585)	Prec@1 52.344 (46.383)
Test: [0/79]	Time 0.308 (0.308)	Loss 1.2448 (1.2448)	Prec@1 60.938 (60.938)
Test: [50/79]	Time 0.089 (0.095)	Loss 1.2261 (1.2835)	Prec@1 53.125 (54.335)
 * Prec@1 53.770
current lr 1.00000e-02
Epoch: [2][0/391]	Time 0.688 (0.688)	Data 0.369 (0.369)	Loss 1.4554 (1.4554)	Prec@1 51.562 (51.562)
Epoch: [2][50/391]	Time 0.330 (0.338)	Data 0.000 (0.008)	Loss 1.5054 (1.3154)	Prec@1 46.875 (52.328)
Epoch: [2][100/391]	Time 0.334 (0.335)	Data 0.000 (0.004)	Loss 1.3377 (1.3072)	Prec@1 55.469 (52.870)
Epoch: [2][150/391]	Time 0.333 (0.334)	Data 0.000 (0.003)	Loss 1.2169 (1.2965)	Prec@1 52.344 (53.022)
Epoch: [2][200/391]	Time 0.331 (0.333)	Data 0.000 (0.002)	Loss 1.1889 (1.2792)	Prec@1 57.031 (53.813)
Epoch: [2][250/391]	Time 0.331 (0.333)	Data 0.000 (0.002)	Loss 1.1451 (1.2618)	Prec@1 60.156 (54.613)
Epoch: [2][300/391]	Time 0.328 (0.333)	Data 0.006 (0.002)	Loss 1.1460 (1.2575)	Prec@1 56.250 (54.636)
Epoch: [2][350/391]	Time 0.324 (0.329)	Data 0.000 (0.002)	Loss 1.3590 (1.2491)	Prec@1 46.875 (55.037)
Test: [0/79]	Time 0.403 (0.403)	Loss 1.0819 (1.0819)	Prec@1 58.594 (58.594)
Test: [50/79]	Time 0.090 (0.097)	Loss 1.1404 (1.1376)	Prec@1 61.719 (59.406)
 * Prec@1 59.250
current lr 1.00000e-02
Epoch: [3][0/391]	Time 0.630 (0.630)	Data 0.294 (0.294)	Loss 1.0633 (1.0633)	Prec@1 67.969 (67.969)
Epoch: [3][50/391]	Time 0.333 (0.337)	Data 0.000 (0.006)	Loss 1.1287 (1.1309)	Prec@1 58.594 (59.605)
Epoch: [3][100/391]	Time 0.329 (0.334)	Data 0.000 (0.004)	Loss 1.1635 (1.1390)	Prec@1 59.375 (59.522)
Epoch: [3][150/391]	Time 0.328 (0.334)	Data 0.000 (0.003)	Loss 0.9479 (1.1250)	Prec@1 67.188 (59.810)
Epoch: [3][200/391]	Time 0.330 (0.333)	Data 0.000 (0.002)	Loss 1.0092 (1.1138)	Prec@1 63.281 (60.281)
Epoch: [3][250/391]	Time 0.331 (0.332)	Data 0.000 (0.002)	Loss 0.9751 (1.1096)	Prec@1 62.500 (60.499)
Epoch: [3][300/391]	Time 0.283 (0.329)	Data 0.000 (0.002)	Loss 1.0063 (1.1037)	Prec@1 65.625 (60.706)
Epoch: [3][350/391]	Time 0.320 (0.327)	Data 0.000 (0.002)	Loss 1.0323 (1.0924)	Prec@1 64.844 (61.158)
Test: [0/79]	Time 0.302 (0.302)	Loss 1.0495 (1.0495)	Prec@1 63.281 (63.281)
Test: [50/79]	Time 0.086 (0.095)	Loss 1.1757 (1.0585)	Prec@1 59.375 (63.051)
 * Prec@1 63.290
current lr 1.00000e-02
Epoch: [4][0/391]	Time 0.644 (0.644)	Data 0.304 (0.304)	Loss 0.9752 (0.9752)	Prec@1 67.188 (67.188)
Epoch: [4][50/391]	Time 0.329 (0.338)	Data 0.000 (0.007)	Loss 0.9916 (1.0012)	Prec@1 61.719 (63.343)
Epoch: [4][100/391]	Time 0.330 (0.335)	Data 0.000 (0.004)	Loss 0.8499 (1.0034)	Prec@1 69.531 (64.062)
Epoch: [4][150/391]	Time 0.333 (0.334)	Data 0.001 (0.003)	Loss 1.0380 (1.0016)	Prec@1 66.406 (64.114)
Epoch: [4][200/391]	Time 0.328 (0.333)	Data 0.000 (0.002)	Loss 0.8900 (0.9942)	Prec@1 69.531 (64.401)
Epoch: [4][250/391]	Time 0.307 (0.331)	Data 0.000 (0.002)	Loss 0.9425 (0.9847)	Prec@1 68.750 (64.757)
Epoch: [4][300/391]	Time 0.318 (0.328)	Data 0.000 (0.002)	Loss 1.0089 (0.9796)	Prec@1 62.500 (64.942)
Epoch: [4][350/391]	Time 0.327 (0.327)	Data 0.000 (0.002)	Loss 0.7535 (0.9724)	Prec@1 74.219 (65.253)
Test: [0/79]	Time 0.380 (0.380)	Loss 0.9520 (0.9520)	Prec@1 67.188 (67.188)
Test: [50/79]	Time 0.090 (0.096)	Loss 1.0495 (1.0355)	Prec@1 61.719 (65.518)
 * Prec@1 65.180
current lr 1.00000e-02
Epoch: [5][0/391]	Time 0.683 (0.683)	Data 0.339 (0.339)	Loss 1.1600 (1.1600)	Prec@1 60.156 (60.156)
Epoch: [5][50/391]	Time 0.330 (0.338)	Data 0.000 (0.008)	Loss 1.0137 (0.9300)	Prec@1 63.281 (66.805)
Epoch: [5][100/391]	Time 0.331 (0.335)	Data 0.000 (0.004)	Loss 0.8238 (0.9041)	Prec@1 70.312 (68.015)
Epoch: [5][150/391]	Time 0.333 (0.334)	Data 0.002 (0.003)	Loss 1.0586 (0.8973)	Prec@1 60.156 (68.393)
Epoch: [5][200/391]	Time 0.332 (0.333)	Data 0.000 (0.003)	Loss 0.9071 (0.8931)	Prec@1 68.750 (68.587)
Epoch: [5][250/391]	Time 0.334 (0.328)	Data 0.000 (0.002)	Loss 0.8335 (0.8849)	Prec@1 69.531 (68.859)
Epoch: [5][300/391]	Time 0.328 (0.328)	Data 0.000 (0.002)	Loss 0.9576 (0.8753)	Prec@1 64.844 (69.173)
Epoch: [5][350/391]	Time 0.326 (0.327)	Data 0.000 (0.002)	Loss 0.8253 (0.8743)	Prec@1 75.000 (69.280)
Test: [0/79]	Time 0.322 (0.322)	Loss 0.7353 (0.7353)	Prec@1 73.438 (73.438)
Test: [50/79]	Time 0.108 (0.095)	Loss 1.0435 (0.9447)	Prec@1 67.969 (67.984)
 * Prec@1 67.690
current lr 1.00000e-02
Epoch: [6][0/391]	Time 0.640 (0.640)	Data 0.314 (0.314)	Loss 0.8485 (0.8485)	Prec@1 69.531 (69.531)
Epoch: [6][50/391]	Time 0.340 (0.338)	Data 0.000 (0.007)	Loss 0.7223 (0.8270)	Prec@1 73.438 (71.094)
Epoch: [6][100/391]	Time 0.331 (0.335)	Data 0.000 (0.004)	Loss 0.6800 (0.8141)	Prec@1 75.781 (71.597)
Epoch: [6][150/391]	Time 0.329 (0.334)	Data 0.000 (0.003)	Loss 0.6965 (0.8051)	Prec@1 76.562 (71.694)
Epoch: [6][200/391]	Time 0.313 (0.328)	Data 0.000 (0.003)	Loss 1.0296 (0.8040)	Prec@1 67.188 (71.723)
Epoch: [6][250/391]	Time 0.332 (0.327)	Data 0.014 (0.002)	Loss 0.8978 (0.7969)	Prec@1 70.312 (72.031)
Epoch: [6][300/391]	Time 0.322 (0.327)	Data 0.000 (0.002)	Loss 0.9575 (0.7934)	Prec@1 70.312 (72.176)
Epoch: [6][350/391]	Time 0.332 (0.327)	Data 0.000 (0.002)	Loss 0.7958 (0.7886)	Prec@1 73.438 (72.371)
Test: [0/79]	Time 0.320 (0.320)	Loss 0.7423 (0.7423)	Prec@1 71.094 (71.094)
Test: [50/79]	Time 0.085 (0.095)	Loss 0.9712 (0.8425)	Prec@1 70.312 (71.737)
 * Prec@1 71.560
current lr 1.00000e-02
Epoch: [7][0/391]	Time 0.587 (0.587)	Data 0.274 (0.274)	Loss 0.7220 (0.7220)	Prec@1 75.000 (75.000)
Epoch: [7][50/391]	Time 0.326 (0.337)	Data 0.000 (0.006)	Loss 0.7401 (0.7434)	Prec@1 74.219 (74.004)
Epoch: [7][100/391]	Time 0.333 (0.334)	Data 0.000 (0.004)	Loss 0.6481 (0.7266)	Prec@1 78.125 (74.799)
Epoch: [7][150/391]	Time 0.296 (0.330)	Data 0.000 (0.003)	Loss 0.6662 (0.7179)	Prec@1 74.219 (75.036)
Epoch: [7][200/391]	Time 0.331 (0.327)	Data 0.000 (0.002)	Loss 0.6774 (0.7207)	Prec@1 77.344 (74.903)
Epoch: [7][250/391]	Time 0.332 (0.327)	Data 0.000 (0.002)	Loss 0.8598 (0.7220)	Prec@1 74.219 (74.935)
Epoch: [7][300/391]	Time 0.304 (0.326)	Data 0.000 (0.002)	Loss 0.6531 (0.7214)	Prec@1 77.344 (74.878)
Epoch: [7][350/391]	Time 0.331 (0.327)	Data 0.000 (0.002)	Loss 0.8988 (0.7193)	Prec@1 70.312 (74.869)
Test: [0/79]	Time 0.305 (0.305)	Loss 0.6422 (0.6422)	Prec@1 75.781 (75.781)
Test: [50/79]	Time 0.089 (0.094)	Loss 0.9050 (0.7722)	Prec@1 71.875 (74.510)
 * Prec@1 74.530
current lr 1.00000e-02
Epoch: [8][0/391]	Time 0.630 (0.630)	Data 0.294 (0.294)	Loss 0.8075 (0.8075)	Prec@1 74.219 (74.219)
Epoch: [8][50/391]	Time 0.345 (0.338)	Data 0.000 (0.007)	Loss 0.6765 (0.6878)	Prec@1 76.562 (76.440)
Epoch: [8][100/391]	Time 0.332 (0.335)	Data 0.000 (0.004)	Loss 0.6896 (0.6932)	Prec@1 75.781 (76.029)
Epoch: [8][150/391]	Time 0.331 (0.326)	Data 0.000 (0.003)	Loss 0.6794 (0.6901)	Prec@1 75.000 (75.973)
Epoch: [8][200/391]	Time 0.320 (0.327)	Data 0.006 (0.002)	Loss 0.5160 (0.6800)	Prec@1 79.688 (76.306)
Epoch: [8][250/391]	Time 0.329 (0.327)	Data 0.000 (0.002)	Loss 0.7147 (0.6744)	Prec@1 67.188 (76.416)
Epoch: [8][300/391]	Time 0.328 (0.326)	Data 0.000 (0.002)	Loss 0.7053 (0.6751)	Prec@1 70.312 (76.334)
Epoch: [8][350/391]	Time 0.333 (0.327)	Data 0.000 (0.002)	Loss 0.6086 (0.6744)	Prec@1 78.125 (76.333)
Test: [0/79]	Time 0.324 (0.324)	Loss 0.7580 (0.7580)	Prec@1 73.438 (73.438)
Test: [50/79]	Time 0.107 (0.096)	Loss 1.0584 (0.8778)	Prec@1 69.531 (72.028)
 * Prec@1 71.880
current lr 1.00000e-02
Epoch: [9][0/391]	Time 0.649 (0.649)	Data 0.319 (0.319)	Loss 0.7114 (0.7114)	Prec@1 76.562 (76.562)
Epoch: [9][50/391]	Time 0.333 (0.338)	Data 0.000 (0.008)	Loss 0.5579 (0.6220)	Prec@1 81.250 (78.294)
Epoch: [9][100/391]	Time 0.323 (0.324)	Data 0.000 (0.005)	Loss 0.5971 (0.6270)	Prec@1 78.125 (78.272)
Epoch: [9][150/391]	Time 0.333 (0.326)	Data 0.000 (0.003)	Loss 0.6096 (0.6270)	Prec@1 77.344 (78.115)
Epoch: [9][200/391]	Time 0.330 (0.325)	Data 0.000 (0.003)	Loss 0.5224 (0.6245)	Prec@1 78.906 (78.106)
Epoch: [9][250/391]	Time 0.310 (0.326)	Data 0.000 (0.002)	Loss 0.7604 (0.6265)	Prec@1 69.531 (77.985)
Epoch: [9][300/391]	Time 0.326 (0.326)	Data 0.000 (0.002)	Loss 0.5226 (0.6245)	Prec@1 82.812 (78.107)
Epoch: [9][350/391]	Time 0.331 (0.327)	Data 0.000 (0.002)	Loss 0.4599 (0.6234)	Prec@1 84.375 (78.161)
Test: [0/79]	Time 0.325 (0.325)	Loss 0.6137 (0.6137)	Prec@1 76.562 (76.562)
Test: [50/79]	Time 0.087 (0.095)	Loss 0.8233 (0.6912)	Prec@1 72.656 (76.884)
 * Prec@1 76.870
current lr 1.00000e-02
Epoch: [10][0/391]	Time 0.656 (0.656)	Data 0.293 (0.293)	Loss 0.6816 (0.6816)	Prec@1 74.219 (74.219)
Epoch: [10][50/391]	Time 0.251 (0.330)	Data 0.000 (0.007)	Loss 0.5056 (0.6067)	Prec@1 84.375 (78.646)
Epoch: [10][100/391]	Time 0.334 (0.322)	Data 0.000 (0.004)	Loss 0.7181 (0.5914)	Prec@1 75.781 (79.254)
Epoch: [10][150/391]	Time 0.326 (0.323)	Data 0.014 (0.003)	Loss 0.4966 (0.5914)	Prec@1 81.250 (79.387)
Epoch: [10][200/391]	Time 0.331 (0.325)	Data 0.000 (0.003)	Loss 0.4531 (0.5820)	Prec@1 83.594 (79.773)
Epoch: [10][250/391]	Time 0.323 (0.325)	Data 0.000 (0.002)	Loss 0.5360 (0.5852)	Prec@1 82.812 (79.675)
Epoch: [10][300/391]	Time 0.330 (0.326)	Data 0.000 (0.002)	Loss 0.7300 (0.5869)	Prec@1 72.656 (79.669)
Epoch: [10][350/391]	Time 0.331 (0.327)	Data 0.005 (0.002)	Loss 0.4771 (0.5852)	Prec@1 85.938 (79.719)
Test: [0/79]	Time 0.329 (0.329)	Loss 0.5896 (0.5896)	Prec@1 80.469 (80.469)
Test: [50/79]	Time 0.100 (0.094)	Loss 0.8094 (0.6787)	Prec@1 74.219 (77.267)
 * Prec@1 76.970
current lr 1.00000e-02
Epoch: [11][0/391]	Time 0.587 (0.587)	Data 0.270 (0.270)	Loss 0.5304 (0.5304)	Prec@1 79.688 (79.688)
Epoch: [11][50/391]	Time 0.334 (0.314)	Data 0.000 (0.007)	Loss 0.5768 (0.5413)	Prec@1 81.250 (80.867)
Epoch: [11][100/391]	Time 0.327 (0.323)	Data 0.000 (0.004)	Loss 0.5366 (0.5569)	Prec@1 82.031 (80.453)
Epoch: [11][150/391]	Time 0.332 (0.324)	Data 0.000 (0.003)	Loss 0.5858 (0.5521)	Prec@1 78.125 (80.557)
Epoch: [11][200/391]	Time 0.341 (0.326)	Data 0.000 (0.003)	Loss 0.5306 (0.5586)	Prec@1 78.906 (80.488)
Epoch: [11][250/391]	Time 0.332 (0.325)	Data 0.000 (0.002)	Loss 0.6119 (0.5573)	Prec@1 77.344 (80.599)
Epoch: [11][300/391]	Time 0.335 (0.326)	Data 0.001 (0.002)	Loss 0.5410 (0.5572)	Prec@1 81.250 (80.539)
Epoch: [11][350/391]	Time 0.335 (0.327)	Data 0.000 (0.002)	Loss 0.6130 (0.5570)	Prec@1 79.688 (80.524)
Test: [0/79]	Time 0.418 (0.418)	Loss 0.5620 (0.5620)	Prec@1 77.344 (77.344)
Test: [50/79]	Time 0.110 (0.092)	Loss 0.8190 (0.6548)	Prec@1 72.656 (78.493)
 * Prec@1 78.610
current lr 1.00000e-02
Epoch: [12][0/391]	Time 0.670 (0.670)	Data 0.333 (0.333)	Loss 0.4601 (0.4601)	Prec@1 83.594 (83.594)
Epoch: [12][50/391]	Time 0.332 (0.336)	Data 0.000 (0.008)	Loss 0.4112 (0.5355)	Prec@1 86.719 (81.664)
Epoch: [12][100/391]	Time 0.276 (0.331)	Data 0.000 (0.004)	Loss 0.5555 (0.5303)	Prec@1 81.250 (81.915)
Epoch: [12][150/391]	Time 0.339 (0.331)	Data 0.000 (0.003)	Loss 0.4159 (0.5307)	Prec@1 85.156 (81.809)
Epoch: [12][200/391]	Time 0.333 (0.331)	Data 0.000 (0.003)	Loss 0.5538 (0.5264)	Prec@1 82.812 (81.884)
Epoch: [12][250/391]	Time 0.332 (0.330)	Data 0.000 (0.002)	Loss 0.5352 (0.5257)	Prec@1 82.031 (81.869)
Epoch: [12][300/391]	Time 0.362 (0.330)	Data 0.000 (0.002)	Loss 0.4411 (0.5266)	Prec@1 85.156 (81.860)
Epoch: [12][350/391]	Time 0.330 (0.330)	Data 0.000 (0.002)	Loss 0.4769 (0.5259)	Prec@1 84.375 (81.818)
Test: [0/79]	Time 0.316 (0.316)	Loss 0.5418 (0.5418)	Prec@1 78.906 (78.906)
Test: [50/79]	Time 0.092 (0.094)	Loss 0.7529 (0.6181)	Prec@1 79.688 (79.963)
 * Prec@1 79.970
current lr 1.00000e-02
Epoch: [13][0/391]	Time 0.576 (0.576)	Data 0.240 (0.240)	Loss 0.4773 (0.4773)	Prec@1 82.031 (82.031)
Epoch: [13][50/391]	Time 0.330 (0.335)	Data 0.003 (0.005)	Loss 0.4613 (0.4948)	Prec@1 81.250 (82.445)
Epoch: [13][100/391]	Time 0.327 (0.330)	Data 0.000 (0.003)	Loss 0.5398 (0.4874)	Prec@1 81.250 (82.820)
Epoch: [13][150/391]	Time 0.335 (0.331)	Data 0.000 (0.003)	Loss 0.3294 (0.4890)	Prec@1 90.625 (82.694)
Epoch: [13][200/391]	Time 0.323 (0.330)	Data 0.000 (0.002)	Loss 0.4096 (0.4911)	Prec@1 82.812 (82.599)
Epoch: [13][250/391]	Time 0.333 (0.330)	Data 0.000 (0.002)	Loss 0.5073 (0.4907)	Prec@1 78.125 (82.629)
Epoch: [13][300/391]	Time 0.334 (0.330)	Data 0.000 (0.002)	Loss 0.4645 (0.4916)	Prec@1 78.906 (82.607)
Epoch: [13][350/391]	Time 0.331 (0.327)	Data 0.000 (0.002)	Loss 0.4389 (0.4951)	Prec@1 82.031 (82.525)
Test: [0/79]	Time 0.331 (0.331)	Loss 0.5755 (0.5755)	Prec@1 81.250 (81.250)
Test: [50/79]	Time 0.082 (0.095)	Loss 0.7862 (0.6363)	Prec@1 75.000 (79.519)
 * Prec@1 79.590
current lr 1.00000e-02
Epoch: [14][0/391]	Time 0.577 (0.577)	Data 0.247 (0.247)	Loss 0.4023 (0.4023)	Prec@1 85.156 (85.156)
Epoch: [14][50/391]	Time 0.301 (0.331)	Data 0.000 (0.005)	Loss 0.4012 (0.4697)	Prec@1 87.500 (83.701)
Epoch: [14][100/391]	Time 0.331 (0.331)	Data 0.000 (0.003)	Loss 0.3147 (0.4645)	Prec@1 89.062 (83.741)
Epoch: [14][150/391]	Time 0.326 (0.331)	Data 0.000 (0.002)	Loss 0.5402 (0.4718)	Prec@1 80.469 (83.485)
Epoch: [14][200/391]	Time 0.331 (0.330)	Data 0.000 (0.002)	Loss 0.4413 (0.4779)	Prec@1 87.500 (83.158)
Epoch: [14][250/391]	Time 0.333 (0.330)	Data 0.000 (0.002)	Loss 0.5384 (0.4795)	Prec@1 82.031 (83.074)
Epoch: [14][300/391]	Time 0.307 (0.329)	Data 0.000 (0.002)	Loss 0.4535 (0.4809)	Prec@1 84.375 (83.018)
Epoch: [14][350/391]	Time 0.330 (0.327)	Data 0.000 (0.002)	Loss 0.4796 (0.4809)	Prec@1 80.469 (83.055)
Test: [0/79]	Time 0.320 (0.320)	Loss 0.4718 (0.4718)	Prec@1 83.594 (83.594)
Test: [50/79]	Time 0.101 (0.094)	Loss 0.7186 (0.5438)	Prec@1 76.562 (81.985)
 * Prec@1 82.040
current lr 1.00000e-02
Epoch: [15][0/391]	Time 0.643 (0.643)	Data 0.303 (0.303)	Loss 0.5005 (0.5005)	Prec@1 82.812 (82.812)
Epoch: [15][50/391]	Time 0.328 (0.330)	Data 0.000 (0.007)	Loss 0.4758 (0.4404)	Prec@1 83.594 (84.865)
Epoch: [15][100/391]	Time 0.333 (0.330)	Data 0.000 (0.004)	Loss 0.6403 (0.4542)	Prec@1 78.125 (84.104)
Epoch: [15][150/391]	Time 0.334 (0.331)	Data 0.000 (0.003)	Loss 0.4733 (0.4477)	Prec@1 82.031 (84.313)
Epoch: [15][200/391]	Time 0.332 (0.329)	Data 0.001 (0.002)	Loss 0.4060 (0.4456)	Prec@1 85.156 (84.301)
Epoch: [15][250/391]	Time 0.330 (0.330)	Data 0.000 (0.002)	Loss 0.3187 (0.4519)	Prec@1 89.062 (84.107)
Epoch: [15][300/391]	Time 0.332 (0.326)	Data 0.000 (0.002)	Loss 0.3940 (0.4530)	Prec@1 87.500 (84.115)
Epoch: [15][350/391]	Time 0.333 (0.327)	Data 0.000 (0.002)	Loss 0.4493 (0.4504)	Prec@1 85.156 (84.201)
Test: [0/79]	Time 0.314 (0.314)	Loss 0.5021 (0.5021)	Prec@1 83.594 (83.594)
Test: [50/79]	Time 0.095 (0.092)	Loss 0.6541 (0.5781)	Prec@1 80.469 (80.913)
 * Prec@1 81.240
current lr 1.00000e-02
Epoch: [16][0/391]	Time 0.604 (0.604)	Data 0.292 (0.292)	Loss 0.3573 (0.3573)	Prec@1 85.938 (85.938)
Epoch: [16][50/391]	Time 0.332 (0.334)	Data 0.000 (0.006)	Loss 0.3796 (0.4217)	Prec@1 88.281 (85.417)
Epoch: [16][100/391]	Time 0.344 (0.333)	Data 0.000 (0.004)	Loss 0.5556 (0.4278)	Prec@1 80.469 (85.102)
Epoch: [16][150/391]	Time 0.337 (0.332)	Data 0.021 (0.003)	Loss 0.3817 (0.4322)	Prec@1 84.375 (84.789)
Epoch: [16][200/391]	Time 0.349 (0.330)	Data 0.013 (0.002)	Loss 0.3849 (0.4326)	Prec@1 87.500 (84.880)
Epoch: [16][250/391]	Time 0.312 (0.327)	Data 0.000 (0.002)	Loss 0.5216 (0.4302)	Prec@1 85.938 (84.929)
Epoch: [16][300/391]	Time 0.325 (0.326)	Data 0.000 (0.002)	Loss 0.5527 (0.4299)	Prec@1 82.031 (84.904)
Epoch: [16][350/391]	Time 0.334 (0.327)	Data 0.000 (0.002)	Loss 0.3021 (0.4291)	Prec@1 89.844 (84.958)
Test: [0/79]	Time 0.299 (0.299)	Loss 0.5378 (0.5378)	Prec@1 83.594 (83.594)
Test: [50/79]	Time 0.098 (0.093)	Loss 0.7941 (0.6436)	Prec@1 78.906 (79.136)
 * Prec@1 79.290
current lr 1.00000e-02
Epoch: [17][0/391]	Time 0.647 (0.647)	Data 0.291 (0.291)	Loss 0.4792 (0.4792)	Prec@1 84.375 (84.375)
Epoch: [17][50/391]	Time 0.334 (0.338)	Data 0.000 (0.006)	Loss 0.4807 (0.4042)	Prec@1 83.594 (85.938)
Epoch: [17][100/391]	Time 0.333 (0.334)	Data 0.004 (0.004)	Loss 0.4752 (0.4053)	Prec@1 82.031 (85.922)
Epoch: [17][150/391]	Time 0.321 (0.332)	Data 0.000 (0.003)	Loss 0.4064 (0.4048)	Prec@1 88.281 (85.948)
Epoch: [17][200/391]	Time 0.303 (0.330)	Data 0.000 (0.002)	Loss 0.3343 (0.4066)	Prec@1 89.062 (85.864)
Epoch: [17][250/391]	Time 0.325 (0.326)	Data 0.010 (0.002)	Loss 0.4313 (0.4110)	Prec@1 82.031 (85.645)
Epoch: [17][300/391]	Time 0.332 (0.327)	Data 0.000 (0.002)	Loss 0.3467 (0.4133)	Prec@1 87.500 (85.509)
Epoch: [17][350/391]	Time 0.325 (0.327)	Data 0.000 (0.002)	Loss 0.5319 (0.4145)	Prec@1 80.469 (85.526)
Test: [0/79]	Time 0.313 (0.313)	Loss 0.5703 (0.5703)	Prec@1 80.469 (80.469)
Test: [50/79]	Time 0.096 (0.094)	Loss 0.7921 (0.6083)	Prec@1 78.906 (80.162)
 * Prec@1 80.440
current lr 1.00000e-02
Epoch: [18][0/391]	Time 0.606 (0.606)	Data 0.273 (0.273)	Loss 0.4467 (0.4467)	Prec@1 85.156 (85.156)
Epoch: [18][50/391]	Time 0.334 (0.337)	Data 0.000 (0.006)	Loss 0.4223 (0.3959)	Prec@1 83.594 (86.612)
Epoch: [18][100/391]	Time 0.330 (0.334)	Data 0.000 (0.003)	Loss 0.4811 (0.3887)	Prec@1 82.031 (86.796)
Epoch: [18][150/391]	Time 0.327 (0.331)	Data 0.009 (0.003)	Loss 0.4123 (0.3942)	Prec@1 86.719 (86.574)
Epoch: [18][200/391]	Time 0.328 (0.326)	Data 0.000 (0.003)	Loss 0.3726 (0.3990)	Prec@1 89.844 (86.400)
Epoch: [18][250/391]	Time 0.333 (0.327)	Data 0.000 (0.002)	Loss 0.4369 (0.3998)	Prec@1 83.594 (86.283)
Epoch: [18][300/391]	Time 0.333 (0.328)	Data 0.000 (0.002)	Loss 0.3493 (0.3996)	Prec@1 88.281 (86.267)
Epoch: [18][350/391]	Time 0.324 (0.327)	Data 0.002 (0.002)	Loss 0.3896 (0.4012)	Prec@1 87.500 (86.153)
Test: [0/79]	Time 0.364 (0.364)	Loss 0.4601 (0.4601)	Prec@1 85.156 (85.156)
Test: [50/79]	Time 0.090 (0.096)	Loss 0.6385 (0.5644)	Prec@1 78.125 (81.725)
 * Prec@1 82.300
current lr 1.00000e-02
Epoch: [19][0/391]	Time 0.600 (0.600)	Data 0.276 (0.276)	Loss 0.4337 (0.4337)	Prec@1 85.156 (85.156)
Epoch: [19][50/391]	Time 0.338 (0.337)	Data 0.000 (0.007)	Loss 0.2589 (0.3727)	Prec@1 90.625 (86.811)
Epoch: [19][100/391]	Time 0.333 (0.335)	Data 0.003 (0.004)	Loss 0.1883 (0.3740)	Prec@1 93.750 (87.082)
Epoch: [19][150/391]	Time 0.252 (0.326)	Data 0.000 (0.003)	Loss 0.3417 (0.3812)	Prec@1 86.719 (86.802)
Epoch: [19][200/391]	Time 0.329 (0.325)	Data 0.000 (0.002)	Loss 0.3780 (0.3819)	Prec@1 84.375 (86.746)
Epoch: [19][250/391]	Time 0.331 (0.326)	Data 0.000 (0.002)	Loss 0.2936 (0.3837)	Prec@1 88.281 (86.541)
Epoch: [19][300/391]	Time 0.324 (0.327)	Data 0.000 (0.002)	Loss 0.2761 (0.3823)	Prec@1 93.750 (86.547)
Epoch: [19][350/391]	Time 0.331 (0.326)	Data 0.000 (0.002)	Loss 0.4830 (0.3826)	Prec@1 83.594 (86.583)
Test: [0/79]	Time 0.323 (0.323)	Loss 0.4223 (0.4223)	Prec@1 86.719 (86.719)
Test: [50/79]	Time 0.115 (0.095)	Loss 0.6916 (0.5410)	Prec@1 78.906 (83.042)
 * Prec@1 83.130
current lr 1.00000e-02
Epoch: [20][0/391]	Time 0.625 (0.625)	Data 0.271 (0.271)	Loss 0.3487 (0.3487)	Prec@1 87.500 (87.500)
Epoch: [20][50/391]	Time 0.329 (0.337)	Data 0.000 (0.006)	Loss 0.3939 (0.3629)	Prec@1 87.500 (87.669)
Epoch: [20][100/391]	Time 0.307 (0.333)	Data 0.000 (0.004)	Loss 0.3827 (0.3589)	Prec@1 89.062 (87.631)
Epoch: [20][150/391]	Time 0.334 (0.323)	Data 0.000 (0.003)	Loss 0.2795 (0.3634)	Prec@1 89.062 (87.484)
Epoch: [20][200/391]	Time 0.332 (0.325)	Data 0.000 (0.003)	Loss 0.2687 (0.3611)	Prec@1 89.062 (87.488)
Epoch: [20][250/391]	Time 0.327 (0.326)	Data 0.000 (0.002)	Loss 0.3987 (0.3657)	Prec@1 84.375 (87.298)
Epoch: [20][300/391]	Time 0.331 (0.326)	Data 0.000 (0.002)	Loss 0.4406 (0.3683)	Prec@1 85.938 (87.209)
Epoch: [20][350/391]	Time 0.330 (0.327)	Data 0.000 (0.002)	Loss 0.3739 (0.3657)	Prec@1 89.062 (87.342)
Test: [0/79]	Time 0.290 (0.290)	Loss 0.3748 (0.3748)	Prec@1 86.719 (86.719)
Test: [50/79]	Time 0.090 (0.095)	Loss 0.6144 (0.5110)	Prec@1 84.375 (83.716)
 * Prec@1 83.870
current lr 1.00000e-02
Epoch: [21][0/391]	Time 0.649 (0.649)	Data 0.309 (0.309)	Loss 0.3941 (0.3941)	Prec@1 84.375 (84.375)
Epoch: [21][50/391]	Time 0.331 (0.337)	Data 0.000 (0.007)	Loss 0.3590 (0.3630)	Prec@1 87.500 (87.515)
Epoch: [21][100/391]	Time 0.325 (0.315)	Data 0.000 (0.004)	Loss 0.2924 (0.3498)	Prec@1 85.938 (87.639)
Epoch: [21][150/391]	Time 0.330 (0.320)	Data 0.000 (0.003)	Loss 0.2832 (0.3484)	Prec@1 89.062 (87.686)
Epoch: [21][200/391]	Time 0.332 (0.323)	Data 0.000 (0.002)	Loss 0.3800 (0.3486)	Prec@1 83.594 (87.792)
Epoch: [21][250/391]	Time 0.321 (0.324)	Data 0.000 (0.002)	Loss 0.4194 (0.3539)	Prec@1 85.156 (87.590)
Epoch: [21][300/391]	Time 0.328 (0.325)	Data 0.000 (0.002)	Loss 0.2791 (0.3569)	Prec@1 90.625 (87.526)
Epoch: [21][350/391]	Time 0.331 (0.326)	Data 0.000 (0.002)	Loss 0.2943 (0.3571)	Prec@1 89.844 (87.433)
Test: [0/79]	Time 0.382 (0.382)	Loss 0.3373 (0.3373)	Prec@1 89.062 (89.062)
Test: [50/79]	Time 0.097 (0.094)	Loss 0.5578 (0.5051)	Prec@1 84.375 (84.329)
 * Prec@1 84.020
current lr 1.00000e-02
Epoch: [22][0/391]	Time 0.578 (0.578)	Data 0.241 (0.241)	Loss 0.3807 (0.3807)	Prec@1 85.938 (85.938)
Epoch: [22][50/391]	Time 0.293 (0.326)	Data 0.000 (0.006)	Loss 0.3978 (0.3360)	Prec@1 85.938 (87.898)
Epoch: [22][100/391]	Time 0.329 (0.320)	Data 0.000 (0.003)	Loss 0.3310 (0.3343)	Prec@1 87.500 (88.057)
Epoch: [22][150/391]	Time 0.328 (0.324)	Data 0.004 (0.003)	Loss 0.4275 (0.3409)	Prec@1 88.281 (87.893)
Epoch: [22][200/391]	Time 0.330 (0.326)	Data 0.000 (0.002)	Loss 0.3259 (0.3407)	Prec@1 88.281 (87.920)
Epoch: [22][250/391]	Time 0.332 (0.325)	Data 0.000 (0.002)	Loss 0.4173 (0.3410)	Prec@1 87.500 (87.992)
Epoch: [22][300/391]	Time 0.329 (0.327)	Data 0.000 (0.002)	Loss 0.2799 (0.3404)	Prec@1 92.188 (88.022)
Epoch: [22][350/391]	Time 0.328 (0.327)	Data 0.000 (0.002)	Loss 0.5215 (0.3403)	Prec@1 85.938 (88.028)
Test: [0/79]	Time 0.415 (0.415)	Loss 0.4739 (0.4739)	Prec@1 85.156 (85.156)
Test: [50/79]	Time 0.103 (0.095)	Loss 0.6026 (0.5428)	Prec@1 81.250 (83.104)
 * Prec@1 83.170
current lr 1.00000e-02
Epoch: [23][0/391]	Time 0.566 (0.566)	Data 0.237 (0.237)	Loss 0.3748 (0.3748)	Prec@1 87.500 (87.500)
Epoch: [23][50/391]	Time 0.334 (0.312)	Data 0.000 (0.006)	Loss 0.3056 (0.3211)	Prec@1 89.062 (89.093)
Epoch: [23][100/391]	Time 0.331 (0.318)	Data 0.000 (0.003)	Loss 0.3903 (0.3228)	Prec@1 85.156 (88.869)
Epoch: [23][150/391]	Time 0.333 (0.323)	Data 0.000 (0.003)	Loss 0.3391 (0.3272)	Prec@1 89.844 (88.618)
Epoch: [23][200/391]	Time 0.321 (0.324)	Data 0.000 (0.002)	Loss 0.4116 (0.3295)	Prec@1 82.031 (88.425)
Epoch: [23][250/391]	Time 0.331 (0.325)	Data 0.000 (0.002)	Loss 0.4225 (0.3291)	Prec@1 83.594 (88.406)
Epoch: [23][300/391]	Time 0.332 (0.326)	Data 0.000 (0.002)	Loss 0.4056 (0.3315)	Prec@1 85.938 (88.357)
Epoch: [23][350/391]	Time 0.329 (0.327)	Data 0.000 (0.002)	Loss 0.2759 (0.3304)	Prec@1 90.625 (88.466)
Test: [0/79]	Time 0.389 (0.389)	Loss 0.3588 (0.3588)	Prec@1 87.500 (87.500)
Test: [50/79]	Time 0.071 (0.087)	Loss 0.6255 (0.4619)	Prec@1 78.906 (84.727)
 * Prec@1 84.770
current lr 1.00000e-02
Epoch: [24][0/391]	Time 0.624 (0.624)	Data 0.300 (0.300)	Loss 0.3472 (0.3472)	Prec@1 89.844 (89.844)
Epoch: [24][50/391]	Time 0.321 (0.333)	Data 0.000 (0.007)	Loss 0.2216 (0.3081)	Prec@1 91.406 (89.093)
Epoch: [24][100/391]	Time 0.329 (0.331)	Data 0.000 (0.004)	Loss 0.2373 (0.3107)	Prec@1 90.625 (89.171)
Epoch: [24][150/391]	Time 0.333 (0.331)	Data 0.000 (0.003)	Loss 0.2981 (0.3081)	Prec@1 88.281 (89.228)
Epoch: [24][200/391]	Time 0.329 (0.330)	Data 0.000 (0.002)	Loss 0.2908 (0.3146)	Prec@1 90.625 (88.888)
Epoch: [24][250/391]	Time 0.329 (0.330)	Data 0.000 (0.002)	Loss 0.3634 (0.3150)	Prec@1 85.938 (88.891)
Epoch: [24][300/391]	Time 0.327 (0.330)	Data 0.000 (0.002)	Loss 0.3465 (0.3168)	Prec@1 89.062 (88.829)
Epoch: [24][350/391]	Time 0.310 (0.330)	Data 0.000 (0.002)	Loss 0.2652 (0.3169)	Prec@1 89.062 (88.844)
Test: [0/79]	Time 0.387 (0.387)	Loss 0.3339 (0.3339)	Prec@1 90.625 (90.625)
Test: [50/79]	Time 0.082 (0.095)	Loss 0.5939 (0.5160)	Prec@1 82.812 (84.115)
 * Prec@1 84.480
current lr 1.00000e-02
Epoch: [25][0/391]	Time 0.629 (0.629)	Data 0.300 (0.300)	Loss 0.2467 (0.2467)	Prec@1 90.625 (90.625)
Epoch: [25][50/391]	Time 0.332 (0.331)	Data 0.007 (0.007)	Loss 0.3041 (0.3136)	Prec@1 90.625 (89.154)
Epoch: [25][100/391]	Time 0.335 (0.331)	Data 0.015 (0.004)	Loss 0.2063 (0.3051)	Prec@1 92.969 (89.372)
Epoch: [25][150/391]	Time 0.322 (0.330)	Data 0.000 (0.003)	Loss 0.3082 (0.3095)	Prec@1 87.500 (89.213)
Epoch: [25][200/391]	Time 0.333 (0.330)	Data 0.002 (0.003)	Loss 0.3952 (0.3101)	Prec@1 87.500 (89.144)
Epoch: [25][250/391]	Time 0.334 (0.330)	Data 0.008 (0.002)	Loss 0.2190 (0.3106)	Prec@1 91.406 (89.131)
Epoch: [25][300/391]	Time 0.327 (0.330)	Data 0.000 (0.002)	Loss 0.2957 (0.3076)	Prec@1 92.188 (89.257)
Epoch: [25][350/391]	Time 0.335 (0.327)	Data 0.012 (0.002)	Loss 0.3884 (0.3093)	Prec@1 87.500 (89.265)
Test: [0/79]	Time 0.347 (0.347)	Loss 0.3927 (0.3927)	Prec@1 85.156 (85.156)
Test: [50/79]	Time 0.084 (0.095)	Loss 0.4943 (0.4995)	Prec@1 85.938 (84.130)
 * Prec@1 84.260
current lr 1.00000e-02
Epoch: [26][0/391]	Time 0.582 (0.582)	Data 0.250 (0.250)	Loss 0.2789 (0.2789)	Prec@1 90.625 (90.625)
Epoch: [26][50/391]	Time 0.328 (0.329)	Data 0.000 (0.006)	Loss 0.3333 (0.2812)	Prec@1 88.281 (90.012)
Epoch: [26][100/391]	Time 0.332 (0.331)	Data 0.000 (0.003)	Loss 0.2211 (0.2912)	Prec@1 91.406 (89.851)
Epoch: [26][150/391]	Time 0.334 (0.329)	Data 0.000 (0.003)	Loss 0.1918 (0.2909)	Prec@1 93.750 (89.833)
Epoch: [26][200/391]	Time 0.330 (0.329)	Data 0.000 (0.002)	Loss 0.3481 (0.2912)	Prec@1 89.844 (89.918)
Epoch: [26][250/391]	Time 0.328 (0.330)	Data 0.008 (0.002)	Loss 0.2889 (0.2933)	Prec@1 89.844 (89.825)
Epoch: [26][300/391]	Time 0.287 (0.328)	Data 0.000 (0.002)	Loss 0.1918 (0.2967)	Prec@1 94.531 (89.675)
Epoch: [26][350/391]	Time 0.333 (0.327)	Data 0.000 (0.002)	Loss 0.3472 (0.2976)	Prec@1 85.938 (89.608)
Test: [0/79]	Time 0.352 (0.352)	Loss 0.3814 (0.3814)	Prec@1 86.719 (86.719)
Test: [50/79]	Time 0.083 (0.094)	Loss 0.5718 (0.4807)	Prec@1 82.031 (84.881)
 * Prec@1 84.950
current lr 1.00000e-02
Epoch: [27][0/391]	Time 0.581 (0.581)	Data 0.266 (0.266)	Loss 0.1854 (0.1854)	Prec@1 93.750 (93.750)
Epoch: [27][50/391]	Time 0.334 (0.332)	Data 0.000 (0.006)	Loss 0.3048 (0.2666)	Prec@1 89.062 (90.349)
Epoch: [27][100/391]	Time 0.319 (0.331)	Data 0.000 (0.004)	Loss 0.2349 (0.2696)	Prec@1 93.750 (90.594)
Epoch: [27][150/391]	Time 0.326 (0.329)	Data 0.000 (0.003)	Loss 0.2647 (0.2727)	Prec@1 92.188 (90.470)
Epoch: [27][200/391]	Time 0.328 (0.330)	Data 0.000 (0.003)	Loss 0.4225 (0.2758)	Prec@1 89.844 (90.415)
Epoch: [27][250/391]	Time 0.331 (0.330)	Data 0.000 (0.002)	Loss 0.2636 (0.2807)	Prec@1 91.406 (90.267)
Epoch: [27][300/391]	Time 0.330 (0.326)	Data 0.000 (0.002)	Loss 0.2888 (0.2817)	Prec@1 88.281 (90.243)
Epoch: [27][350/391]	Time 0.330 (0.327)	Data 0.000 (0.002)	Loss 0.3115 (0.2824)	Prec@1 88.281 (90.209)
Test: [0/79]	Time 0.395 (0.395)	Loss 0.3140 (0.3140)	Prec@1 89.062 (89.062)
Test: [50/79]	Time 0.086 (0.093)	Loss 0.6487 (0.4797)	Prec@1 79.688 (85.064)
 * Prec@1 84.980
current lr 1.00000e-02
Epoch: [28][0/391]	Time 0.598 (0.598)	Data 0.276 (0.276)	Loss 0.3258 (0.3258)	Prec@1 89.062 (89.062)
Epoch: [28][50/391]	Time 0.330 (0.337)	Data 0.000 (0.007)	Loss 0.3274 (0.2813)	Prec@1 87.500 (90.058)
Epoch: [28][100/391]	Time 0.332 (0.332)	Data 0.000 (0.004)	Loss 0.1299 (0.2713)	Prec@1 97.656 (90.354)
Epoch: [28][150/391]	Time 0.330 (0.332)	Data 0.000 (0.003)	Loss 0.2322 (0.2710)	Prec@1 90.625 (90.490)
Epoch: [28][200/391]	Time 0.335 (0.331)	Data 0.000 (0.003)	Loss 0.2434 (0.2744)	Prec@1 93.750 (90.322)
Epoch: [28][250/391]	Time 0.332 (0.327)	Data 0.000 (0.003)	Loss 0.2169 (0.2761)	Prec@1 91.406 (90.161)
Epoch: [28][300/391]	Time 0.332 (0.328)	Data 0.000 (0.002)	Loss 0.2735 (0.2768)	Prec@1 88.281 (90.140)
Epoch: [28][350/391]	Time 0.332 (0.328)	Data 0.000 (0.002)	Loss 0.2571 (0.2764)	Prec@1 90.625 (90.195)
Test: [0/79]	Time 0.349 (0.349)	Loss 0.4019 (0.4019)	Prec@1 86.719 (86.719)
Test: [50/79]	Time 0.089 (0.092)	Loss 0.5945 (0.4983)	Prec@1 85.156 (84.574)
 * Prec@1 84.360
current lr 1.00000e-02
Epoch: [29][0/391]	Time 0.646 (0.646)	Data 0.320 (0.320)	Loss 0.3197 (0.3197)	Prec@1 88.281 (88.281)
Epoch: [29][50/391]	Time 0.322 (0.334)	Data 0.000 (0.007)	Loss 0.2394 (0.2539)	Prec@1 90.625 (91.238)
Epoch: [29][100/391]	Time 0.329 (0.330)	Data 0.000 (0.004)	Loss 0.2414 (0.2576)	Prec@1 92.188 (91.074)
Epoch: [29][150/391]	Time 0.330 (0.330)	Data 0.000 (0.003)	Loss 0.3005 (0.2583)	Prec@1 88.281 (91.054)
Epoch: [29][200/391]	Time 0.296 (0.328)	Data 0.000 (0.003)	Loss 0.3051 (0.2640)	Prec@1 89.844 (90.843)
Epoch: [29][250/391]	Time 0.331 (0.327)	Data 0.000 (0.002)	Loss 0.2370 (0.2652)	Prec@1 91.406 (90.815)
Epoch: [29][300/391]	Time 0.331 (0.327)	Data 0.008 (0.002)	Loss 0.2165 (0.2648)	Prec@1 92.188 (90.794)
Epoch: [29][350/391]	Time 0.332 (0.328)	Data 0.000 (0.002)	Loss 0.2974 (0.2662)	Prec@1 90.625 (90.756)
Test: [0/79]	Time 0.405 (0.405)	Loss 0.2739 (0.2739)	Prec@1 89.844 (89.844)
Test: [50/79]	Time 0.089 (0.095)	Loss 0.6288 (0.4687)	Prec@1 82.031 (85.417)
 * Prec@1 85.500
current lr 1.00000e-02
Epoch: [30][0/391]	Time 0.590 (0.590)	Data 0.259 (0.259)	Loss 0.2832 (0.2832)	Prec@1 88.281 (88.281)
Epoch: [30][50/391]	Time 0.329 (0.330)	Data 0.000 (0.006)	Loss 0.1771 (0.2528)	Prec@1 93.750 (90.809)
Epoch: [30][100/391]	Time 0.325 (0.331)	Data 0.000 (0.004)	Loss 0.2887 (0.2595)	Prec@1 91.406 (90.718)
Epoch: [30][150/391]	Time 0.332 (0.331)	Data 0.000 (0.003)	Loss 0.3279 (0.2550)	Prec@1 85.938 (90.982)
Epoch: [30][200/391]	Time 0.333 (0.326)	Data 0.000 (0.002)	Loss 0.2071 (0.2594)	Prec@1 93.750 (90.862)
Epoch: [30][250/391]	Time 0.324 (0.327)	Data 0.000 (0.002)	Loss 0.2638 (0.2588)	Prec@1 91.406 (90.849)
Epoch: [30][300/391]	Time 0.333 (0.328)	Data 0.000 (0.002)	Loss 0.1973 (0.2569)	Prec@1 92.969 (90.882)
Epoch: [30][350/391]	Time 0.321 (0.328)	Data 0.000 (0.002)	Loss 0.2751 (0.2588)	Prec@1 92.188 (90.868)
Test: [0/79]	Time 0.355 (0.355)	Loss 0.3988 (0.3988)	Prec@1 85.938 (85.938)
Test: [50/79]	Time 0.094 (0.097)	Loss 0.7596 (0.5165)	Prec@1 82.812 (84.620)
 * Prec@1 84.850
current lr 1.00000e-02
Epoch: [31][0/391]	Time 0.657 (0.657)	Data 0.347 (0.347)	Loss 0.2984 (0.2984)	Prec@1 91.406 (91.406)
Epoch: [31][50/391]	Time 0.331 (0.334)	Data 0.000 (0.008)	Loss 0.2030 (0.2436)	Prec@1 93.750 (91.452)
Epoch: [31][100/391]	Time 0.332 (0.333)	Data 0.000 (0.004)	Loss 0.3624 (0.2534)	Prec@1 88.281 (91.004)
Epoch: [31][150/391]	Time 0.328 (0.324)	Data 0.000 (0.003)	Loss 0.2246 (0.2529)	Prec@1 92.188 (91.018)
Epoch: [31][200/391]	Time 0.329 (0.326)	Data 0.000 (0.003)	Loss 0.2533 (0.2546)	Prec@1 92.969 (90.983)
Epoch: [31][250/391]	Time 0.332 (0.327)	Data 0.000 (0.003)	Loss 0.3458 (0.2557)	Prec@1 88.281 (90.946)
Epoch: [31][300/391]	Time 0.329 (0.328)	Data 0.000 (0.002)	Loss 0.3289 (0.2545)	Prec@1 90.625 (90.988)
Epoch: [31][350/391]	Time 0.323 (0.328)	Data 0.000 (0.002)	Loss 0.1819 (0.2560)	Prec@1 94.531 (91.006)
Test: [0/79]	Time 0.370 (0.370)	Loss 0.3040 (0.3040)	Prec@1 89.062 (89.062)
Test: [50/79]	Time 0.090 (0.091)	Loss 0.6477 (0.5105)	Prec@1 83.594 (85.141)
 * Prec@1 85.240
current lr 1.00000e-02
Epoch: [32][0/391]	Time 0.577 (0.577)	Data 0.251 (0.251)	Loss 0.3508 (0.3508)	Prec@1 85.156 (85.156)
Epoch: [32][50/391]	Time 0.328 (0.336)	Data 0.000 (0.006)	Loss 0.1979 (0.2347)	Prec@1 92.188 (91.330)
Epoch: [32][100/391]	Time 0.315 (0.329)	Data 0.000 (0.003)	Loss 0.2269 (0.2327)	Prec@1 92.969 (91.522)
Epoch: [32][150/391]	Time 0.326 (0.325)	Data 0.000 (0.003)	Loss 0.1133 (0.2314)	Prec@1 95.312 (91.629)
Epoch: [32][200/391]	Time 0.333 (0.327)	Data 0.000 (0.002)	Loss 0.2536 (0.2335)	Prec@1 91.406 (91.628)
Epoch: [32][250/391]	Time 0.331 (0.328)	Data 0.000 (0.002)	Loss 0.4040 (0.2343)	Prec@1 87.500 (91.568)
Epoch: [32][300/391]	Time 0.328 (0.328)	Data 0.000 (0.002)	Loss 0.2923 (0.2351)	Prec@1 88.281 (91.546)
Epoch: [32][350/391]	Time 0.332 (0.328)	Data 0.002 (0.002)	Loss 0.2059 (0.2367)	Prec@1 92.969 (91.518)
Test: [0/79]	Time 0.350 (0.350)	Loss 0.3316 (0.3316)	Prec@1 88.281 (88.281)
Test: [50/79]	Time 0.093 (0.096)	Loss 0.5944 (0.4758)	Prec@1 85.938 (85.509)
 * Prec@1 85.620
current lr 1.00000e-02
Epoch: [33][0/391]	Time 0.649 (0.649)	Data 0.316 (0.316)	Loss 0.3430 (0.3430)	Prec@1 91.406 (91.406)
Epoch: [33][50/391]	Time 0.334 (0.338)	Data 0.000 (0.007)	Loss 0.2501 (0.2128)	Prec@1 86.719 (92.341)
Epoch: [33][100/391]	Time 0.331 (0.324)	Data 0.000 (0.005)	Loss 0.2608 (0.2203)	Prec@1 89.844 (92.218)
Epoch: [33][150/391]	Time 0.331 (0.327)	Data 0.000 (0.004)	Loss 0.2034 (0.2239)	Prec@1 92.188 (92.027)
Epoch: [33][200/391]	Time 0.340 (0.328)	Data 0.016 (0.003)	Loss 0.1689 (0.2294)	Prec@1 96.094 (91.845)
Epoch: [33][250/391]	Time 0.330 (0.329)	Data 0.000 (0.003)	Loss 0.2371 (0.2287)	Prec@1 89.844 (91.917)
Epoch: [33][300/391]	Time 0.330 (0.329)	Data 0.000 (0.003)	Loss 0.1952 (0.2297)	Prec@1 92.969 (91.892)
Epoch: [33][350/391]	Time 0.331 (0.328)	Data 0.007 (0.003)	Loss 0.2163 (0.2337)	Prec@1 92.969 (91.740)
Test: [0/79]	Time 0.363 (0.363)	Loss 0.3515 (0.3515)	Prec@1 86.719 (86.719)
Test: [50/79]	Time 0.088 (0.094)	Loss 0.6032 (0.4840)	Prec@1 82.812 (85.800)
 * Prec@1 85.810
current lr 1.00000e-02
Epoch: [34][0/391]	Time 0.627 (0.627)	Data 0.272 (0.272)	Loss 0.2148 (0.2148)	Prec@1 92.188 (92.188)
Epoch: [34][50/391]	Time 0.335 (0.313)	Data 0.000 (0.006)	Loss 0.2171 (0.2054)	Prec@1 90.625 (92.892)
Epoch: [34][100/391]	Time 0.327 (0.321)	Data 0.000 (0.004)	Loss 0.2806 (0.2118)	Prec@1 88.281 (92.636)
Epoch: [34][150/391]	Time 0.330 (0.325)	Data 0.000 (0.003)	Loss 0.1685 (0.2184)	Prec@1 94.531 (92.488)
Epoch: [34][200/391]	Time 0.333 (0.326)	Data 0.001 (0.002)	Loss 0.1905 (0.2213)	Prec@1 92.969 (92.386)
Epoch: [34][250/391]	Time 0.331 (0.327)	Data 0.000 (0.002)	Loss 0.2606 (0.2254)	Prec@1 91.406 (92.131)
Epoch: [34][300/391]	Time 0.322 (0.327)	Data 0.000 (0.002)	Loss 0.2430 (0.2259)	Prec@1 93.750 (92.110)
Epoch: [34][350/391]	Time 0.328 (0.327)	Data 0.000 (0.002)	Loss 0.3018 (0.2258)	Prec@1 88.281 (92.121)
Test: [0/79]	Time 0.345 (0.345)	Loss 0.4655 (0.4655)	Prec@1 88.281 (88.281)
Test: [50/79]	Time 0.070 (0.092)	Loss 0.7572 (0.4873)	Prec@1 79.688 (85.876)
 * Prec@1 85.870
current lr 1.00000e-02
Epoch: [35][0/391]	Time 0.575 (0.575)	Data 0.276 (0.276)	Loss 0.2483 (0.2483)	Prec@1 91.406 (91.406)
Epoch: [35][50/391]	Time 0.332 (0.325)	Data 0.000 (0.006)	Loss 0.2994 (0.2057)	Prec@1 90.625 (92.693)
Epoch: [35][100/391]	Time 0.329 (0.328)	Data 0.000 (0.004)	Loss 0.2291 (0.2174)	Prec@1 91.406 (92.195)
Epoch: [35][150/391]	Time 0.330 (0.329)	Data 0.000 (0.003)	Loss 0.1622 (0.2191)	Prec@1 93.750 (92.156)
Epoch: [35][200/391]	Time 0.342 (0.330)	Data 0.016 (0.002)	Loss 0.2648 (0.2194)	Prec@1 93.750 (92.273)
Epoch: [35][250/391]	Time 0.331 (0.330)	Data 0.002 (0.002)	Loss 0.2202 (0.2185)	Prec@1 89.844 (92.328)
Epoch: [35][300/391]	Time 0.329 (0.328)	Data 0.000 (0.002)	Loss 0.1819 (0.2172)	Prec@1 92.969 (92.369)
Epoch: [35][350/391]	Time 0.332 (0.329)	Data 0.000 (0.002)	Loss 0.2286 (0.2150)	Prec@1 91.406 (92.439)
Test: [0/79]	Time 0.369 (0.369)	Loss 0.3240 (0.3240)	Prec@1 89.844 (89.844)
Test: [50/79]	Time 0.099 (0.091)	Loss 0.7141 (0.4742)	Prec@1 79.688 (85.999)
 * Prec@1 86.020
current lr 1.00000e-02
Epoch: [36][0/391]	Time 0.612 (0.612)	Data 0.293 (0.293)	Loss 0.2985 (0.2985)	Prec@1 86.719 (86.719)
Epoch: [36][50/391]	Time 0.326 (0.337)	Data 0.000 (0.007)	Loss 0.2184 (0.2015)	Prec@1 94.531 (93.045)
Epoch: [36][100/391]	Time 0.329 (0.334)	Data 0.000 (0.004)	Loss 0.2214 (0.2083)	Prec@1 92.969 (92.683)
Epoch: [36][150/391]	Time 0.342 (0.333)	Data 0.014 (0.003)	Loss 0.1420 (0.2078)	Prec@1 94.531 (92.601)
Epoch: [36][200/391]	Time 0.327 (0.333)	Data 0.000 (0.002)	Loss 0.1696 (0.2086)	Prec@1 92.969 (92.518)
Epoch: [36][250/391]	Time 0.339 (0.332)	Data 0.000 (0.002)	Loss 0.2044 (0.2102)	Prec@1 93.750 (92.465)
Epoch: [36][300/391]	Time 0.330 (0.330)	Data 0.000 (0.002)	Loss 0.2158 (0.2128)	Prec@1 92.969 (92.411)
Epoch: [36][350/391]	Time 0.298 (0.329)	Data 0.000 (0.002)	Loss 0.3030 (0.2145)	Prec@1 88.281 (92.319)
Test: [0/79]	Time 0.327 (0.327)	Loss 0.2668 (0.2668)	Prec@1 90.625 (90.625)
Test: [50/79]	Time 0.092 (0.096)	Loss 0.6386 (0.4726)	Prec@1 81.250 (86.121)
 * Prec@1 86.220
current lr 1.00000e-02
Epoch: [37][0/391]	Time 0.615 (0.615)	Data 0.295 (0.295)	Loss 0.2127 (0.2127)	Prec@1 91.406 (91.406)
Epoch: [37][50/391]	Time 0.333 (0.337)	Data 0.000 (0.006)	Loss 0.2432 (0.1859)	Prec@1 91.406 (93.536)
Epoch: [37][100/391]	Time 0.331 (0.334)	Data 0.000 (0.004)	Loss 0.1379 (0.1833)	Prec@1 96.094 (93.750)
Epoch: [37][150/391]	Time 0.331 (0.333)	Data 0.000 (0.003)	Loss 0.2317 (0.1914)	Prec@1 92.188 (93.362)
Epoch: [37][200/391]	Time 0.352 (0.333)	Data 0.000 (0.002)	Loss 0.1293 (0.1948)	Prec@1 96.875 (93.237)
Epoch: [37][250/391]	Time 0.316 (0.331)	Data 0.000 (0.002)	Loss 0.1297 (0.1974)	Prec@1 97.656 (93.103)
Epoch: [37][300/391]	Time 0.329 (0.331)	Data 0.000 (0.002)	Loss 0.0962 (0.1944)	Prec@1 96.875 (93.200)
Epoch: [37][350/391]	Time 0.332 (0.327)	Data 0.000 (0.002)	Loss 0.3288 (0.1997)	Prec@1 89.062 (93.051)
Test: [0/79]	Time 0.328 (0.328)	Loss 0.4135 (0.4135)	Prec@1 84.375 (84.375)
Test: [50/79]	Time 0.091 (0.095)	Loss 0.6324 (0.4888)	Prec@1 82.031 (85.631)
 * Prec@1 85.380
current lr 1.00000e-02
Epoch: [38][0/391]	Time 0.630 (0.630)	Data 0.282 (0.282)	Loss 0.1796 (0.1796)	Prec@1 93.750 (93.750)
Epoch: [38][50/391]	Time 0.332 (0.338)	Data 0.000 (0.007)	Loss 0.1167 (0.1899)	Prec@1 96.094 (93.137)
Epoch: [38][100/391]	Time 0.329 (0.335)	Data 0.000 (0.004)	Loss 0.2448 (0.1883)	Prec@1 92.188 (93.162)
Epoch: [38][150/391]	Time 0.332 (0.333)	Data 0.000 (0.003)	Loss 0.1473 (0.1894)	Prec@1 94.531 (93.145)
Epoch: [38][200/391]	Time 0.313 (0.333)	Data 0.000 (0.002)	Loss 0.3394 (0.1949)	Prec@1 89.062 (93.074)
Epoch: [38][250/391]	Time 0.273 (0.330)	Data 0.000 (0.002)	Loss 0.1825 (0.1975)	Prec@1 91.406 (92.981)
Epoch: [38][300/391]	Time 0.328 (0.326)	Data 0.000 (0.002)	Loss 0.1448 (0.2008)	Prec@1 94.531 (92.945)
Epoch: [38][350/391]	Time 0.332 (0.327)	Data 0.000 (0.002)	Loss 0.2072 (0.2014)	Prec@1 92.969 (92.891)
Test: [0/79]	Time 0.331 (0.331)	Loss 0.4035 (0.4035)	Prec@1 88.281 (88.281)
Test: [50/79]	Time 0.089 (0.095)	Loss 0.6664 (0.4664)	Prec@1 83.594 (86.366)
 * Prec@1 86.370
current lr 1.00000e-02
Epoch: [39][0/391]	Time 0.633 (0.633)	Data 0.295 (0.295)	Loss 0.1090 (0.1090)	Prec@1 96.094 (96.094)
Epoch: [39][50/391]	Time 0.342 (0.338)	Data 0.016 (0.007)	Loss 0.0937 (0.1782)	Prec@1 96.875 (93.857)
Epoch: [39][100/391]	Time 0.331 (0.335)	Data 0.000 (0.004)	Loss 0.1941 (0.1806)	Prec@1 90.625 (93.665)
Epoch: [39][150/391]	Time 0.330 (0.334)	Data 0.000 (0.003)	Loss 0.1362 (0.1853)	Prec@1 94.531 (93.584)
Epoch: [39][200/391]	Time 0.341 (0.332)	Data 0.017 (0.003)	Loss 0.1898 (0.1879)	Prec@1 94.531 (93.493)
Epoch: [39][250/391]	Time 0.301 (0.328)	Data 0.000 (0.002)	Loss 0.1110 (0.1864)	Prec@1 96.094 (93.541)
Epoch: [39][300/391]	Time 0.335 (0.326)	Data 0.000 (0.002)	Loss 0.2167 (0.1862)	Prec@1 92.969 (93.514)
Epoch: [39][350/391]	Time 0.334 (0.327)	Data 0.000 (0.002)	Loss 0.1122 (0.1893)	Prec@1 95.312 (93.385)
Test: [0/79]	Time 0.353 (0.353)	Loss 0.3891 (0.3891)	Prec@1 85.938 (85.938)
Test: [50/79]	Time 0.078 (0.095)	Loss 0.5754 (0.4523)	Prec@1 85.938 (86.964)
 * Prec@1 86.980
current lr 1.00000e-02
Epoch: [40][0/391]	Time 0.613 (0.613)	Data 0.259 (0.259)	Loss 0.2299 (0.2299)	Prec@1 92.188 (92.188)
Epoch: [40][50/391]	Time 0.332 (0.336)	Data 0.001 (0.006)	Loss 0.0988 (0.1631)	Prec@1 96.875 (94.240)
Epoch: [40][100/391]	Time 0.330 (0.334)	Data 0.000 (0.004)	Loss 0.1334 (0.1699)	Prec@1 96.094 (93.812)
Epoch: [40][150/391]	Time 0.325 (0.333)	Data 0.000 (0.003)	Loss 0.2634 (0.1716)	Prec@1 92.188 (93.828)
Epoch: [40][200/391]	Time 0.329 (0.331)	Data 0.000 (0.002)	Loss 0.1569 (0.1730)	Prec@1 93.750 (93.785)
Epoch: [40][250/391]	Time 0.342 (0.324)	Data 0.013 (0.002)	Loss 0.1413 (0.1741)	Prec@1 93.750 (93.750)
Epoch: [40][300/391]	Time 0.339 (0.325)	Data 0.012 (0.002)	Loss 0.2140 (0.1759)	Prec@1 91.406 (93.714)
Epoch: [40][350/391]	Time 0.332 (0.326)	Data 0.000 (0.002)	Loss 0.3206 (0.1792)	Prec@1 90.625 (93.599)
Test: [0/79]	Time 0.331 (0.331)	Loss 0.4081 (0.4081)	Prec@1 85.938 (85.938)
Test: [50/79]	Time 0.112 (0.097)	Loss 0.8120 (0.5717)	Prec@1 80.469 (85.080)
 * Prec@1 84.940
current lr 1.00000e-02
Epoch: [41][0/391]	Time 0.711 (0.711)	Data 0.384 (0.384)	Loss 0.2081 (0.2081)	Prec@1 92.969 (92.969)
Epoch: [41][50/391]	Time 0.331 (0.340)	Data 0.000 (0.008)	Loss 0.1258 (0.1753)	Prec@1 96.094 (93.490)
Epoch: [41][100/391]	Time 0.334 (0.335)	Data 0.000 (0.005)	Loss 0.1144 (0.1712)	Prec@1 97.656 (93.711)
Epoch: [41][150/391]	Time 0.329 (0.332)	Data 0.000 (0.004)	Loss 0.2155 (0.1711)	Prec@1 89.844 (93.817)
Epoch: [41][200/391]	Time 0.266 (0.326)	Data 0.000 (0.003)	Loss 0.1681 (0.1729)	Prec@1 93.750 (93.789)
Epoch: [41][250/391]	Time 0.327 (0.326)	Data 0.000 (0.003)	Loss 0.1481 (0.1757)	Prec@1 94.531 (93.744)
Epoch: [41][300/391]	Time 0.329 (0.327)	Data 0.000 (0.003)	Loss 0.1564 (0.1773)	Prec@1 95.312 (93.685)
Epoch: [41][350/391]	Time 0.332 (0.327)	Data 0.000 (0.002)	Loss 0.2523 (0.1758)	Prec@1 88.281 (93.743)
Test: [0/79]	Time 0.330 (0.330)	Loss 0.4547 (0.4547)	Prec@1 85.938 (85.938)
Test: [50/79]	Time 0.089 (0.095)	Loss 0.7884 (0.4942)	Prec@1 82.031 (86.198)
 * Prec@1 86.150
current lr 1.00000e-02
Epoch: [42][0/391]	Time 0.561 (0.561)	Data 0.235 (0.235)	Loss 0.1257 (0.1257)	Prec@1 94.531 (94.531)
Epoch: [42][50/391]	Time 0.332 (0.335)	Data 0.000 (0.005)	Loss 0.1537 (0.1610)	Prec@1 93.750 (94.026)
Epoch: [42][100/391]	Time 0.284 (0.333)	Data 0.000 (0.003)	Loss 0.1143 (0.1639)	Prec@1 96.094 (94.013)
Epoch: [42][150/391]	Time 0.289 (0.328)	Data 0.000 (0.002)	Loss 0.2065 (0.1649)	Prec@1 90.625 (94.040)
Epoch: [42][200/391]	Time 0.333 (0.324)	Data 0.000 (0.002)	Loss 0.1686 (0.1663)	Prec@1 93.750 (93.979)
Epoch: [42][250/391]	Time 0.329 (0.326)	Data 0.000 (0.002)	Loss 0.0947 (0.1696)	Prec@1 96.875 (93.927)
Epoch: [42][300/391]	Time 0.330 (0.327)	Data 0.000 (0.002)	Loss 0.2685 (0.1717)	Prec@1 89.062 (93.908)
Epoch: [42][350/391]	Time 0.333 (0.327)	Data 0.000 (0.002)	Loss 0.1714 (0.1718)	Prec@1 94.531 (93.848)
Test: [0/79]	Time 0.324 (0.324)	Loss 0.3953 (0.3953)	Prec@1 86.719 (86.719)
Test: [50/79]	Time 0.085 (0.096)	Loss 0.6687 (0.5642)	Prec@1 83.594 (84.329)
 * Prec@1 84.660
current lr 1.00000e-02
Epoch: [43][0/391]	Time 0.693 (0.693)	Data 0.358 (0.358)	Loss 0.2196 (0.2196)	Prec@1 89.062 (89.062)
Epoch: [43][50/391]	Time 0.333 (0.338)	Data 0.000 (0.008)	Loss 0.1023 (0.1770)	Prec@1 96.875 (93.612)
Epoch: [43][100/391]	Time 0.334 (0.332)	Data 0.000 (0.005)	Loss 0.1048 (0.1726)	Prec@1 96.875 (93.843)
Epoch: [43][150/391]	Time 0.330 (0.325)	Data 0.009 (0.004)	Loss 0.1417 (0.1661)	Prec@1 96.094 (94.138)
Epoch: [43][200/391]	Time 0.330 (0.325)	Data 0.000 (0.003)	Loss 0.1435 (0.1651)	Prec@1 94.531 (94.205)
Epoch: [43][250/391]	Time 0.333 (0.326)	Data 0.000 (0.003)	Loss 0.2202 (0.1663)	Prec@1 91.406 (94.114)
Epoch: [43][300/391]	Time 0.329 (0.327)	Data 0.000 (0.003)	Loss 0.1675 (0.1671)	Prec@1 92.969 (94.069)
Epoch: [43][350/391]	Time 0.332 (0.327)	Data 0.000 (0.002)	Loss 0.1979 (0.1686)	Prec@1 92.188 (94.028)
Test: [0/79]	Time 0.362 (0.362)	Loss 0.3005 (0.3005)	Prec@1 89.844 (89.844)
Test: [50/79]	Time 0.081 (0.097)	Loss 0.7104 (0.5244)	Prec@1 85.938 (85.677)
 * Prec@1 85.730
current lr 1.00000e-02
Epoch: [44][0/391]	Time 0.565 (0.565)	Data 0.244 (0.244)	Loss 0.1658 (0.1658)	Prec@1 95.312 (95.312)
Epoch: [44][50/391]	Time 0.330 (0.335)	Data 0.015 (0.006)	Loss 0.0886 (0.1675)	Prec@1 97.656 (93.964)
Epoch: [44][100/391]	Time 0.293 (0.322)	Data 0.000 (0.004)	Loss 0.1371 (0.1608)	Prec@1 94.531 (94.175)
Epoch: [44][150/391]	Time 0.322 (0.324)	Data 0.001 (0.003)	Loss 0.1081 (0.1605)	Prec@1 96.875 (94.185)
Epoch: [44][200/391]	Time 0.332 (0.325)	Data 0.000 (0.003)	Loss 0.2221 (0.1604)	Prec@1 92.188 (94.271)
Epoch: [44][250/391]	Time 0.331 (0.326)	Data 0.000 (0.002)	Loss 0.1949 (0.1616)	Prec@1 95.312 (94.245)
Epoch: [44][300/391]	Time 0.349 (0.327)	Data 0.014 (0.002)	Loss 0.1762 (0.1609)	Prec@1 95.312 (94.298)
Epoch: [44][350/391]	Time 0.332 (0.327)	Data 0.000 (0.002)	Loss 0.2843 (0.1642)	Prec@1 89.062 (94.186)
Test: [0/79]	Time 0.352 (0.352)	Loss 0.3599 (0.3599)	Prec@1 86.719 (86.719)
Test: [50/79]	Time 0.086 (0.095)	Loss 0.7232 (0.5254)	Prec@1 80.469 (86.106)
 * Prec@1 85.770
current lr 1.00000e-02
Epoch: [45][0/391]	Time 0.602 (0.602)	Data 0.273 (0.273)	Loss 0.1432 (0.1432)	Prec@1 96.875 (96.875)
Epoch: [45][50/391]	Time 0.297 (0.322)	Data 0.008 (0.006)	Loss 0.0739 (0.1320)	Prec@1 97.656 (95.420)
Epoch: [45][100/391]	Time 0.330 (0.318)	Data 0.000 (0.004)	Loss 0.2027 (0.1434)	Prec@1 90.625 (94.949)
Epoch: [45][150/391]	Time 0.321 (0.320)	Data 0.000 (0.003)	Loss 0.1157 (0.1497)	Prec@1 97.656 (94.764)
Epoch: [45][200/391]	Time 0.329 (0.322)	Data 0.000 (0.002)	Loss 0.1352 (0.1530)	Prec@1 96.875 (94.663)
Epoch: [45][250/391]	Time 0.328 (0.324)	Data 0.000 (0.002)	Loss 0.1508 (0.1537)	Prec@1 93.750 (94.643)
Epoch: [45][300/391]	Time 0.328 (0.325)	Data 0.000 (0.002)	Loss 0.2291 (0.1566)	Prec@1 92.188 (94.492)
Epoch: [45][350/391]	Time 0.334 (0.326)	Data 0.000 (0.002)	Loss 0.3429 (0.1591)	Prec@1 89.062 (94.418)
Test: [0/79]	Time 0.318 (0.318)	Loss 0.3397 (0.3397)	Prec@1 89.062 (89.062)
Test: [50/79]	Time 0.086 (0.095)	Loss 0.8186 (0.4835)	Prec@1 82.031 (86.550)
 * Prec@1 86.600
current lr 1.00000e-02
Epoch: [46][0/391]	Time 0.712 (0.712)	Data 0.395 (0.395)	Loss 0.0905 (0.0905)	Prec@1 96.875 (96.875)
Epoch: [46][50/391]	Time 0.333 (0.312)	Data 0.000 (0.009)	Loss 0.1643 (0.1330)	Prec@1 94.531 (95.282)
Epoch: [46][100/391]	Time 0.333 (0.322)	Data 0.000 (0.005)	Loss 0.1070 (0.1382)	Prec@1 95.312 (95.173)
Epoch: [46][150/391]	Time 0.332 (0.322)	Data 0.000 (0.004)	Loss 0.1039 (0.1411)	Prec@1 96.875 (95.126)
Epoch: [46][200/391]	Time 0.331 (0.325)	Data 0.000 (0.003)	Loss 0.1767 (0.1471)	Prec@1 93.750 (94.819)
Epoch: [46][250/391]	Time 0.330 (0.326)	Data 0.000 (0.003)	Loss 0.1891 (0.1473)	Prec@1 93.750 (94.833)
Epoch: [46][300/391]	Time 0.331 (0.327)	Data 0.000 (0.002)	Loss 0.1238 (0.1498)	Prec@1 94.531 (94.705)
Epoch: [46][350/391]	Time 0.331 (0.328)	Data 0.000 (0.002)	Loss 0.1274 (0.1488)	Prec@1 96.094 (94.767)
Test: [0/79]	Time 0.358 (0.358)	Loss 0.4803 (0.4803)	Prec@1 89.062 (89.062)
Test: [50/79]	Time 0.083 (0.085)	Loss 0.6000 (0.4780)	Prec@1 86.719 (87.148)
 * Prec@1 87.060
current lr 1.00000e-02
Epoch: [47][0/391]	Time 0.680 (0.680)	Data 0.339 (0.339)	Loss 0.1027 (0.1027)	Prec@1 96.875 (96.875)
Epoch: [47][50/391]	Time 0.330 (0.335)	Data 0.000 (0.008)	Loss 0.1276 (0.1346)	Prec@1 94.531 (95.312)
Epoch: [47][100/391]	Time 0.302 (0.332)	Data 0.016 (0.005)	Loss 0.2149 (0.1317)	Prec@1 92.188 (95.312)
Epoch: [47][150/391]	Time 0.328 (0.331)	Data 0.000 (0.004)	Loss 0.1571 (0.1373)	Prec@1 93.750 (95.085)
Epoch: [47][200/391]	Time 0.327 (0.331)	Data 0.000 (0.003)	Loss 0.1485 (0.1395)	Prec@1 94.531 (94.994)
Epoch: [47][250/391]	Time 0.337 (0.331)	Data 0.014 (0.003)	Loss 0.1194 (0.1427)	Prec@1 95.312 (94.905)
Epoch: [47][300/391]	Time 0.326 (0.331)	Data 0.000 (0.003)	Loss 0.1393 (0.1438)	Prec@1 95.312 (94.863)
Epoch: [47][350/391]	Time 0.331 (0.331)	Data 0.000 (0.002)	Loss 0.2871 (0.1445)	Prec@1 89.062 (94.850)
Test: [0/79]	Time 0.347 (0.347)	Loss 0.4433 (0.4433)	Prec@1 86.719 (86.719)
Test: [50/79]	Time 0.100 (0.096)	Loss 0.7411 (0.5118)	Prec@1 79.688 (86.336)
 * Prec@1 86.370
current lr 1.00000e-02
Epoch: [48][0/391]	Time 0.608 (0.608)	Data 0.286 (0.286)	Loss 0.1574 (0.1574)	Prec@1 93.750 (93.750)
Epoch: [48][50/391]	Time 0.333 (0.337)	Data 0.000 (0.007)	Loss 0.0814 (0.1364)	Prec@1 97.656 (95.236)
Epoch: [48][100/391]	Time 0.322 (0.332)	Data 0.000 (0.004)	Loss 0.1154 (0.1376)	Prec@1 95.312 (95.220)
Epoch: [48][150/391]	Time 0.329 (0.331)	Data 0.000 (0.003)	Loss 0.1727 (0.1393)	Prec@1 95.312 (95.152)
Epoch: [48][200/391]	Time 0.333 (0.331)	Data 0.000 (0.003)	Loss 0.1738 (0.1412)	Prec@1 94.531 (95.009)
Epoch: [48][250/391]	Time 0.331 (0.331)	Data 0.004 (0.002)	Loss 0.1498 (0.1428)	Prec@1 95.312 (94.948)
Epoch: [48][300/391]	Time 0.332 (0.331)	Data 0.000 (0.002)	Loss 0.1527 (0.1446)	Prec@1 94.531 (94.863)
Epoch: [48][350/391]	Time 0.263 (0.327)	Data 0.015 (0.002)	Loss 0.1063 (0.1449)	Prec@1 95.312 (94.823)
Test: [0/79]	Time 0.326 (0.326)	Loss 0.2735 (0.2735)	Prec@1 92.188 (92.188)
Test: [50/79]	Time 0.092 (0.094)	Loss 0.7112 (0.4459)	Prec@1 82.812 (87.347)
 * Prec@1 87.160
current lr 1.00000e-02
Epoch: [49][0/391]	Time 0.586 (0.586)	Data 0.269 (0.269)	Loss 0.1034 (0.1034)	Prec@1 97.656 (97.656)
Epoch: [49][50/391]	Time 0.329 (0.336)	Data 0.000 (0.006)	Loss 0.2220 (0.1246)	Prec@1 92.188 (95.588)
Epoch: [49][100/391]	Time 0.333 (0.330)	Data 0.000 (0.004)	Loss 0.0881 (0.1282)	Prec@1 96.875 (95.374)
Epoch: [49][150/391]	Time 0.326 (0.331)	Data 0.000 (0.003)	Loss 0.1577 (0.1307)	Prec@1 92.969 (95.318)
Epoch: [49][200/391]	Time 0.331 (0.331)	Data 0.000 (0.002)	Loss 0.0714 (0.1320)	Prec@1 97.656 (95.289)
Epoch: [49][250/391]	Time 0.332 (0.331)	Data 0.000 (0.002)	Loss 0.1530 (0.1339)	Prec@1 96.094 (95.232)
Epoch: [49][300/391]	Time 0.303 (0.330)	Data 0.000 (0.002)	Loss 0.1332 (0.1382)	Prec@1 95.312 (95.115)
Epoch: [49][350/391]	Time 0.331 (0.327)	Data 0.000 (0.002)	Loss 0.1379 (0.1408)	Prec@1 92.188 (94.990)
Test: [0/79]	Time 0.358 (0.358)	Loss 0.2411 (0.2411)	Prec@1 92.188 (92.188)
Test: [50/79]	Time 0.089 (0.095)	Loss 0.7556 (0.4619)	Prec@1 81.250 (87.408)
 * Prec@1 87.650
current lr 1.00000e-02
Epoch: [50][0/391]	Time 0.667 (0.667)	Data 0.340 (0.340)	Loss 0.0723 (0.0723)	Prec@1 97.656 (97.656)
Epoch: [50][50/391]	Time 0.331 (0.337)	Data 0.000 (0.007)	Loss 0.1272 (0.1106)	Prec@1 94.531 (95.987)
Epoch: [50][100/391]	Time 0.328 (0.331)	Data 0.000 (0.005)	Loss 0.1239 (0.1254)	Prec@1 93.750 (95.336)
Epoch: [50][150/391]	Time 0.330 (0.331)	Data 0.001 (0.003)	Loss 0.1324 (0.1260)	Prec@1 94.531 (95.421)
Epoch: [50][200/391]	Time 0.332 (0.331)	Data 0.000 (0.003)	Loss 0.1163 (0.1266)	Prec@1 96.094 (95.429)
Epoch: [50][250/391]	Time 0.332 (0.331)	Data 0.000 (0.002)	Loss 0.2222 (0.1305)	Prec@1 91.406 (95.263)
Epoch: [50][300/391]	Time 0.314 (0.327)	Data 0.000 (0.002)	Loss 0.0930 (0.1325)	Prec@1 97.656 (95.214)
Epoch: [50][350/391]	Time 0.329 (0.327)	Data 0.000 (0.002)	Loss 0.1310 (0.1357)	Prec@1 95.312 (95.074)
Test: [0/79]	Time 0.355 (0.355)	Loss 0.2816 (0.2816)	Prec@1 91.406 (91.406)
Test: [50/79]	Time 0.098 (0.095)	Loss 0.7177 (0.4876)	Prec@1 81.250 (86.872)
 * Prec@1 86.660
current lr 1.00000e-02
Epoch: [51][0/391]	Time 0.592 (0.592)	Data 0.243 (0.243)	Loss 0.2288 (0.2288)	Prec@1 92.188 (92.188)
Epoch: [51][50/391]	Time 0.322 (0.335)	Data 0.000 (0.005)	Loss 0.1605 (0.1259)	Prec@1 94.531 (95.527)
Epoch: [51][100/391]	Time 0.331 (0.331)	Data 0.000 (0.003)	Loss 0.1663 (0.1187)	Prec@1 94.531 (95.784)
Epoch: [51][150/391]	Time 0.328 (0.331)	Data 0.000 (0.003)	Loss 0.1372 (0.1190)	Prec@1 96.094 (95.794)
Epoch: [51][200/391]	Time 0.341 (0.331)	Data 0.015 (0.002)	Loss 0.1050 (0.1196)	Prec@1 94.531 (95.736)
Epoch: [51][250/391]	Time 0.256 (0.328)	Data 0.002 (0.002)	Loss 0.1687 (0.1198)	Prec@1 92.188 (95.670)
Epoch: [51][300/391]	Time 0.328 (0.326)	Data 0.000 (0.002)	Loss 0.0671 (0.1237)	Prec@1 96.875 (95.549)
Epoch: [51][350/391]	Time 0.335 (0.327)	Data 0.000 (0.002)	Loss 0.1347 (0.1269)	Prec@1 94.531 (95.433)
Test: [0/79]	Time 0.321 (0.321)	Loss 0.3301 (0.3301)	Prec@1 89.844 (89.844)
Test: [50/79]	Time 0.089 (0.094)	Loss 0.7882 (0.5345)	Prec@1 78.906 (86.351)
 * Prec@1 86.260
current lr 1.00000e-02
Epoch: [52][0/391]	Time 0.646 (0.646)	Data 0.278 (0.278)	Loss 0.0901 (0.0901)	Prec@1 97.656 (97.656)
Epoch: [52][50/391]	Time 0.334 (0.332)	Data 0.000 (0.006)	Loss 0.1333 (0.1244)	Prec@1 96.094 (95.573)
Epoch: [52][100/391]	Time 0.335 (0.332)	Data 0.000 (0.004)	Loss 0.1228 (0.1276)	Prec@1 94.531 (95.382)
Epoch: [52][150/391]	Time 0.330 (0.332)	Data 0.000 (0.003)	Loss 0.1164 (0.1256)	Prec@1 95.312 (95.442)
Epoch: [52][200/391]	Time 0.292 (0.331)	Data 0.000 (0.002)	Loss 0.1533 (0.1263)	Prec@1 96.094 (95.410)
Epoch: [52][250/391]	Time 0.326 (0.326)	Data 0.000 (0.002)	Loss 0.0481 (0.1275)	Prec@1 98.438 (95.356)
Epoch: [52][300/391]	Time 0.329 (0.326)	Data 0.000 (0.002)	Loss 0.1023 (0.1302)	Prec@1 98.438 (95.320)
Epoch: [52][350/391]	Time 0.328 (0.327)	Data 0.000 (0.002)	Loss 0.0817 (0.1308)	Prec@1 96.875 (95.337)
Test: [0/79]	Time 0.358 (0.358)	Loss 0.3507 (0.3507)	Prec@1 87.500 (87.500)
Test: [50/79]	Time 0.087 (0.095)	Loss 0.8736 (0.5192)	Prec@1 82.031 (86.749)
 * Prec@1 86.970
current lr 1.00000e-02
Epoch: [53][0/391]	Time 0.696 (0.696)	Data 0.356 (0.356)	Loss 0.0736 (0.0736)	Prec@1 96.875 (96.875)
Epoch: [53][50/391]	Time 0.329 (0.332)	Data 0.000 (0.007)	Loss 0.1429 (0.1137)	Prec@1 94.531 (96.262)
Epoch: [53][100/391]	Time 0.333 (0.332)	Data 0.000 (0.004)	Loss 0.1405 (0.1111)	Prec@1 93.750 (96.171)
Epoch: [53][150/391]	Time 0.334 (0.332)	Data 0.000 (0.003)	Loss 0.1277 (0.1164)	Prec@1 95.312 (95.959)
Epoch: [53][200/391]	Time 0.332 (0.326)	Data 0.000 (0.003)	Loss 0.1329 (0.1192)	Prec@1 95.312 (95.798)
Epoch: [53][250/391]	Time 0.329 (0.325)	Data 0.000 (0.002)	Loss 0.1116 (0.1195)	Prec@1 96.875 (95.782)
Epoch: [53][300/391]	Time 0.334 (0.326)	Data 0.000 (0.002)	Loss 0.1820 (0.1213)	Prec@1 93.750 (95.725)
Epoch: [53][350/391]	Time 0.332 (0.327)	Data 0.000 (0.002)	Loss 0.1597 (0.1217)	Prec@1 94.531 (95.680)
Test: [0/79]	Time 0.332 (0.332)	Loss 0.4312 (0.4312)	Prec@1 89.844 (89.844)
Test: [50/79]	Time 0.089 (0.095)	Loss 0.8257 (0.5611)	Prec@1 84.375 (86.075)
 * Prec@1 86.170
current lr 1.00000e-02
Epoch: [54][0/391]	Time 0.559 (0.559)	Data 0.253 (0.253)	Loss 0.1127 (0.1127)	Prec@1 95.312 (95.312)
Epoch: [54][50/391]	Time 0.333 (0.331)	Data 0.000 (0.007)	Loss 0.1762 (0.1193)	Prec@1 93.750 (95.695)
Epoch: [54][100/391]	Time 0.331 (0.331)	Data 0.000 (0.004)	Loss 0.1059 (0.1203)	Prec@1 96.094 (95.622)
Epoch: [54][150/391]	Time 0.286 (0.327)	Data 0.000 (0.003)	Loss 0.1078 (0.1202)	Prec@1 96.094 (95.618)
Epoch: [54][200/391]	Time 0.320 (0.325)	Data 0.000 (0.003)	Loss 0.2205 (0.1211)	Prec@1 92.969 (95.581)
Epoch: [54][250/391]	Time 0.341 (0.326)	Data 0.011 (0.002)	Loss 0.0744 (0.1218)	Prec@1 97.656 (95.540)
Epoch: [54][300/391]	Time 0.329 (0.327)	Data 0.000 (0.002)	Loss 0.1859 (0.1220)	Prec@1 92.969 (95.551)
Epoch: [54][350/391]	Time 0.332 (0.327)	Data 0.000 (0.002)	Loss 0.1601 (0.1232)	Prec@1 93.750 (95.499)
Test: [0/79]	Time 0.365 (0.365)	Loss 0.3464 (0.3464)	Prec@1 89.062 (89.062)
Test: [50/79]	Time 0.087 (0.094)	Loss 0.6046 (0.4836)	Prec@1 86.719 (87.209)
 * Prec@1 87.240
current lr 1.00000e-02
Epoch: [55][0/391]	Time 0.646 (0.646)	Data 0.304 (0.304)	Loss 0.1493 (0.1493)	Prec@1 92.969 (92.969)
Epoch: [55][50/391]	Time 0.330 (0.335)	Data 0.000 (0.007)	Loss 0.1180 (0.1141)	Prec@1 96.094 (95.971)
Epoch: [55][100/391]	Time 0.325 (0.332)	Data 0.000 (0.004)	Loss 0.0968 (0.1187)	Prec@1 96.094 (95.831)
Epoch: [55][150/391]	Time 0.332 (0.326)	Data 0.000 (0.003)	Loss 0.1685 (0.1178)	Prec@1 92.969 (95.825)
Epoch: [55][200/391]	Time 0.333 (0.326)	Data 0.000 (0.002)	Loss 0.0834 (0.1182)	Prec@1 96.875 (95.806)
Epoch: [55][250/391]	Time 0.332 (0.327)	Data 0.000 (0.002)	Loss 0.1831 (0.1191)	Prec@1 94.531 (95.733)
Epoch: [55][300/391]	Time 0.330 (0.328)	Data 0.000 (0.002)	Loss 0.1433 (0.1203)	Prec@1 93.750 (95.689)
Epoch: [55][350/391]	Time 0.330 (0.328)	Data 0.000 (0.002)	Loss 0.1852 (0.1214)	Prec@1 94.531 (95.673)
Test: [0/79]	Time 0.382 (0.382)	Loss 0.5085 (0.5085)	Prec@1 86.719 (86.719)
Test: [50/79]	Time 0.078 (0.092)	Loss 0.8429 (0.6827)	Prec@1 86.719 (84.467)
 * Prec@1 84.340
current lr 1.00000e-02
Epoch: [56][0/391]	Time 0.609 (0.609)	Data 0.287 (0.287)	Loss 0.1208 (0.1208)	Prec@1 96.094 (96.094)
Epoch: [56][50/391]	Time 0.330 (0.337)	Data 0.000 (0.007)	Loss 0.1230 (0.1263)	Prec@1 93.750 (95.404)
Epoch: [56][100/391]	Time 0.332 (0.321)	Data 0.000 (0.004)	Loss 0.1217 (0.1254)	Prec@1 96.094 (95.452)
Epoch: [56][150/391]	Time 0.320 (0.323)	Data 0.002 (0.003)	Loss 0.1090 (0.1233)	Prec@1 96.094 (95.431)
Epoch: [56][200/391]	Time 0.332 (0.324)	Data 0.000 (0.002)	Loss 0.1038 (0.1206)	Prec@1 96.094 (95.546)
Epoch: [56][250/391]	Time 0.327 (0.326)	Data 0.000 (0.002)	Loss 0.1931 (0.1207)	Prec@1 95.312 (95.558)
Epoch: [56][300/391]	Time 0.329 (0.327)	Data 0.000 (0.002)	Loss 0.0996 (0.1196)	Prec@1 96.875 (95.598)
Epoch: [56][350/391]	Time 0.331 (0.327)	Data 0.000 (0.002)	Loss 0.1418 (0.1197)	Prec@1 96.094 (95.584)
Test: [0/79]	Time 0.309 (0.309)	Loss 0.3243 (0.3243)	Prec@1 92.188 (92.188)
Test: [50/79]	Time 0.100 (0.094)	Loss 0.5639 (0.5185)	Prec@1 85.156 (87.040)
 * Prec@1 87.270
current lr 1.00000e-02
Epoch: [57][0/391]	Time 0.604 (0.604)	Data 0.273 (0.273)	Loss 0.1601 (0.1601)	Prec@1 92.969 (92.969)
Epoch: [57][50/391]	Time 0.292 (0.325)	Data 0.000 (0.007)	Loss 0.0977 (0.1102)	Prec@1 96.875 (95.910)
Epoch: [57][100/391]	Time 0.332 (0.323)	Data 0.000 (0.004)	Loss 0.1045 (0.1074)	Prec@1 96.094 (96.016)
Epoch: [57][150/391]	Time 0.331 (0.324)	Data 0.000 (0.003)	Loss 0.0801 (0.1067)	Prec@1 96.875 (96.135)
Epoch: [57][200/391]	Time 0.326 (0.326)	Data 0.000 (0.003)	Loss 0.1800 (0.1050)	Prec@1 95.312 (96.179)
Epoch: [57][250/391]	Time 0.332 (0.327)	Data 0.000 (0.002)	Loss 0.1170 (0.1079)	Prec@1 95.312 (96.031)
Epoch: [57][300/391]	Time 0.330 (0.328)	Data 0.000 (0.002)	Loss 0.0991 (0.1090)	Prec@1 96.094 (96.034)
Epoch: [57][350/391]	Time 0.334 (0.328)	Data 0.000 (0.002)	Loss 0.1373 (0.1096)	Prec@1 93.750 (95.978)
Test: [0/79]	Time 0.339 (0.339)	Loss 0.3329 (0.3329)	Prec@1 88.281 (88.281)
Test: [50/79]	Time 0.084 (0.095)	Loss 0.7504 (0.5069)	Prec@1 85.156 (87.423)
 * Prec@1 87.320
current lr 1.00000e-02
Epoch: [58][0/391]	Time 0.659 (0.659)	Data 0.365 (0.365)	Loss 0.0794 (0.0794)	Prec@1 96.875 (96.875)
Epoch: [58][50/391]	Time 0.342 (0.313)	Data 0.013 (0.009)	Loss 0.0778 (0.1039)	Prec@1 96.094 (96.385)
Epoch: [58][100/391]	Time 0.322 (0.321)	Data 0.000 (0.005)	Loss 0.1132 (0.1061)	Prec@1 97.656 (96.233)
Epoch: [58][150/391]	Time 0.332 (0.323)	Data 0.000 (0.004)	Loss 0.0888 (0.1048)	Prec@1 96.094 (96.249)
Epoch: [58][200/391]	Time 0.333 (0.325)	Data 0.000 (0.003)	Loss 0.0666 (0.1066)	Prec@1 97.656 (96.195)
