['resnet110', 'resnet1202', 'resnet20', 'resnet32', 'resnet44', 'resnet56']
Files already downloaded and verified
current lr 1.00000e-02
Epoch: [0][0/391]	Time 2.289 (2.289)	Data 0.498 (0.498)	Loss 5.6616 (5.6616)	Prec@1 13.281 (13.281)
Epoch: [0][50/391]	Time 0.304 (0.342)	Data 0.000 (0.011)	Loss 2.1171 (2.7790)	Prec@1 25.781 (18.214)
Epoch: [0][100/391]	Time 0.311 (0.325)	Data 0.000 (0.007)	Loss 1.8846 (2.4044)	Prec@1 28.906 (22.416)
Epoch: [0][150/391]	Time 0.304 (0.319)	Data 0.000 (0.005)	Loss 1.7626 (2.2220)	Prec@1 31.250 (25.869)
Epoch: [0][200/391]	Time 0.304 (0.315)	Data 0.000 (0.004)	Loss 1.7975 (2.1013)	Prec@1 34.375 (28.665)
Epoch: [0][250/391]	Time 0.304 (0.313)	Data 0.000 (0.003)	Loss 1.6102 (2.0147)	Prec@1 37.500 (30.976)
Epoch: [0][300/391]	Time 0.304 (0.312)	Data 0.000 (0.003)	Loss 1.8474 (1.9483)	Prec@1 32.812 (32.571)
Epoch: [0][350/391]	Time 0.305 (0.311)	Data 0.000 (0.003)	Loss 1.7347 (1.8924)	Prec@1 39.062 (34.186)
Test: [0/79]	Time 0.265 (0.265)	Loss 1.5403 (1.5403)	Prec@1 46.875 (46.875)
Test: [50/79]	Time 0.063 (0.063)	Loss 1.5470 (1.5912)	Prec@1 42.969 (43.199)
 * Prec@1 42.760
current lr 1.00000e-02
Epoch: [1][0/391]	Time 0.610 (0.610)	Data 0.331 (0.331)	Loss 1.6445 (1.6445)	Prec@1 45.312 (45.312)
Epoch: [1][50/391]	Time 0.306 (0.294)	Data 0.000 (0.007)	Loss 1.2855 (1.4456)	Prec@1 57.812 (47.672)
Epoch: [1][100/391]	Time 0.298 (0.299)	Data 0.000 (0.004)	Loss 1.4085 (1.4326)	Prec@1 47.656 (48.105)
Epoch: [1][150/391]	Time 0.302 (0.301)	Data 0.000 (0.003)	Loss 1.4718 (1.4135)	Prec@1 43.750 (48.593)
Epoch: [1][200/391]	Time 0.300 (0.303)	Data 0.000 (0.003)	Loss 1.4162 (1.3993)	Prec@1 47.656 (49.285)
Epoch: [1][250/391]	Time 0.309 (0.303)	Data 0.000 (0.002)	Loss 1.2333 (1.3881)	Prec@1 53.125 (49.807)
Epoch: [1][300/391]	Time 0.310 (0.304)	Data 0.000 (0.002)	Loss 1.1295 (1.3694)	Prec@1 56.250 (50.402)
Epoch: [1][350/391]	Time 0.306 (0.304)	Data 0.000 (0.002)	Loss 1.2321 (1.3502)	Prec@1 57.031 (51.082)
Test: [0/79]	Time 0.294 (0.294)	Loss 1.0254 (1.0254)	Prec@1 68.750 (68.750)
Test: [50/79]	Time 0.072 (0.077)	Loss 1.2749 (1.1895)	Prec@1 56.250 (57.292)
 * Prec@1 56.930
current lr 1.00000e-02
Epoch: [2][0/391]	Time 0.574 (0.574)	Data 0.273 (0.273)	Loss 1.2167 (1.2167)	Prec@1 54.688 (54.688)
Epoch: [2][50/391]	Time 0.299 (0.292)	Data 0.000 (0.007)	Loss 0.9850 (1.2001)	Prec@1 64.062 (56.633)
Epoch: [2][100/391]	Time 0.305 (0.297)	Data 0.000 (0.004)	Loss 1.2223 (1.1970)	Prec@1 53.125 (56.977)
Epoch: [2][150/391]	Time 0.308 (0.300)	Data 0.000 (0.003)	Loss 1.2310 (1.1980)	Prec@1 55.469 (56.990)
Epoch: [2][200/391]	Time 0.306 (0.301)	Data 0.000 (0.002)	Loss 1.2702 (1.1840)	Prec@1 57.812 (57.459)
Epoch: [2][250/391]	Time 0.304 (0.302)	Data 0.001 (0.002)	Loss 1.0642 (1.1747)	Prec@1 57.031 (57.809)
Epoch: [2][300/391]	Time 0.316 (0.303)	Data 0.001 (0.002)	Loss 1.1612 (1.1644)	Prec@1 53.125 (58.080)
Epoch: [2][350/391]	Time 0.307 (0.303)	Data 0.000 (0.002)	Loss 1.0996 (1.1563)	Prec@1 57.031 (58.498)
Test: [0/79]	Time 0.339 (0.339)	Loss 1.0052 (1.0052)	Prec@1 65.625 (65.625)
Test: [50/79]	Time 0.073 (0.075)	Loss 1.2798 (1.1627)	Prec@1 61.719 (59.835)
 * Prec@1 59.360
current lr 1.00000e-02
Epoch: [3][0/391]	Time 0.618 (0.618)	Data 0.338 (0.338)	Loss 1.0079 (1.0079)	Prec@1 60.156 (60.156)
Epoch: [3][50/391]	Time 0.306 (0.294)	Data 0.000 (0.007)	Loss 1.3853 (1.0435)	Prec@1 52.344 (63.618)
Epoch: [3][100/391]	Time 0.305 (0.296)	Data 0.000 (0.004)	Loss 0.7871 (1.0282)	Prec@1 73.438 (63.660)
Epoch: [3][150/391]	Time 0.307 (0.299)	Data 0.000 (0.003)	Loss 1.0859 (1.0221)	Prec@1 60.156 (63.752)
Epoch: [3][200/391]	Time 0.305 (0.301)	Data 0.000 (0.002)	Loss 0.9805 (1.0179)	Prec@1 65.625 (63.837)
Epoch: [3][250/391]	Time 0.304 (0.302)	Data 0.000 (0.002)	Loss 1.0225 (1.0141)	Prec@1 67.188 (64.028)
Epoch: [3][300/391]	Time 0.308 (0.302)	Data 0.000 (0.002)	Loss 0.8555 (1.0103)	Prec@1 74.219 (64.200)
Epoch: [3][350/391]	Time 0.306 (0.303)	Data 0.000 (0.002)	Loss 0.8155 (1.0051)	Prec@1 68.750 (64.401)
Test: [0/79]	Time 0.330 (0.330)	Loss 1.0782 (1.0782)	Prec@1 60.938 (60.938)
Test: [50/79]	Time 0.068 (0.077)	Loss 1.3942 (1.2648)	Prec@1 57.031 (57.935)
 * Prec@1 57.490
current lr 1.00000e-02
Epoch: [4][0/391]	Time 0.584 (0.584)	Data 0.289 (0.289)	Loss 1.0033 (1.0033)	Prec@1 61.719 (61.719)
Epoch: [4][50/391]	Time 0.296 (0.302)	Data 0.000 (0.008)	Loss 0.9265 (0.9486)	Prec@1 67.969 (66.345)
Epoch: [4][100/391]	Time 0.304 (0.301)	Data 0.000 (0.005)	Loss 0.9639 (0.9359)	Prec@1 67.188 (66.507)
Epoch: [4][150/391]	Time 0.306 (0.301)	Data 0.000 (0.003)	Loss 0.8658 (0.9240)	Prec@1 70.312 (67.208)
Epoch: [4][200/391]	Time 0.307 (0.302)	Data 0.000 (0.003)	Loss 0.8557 (0.9159)	Prec@1 72.656 (67.553)
Epoch: [4][250/391]	Time 0.302 (0.303)	Data 0.000 (0.003)	Loss 0.7083 (0.9116)	Prec@1 75.000 (67.598)
Epoch: [4][300/391]	Time 0.307 (0.303)	Data 0.000 (0.002)	Loss 1.0533 (0.9075)	Prec@1 67.188 (67.834)
Epoch: [4][350/391]	Time 0.306 (0.304)	Data 0.000 (0.002)	Loss 0.7819 (0.9027)	Prec@1 78.125 (68.064)
Test: [0/79]	Time 0.283 (0.283)	Loss 0.9093 (0.9093)	Prec@1 64.844 (64.844)
Test: [50/79]	Time 0.072 (0.073)	Loss 1.1817 (1.0414)	Prec@1 57.812 (64.369)
 * Prec@1 64.070
current lr 1.00000e-02
Epoch: [5][0/391]	Time 0.628 (0.628)	Data 0.305 (0.305)	Loss 0.8621 (0.8621)	Prec@1 69.531 (69.531)
Epoch: [5][50/391]	Time 0.304 (0.304)	Data 0.000 (0.008)	Loss 0.9048 (0.8466)	Prec@1 67.969 (69.577)
Epoch: [5][100/391]	Time 0.305 (0.302)	Data 0.000 (0.004)	Loss 0.8077 (0.8317)	Prec@1 70.312 (70.243)
Epoch: [5][150/391]	Time 0.299 (0.302)	Data 0.000 (0.003)	Loss 0.9284 (0.8255)	Prec@1 68.750 (70.587)
Epoch: [5][200/391]	Time 0.303 (0.302)	Data 0.000 (0.003)	Loss 0.7861 (0.8291)	Prec@1 73.438 (70.550)
Epoch: [5][250/391]	Time 0.306 (0.303)	Data 0.000 (0.002)	Loss 0.8280 (0.8284)	Prec@1 71.875 (70.711)
Epoch: [5][300/391]	Time 0.308 (0.303)	Data 0.000 (0.002)	Loss 0.9783 (0.8174)	Prec@1 67.969 (71.143)
Epoch: [5][350/391]	Time 0.303 (0.303)	Data 0.001 (0.002)	Loss 0.6713 (0.8110)	Prec@1 77.344 (71.396)
Test: [0/79]	Time 0.339 (0.339)	Loss 0.8057 (0.8057)	Prec@1 74.219 (74.219)
Test: [50/79]	Time 0.070 (0.076)	Loss 0.9649 (0.8471)	Prec@1 66.406 (70.864)
 * Prec@1 71.370
current lr 1.00000e-02
Epoch: [6][0/391]	Time 0.577 (0.577)	Data 0.296 (0.296)	Loss 0.8473 (0.8473)	Prec@1 75.781 (75.781)
Epoch: [6][50/391]	Time 0.298 (0.305)	Data 0.000 (0.007)	Loss 0.6059 (0.7422)	Prec@1 76.562 (73.851)
Epoch: [6][100/391]	Time 0.297 (0.302)	Data 0.000 (0.004)	Loss 0.6208 (0.7468)	Prec@1 79.688 (73.863)
Epoch: [6][150/391]	Time 0.304 (0.302)	Data 0.000 (0.003)	Loss 0.5917 (0.7416)	Prec@1 81.250 (74.017)
Epoch: [6][200/391]	Time 0.255 (0.301)	Data 0.001 (0.002)	Loss 0.5707 (0.7335)	Prec@1 80.469 (74.215)
Epoch: [6][250/391]	Time 0.309 (0.302)	Data 0.000 (0.002)	Loss 0.6503 (0.7356)	Prec@1 75.000 (74.066)
Epoch: [6][300/391]	Time 0.304 (0.303)	Data 0.000 (0.002)	Loss 0.7252 (0.7349)	Prec@1 78.125 (74.151)
Epoch: [6][350/391]	Time 0.304 (0.303)	Data 0.000 (0.002)	Loss 0.6897 (0.7317)	Prec@1 75.000 (74.381)
Test: [0/79]	Time 0.409 (0.409)	Loss 0.6970 (0.6970)	Prec@1 75.781 (75.781)
Test: [50/79]	Time 0.070 (0.077)	Loss 0.8898 (0.7602)	Prec@1 72.656 (74.326)
 * Prec@1 74.620
current lr 1.00000e-02
Epoch: [7][0/391]	Time 0.633 (0.633)	Data 0.337 (0.337)	Loss 0.5482 (0.5482)	Prec@1 81.250 (81.250)
Epoch: [7][50/391]	Time 0.295 (0.307)	Data 0.000 (0.008)	Loss 0.5856 (0.6565)	Prec@1 79.688 (77.436)
Epoch: [7][100/391]	Time 0.306 (0.304)	Data 0.000 (0.004)	Loss 0.7734 (0.6777)	Prec@1 69.531 (76.624)
Epoch: [7][150/391]	Time 0.319 (0.302)	Data 0.000 (0.003)	Loss 0.6608 (0.6788)	Prec@1 77.344 (76.547)
Epoch: [7][200/391]	Time 0.317 (0.303)	Data 0.000 (0.003)	Loss 0.6944 (0.6771)	Prec@1 77.344 (76.702)
Epoch: [7][250/391]	Time 0.304 (0.302)	Data 0.006 (0.003)	Loss 0.5723 (0.6761)	Prec@1 82.812 (76.762)
Epoch: [7][300/391]	Time 0.308 (0.303)	Data 0.000 (0.002)	Loss 0.7094 (0.6756)	Prec@1 75.000 (76.679)
Epoch: [7][350/391]	Time 0.307 (0.303)	Data 0.000 (0.002)	Loss 0.6807 (0.6774)	Prec@1 75.781 (76.574)
Test: [0/79]	Time 0.355 (0.355)	Loss 0.6596 (0.6596)	Prec@1 75.781 (75.781)
Test: [50/79]	Time 0.072 (0.076)	Loss 0.9610 (0.7704)	Prec@1 73.438 (73.912)
 * Prec@1 74.140
current lr 1.00000e-02
Epoch: [8][0/391]	Time 0.677 (0.677)	Data 0.370 (0.370)	Loss 0.5669 (0.5669)	Prec@1 77.344 (77.344)
Epoch: [8][50/391]	Time 0.302 (0.310)	Data 0.000 (0.009)	Loss 0.8950 (0.6443)	Prec@1 74.219 (77.711)
Epoch: [8][100/391]	Time 0.304 (0.305)	Data 0.000 (0.005)	Loss 0.6097 (0.6393)	Prec@1 75.000 (77.506)
Epoch: [8][150/391]	Time 0.304 (0.304)	Data 0.000 (0.004)	Loss 0.5433 (0.6475)	Prec@1 82.812 (77.370)
Epoch: [8][200/391]	Time 0.304 (0.304)	Data 0.000 (0.003)	Loss 0.7036 (0.6467)	Prec@1 76.562 (77.371)
Epoch: [8][250/391]	Time 0.300 (0.304)	Data 0.000 (0.002)	Loss 0.7148 (0.6400)	Prec@1 78.906 (77.636)
Epoch: [8][300/391]	Time 0.305 (0.304)	Data 0.000 (0.002)	Loss 0.6228 (0.6407)	Prec@1 82.031 (77.627)
Epoch: [8][350/391]	Time 0.309 (0.304)	Data 0.000 (0.002)	Loss 0.5818 (0.6364)	Prec@1 77.344 (77.816)
Test: [0/79]	Time 0.321 (0.321)	Loss 0.6113 (0.6113)	Prec@1 75.000 (75.000)
Test: [50/79]	Time 0.087 (0.078)	Loss 0.9256 (0.7350)	Prec@1 79.688 (75.888)
 * Prec@1 75.960
current lr 1.00000e-02
Epoch: [9][0/391]	Time 0.600 (0.600)	Data 0.305 (0.305)	Loss 0.5619 (0.5619)	Prec@1 78.906 (78.906)
Epoch: [9][50/391]	Time 0.305 (0.309)	Data 0.000 (0.007)	Loss 0.5437 (0.5932)	Prec@1 75.000 (78.830)
Epoch: [9][100/391]	Time 0.307 (0.305)	Data 0.000 (0.004)	Loss 0.5850 (0.5826)	Prec@1 79.688 (79.378)
Epoch: [9][150/391]	Time 0.303 (0.305)	Data 0.012 (0.003)	Loss 0.5294 (0.5888)	Prec@1 81.250 (79.506)
Epoch: [9][200/391]	Time 0.306 (0.304)	Data 0.000 (0.003)	Loss 0.6258 (0.5911)	Prec@1 78.906 (79.458)
Epoch: [9][250/391]	Time 0.305 (0.304)	Data 0.000 (0.002)	Loss 0.5752 (0.5937)	Prec@1 78.125 (79.423)
Epoch: [9][300/391]	Time 0.293 (0.304)	Data 0.000 (0.002)	Loss 0.5976 (0.5909)	Prec@1 79.688 (79.449)
Epoch: [9][350/391]	Time 0.308 (0.304)	Data 0.000 (0.002)	Loss 0.4976 (0.5924)	Prec@1 82.031 (79.400)
Test: [0/79]	Time 0.291 (0.291)	Loss 0.6129 (0.6129)	Prec@1 80.469 (80.469)
Test: [50/79]	Time 0.065 (0.076)	Loss 0.6519 (0.6139)	Prec@1 78.906 (79.642)
 * Prec@1 79.530
current lr 1.00000e-02
Epoch: [10][0/391]	Time 0.562 (0.562)	Data 0.278 (0.278)	Loss 0.5678 (0.5678)	Prec@1 82.031 (82.031)
Epoch: [10][50/391]	Time 0.306 (0.309)	Data 0.000 (0.007)	Loss 0.6654 (0.5682)	Prec@1 77.344 (79.979)
Epoch: [10][100/391]	Time 0.305 (0.304)	Data 0.000 (0.004)	Loss 0.5458 (0.5494)	Prec@1 79.688 (80.639)
Epoch: [10][150/391]	Time 0.304 (0.304)	Data 0.000 (0.003)	Loss 0.5504 (0.5486)	Prec@1 81.250 (80.872)
Epoch: [10][200/391]	Time 0.327 (0.303)	Data 0.019 (0.003)	Loss 0.5209 (0.5465)	Prec@1 78.125 (81.013)
Epoch: [10][250/391]	Time 0.304 (0.304)	Data 0.000 (0.002)	Loss 0.4168 (0.5510)	Prec@1 81.250 (80.764)
Epoch: [10][300/391]	Time 0.305 (0.304)	Data 0.000 (0.002)	Loss 0.5453 (0.5532)	Prec@1 81.250 (80.731)
Epoch: [10][350/391]	Time 0.307 (0.303)	Data 0.000 (0.002)	Loss 0.6614 (0.5582)	Prec@1 76.562 (80.560)
Test: [0/79]	Time 0.319 (0.319)	Loss 0.5531 (0.5531)	Prec@1 80.469 (80.469)
Test: [50/79]	Time 0.069 (0.078)	Loss 0.7661 (0.6350)	Prec@1 78.906 (79.059)
 * Prec@1 79.010
current lr 1.00000e-02
Epoch: [11][0/391]	Time 0.597 (0.597)	Data 0.295 (0.295)	Loss 0.4143 (0.4143)	Prec@1 85.938 (85.938)
Epoch: [11][50/391]	Time 0.307 (0.308)	Data 0.000 (0.006)	Loss 0.4780 (0.5322)	Prec@1 82.031 (81.419)
Epoch: [11][100/391]	Time 0.301 (0.303)	Data 0.004 (0.004)	Loss 0.4757 (0.5185)	Prec@1 84.375 (82.008)
Epoch: [11][150/391]	Time 0.308 (0.304)	Data 0.000 (0.003)	Loss 0.5443 (0.5233)	Prec@1 82.812 (81.824)
Epoch: [11][200/391]	Time 0.300 (0.303)	Data 0.000 (0.002)	Loss 0.5064 (0.5280)	Prec@1 82.031 (81.611)
Epoch: [11][250/391]	Time 0.306 (0.303)	Data 0.000 (0.002)	Loss 0.4195 (0.5319)	Prec@1 85.938 (81.611)
Epoch: [11][300/391]	Time 0.303 (0.303)	Data 0.000 (0.002)	Loss 0.6816 (0.5297)	Prec@1 75.000 (81.621)
Epoch: [11][350/391]	Time 0.310 (0.304)	Data 0.000 (0.002)	Loss 0.6159 (0.5268)	Prec@1 76.562 (81.711)
Test: [0/79]	Time 0.355 (0.355)	Loss 0.6115 (0.6115)	Prec@1 81.250 (81.250)
Test: [50/79]	Time 0.097 (0.077)	Loss 0.8006 (0.6491)	Prec@1 76.562 (78.294)
 * Prec@1 78.400
current lr 1.00000e-02
Epoch: [12][0/391]	Time 0.645 (0.645)	Data 0.297 (0.297)	Loss 0.4540 (0.4540)	Prec@1 86.719 (86.719)
Epoch: [12][50/391]	Time 0.306 (0.310)	Data 0.000 (0.007)	Loss 0.5541 (0.4934)	Prec@1 82.031 (82.904)
Epoch: [12][100/391]	Time 0.299 (0.306)	Data 0.000 (0.004)	Loss 0.4912 (0.4947)	Prec@1 82.812 (82.874)
Epoch: [12][150/391]	Time 0.317 (0.305)	Data 0.014 (0.003)	Loss 0.4139 (0.4970)	Prec@1 84.375 (82.844)
Epoch: [12][200/391]	Time 0.305 (0.305)	Data 0.000 (0.002)	Loss 0.6568 (0.4972)	Prec@1 78.906 (82.809)
Epoch: [12][250/391]	Time 0.306 (0.304)	Data 0.000 (0.002)	Loss 0.4789 (0.4965)	Prec@1 83.594 (82.884)
Epoch: [12][300/391]	Time 0.305 (0.304)	Data 0.000 (0.002)	Loss 0.4048 (0.4986)	Prec@1 85.938 (82.836)
Epoch: [12][350/391]	Time 0.308 (0.304)	Data 0.000 (0.002)	Loss 0.4786 (0.5007)	Prec@1 82.812 (82.699)
Test: [0/79]	Time 0.378 (0.378)	Loss 0.6699 (0.6699)	Prec@1 75.000 (75.000)
Test: [50/79]	Time 0.059 (0.076)	Loss 0.8417 (0.6513)	Prec@1 73.438 (78.477)
 * Prec@1 78.390
current lr 1.00000e-02
Epoch: [13][0/391]	Time 0.623 (0.623)	Data 0.358 (0.358)	Loss 0.3928 (0.3928)	Prec@1 83.594 (83.594)
Epoch: [13][50/391]	Time 0.305 (0.310)	Data 0.000 (0.009)	Loss 0.3897 (0.4792)	Prec@1 89.062 (82.858)
Epoch: [13][100/391]	Time 0.294 (0.306)	Data 0.000 (0.005)	Loss 0.4110 (0.4751)	Prec@1 82.812 (83.106)
Epoch: [13][150/391]	Time 0.303 (0.305)	Data 0.000 (0.004)	Loss 0.4463 (0.4747)	Prec@1 83.594 (83.283)
Epoch: [13][200/391]	Time 0.308 (0.305)	Data 0.000 (0.003)	Loss 0.4306 (0.4806)	Prec@1 83.594 (83.182)
Epoch: [13][250/391]	Time 0.306 (0.304)	Data 0.000 (0.003)	Loss 0.4973 (0.4752)	Prec@1 81.250 (83.289)
Epoch: [13][300/391]	Time 0.301 (0.304)	Data 0.000 (0.002)	Loss 0.3970 (0.4762)	Prec@1 85.156 (83.264)
Epoch: [13][350/391]	Time 0.306 (0.305)	Data 0.000 (0.002)	Loss 0.5182 (0.4772)	Prec@1 81.250 (83.273)
Test: [0/79]	Time 0.325 (0.325)	Loss 0.6307 (0.6307)	Prec@1 78.906 (78.906)
Test: [50/79]	Time 0.076 (0.076)	Loss 0.7894 (0.5777)	Prec@1 77.344 (81.710)
 * Prec@1 81.580
current lr 1.00000e-02
Epoch: [14][0/391]	Time 0.556 (0.556)	Data 0.284 (0.284)	Loss 0.4858 (0.4858)	Prec@1 85.156 (85.156)
Epoch: [14][50/391]	Time 0.310 (0.303)	Data 0.000 (0.007)	Loss 0.5376 (0.4596)	Prec@1 77.344 (83.732)
Epoch: [14][100/391]	Time 0.297 (0.303)	Data 0.000 (0.004)	Loss 0.3325 (0.4588)	Prec@1 88.281 (84.112)
Epoch: [14][150/391]	Time 0.305 (0.303)	Data 0.003 (0.003)	Loss 0.5218 (0.4507)	Prec@1 81.250 (84.292)
Epoch: [14][200/391]	Time 0.304 (0.304)	Data 0.000 (0.003)	Loss 0.3825 (0.4524)	Prec@1 87.500 (84.204)
Epoch: [14][250/391]	Time 0.300 (0.303)	Data 0.000 (0.002)	Loss 0.5148 (0.4480)	Prec@1 81.250 (84.369)
Epoch: [14][300/391]	Time 0.306 (0.304)	Data 0.000 (0.002)	Loss 0.6165 (0.4482)	Prec@1 76.562 (84.346)
Epoch: [14][350/391]	Time 0.303 (0.304)	Data 0.000 (0.002)	Loss 0.5384 (0.4484)	Prec@1 83.594 (84.322)
Test: [0/79]	Time 0.310 (0.310)	Loss 0.5068 (0.5068)	Prec@1 86.719 (86.719)
Test: [50/79]	Time 0.070 (0.075)	Loss 0.9064 (0.6488)	Prec@1 79.688 (79.504)
 * Prec@1 79.300
current lr 1.00000e-02
Epoch: [15][0/391]	Time 0.651 (0.651)	Data 0.369 (0.369)	Loss 0.5318 (0.5318)	Prec@1 81.250 (81.250)
Epoch: [15][50/391]	Time 0.300 (0.309)	Data 0.000 (0.009)	Loss 0.5067 (0.4316)	Prec@1 83.594 (84.804)
Epoch: [15][100/391]	Time 0.304 (0.305)	Data 0.000 (0.005)	Loss 0.3490 (0.4305)	Prec@1 88.281 (84.932)
Epoch: [15][150/391]	Time 0.306 (0.303)	Data 0.000 (0.004)	Loss 0.4493 (0.4367)	Prec@1 80.469 (84.737)
Epoch: [15][200/391]	Time 0.304 (0.304)	Data 0.004 (0.003)	Loss 0.6393 (0.4374)	Prec@1 79.688 (84.721)
Epoch: [15][250/391]	Time 0.306 (0.304)	Data 0.000 (0.003)	Loss 0.3036 (0.4369)	Prec@1 89.844 (84.720)
Epoch: [15][300/391]	Time 0.316 (0.304)	Data 0.000 (0.002)	Loss 0.2712 (0.4335)	Prec@1 89.062 (84.876)
Epoch: [15][350/391]	Time 0.305 (0.304)	Data 0.000 (0.002)	Loss 0.4542 (0.4379)	Prec@1 85.156 (84.742)
Test: [0/79]	Time 0.318 (0.318)	Loss 0.5444 (0.5444)	Prec@1 80.469 (80.469)
Test: [50/79]	Time 0.074 (0.075)	Loss 0.8306 (0.5265)	Prec@1 74.219 (82.537)
 * Prec@1 82.300
current lr 1.00000e-02
Epoch: [16][0/391]	Time 0.624 (0.624)	Data 0.289 (0.289)	Loss 0.5131 (0.5131)	Prec@1 85.156 (85.156)
Epoch: [16][50/391]	Time 0.307 (0.311)	Data 0.000 (0.008)	Loss 0.2290 (0.4071)	Prec@1 94.531 (85.754)
Epoch: [16][100/391]	Time 0.298 (0.307)	Data 0.000 (0.004)	Loss 0.3725 (0.4065)	Prec@1 82.812 (85.806)
Epoch: [16][150/391]	Time 0.336 (0.304)	Data 0.000 (0.003)	Loss 0.5137 (0.4111)	Prec@1 81.250 (85.720)
Epoch: [16][200/391]	Time 0.300 (0.304)	Data 0.000 (0.002)	Loss 0.3852 (0.4227)	Prec@1 85.938 (85.319)
Epoch: [16][250/391]	Time 0.305 (0.304)	Data 0.000 (0.002)	Loss 0.5344 (0.4242)	Prec@1 78.906 (85.240)
Epoch: [16][300/391]	Time 0.297 (0.304)	Data 0.000 (0.002)	Loss 0.4511 (0.4201)	Prec@1 84.375 (85.377)
Epoch: [16][350/391]	Time 0.304 (0.304)	Data 0.000 (0.002)	Loss 0.4188 (0.4213)	Prec@1 86.719 (85.337)
Test: [0/79]	Time 0.318 (0.318)	Loss 0.5206 (0.5206)	Prec@1 82.031 (82.031)
Test: [50/79]	Time 0.072 (0.075)	Loss 0.7869 (0.5931)	Prec@1 78.125 (81.817)
 * Prec@1 81.730
current lr 1.00000e-02
Epoch: [17][0/391]	Time 0.624 (0.624)	Data 0.342 (0.342)	Loss 0.5003 (0.5003)	Prec@1 85.156 (85.156)
Epoch: [17][50/391]	Time 0.318 (0.309)	Data 0.000 (0.007)	Loss 0.3214 (0.3942)	Prec@1 86.719 (86.305)
Epoch: [17][100/391]	Time 0.304 (0.307)	Data 0.000 (0.004)	Loss 0.5338 (0.3854)	Prec@1 80.469 (86.440)
Epoch: [17][150/391]	Time 0.305 (0.302)	Data 0.000 (0.003)	Loss 0.3201 (0.3816)	Prec@1 87.500 (86.641)
Epoch: [17][200/391]	Time 0.302 (0.303)	Data 0.000 (0.002)	Loss 0.2849 (0.3852)	Prec@1 89.062 (86.556)
Epoch: [17][250/391]	Time 0.303 (0.304)	Data 0.000 (0.002)	Loss 0.4411 (0.3909)	Prec@1 81.250 (86.383)
Epoch: [17][300/391]	Time 0.307 (0.304)	Data 0.000 (0.002)	Loss 0.4665 (0.3926)	Prec@1 83.594 (86.290)
Epoch: [17][350/391]	Time 0.306 (0.304)	Data 0.000 (0.002)	Loss 0.3894 (0.3948)	Prec@1 85.938 (86.138)
Test: [0/79]	Time 0.376 (0.376)	Loss 0.6464 (0.6464)	Prec@1 83.594 (83.594)
Test: [50/79]	Time 0.072 (0.078)	Loss 0.8952 (0.6345)	Prec@1 78.125 (81.403)
 * Prec@1 81.230
current lr 1.00000e-02
Epoch: [18][0/391]	Time 0.667 (0.667)	Data 0.379 (0.379)	Loss 0.5271 (0.5271)	Prec@1 80.469 (80.469)
Epoch: [18][50/391]	Time 0.302 (0.309)	Data 0.000 (0.008)	Loss 0.3885 (0.3844)	Prec@1 84.375 (86.290)
Epoch: [18][100/391]	Time 0.305 (0.308)	Data 0.000 (0.004)	Loss 0.4423 (0.3769)	Prec@1 85.156 (86.572)
Epoch: [18][150/391]	Time 0.246 (0.305)	Data 0.000 (0.003)	Loss 0.3607 (0.3835)	Prec@1 86.719 (86.445)
Epoch: [18][200/391]	Time 0.308 (0.304)	Data 0.011 (0.003)	Loss 0.4362 (0.3830)	Prec@1 81.250 (86.470)
Epoch: [18][250/391]	Time 0.314 (0.304)	Data 0.013 (0.002)	Loss 0.3295 (0.3816)	Prec@1 92.969 (86.513)
Epoch: [18][300/391]	Time 0.302 (0.304)	Data 0.000 (0.002)	Loss 0.4575 (0.3848)	Prec@1 83.594 (86.457)
Epoch: [18][350/391]	Time 0.301 (0.303)	Data 0.000 (0.002)	Loss 0.4339 (0.3845)	Prec@1 80.469 (86.403)
Test: [0/79]	Time 0.309 (0.309)	Loss 0.4372 (0.4372)	Prec@1 83.594 (83.594)
Test: [50/79]	Time 0.077 (0.075)	Loss 0.6972 (0.5682)	Prec@1 80.469 (81.725)
 * Prec@1 81.690
current lr 1.00000e-02
Epoch: [19][0/391]	Time 0.670 (0.670)	Data 0.341 (0.341)	Loss 0.4066 (0.4066)	Prec@1 84.375 (84.375)
Epoch: [19][50/391]	Time 0.303 (0.311)	Data 0.000 (0.008)	Loss 0.4142 (0.3568)	Prec@1 82.031 (87.669)
Epoch: [19][100/391]	Time 0.306 (0.309)	Data 0.000 (0.004)	Loss 0.5581 (0.3588)	Prec@1 78.125 (87.523)
Epoch: [19][150/391]	Time 0.297 (0.307)	Data 0.000 (0.003)	Loss 0.2474 (0.3678)	Prec@1 91.406 (87.159)
Epoch: [19][200/391]	Time 0.299 (0.305)	Data 0.000 (0.003)	Loss 0.4181 (0.3696)	Prec@1 86.719 (87.135)
Epoch: [19][250/391]	Time 0.305 (0.304)	Data 0.000 (0.002)	Loss 0.3059 (0.3696)	Prec@1 89.844 (87.114)
Epoch: [19][300/391]	Time 0.305 (0.305)	Data 0.000 (0.002)	Loss 0.3483 (0.3691)	Prec@1 89.844 (87.204)
Epoch: [19][350/391]	Time 0.308 (0.304)	Data 0.000 (0.002)	Loss 0.3697 (0.3731)	Prec@1 88.281 (87.066)
Test: [0/79]	Time 0.310 (0.310)	Loss 0.4817 (0.4817)	Prec@1 81.250 (81.250)
Test: [50/79]	Time 0.073 (0.076)	Loss 0.5954 (0.5243)	Prec@1 83.594 (82.782)
 * Prec@1 83.030
current lr 1.00000e-02
Epoch: [20][0/391]	Time 0.552 (0.552)	Data 0.274 (0.274)	Loss 0.3315 (0.3315)	Prec@1 89.062 (89.062)
Epoch: [20][50/391]	Time 0.301 (0.308)	Data 0.000 (0.007)	Loss 0.2849 (0.3486)	Prec@1 93.750 (87.638)
Epoch: [20][100/391]	Time 0.304 (0.307)	Data 0.000 (0.004)	Loss 0.3270 (0.3569)	Prec@1 87.500 (87.330)
Epoch: [20][150/391]	Time 0.293 (0.306)	Data 0.000 (0.003)	Loss 0.2497 (0.3523)	Prec@1 91.406 (87.655)
Epoch: [20][200/391]	Time 0.304 (0.305)	Data 0.000 (0.003)	Loss 0.2978 (0.3534)	Prec@1 90.625 (87.597)
Epoch: [20][250/391]	Time 0.304 (0.304)	Data 0.000 (0.002)	Loss 0.3290 (0.3520)	Prec@1 91.406 (87.596)
Epoch: [20][300/391]	Time 0.303 (0.304)	Data 0.000 (0.002)	Loss 0.3829 (0.3543)	Prec@1 84.375 (87.570)
Epoch: [20][350/391]	Time 0.305 (0.304)	Data 0.000 (0.002)	Loss 0.3914 (0.3568)	Prec@1 84.375 (87.464)
Test: [0/79]	Time 0.326 (0.326)	Loss 0.4532 (0.4532)	Prec@1 84.375 (84.375)
Test: [50/79]	Time 0.069 (0.076)	Loss 0.7644 (0.5487)	Prec@1 81.250 (82.874)
 * Prec@1 82.780
current lr 1.00000e-02
Epoch: [21][0/391]	Time 0.668 (0.668)	Data 0.357 (0.357)	Loss 0.3716 (0.3716)	Prec@1 85.156 (85.156)
Epoch: [21][50/391]	Time 0.304 (0.311)	Data 0.000 (0.007)	Loss 0.4419 (0.3313)	Prec@1 83.594 (88.710)
Epoch: [21][100/391]	Time 0.305 (0.308)	Data 0.000 (0.005)	Loss 0.2831 (0.3293)	Prec@1 89.062 (88.683)
Epoch: [21][150/391]	Time 0.305 (0.307)	Data 0.000 (0.004)	Loss 0.3544 (0.3320)	Prec@1 86.719 (88.566)
Epoch: [21][200/391]	Time 0.306 (0.306)	Data 0.000 (0.003)	Loss 0.4562 (0.3333)	Prec@1 85.938 (88.526)
Epoch: [21][250/391]	Time 0.303 (0.305)	Data 0.000 (0.003)	Loss 0.3108 (0.3400)	Prec@1 88.281 (88.175)
Epoch: [21][300/391]	Time 0.309 (0.304)	Data 0.000 (0.002)	Loss 0.3424 (0.3397)	Prec@1 89.844 (88.193)
Epoch: [21][350/391]	Time 0.304 (0.305)	Data 0.000 (0.002)	Loss 0.3202 (0.3393)	Prec@1 91.406 (88.208)
Test: [0/79]	Time 0.337 (0.337)	Loss 0.4747 (0.4747)	Prec@1 83.594 (83.594)
Test: [50/79]	Time 0.073 (0.075)	Loss 0.7519 (0.5847)	Prec@1 78.906 (81.373)
 * Prec@1 81.260
current lr 1.00000e-02
Epoch: [22][0/391]	Time 0.627 (0.627)	Data 0.308 (0.308)	Loss 0.3445 (0.3445)	Prec@1 89.844 (89.844)
Epoch: [22][50/391]	Time 0.306 (0.311)	Data 0.000 (0.007)	Loss 0.3276 (0.3181)	Prec@1 89.844 (88.879)
Epoch: [22][100/391]	Time 0.305 (0.309)	Data 0.000 (0.005)	Loss 0.3054 (0.3223)	Prec@1 88.281 (88.923)
Epoch: [22][150/391]	Time 0.317 (0.308)	Data 0.013 (0.003)	Loss 0.4244 (0.3244)	Prec@1 83.594 (88.674)
Epoch: [22][200/391]	Time 0.305 (0.306)	Data 0.000 (0.003)	Loss 0.4020 (0.3226)	Prec@1 83.594 (88.650)
Epoch: [22][250/391]	Time 0.302 (0.306)	Data 0.005 (0.002)	Loss 0.3880 (0.3229)	Prec@1 84.375 (88.655)
Epoch: [22][300/391]	Time 0.295 (0.305)	Data 0.000 (0.002)	Loss 0.2762 (0.3247)	Prec@1 88.281 (88.616)
Epoch: [22][350/391]	Time 0.308 (0.305)	Data 0.000 (0.002)	Loss 0.4375 (0.3291)	Prec@1 85.938 (88.537)
Test: [0/79]	Time 0.326 (0.326)	Loss 0.5569 (0.5569)	Prec@1 82.031 (82.031)
Test: [50/79]	Time 0.068 (0.074)	Loss 0.8633 (0.6391)	Prec@1 73.438 (80.699)
 * Prec@1 80.740
current lr 1.00000e-02
Epoch: [23][0/391]	Time 0.739 (0.739)	Data 0.437 (0.437)	Loss 0.2681 (0.2681)	Prec@1 89.062 (89.062)
Epoch: [23][50/391]	Time 0.300 (0.310)	Data 0.000 (0.011)	Loss 0.4347 (0.3025)	Prec@1 83.594 (89.415)
Epoch: [23][100/391]	Time 0.301 (0.308)	Data 0.000 (0.006)	Loss 0.3717 (0.3094)	Prec@1 85.938 (89.101)
Epoch: [23][150/391]	Time 0.308 (0.307)	Data 0.000 (0.004)	Loss 0.2565 (0.3155)	Prec@1 90.625 (89.078)
Epoch: [23][200/391]	Time 0.302 (0.305)	Data 0.000 (0.003)	Loss 0.3303 (0.3161)	Prec@1 87.500 (89.059)
Epoch: [23][250/391]	Time 0.306 (0.305)	Data 0.000 (0.003)	Loss 0.3936 (0.3156)	Prec@1 83.594 (89.034)
Epoch: [23][300/391]	Time 0.301 (0.305)	Data 0.000 (0.003)	Loss 0.3760 (0.3135)	Prec@1 85.156 (89.081)
Epoch: [23][350/391]	Time 0.304 (0.304)	Data 0.000 (0.002)	Loss 0.2280 (0.3164)	Prec@1 91.406 (88.925)
Test: [0/79]	Time 0.341 (0.341)	Loss 0.4949 (0.4949)	Prec@1 80.469 (80.469)
Test: [50/79]	Time 0.065 (0.077)	Loss 0.6823 (0.4752)	Prec@1 79.688 (84.252)
 * Prec@1 84.210
current lr 1.00000e-02
Epoch: [24][0/391]	Time 0.528 (0.528)	Data 0.223 (0.223)	Loss 0.3228 (0.3228)	Prec@1 89.844 (89.844)
Epoch: [24][50/391]	Time 0.307 (0.302)	Data 0.002 (0.005)	Loss 0.3135 (0.3027)	Prec@1 89.062 (89.262)
Epoch: [24][100/391]	Time 0.304 (0.303)	Data 0.000 (0.003)	Loss 0.3217 (0.2985)	Prec@1 90.625 (89.395)
Epoch: [24][150/391]	Time 0.304 (0.304)	Data 0.000 (0.002)	Loss 0.3133 (0.2982)	Prec@1 88.281 (89.321)
Epoch: [24][200/391]	Time 0.305 (0.303)	Data 0.000 (0.002)	Loss 0.3019 (0.2999)	Prec@1 87.500 (89.362)
Epoch: [24][250/391]	Time 0.305 (0.303)	Data 0.002 (0.002)	Loss 0.3640 (0.3031)	Prec@1 86.719 (89.327)
Epoch: [24][300/391]	Time 0.304 (0.304)	Data 0.000 (0.002)	Loss 0.2846 (0.3027)	Prec@1 89.062 (89.322)
Epoch: [24][350/391]	Time 0.304 (0.304)	Data 0.000 (0.001)	Loss 0.2898 (0.3042)	Prec@1 90.625 (89.263)
Test: [0/79]	Time 0.405 (0.405)	Loss 0.3833 (0.3833)	Prec@1 89.062 (89.062)
Test: [50/79]	Time 0.073 (0.078)	Loss 0.6914 (0.5046)	Prec@1 82.812 (84.635)
 * Prec@1 84.550
current lr 1.00000e-02
Epoch: [25][0/391]	Time 0.629 (0.629)	Data 0.317 (0.317)	Loss 0.2489 (0.2489)	Prec@1 91.406 (91.406)
Epoch: [25][50/391]	Time 0.301 (0.303)	Data 0.000 (0.008)	Loss 0.2116 (0.2682)	Prec@1 91.406 (90.824)
Epoch: [25][100/391]	Time 0.304 (0.304)	Data 0.000 (0.005)	Loss 0.2942 (0.2778)	Prec@1 89.062 (90.200)
Epoch: [25][150/391]	Time 0.298 (0.304)	Data 0.000 (0.003)	Loss 0.3283 (0.2809)	Prec@1 88.281 (90.004)
Epoch: [25][200/391]	Time 0.297 (0.304)	Data 0.000 (0.003)	Loss 0.2551 (0.2837)	Prec@1 92.188 (89.828)
Epoch: [25][250/391]	Time 0.308 (0.304)	Data 0.000 (0.002)	Loss 0.2949 (0.2889)	Prec@1 88.281 (89.704)
Epoch: [25][300/391]	Time 0.301 (0.304)	Data 0.000 (0.002)	Loss 0.2442 (0.2910)	Prec@1 89.062 (89.670)
Epoch: [25][350/391]	Time 0.305 (0.304)	Data 0.000 (0.002)	Loss 0.4304 (0.2949)	Prec@1 83.594 (89.541)
Test: [0/79]	Time 0.313 (0.313)	Loss 0.4657 (0.4657)	Prec@1 85.938 (85.938)
Test: [50/79]	Time 0.063 (0.076)	Loss 0.5948 (0.4524)	Prec@1 83.594 (85.371)
 * Prec@1 85.510
current lr 1.00000e-02
Epoch: [26][0/391]	Time 0.702 (0.702)	Data 0.401 (0.401)	Loss 0.2979 (0.2979)	Prec@1 91.406 (91.406)
Epoch: [26][50/391]	Time 0.295 (0.308)	Data 0.000 (0.009)	Loss 0.2294 (0.2832)	Prec@1 92.969 (90.135)
Epoch: [26][100/391]	Time 0.307 (0.305)	Data 0.000 (0.005)	Loss 0.2425 (0.2838)	Prec@1 89.062 (90.014)
Epoch: [26][150/391]	Time 0.307 (0.305)	Data 0.000 (0.004)	Loss 0.1051 (0.2805)	Prec@1 97.656 (90.102)
Epoch: [26][200/391]	Time 0.298 (0.305)	Data 0.000 (0.003)	Loss 0.2596 (0.2784)	Prec@1 89.844 (90.139)
Epoch: [26][250/391]	Time 0.305 (0.304)	Data 0.000 (0.002)	Loss 0.2564 (0.2808)	Prec@1 90.625 (90.065)
Epoch: [26][300/391]	Time 0.307 (0.304)	Data 0.000 (0.002)	Loss 0.2574 (0.2818)	Prec@1 92.969 (90.033)
Epoch: [26][350/391]	Time 0.305 (0.304)	Data 0.000 (0.002)	Loss 0.3139 (0.2818)	Prec@1 85.938 (90.066)
Test: [0/79]	Time 0.352 (0.352)	Loss 0.4242 (0.4242)	Prec@1 86.719 (86.719)
Test: [50/79]	Time 0.073 (0.076)	Loss 0.6529 (0.5340)	Prec@1 83.594 (83.395)
 * Prec@1 83.560
current lr 1.00000e-02
Epoch: [27][0/391]	Time 0.549 (0.549)	Data 0.245 (0.245)	Loss 0.2254 (0.2254)	Prec@1 90.625 (90.625)
Epoch: [27][50/391]	Time 0.304 (0.301)	Data 0.000 (0.006)	Loss 0.2852 (0.2655)	Prec@1 92.969 (90.349)
Epoch: [27][100/391]	Time 0.303 (0.300)	Data 0.000 (0.003)	Loss 0.3276 (0.2738)	Prec@1 87.500 (90.300)
Epoch: [27][150/391]	Time 0.302 (0.302)	Data 0.000 (0.003)	Loss 0.2476 (0.2715)	Prec@1 92.188 (90.480)
Epoch: [27][200/391]	Time 0.297 (0.303)	Data 0.000 (0.002)	Loss 0.2725 (0.2730)	Prec@1 89.062 (90.473)
Epoch: [27][250/391]	Time 0.302 (0.302)	Data 0.000 (0.002)	Loss 0.4475 (0.2745)	Prec@1 86.719 (90.420)
Epoch: [27][300/391]	Time 0.310 (0.303)	Data 0.000 (0.002)	Loss 0.2467 (0.2725)	Prec@1 92.188 (90.446)
Epoch: [27][350/391]	Time 0.308 (0.303)	Data 0.000 (0.002)	Loss 0.3188 (0.2752)	Prec@1 86.719 (90.333)
Test: [0/79]	Time 0.368 (0.368)	Loss 0.4310 (0.4310)	Prec@1 88.281 (88.281)
Test: [50/79]	Time 0.071 (0.076)	Loss 0.6865 (0.4835)	Prec@1 82.812 (85.003)
 * Prec@1 85.120
current lr 1.00000e-02
Epoch: [28][0/391]	Time 0.596 (0.596)	Data 0.304 (0.304)	Loss 0.3864 (0.3864)	Prec@1 85.938 (85.938)
Epoch: [28][50/391]	Time 0.304 (0.310)	Data 0.000 (0.008)	Loss 0.2836 (0.2572)	Prec@1 89.844 (90.855)
Epoch: [28][100/391]	Time 0.298 (0.303)	Data 0.000 (0.005)	Loss 0.2324 (0.2608)	Prec@1 92.188 (90.818)
Epoch: [28][150/391]	Time 0.319 (0.303)	Data 0.000 (0.003)	Loss 0.2609 (0.2649)	Prec@1 89.844 (90.847)
Epoch: [28][200/391]	Time 0.308 (0.304)	Data 0.000 (0.003)	Loss 0.2485 (0.2623)	Prec@1 89.062 (90.878)
Epoch: [28][250/391]	Time 0.305 (0.303)	Data 0.000 (0.002)	Loss 0.2923 (0.2620)	Prec@1 91.406 (90.862)
Epoch: [28][300/391]	Time 0.304 (0.304)	Data 0.000 (0.002)	Loss 0.2944 (0.2640)	Prec@1 88.281 (90.791)
Epoch: [28][350/391]	Time 0.317 (0.304)	Data 0.014 (0.002)	Loss 0.3066 (0.2669)	Prec@1 91.406 (90.721)
Test: [0/79]	Time 0.327 (0.327)	Loss 0.3459 (0.3459)	Prec@1 87.500 (87.500)
Test: [50/79]	Time 0.076 (0.077)	Loss 0.6004 (0.4522)	Prec@1 81.250 (85.907)
 * Prec@1 85.650
current lr 1.00000e-02
Epoch: [29][0/391]	Time 0.620 (0.620)	Data 0.333 (0.333)	Loss 0.2750 (0.2750)	Prec@1 92.188 (92.188)
Epoch: [29][50/391]	Time 0.304 (0.313)	Data 0.000 (0.008)	Loss 0.2873 (0.2430)	Prec@1 89.062 (91.575)
Epoch: [29][100/391]	Time 0.292 (0.308)	Data 0.000 (0.005)	Loss 0.2258 (0.2448)	Prec@1 93.750 (91.298)
Epoch: [29][150/391]	Time 0.306 (0.304)	Data 0.000 (0.003)	Loss 0.2524 (0.2503)	Prec@1 91.406 (91.184)
Epoch: [29][200/391]	Time 0.304 (0.304)	Data 0.000 (0.003)	Loss 0.2942 (0.2491)	Prec@1 87.500 (91.185)
Epoch: [29][250/391]	Time 0.305 (0.303)	Data 0.000 (0.002)	Loss 0.2728 (0.2503)	Prec@1 89.844 (91.198)
Epoch: [29][300/391]	Time 0.306 (0.303)	Data 0.000 (0.002)	Loss 0.1590 (0.2490)	Prec@1 93.750 (91.266)
Epoch: [29][350/391]	Time 0.310 (0.304)	Data 0.000 (0.002)	Loss 0.2308 (0.2504)	Prec@1 94.531 (91.226)
Test: [0/79]	Time 0.367 (0.367)	Loss 0.5219 (0.5219)	Prec@1 81.250 (81.250)
Test: [50/79]	Time 0.061 (0.074)	Loss 0.7912 (0.5812)	Prec@1 77.344 (82.292)
 * Prec@1 82.200
current lr 1.00000e-02
Epoch: [30][0/391]	Time 0.558 (0.558)	Data 0.284 (0.284)	Loss 0.1854 (0.1854)	Prec@1 95.312 (95.312)
Epoch: [30][50/391]	Time 0.306 (0.308)	Data 0.000 (0.007)	Loss 0.2460 (0.2311)	Prec@1 94.531 (92.157)
Epoch: [30][100/391]	Time 0.306 (0.307)	Data 0.000 (0.004)	Loss 0.4017 (0.2342)	Prec@1 85.938 (91.855)
Epoch: [30][150/391]	Time 0.305 (0.302)	Data 0.000 (0.003)	Loss 0.1672 (0.2368)	Prec@1 95.312 (91.820)
Epoch: [30][200/391]	Time 0.304 (0.303)	Data 0.000 (0.002)	Loss 0.2140 (0.2412)	Prec@1 93.750 (91.604)
Epoch: [30][250/391]	Time 0.304 (0.302)	Data 0.000 (0.002)	Loss 0.2353 (0.2432)	Prec@1 92.188 (91.497)
Epoch: [30][300/391]	Time 0.307 (0.303)	Data 0.000 (0.002)	Loss 0.2157 (0.2442)	Prec@1 90.625 (91.432)
Epoch: [30][350/391]	Time 0.303 (0.304)	Data 0.000 (0.002)	Loss 0.1951 (0.2458)	Prec@1 93.750 (91.395)
Test: [0/79]	Time 0.317 (0.317)	Loss 0.3713 (0.3713)	Prec@1 89.062 (89.062)
Test: [50/79]	Time 0.062 (0.076)	Loss 0.6064 (0.4959)	Prec@1 82.812 (85.080)
 * Prec@1 84.860
current lr 1.00000e-02
Epoch: [31][0/391]	Time 0.514 (0.514)	Data 0.232 (0.232)	Loss 0.1733 (0.1733)	Prec@1 96.094 (96.094)
Epoch: [31][50/391]	Time 0.304 (0.308)	Data 0.000 (0.006)	Loss 0.2514 (0.2291)	Prec@1 89.062 (91.958)
Epoch: [31][100/391]	Time 0.301 (0.307)	Data 0.000 (0.004)	Loss 0.1375 (0.2260)	Prec@1 93.750 (92.087)
Epoch: [31][150/391]	Time 0.296 (0.306)	Data 0.000 (0.003)	Loss 0.2066 (0.2317)	Prec@1 92.969 (91.825)
Epoch: [31][200/391]	Time 0.305 (0.303)	Data 0.000 (0.002)	Loss 0.2899 (0.2319)	Prec@1 87.500 (91.884)
Epoch: [31][250/391]	Time 0.298 (0.303)	Data 0.000 (0.002)	Loss 0.2628 (0.2332)	Prec@1 89.844 (91.839)
Epoch: [31][300/391]	Time 0.305 (0.303)	Data 0.000 (0.002)	Loss 0.1698 (0.2373)	Prec@1 92.188 (91.681)
Epoch: [31][350/391]	Time 0.306 (0.303)	Data 0.000 (0.002)	Loss 0.2066 (0.2388)	Prec@1 91.406 (91.564)
Test: [0/79]	Time 0.307 (0.307)	Loss 0.3981 (0.3981)	Prec@1 86.719 (86.719)
Test: [50/79]	Time 0.097 (0.074)	Loss 0.5303 (0.4688)	Prec@1 83.594 (85.692)
 * Prec@1 85.500
current lr 1.00000e-02
Epoch: [32][0/391]	Time 0.556 (0.556)	Data 0.258 (0.258)	Loss 0.1433 (0.1433)	Prec@1 95.312 (95.312)
Epoch: [32][50/391]	Time 0.301 (0.308)	Data 0.000 (0.006)	Loss 0.2463 (0.2216)	Prec@1 89.844 (92.172)
Epoch: [32][100/391]	Time 0.301 (0.307)	Data 0.000 (0.003)	Loss 0.2296 (0.2215)	Prec@1 91.406 (92.110)
Epoch: [32][150/391]	Time 0.305 (0.306)	Data 0.000 (0.003)	Loss 0.2513 (0.2234)	Prec@1 89.062 (92.084)
Epoch: [32][200/391]	Time 0.300 (0.304)	Data 0.000 (0.002)	Loss 0.2578 (0.2270)	Prec@1 91.406 (91.978)
Epoch: [32][250/391]	Time 0.295 (0.303)	Data 0.000 (0.002)	Loss 0.1969 (0.2297)	Prec@1 93.750 (91.948)
Epoch: [32][300/391]	Time 0.303 (0.303)	Data 0.000 (0.002)	Loss 0.2007 (0.2311)	Prec@1 93.750 (91.905)
Epoch: [32][350/391]	Time 0.303 (0.303)	Data 0.000 (0.002)	Loss 0.2493 (0.2332)	Prec@1 90.625 (91.822)
Test: [0/79]	Time 0.334 (0.334)	Loss 0.5653 (0.5653)	Prec@1 81.250 (81.250)
Test: [50/79]	Time 0.073 (0.076)	Loss 0.7380 (0.5853)	Prec@1 82.812 (83.180)
 * Prec@1 83.100
current lr 1.00000e-02
Epoch: [33][0/391]	Time 0.571 (0.571)	Data 0.291 (0.291)	Loss 0.1419 (0.1419)	Prec@1 96.094 (96.094)
Epoch: [33][50/391]	Time 0.307 (0.308)	Data 0.000 (0.006)	Loss 0.1779 (0.2086)	Prec@1 91.406 (92.800)
Epoch: [33][100/391]	Time 0.304 (0.307)	Data 0.000 (0.003)	Loss 0.2236 (0.2118)	Prec@1 89.062 (92.342)
Epoch: [33][150/391]	Time 0.305 (0.307)	Data 0.008 (0.003)	Loss 0.2314 (0.2178)	Prec@1 92.188 (92.156)
Epoch: [33][200/391]	Time 0.298 (0.305)	Data 0.000 (0.002)	Loss 0.2557 (0.2178)	Prec@1 89.062 (92.172)
Epoch: [33][250/391]	Time 0.302 (0.304)	Data 0.000 (0.002)	Loss 0.1601 (0.2191)	Prec@1 93.750 (92.216)
Epoch: [33][300/391]	Time 0.306 (0.303)	Data 0.000 (0.002)	Loss 0.2235 (0.2213)	Prec@1 92.188 (92.190)
Epoch: [33][350/391]	Time 0.305 (0.303)	Data 0.000 (0.002)	Loss 0.2406 (0.2228)	Prec@1 93.750 (92.172)
Test: [0/79]	Time 0.357 (0.357)	Loss 0.5448 (0.5448)	Prec@1 81.250 (81.250)
Test: [50/79]	Time 0.072 (0.076)	Loss 0.5526 (0.4960)	Prec@1 84.375 (85.080)
 * Prec@1 84.720
current lr 1.00000e-02
Epoch: [34][0/391]	Time 0.610 (0.610)	Data 0.319 (0.319)	Loss 0.1894 (0.1894)	Prec@1 92.969 (92.969)
Epoch: [34][50/391]	Time 0.310 (0.309)	Data 0.000 (0.007)	Loss 0.1995 (0.2034)	Prec@1 94.531 (92.800)
Epoch: [34][100/391]	Time 0.305 (0.307)	Data 0.000 (0.004)	Loss 0.2587 (0.2095)	Prec@1 92.188 (92.652)
Epoch: [34][150/391]	Time 0.309 (0.307)	Data 0.000 (0.003)	Loss 0.1525 (0.2107)	Prec@1 96.094 (92.539)
Epoch: [34][200/391]	Time 0.307 (0.307)	Data 0.000 (0.003)	Loss 0.1970 (0.2129)	Prec@1 92.969 (92.452)
Epoch: [34][250/391]	Time 0.306 (0.305)	Data 0.000 (0.002)	Loss 0.2229 (0.2134)	Prec@1 92.969 (92.443)
Epoch: [34][300/391]	Time 0.302 (0.303)	Data 0.000 (0.002)	Loss 0.1317 (0.2155)	Prec@1 96.094 (92.374)
Epoch: [34][350/391]	Time 0.305 (0.304)	Data 0.000 (0.002)	Loss 0.2390 (0.2168)	Prec@1 90.625 (92.272)
Test: [0/79]	Time 0.298 (0.298)	Loss 0.2969 (0.2969)	Prec@1 87.500 (87.500)
Test: [50/79]	Time 0.079 (0.077)	Loss 0.4507 (0.4493)	Prec@1 85.156 (86.428)
 * Prec@1 86.580
current lr 1.00000e-02
Epoch: [35][0/391]	Time 0.601 (0.601)	Data 0.296 (0.296)	Loss 0.1254 (0.1254)	Prec@1 96.094 (96.094)
Epoch: [35][50/391]	Time 0.305 (0.312)	Data 0.000 (0.007)	Loss 0.1430 (0.2070)	Prec@1 96.094 (92.678)
Epoch: [35][100/391]	Time 0.308 (0.309)	Data 0.000 (0.004)	Loss 0.1903 (0.2055)	Prec@1 91.406 (92.706)
Epoch: [35][150/391]	Time 0.304 (0.308)	Data 0.000 (0.004)	Loss 0.1976 (0.2055)	Prec@1 92.969 (92.762)
Epoch: [35][200/391]	Time 0.307 (0.308)	Data 0.000 (0.003)	Loss 0.2353 (0.2037)	Prec@1 92.969 (92.798)
Epoch: [35][250/391]	Time 0.304 (0.306)	Data 0.000 (0.003)	Loss 0.2044 (0.2075)	Prec@1 91.406 (92.623)
Epoch: [35][300/391]	Time 0.304 (0.305)	Data 0.000 (0.002)	Loss 0.1668 (0.2096)	Prec@1 92.969 (92.569)
Epoch: [35][350/391]	Time 0.309 (0.304)	Data 0.000 (0.002)	Loss 0.2834 (0.2112)	Prec@1 89.062 (92.457)
Test: [0/79]	Time 0.307 (0.307)	Loss 0.4351 (0.4351)	Prec@1 86.719 (86.719)
Test: [50/79]	Time 0.071 (0.077)	Loss 0.5546 (0.4822)	Prec@1 83.594 (86.244)
 * Prec@1 86.130
current lr 1.00000e-02
Epoch: [36][0/391]	Time 0.572 (0.572)	Data 0.273 (0.273)	Loss 0.2147 (0.2147)	Prec@1 90.625 (90.625)
Epoch: [36][50/391]	Time 0.304 (0.309)	Data 0.000 (0.007)	Loss 0.3144 (0.1970)	Prec@1 89.844 (93.260)
Epoch: [36][100/391]	Time 0.306 (0.307)	Data 0.000 (0.004)	Loss 0.2671 (0.1986)	Prec@1 90.625 (93.170)
Epoch: [36][150/391]	Time 0.304 (0.307)	Data 0.000 (0.003)	Loss 0.1289 (0.1946)	Prec@1 96.094 (93.269)
Epoch: [36][200/391]	Time 0.307 (0.306)	Data 0.000 (0.002)	Loss 0.1297 (0.1976)	Prec@1 95.312 (93.136)
Epoch: [36][250/391]	Time 0.294 (0.306)	Data 0.000 (0.002)	Loss 0.1779 (0.2013)	Prec@1 92.969 (93.006)
Epoch: [36][300/391]	Time 0.305 (0.304)	Data 0.000 (0.002)	Loss 0.1849 (0.2020)	Prec@1 94.531 (92.909)
Epoch: [36][350/391]	Time 0.300 (0.304)	Data 0.000 (0.002)	Loss 0.2103 (0.2034)	Prec@1 92.188 (92.835)
Test: [0/79]	Time 0.316 (0.316)	Loss 0.4265 (0.4265)	Prec@1 85.156 (85.156)
Test: [50/79]	Time 0.083 (0.076)	Loss 0.6588 (0.5182)	Prec@1 81.250 (85.478)
 * Prec@1 85.410
current lr 1.00000e-02
Epoch: [37][0/391]	Time 0.620 (0.620)	Data 0.323 (0.323)	Loss 0.1899 (0.1899)	Prec@1 91.406 (91.406)
Epoch: [37][50/391]	Time 0.302 (0.308)	Data 0.000 (0.007)	Loss 0.1815 (0.1871)	Prec@1 92.188 (93.382)
Epoch: [37][100/391]	Time 0.304 (0.307)	Data 0.000 (0.004)	Loss 0.1605 (0.1892)	Prec@1 92.969 (93.325)
Epoch: [37][150/391]	Time 0.306 (0.306)	Data 0.000 (0.003)	Loss 0.2359 (0.1897)	Prec@1 91.406 (93.290)
Epoch: [37][200/391]	Time 0.307 (0.306)	Data 0.000 (0.002)	Loss 0.2533 (0.1946)	Prec@1 91.406 (93.113)
Epoch: [37][250/391]	Time 0.306 (0.306)	Data 0.000 (0.002)	Loss 0.1962 (0.1990)	Prec@1 93.750 (92.910)
Epoch: [37][300/391]	Time 0.260 (0.304)	Data 0.000 (0.002)	Loss 0.1912 (0.1989)	Prec@1 96.094 (92.935)
Epoch: [37][350/391]	Time 0.303 (0.304)	Data 0.000 (0.002)	Loss 0.2463 (0.1998)	Prec@1 91.406 (92.929)
Test: [0/79]	Time 0.331 (0.331)	Loss 0.6277 (0.6277)	Prec@1 78.125 (78.125)
Test: [50/79]	Time 0.081 (0.072)	Loss 0.7775 (0.5474)	Prec@1 77.344 (84.038)
 * Prec@1 84.020
current lr 1.00000e-02
Epoch: [38][0/391]	Time 0.590 (0.590)	Data 0.299 (0.299)	Loss 0.1441 (0.1441)	Prec@1 94.531 (94.531)
Epoch: [38][50/391]	Time 0.302 (0.309)	Data 0.000 (0.006)	Loss 0.1530 (0.1864)	Prec@1 95.312 (93.673)
Epoch: [38][100/391]	Time 0.304 (0.307)	Data 0.000 (0.003)	Loss 0.1830 (0.1853)	Prec@1 92.188 (93.588)
Epoch: [38][150/391]	Time 0.307 (0.307)	Data 0.000 (0.002)	Loss 0.2071 (0.1855)	Prec@1 93.750 (93.507)
Epoch: [38][200/391]	Time 0.310 (0.306)	Data 0.000 (0.002)	Loss 0.1702 (0.1857)	Prec@1 92.969 (93.505)
Epoch: [38][250/391]	Time 0.305 (0.306)	Data 0.000 (0.002)	Loss 0.2793 (0.1890)	Prec@1 91.406 (93.370)
Epoch: [38][300/391]	Time 0.289 (0.305)	Data 0.000 (0.002)	Loss 0.1304 (0.1907)	Prec@1 96.094 (93.278)
Epoch: [38][350/391]	Time 0.304 (0.304)	Data 0.000 (0.002)	Loss 0.1773 (0.1905)	Prec@1 92.969 (93.274)
Test: [0/79]	Time 0.368 (0.368)	Loss 0.3389 (0.3389)	Prec@1 89.062 (89.062)
Test: [50/79]	Time 0.072 (0.075)	Loss 0.5187 (0.4448)	Prec@1 84.375 (86.673)
 * Prec@1 86.510
current lr 1.00000e-02
Epoch: [39][0/391]	Time 0.612 (0.612)	Data 0.333 (0.333)	Loss 0.1829 (0.1829)	Prec@1 95.312 (95.312)
Epoch: [39][50/391]	Time 0.303 (0.308)	Data 0.000 (0.009)	Loss 0.1926 (0.1859)	Prec@1 93.750 (93.474)
Epoch: [39][100/391]	Time 0.306 (0.307)	Data 0.000 (0.005)	Loss 0.1101 (0.1816)	Prec@1 96.875 (93.619)
Epoch: [39][150/391]	Time 0.300 (0.306)	Data 0.000 (0.004)	Loss 0.2216 (0.1797)	Prec@1 92.188 (93.636)
Epoch: [39][200/391]	Time 0.306 (0.306)	Data 0.000 (0.003)	Loss 0.2291 (0.1758)	Prec@1 92.188 (93.766)
Epoch: [39][250/391]	Time 0.307 (0.307)	Data 0.000 (0.003)	Loss 0.1841 (0.1780)	Prec@1 95.312 (93.647)
Epoch: [39][300/391]	Time 0.300 (0.306)	Data 0.000 (0.003)	Loss 0.2335 (0.1810)	Prec@1 90.625 (93.537)
Epoch: [39][350/391]	Time 0.319 (0.304)	Data 0.015 (0.002)	Loss 0.1268 (0.1809)	Prec@1 94.531 (93.534)
Test: [0/79]	Time 0.307 (0.307)	Loss 0.4136 (0.4136)	Prec@1 85.938 (85.938)
Test: [50/79]	Time 0.069 (0.077)	Loss 0.6391 (0.5530)	Prec@1 84.375 (85.003)
 * Prec@1 85.080
current lr 1.00000e-02
Epoch: [40][0/391]	Time 0.567 (0.567)	Data 0.301 (0.301)	Loss 0.1692 (0.1692)	Prec@1 92.188 (92.188)
Epoch: [40][50/391]	Time 0.301 (0.305)	Data 0.000 (0.006)	Loss 0.1828 (0.1693)	Prec@1 93.750 (94.133)
Epoch: [40][100/391]	Time 0.304 (0.304)	Data 0.000 (0.004)	Loss 0.2202 (0.1718)	Prec@1 92.188 (93.967)
Epoch: [40][150/391]	Time 0.307 (0.305)	Data 0.000 (0.003)	Loss 0.1652 (0.1754)	Prec@1 94.531 (93.797)
Epoch: [40][200/391]	Time 0.302 (0.305)	Data 0.000 (0.002)	Loss 0.1215 (0.1776)	Prec@1 96.094 (93.680)
Epoch: [40][250/391]	Time 0.305 (0.305)	Data 0.000 (0.002)	Loss 0.1223 (0.1805)	Prec@1 97.656 (93.579)
Epoch: [40][300/391]	Time 0.306 (0.305)	Data 0.000 (0.002)	Loss 0.2159 (0.1809)	Prec@1 92.969 (93.493)
Epoch: [40][350/391]	Time 0.309 (0.303)	Data 0.000 (0.002)	Loss 0.1481 (0.1802)	Prec@1 93.750 (93.552)
Test: [0/79]	Time 0.377 (0.377)	Loss 0.4612 (0.4612)	Prec@1 85.938 (85.938)
Test: [50/79]	Time 0.070 (0.075)	Loss 0.6533 (0.5391)	Prec@1 83.594 (85.815)
 * Prec@1 85.920
current lr 1.00000e-02
Epoch: [41][0/391]	Time 0.537 (0.537)	Data 0.282 (0.282)	Loss 0.1908 (0.1908)	Prec@1 90.625 (90.625)
Epoch: [41][50/391]	Time 0.315 (0.308)	Data 0.015 (0.007)	Loss 0.1510 (0.1668)	Prec@1 95.312 (94.072)
Epoch: [41][100/391]	Time 0.316 (0.305)	Data 0.011 (0.004)	Loss 0.0912 (0.1717)	Prec@1 96.094 (93.936)
Epoch: [41][150/391]	Time 0.310 (0.305)	Data 0.000 (0.003)	Loss 0.2240 (0.1669)	Prec@1 93.750 (94.097)
Epoch: [41][200/391]	Time 0.306 (0.305)	Data 0.000 (0.002)	Loss 0.2373 (0.1743)	Prec@1 89.844 (93.754)
Epoch: [41][250/391]	Time 0.302 (0.305)	Data 0.000 (0.002)	Loss 0.2314 (0.1748)	Prec@1 94.531 (93.747)
Epoch: [41][300/391]	Time 0.306 (0.305)	Data 0.000 (0.002)	Loss 0.1553 (0.1778)	Prec@1 95.312 (93.628)
Epoch: [41][350/391]	Time 0.298 (0.304)	Data 0.000 (0.002)	Loss 0.1766 (0.1810)	Prec@1 92.188 (93.503)
Test: [0/79]	Time 0.305 (0.305)	Loss 0.4823 (0.4823)	Prec@1 85.938 (85.938)
Test: [50/79]	Time 0.064 (0.075)	Loss 0.4733 (0.4802)	Prec@1 82.812 (86.014)
 * Prec@1 85.850
current lr 1.00000e-02
Epoch: [42][0/391]	Time 0.523 (0.523)	Data 0.260 (0.260)	Loss 0.1397 (0.1397)	Prec@1 96.094 (96.094)
Epoch: [42][50/391]	Time 0.305 (0.309)	Data 0.000 (0.008)	Loss 0.1669 (0.1450)	Prec@1 92.969 (94.684)
Epoch: [42][100/391]	Time 0.304 (0.308)	Data 0.000 (0.004)	Loss 0.1704 (0.1547)	Prec@1 92.969 (94.446)
Epoch: [42][150/391]	Time 0.320 (0.305)	Data 0.000 (0.003)	Loss 0.0857 (0.1530)	Prec@1 96.875 (94.505)
Epoch: [42][200/391]	Time 0.302 (0.305)	Data 0.000 (0.003)	Loss 0.1631 (0.1586)	Prec@1 94.531 (94.341)
Epoch: [42][250/391]	Time 0.305 (0.305)	Data 0.000 (0.002)	Loss 0.1825 (0.1632)	Prec@1 91.406 (94.155)
Epoch: [42][300/391]	Time 0.306 (0.305)	Data 0.006 (0.002)	Loss 0.1309 (0.1671)	Prec@1 95.312 (94.059)
Epoch: [42][350/391]	Time 0.306 (0.304)	Data 0.000 (0.002)	Loss 0.1784 (0.1719)	Prec@1 93.750 (93.888)
Test: [0/79]	Time 0.347 (0.347)	Loss 0.4182 (0.4182)	Prec@1 85.938 (85.938)
Test: [50/79]	Time 0.078 (0.076)	Loss 0.5354 (0.4879)	Prec@1 86.719 (86.627)
 * Prec@1 86.400
current lr 1.00000e-02
Epoch: [43][0/391]	Time 0.503 (0.503)	Data 0.224 (0.224)	Loss 0.1154 (0.1154)	Prec@1 97.656 (97.656)
Epoch: [43][50/391]	Time 0.305 (0.308)	Data 0.000 (0.006)	Loss 0.1909 (0.1661)	Prec@1 94.531 (94.148)
Epoch: [43][100/391]	Time 0.306 (0.307)	Data 0.000 (0.004)	Loss 0.2038 (0.1631)	Prec@1 90.625 (94.114)
Epoch: [43][150/391]	Time 0.299 (0.306)	Data 0.000 (0.003)	Loss 0.1709 (0.1627)	Prec@1 94.531 (94.148)
Epoch: [43][200/391]	Time 0.304 (0.305)	Data 0.000 (0.003)	Loss 0.0881 (0.1646)	Prec@1 97.656 (94.045)
Epoch: [43][250/391]	Time 0.307 (0.305)	Data 0.000 (0.002)	Loss 0.1546 (0.1661)	Prec@1 95.312 (94.024)
Epoch: [43][300/391]	Time 0.307 (0.305)	Data 0.000 (0.002)	Loss 0.1676 (0.1637)	Prec@1 94.531 (94.129)
Epoch: [43][350/391]	Time 0.247 (0.304)	Data 0.000 (0.002)	Loss 0.0820 (0.1634)	Prec@1 96.875 (94.173)
Test: [0/79]	Time 0.315 (0.315)	Loss 0.7629 (0.7629)	Prec@1 82.031 (82.031)
Test: [50/79]	Time 0.067 (0.074)	Loss 1.0407 (0.7230)	Prec@1 71.875 (80.760)
 * Prec@1 80.610
current lr 1.00000e-02
Epoch: [44][0/391]	Time 0.558 (0.558)	Data 0.272 (0.272)	Loss 0.1637 (0.1637)	Prec@1 92.969 (92.969)
Epoch: [44][50/391]	Time 0.307 (0.309)	Data 0.000 (0.007)	Loss 0.1786 (0.1479)	Prec@1 92.969 (94.547)
Epoch: [44][100/391]	Time 0.299 (0.307)	Data 0.000 (0.004)	Loss 0.2353 (0.1504)	Prec@1 92.188 (94.640)
Epoch: [44][150/391]	Time 0.306 (0.307)	Data 0.000 (0.003)	Loss 0.1920 (0.1526)	Prec@1 91.406 (94.485)
Epoch: [44][200/391]	Time 0.307 (0.305)	Data 0.000 (0.002)	Loss 0.2030 (0.1537)	Prec@1 89.844 (94.403)
Epoch: [44][250/391]	Time 0.306 (0.305)	Data 0.000 (0.002)	Loss 0.1928 (0.1558)	Prec@1 92.188 (94.335)
Epoch: [44][300/391]	Time 0.305 (0.305)	Data 0.000 (0.002)	Loss 0.3462 (0.1571)	Prec@1 87.500 (94.326)
Epoch: [44][350/391]	Time 0.297 (0.304)	Data 0.000 (0.002)	Loss 0.2122 (0.1601)	Prec@1 90.625 (94.213)
Test: [0/79]	Time 0.369 (0.369)	Loss 0.6027 (0.6027)	Prec@1 83.594 (83.594)
Test: [50/79]	Time 0.065 (0.074)	Loss 0.6960 (0.5525)	Prec@1 80.469 (84.957)
 * Prec@1 85.140
current lr 1.00000e-02
Epoch: [45][0/391]	Time 0.577 (0.577)	Data 0.266 (0.266)	Loss 0.1453 (0.1453)	Prec@1 95.312 (95.312)
Epoch: [45][50/391]	Time 0.306 (0.305)	Data 0.000 (0.006)	Loss 0.1363 (0.1460)	Prec@1 92.969 (94.654)
Epoch: [45][100/391]	Time 0.300 (0.306)	Data 0.000 (0.003)	Loss 0.1420 (0.1447)	Prec@1 93.750 (94.771)
Epoch: [45][150/391]	Time 0.303 (0.306)	Data 0.000 (0.002)	Loss 0.1407 (0.1485)	Prec@1 94.531 (94.723)
Epoch: [45][200/391]	Time 0.309 (0.306)	Data 0.000 (0.002)	Loss 0.1442 (0.1494)	Prec@1 93.750 (94.729)
Epoch: [45][250/391]	Time 0.305 (0.305)	Data 0.000 (0.002)	Loss 0.1072 (0.1504)	Prec@1 96.875 (94.681)
Epoch: [45][300/391]	Time 0.302 (0.305)	Data 0.000 (0.002)	Loss 0.1064 (0.1516)	Prec@1 96.875 (94.581)
Epoch: [45][350/391]	Time 0.300 (0.305)	Data 0.000 (0.002)	Loss 0.1520 (0.1538)	Prec@1 93.750 (94.469)
Test: [0/79]	Time 0.269 (0.269)	Loss 0.4308 (0.4308)	Prec@1 85.156 (85.156)
Test: [50/79]	Time 0.070 (0.075)	Loss 0.6231 (0.5331)	Prec@1 82.031 (85.539)
 * Prec@1 85.480
current lr 1.00000e-02
Epoch: [46][0/391]	Time 0.566 (0.566)	Data 0.258 (0.258)	Loss 0.1362 (0.1362)	Prec@1 93.750 (93.750)
Epoch: [46][50/391]	Time 0.305 (0.304)	Data 0.000 (0.006)	Loss 0.2015 (0.1471)	Prec@1 93.750 (94.623)
Epoch: [46][100/391]	Time 0.305 (0.305)	Data 0.000 (0.003)	Loss 0.1249 (0.1488)	Prec@1 97.656 (94.717)
Epoch: [46][150/391]	Time 0.305 (0.305)	Data 0.000 (0.003)	Loss 0.1644 (0.1500)	Prec@1 93.750 (94.666)
Epoch: [46][200/391]	Time 0.306 (0.305)	Data 0.000 (0.002)	Loss 0.1346 (0.1516)	Prec@1 94.531 (94.555)
Epoch: [46][250/391]	Time 0.302 (0.305)	Data 0.000 (0.002)	Loss 0.1236 (0.1524)	Prec@1 93.750 (94.537)
Epoch: [46][300/391]	Time 0.301 (0.304)	Data 0.000 (0.002)	Loss 0.1104 (0.1532)	Prec@1 96.094 (94.516)
Epoch: [46][350/391]	Time 0.305 (0.304)	Data 0.000 (0.002)	Loss 0.1502 (0.1543)	Prec@1 94.531 (94.467)
Test: [0/79]	Time 0.358 (0.358)	Loss 0.4804 (0.4804)	Prec@1 88.281 (88.281)
Test: [50/79]	Time 0.070 (0.078)	Loss 0.7746 (0.4912)	Prec@1 80.469 (86.841)
 * Prec@1 86.520
current lr 1.00000e-02
Epoch: [47][0/391]	Time 0.546 (0.546)	Data 0.247 (0.247)	Loss 0.1312 (0.1312)	Prec@1 92.188 (92.188)
Epoch: [47][50/391]	Time 0.297 (0.303)	Data 0.000 (0.006)	Loss 0.1280 (0.1362)	Prec@1 95.312 (94.853)
Epoch: [47][100/391]	Time 0.308 (0.303)	Data 0.000 (0.003)	Loss 0.1509 (0.1394)	Prec@1 93.750 (94.787)
Epoch: [47][150/391]	Time 0.307 (0.304)	Data 0.000 (0.002)	Loss 0.1218 (0.1408)	Prec@1 97.656 (94.883)
Epoch: [47][200/391]	Time 0.307 (0.305)	Data 0.000 (0.002)	Loss 0.1603 (0.1434)	Prec@1 92.969 (94.854)
Epoch: [47][250/391]	Time 0.306 (0.305)	Data 0.000 (0.002)	Loss 0.1049 (0.1417)	Prec@1 96.875 (94.908)
Epoch: [47][300/391]	Time 0.297 (0.304)	Data 0.000 (0.002)	Loss 0.1399 (0.1421)	Prec@1 95.312 (94.887)
Epoch: [47][350/391]	Time 0.301 (0.304)	Data 0.000 (0.001)	Loss 0.1041 (0.1430)	Prec@1 94.531 (94.863)
Test: [0/79]	Time 0.293 (0.293)	Loss 0.5106 (0.5106)	Prec@1 87.500 (87.500)
Test: [50/79]	Time 0.072 (0.074)	Loss 0.6357 (0.5585)	Prec@1 86.719 (86.167)
 * Prec@1 86.220
current lr 1.00000e-02
Epoch: [48][0/391]	Time 0.580 (0.580)	Data 0.273 (0.273)	Loss 0.0908 (0.0908)	Prec@1 98.438 (98.438)
Epoch: [48][50/391]	Time 0.307 (0.310)	Data 0.000 (0.007)	Loss 0.2012 (0.1281)	Prec@1 93.750 (95.481)
Epoch: [48][100/391]	Time 0.315 (0.305)	Data 0.000 (0.004)	Loss 0.1348 (0.1297)	Prec@1 94.531 (95.413)
Epoch: [48][150/391]	Time 0.304 (0.305)	Data 0.000 (0.003)	Loss 0.2592 (0.1337)	Prec@1 91.406 (95.318)
Epoch: [48][200/391]	Time 0.302 (0.305)	Data 0.000 (0.003)	Loss 0.1454 (0.1382)	Prec@1 94.531 (95.079)
Epoch: [48][250/391]	Time 0.306 (0.305)	Data 0.000 (0.002)	Loss 0.1337 (0.1399)	Prec@1 94.531 (94.942)
Epoch: [48][300/391]	Time 0.305 (0.306)	Data 0.000 (0.002)	Loss 0.1127 (0.1424)	Prec@1 96.094 (94.853)
Epoch: [48][350/391]	Time 0.304 (0.305)	Data 0.000 (0.002)	Loss 0.1269 (0.1452)	Prec@1 93.750 (94.767)
Test: [0/79]	Time 0.389 (0.389)	Loss 0.4130 (0.4130)	Prec@1 89.844 (89.844)
Test: [50/79]	Time 0.073 (0.077)	Loss 0.6850 (0.4620)	Prec@1 82.812 (87.546)
 * Prec@1 87.460
current lr 1.00000e-02
Epoch: [49][0/391]	Time 0.601 (0.601)	Data 0.314 (0.314)	Loss 0.2221 (0.2221)	Prec@1 91.406 (91.406)
Epoch: [49][50/391]	Time 0.304 (0.310)	Data 0.000 (0.008)	Loss 0.1503 (0.1286)	Prec@1 92.969 (95.604)
Epoch: [49][100/391]	Time 0.306 (0.304)	Data 0.000 (0.005)	Loss 0.1552 (0.1318)	Prec@1 93.750 (95.374)
Epoch: [49][150/391]	Time 0.302 (0.305)	Data 0.000 (0.004)	Loss 0.0800 (0.1326)	Prec@1 96.875 (95.240)
Epoch: [49][200/391]	Time 0.306 (0.305)	Data 0.000 (0.003)	Loss 0.1519 (0.1335)	Prec@1 95.312 (95.180)
Epoch: [49][250/391]	Time 0.304 (0.305)	Data 0.000 (0.003)	Loss 0.1682 (0.1369)	Prec@1 93.750 (95.073)
Epoch: [49][300/391]	Time 0.315 (0.305)	Data 0.000 (0.002)	Loss 0.1609 (0.1386)	Prec@1 96.875 (95.037)
Epoch: [49][350/391]	Time 0.291 (0.305)	Data 0.000 (0.002)	Loss 0.1070 (0.1388)	Prec@1 96.094 (95.016)
Test: [0/79]	Time 0.296 (0.296)	Loss 0.5042 (0.5042)	Prec@1 89.062 (89.062)
Test: [50/79]	Time 0.072 (0.068)	Loss 0.6417 (0.5525)	Prec@1 83.594 (86.351)
 * Prec@1 86.300
current lr 1.00000e-02
Epoch: [50][0/391]	Time 0.614 (0.614)	Data 0.311 (0.311)	Loss 0.1262 (0.1262)	Prec@1 94.531 (94.531)
Epoch: [50][50/391]	Time 0.313 (0.310)	Data 0.000 (0.007)	Loss 0.1034 (0.1361)	Prec@1 96.875 (95.374)
Epoch: [50][100/391]	Time 0.293 (0.306)	Data 0.000 (0.004)	Loss 0.1386 (0.1341)	Prec@1 97.656 (95.336)
Epoch: [50][150/391]	Time 0.304 (0.305)	Data 0.000 (0.003)	Loss 0.1298 (0.1339)	Prec@1 95.312 (95.318)
Epoch: [50][200/391]	Time 0.308 (0.306)	Data 0.000 (0.003)	Loss 0.1426 (0.1354)	Prec@1 95.312 (95.258)
Epoch: [50][250/391]	Time 0.308 (0.306)	Data 0.000 (0.002)	Loss 0.1186 (0.1355)	Prec@1 94.531 (95.219)
Epoch: [50][300/391]	Time 0.303 (0.306)	Data 0.000 (0.002)	Loss 0.1272 (0.1351)	Prec@1 96.094 (95.201)
Epoch: [50][350/391]	Time 0.304 (0.306)	Data 0.000 (0.002)	Loss 0.0918 (0.1369)	Prec@1 96.875 (95.146)
Test: [0/79]	Time 0.337 (0.337)	Loss 0.4086 (0.4086)	Prec@1 86.719 (86.719)
Test: [50/79]	Time 0.062 (0.071)	Loss 0.6326 (0.4994)	Prec@1 80.469 (87.056)
 * Prec@1 87.080
current lr 1.00000e-02
Epoch: [51][0/391]	Time 0.711 (0.711)	Data 0.393 (0.393)	Loss 0.2065 (0.2065)	Prec@1 93.750 (93.750)
Epoch: [51][50/391]	Time 0.306 (0.313)	Data 0.000 (0.009)	Loss 0.0870 (0.1234)	Prec@1 97.656 (95.450)
Epoch: [51][100/391]	Time 0.304 (0.309)	Data 0.000 (0.005)	Loss 0.2175 (0.1256)	Prec@1 92.969 (95.545)
Epoch: [51][150/391]	Time 0.304 (0.305)	Data 0.000 (0.004)	Loss 0.1436 (0.1276)	Prec@1 94.531 (95.447)
Epoch: [51][200/391]	Time 0.302 (0.306)	Data 0.000 (0.003)	Loss 0.1287 (0.1278)	Prec@1 94.531 (95.414)
Epoch: [51][250/391]	Time 0.304 (0.305)	Data 0.000 (0.002)	Loss 0.1194 (0.1281)	Prec@1 93.750 (95.350)
Epoch: [51][300/391]	Time 0.305 (0.305)	Data 0.000 (0.002)	Loss 0.1060 (0.1309)	Prec@1 96.094 (95.258)
Epoch: [51][350/391]	Time 0.307 (0.306)	Data 0.000 (0.002)	Loss 0.1568 (0.1339)	Prec@1 95.312 (95.106)
Test: [0/79]	Time 0.383 (0.383)	Loss 0.5567 (0.5567)	Prec@1 86.719 (86.719)
Test: [50/79]	Time 0.088 (0.069)	Loss 0.6336 (0.4940)	Prec@1 84.375 (86.504)
 * Prec@1 86.640
current lr 1.00000e-02
Epoch: [52][0/391]	Time 0.640 (0.640)	Data 0.333 (0.333)	Loss 0.0861 (0.0861)	Prec@1 97.656 (97.656)
Epoch: [52][50/391]	Time 0.307 (0.301)	Data 0.000 (0.007)	Loss 0.0962 (0.1166)	Prec@1 96.875 (95.941)
Epoch: [52][100/391]	Time 0.307 (0.304)	Data 0.003 (0.005)	Loss 0.0363 (0.1231)	Prec@1 99.219 (95.661)
Epoch: [52][150/391]	Time 0.303 (0.302)	Data 0.000 (0.003)	Loss 0.0677 (0.1217)	Prec@1 98.438 (95.649)
Epoch: [52][200/391]	Time 0.305 (0.303)	Data 0.002 (0.003)	Loss 0.1343 (0.1218)	Prec@1 95.312 (95.682)
Epoch: [52][250/391]	Time 0.304 (0.303)	Data 0.000 (0.002)	Loss 0.1202 (0.1215)	Prec@1 93.750 (95.667)
Epoch: [52][300/391]	Time 0.297 (0.304)	Data 0.000 (0.002)	Loss 0.1228 (0.1210)	Prec@1 95.312 (95.710)
Epoch: [52][350/391]	Time 0.305 (0.304)	Data 0.000 (0.002)	Loss 0.0356 (0.1208)	Prec@1 99.219 (95.729)
Test: [0/79]	Time 0.353 (0.353)	Loss 0.4868 (0.4868)	Prec@1 88.281 (88.281)
Test: [50/79]	Time 0.068 (0.076)	Loss 0.6832 (0.4811)	Prec@1 84.375 (87.485)
 * Prec@1 87.230
current lr 1.00000e-02
Epoch: [53][0/391]	Time 0.733 (0.733)	Data 0.411 (0.411)	Loss 0.1244 (0.1244)	Prec@1 95.312 (95.312)
Epoch: [53][50/391]	Time 0.303 (0.307)	Data 0.000 (0.010)	Loss 0.1325 (0.1222)	Prec@1 96.094 (95.711)
Epoch: [53][100/391]	Time 0.306 (0.305)	Data 0.000 (0.005)	Loss 0.2401 (0.1260)	Prec@1 93.750 (95.537)
Epoch: [53][150/391]	Time 0.300 (0.304)	Data 0.000 (0.004)	Loss 0.0809 (0.1240)	Prec@1 97.656 (95.602)
Epoch: [53][200/391]	Time 0.306 (0.304)	Data 0.000 (0.003)	Loss 0.1011 (0.1219)	Prec@1 94.531 (95.697)
Epoch: [53][250/391]	Time 0.303 (0.304)	Data 0.000 (0.003)	Loss 0.1818 (0.1238)	Prec@1 95.312 (95.646)
Epoch: [53][300/391]	Time 0.308 (0.304)	Data 0.000 (0.002)	Loss 0.0783 (0.1250)	Prec@1 95.312 (95.556)
Epoch: [53][350/391]	Time 0.306 (0.304)	Data 0.000 (0.002)	Loss 0.1167 (0.1261)	Prec@1 95.312 (95.495)
Test: [0/79]	Time 0.352 (0.352)	Loss 0.5973 (0.5973)	Prec@1 88.281 (88.281)
Test: [50/79]	Time 0.084 (0.076)	Loss 0.7018 (0.5341)	Prec@1 88.281 (86.627)
 * Prec@1 86.850
current lr 1.00000e-02
Epoch: [54][0/391]	Time 0.581 (0.581)	Data 0.285 (0.285)	Loss 0.1226 (0.1226)	Prec@1 96.094 (96.094)
Epoch: [54][50/391]	Time 0.304 (0.304)	Data 0.000 (0.007)	Loss 0.1659 (0.1233)	Prec@1 93.750 (95.803)
Epoch: [54][100/391]	Time 0.298 (0.303)	Data 0.000 (0.004)	Loss 0.0827 (0.1243)	Prec@1 96.875 (95.645)
Epoch: [54][150/391]	Time 0.306 (0.303)	Data 0.000 (0.003)	Loss 0.1009 (0.1250)	Prec@1 96.094 (95.550)
Epoch: [54][200/391]	Time 0.304 (0.301)	Data 0.000 (0.002)	Loss 0.0729 (0.1204)	Prec@1 96.875 (95.678)
Epoch: [54][250/391]	Time 0.305 (0.302)	Data 0.000 (0.002)	Loss 0.1170 (0.1218)	Prec@1 94.531 (95.577)
Epoch: [54][300/391]	Time 0.318 (0.303)	Data 0.006 (0.002)	Loss 0.1117 (0.1218)	Prec@1 96.094 (95.598)
Epoch: [54][350/391]	Time 0.304 (0.303)	Data 0.000 (0.002)	Loss 0.1332 (0.1229)	Prec@1 96.094 (95.566)
Test: [0/79]	Time 0.399 (0.399)	Loss 0.6616 (0.6616)	Prec@1 86.719 (86.719)
Test: [50/79]	Time 0.070 (0.077)	Loss 0.7435 (0.5798)	Prec@1 81.250 (85.325)
 * Prec@1 85.230
current lr 1.00000e-02
Epoch: [55][0/391]	Time 0.607 (0.607)	Data 0.330 (0.330)	Loss 0.1142 (0.1142)	Prec@1 96.094 (96.094)
Epoch: [55][50/391]	Time 0.306 (0.303)	Data 0.000 (0.007)	Loss 0.0660 (0.1152)	Prec@1 99.219 (96.201)
Epoch: [55][100/391]	Time 0.304 (0.304)	Data 0.000 (0.004)	Loss 0.1685 (0.1124)	Prec@1 93.750 (96.187)
Epoch: [55][150/391]	Time 0.304 (0.303)	Data 0.000 (0.003)	Loss 0.1013 (0.1105)	Prec@1 96.875 (96.187)
Epoch: [55][200/391]	Time 0.293 (0.303)	Data 0.000 (0.002)	Loss 0.1119 (0.1138)	Prec@1 95.312 (96.032)
Epoch: [55][250/391]	Time 0.312 (0.303)	Data 0.000 (0.002)	Loss 0.1615 (0.1162)	Prec@1 95.312 (95.923)
Epoch: [55][300/391]	Time 0.304 (0.303)	Data 0.000 (0.002)	Loss 0.0963 (0.1192)	Prec@1 96.094 (95.787)
Epoch: [55][350/391]	Time 0.309 (0.303)	Data 0.000 (0.002)	Loss 0.1333 (0.1196)	Prec@1 96.094 (95.767)
Test: [0/79]	Time 0.420 (0.420)	Loss 0.7515 (0.7515)	Prec@1 85.156 (85.156)
Test: [50/79]	Time 0.083 (0.078)	Loss 0.8572 (0.6632)	Prec@1 83.594 (84.007)
 * Prec@1 83.980
current lr 1.00000e-02
Epoch: [56][0/391]	Time 0.602 (0.602)	Data 0.299 (0.299)	Loss 0.0825 (0.0825)	Prec@1 97.656 (97.656)
Epoch: [56][50/391]	Time 0.317 (0.302)	Data 0.016 (0.008)	Loss 0.1161 (0.1092)	Prec@1 96.094 (96.002)
Epoch: [56][100/391]	Time 0.305 (0.305)	Data 0.000 (0.004)	Loss 0.1080 (0.1158)	Prec@1 96.094 (95.908)
Epoch: [56][150/391]	Time 0.296 (0.304)	Data 0.000 (0.003)	Loss 0.0424 (0.1127)	Prec@1 100.000 (96.016)
Epoch: [56][200/391]	Time 0.304 (0.304)	Data 0.000 (0.002)	Loss 0.1816 (0.1163)	Prec@1 93.750 (95.950)
Epoch: [56][250/391]	Time 0.304 (0.303)	Data 0.000 (0.002)	Loss 0.1217 (0.1170)	Prec@1 96.875 (95.929)
Epoch: [56][300/391]	Time 0.302 (0.303)	Data 0.000 (0.002)	Loss 0.1534 (0.1171)	Prec@1 94.531 (95.943)
Epoch: [56][350/391]	Time 0.305 (0.304)	Data 0.000 (0.002)	Loss 0.1549 (0.1196)	Prec@1 92.969 (95.804)
Test: [0/79]	Time 0.284 (0.284)	Loss 0.6343 (0.6343)	Prec@1 85.156 (85.156)
Test: [50/79]	Time 0.080 (0.077)	Loss 0.4045 (0.4924)	Prec@1 87.500 (87.515)
 * Prec@1 87.320
current lr 1.00000e-02
Epoch: [57][0/391]	Time 0.617 (0.617)	Data 0.282 (0.282)	Loss 0.1179 (0.1179)	Prec@1 96.875 (96.875)
Epoch: [57][50/391]	Time 0.303 (0.304)	Data 0.000 (0.007)	Loss 0.0729 (0.1029)	Prec@1 97.656 (96.201)
Epoch: [57][100/391]	Time 0.304 (0.305)	Data 0.000 (0.004)	Loss 0.0819 (0.1020)	Prec@1 96.875 (96.295)
Epoch: [57][150/391]	Time 0.301 (0.305)	Data 0.000 (0.003)	Loss 0.1527 (0.1064)	Prec@1 95.312 (96.161)
Epoch: [57][200/391]	Time 0.296 (0.304)	Data 0.000 (0.002)	Loss 0.1298 (0.1114)	Prec@1 96.875 (96.004)
Epoch: [57][250/391]	Time 0.304 (0.303)	Data 0.000 (0.002)	Loss 0.1201 (0.1115)	Prec@1 93.750 (96.028)
Epoch: [57][300/391]	Time 0.306 (0.303)	Data 0.001 (0.002)	Loss 0.0593 (0.1100)	Prec@1 97.656 (96.117)
Epoch: [57][350/391]	Time 0.303 (0.304)	Data 0.000 (0.002)	Loss 0.0813 (0.1113)	Prec@1 97.656 (96.045)
Test: [0/79]	Time 0.316 (0.316)	Loss 0.5793 (0.5793)	Prec@1 85.938 (85.938)
Test: [50/79]	Time 0.076 (0.076)	Loss 0.5924 (0.5214)	Prec@1 80.469 (86.259)
 * Prec@1 86.390
current lr 1.00000e-02
Epoch: [58][0/391]	Time 0.678 (0.678)	Data 0.379 (0.379)	Loss 0.0892 (0.0892)	Prec@1 96.094 (96.094)
Epoch: [58][50/391]	Time 0.297 (0.307)	Data 0.000 (0.008)	Loss 0.0791 (0.1009)	Prec@1 98.438 (96.369)
Epoch: [58][100/391]	Time 0.305 (0.306)	Data 0.000 (0.005)	Loss 0.0926 (0.0963)	Prec@1 96.875 (96.558)
Epoch: [58][150/391]	Time 0.304 (0.306)	Data 0.000 (0.003)	Loss 0.0952 (0.1032)	Prec@1 96.875 (96.254)
Epoch: [58][200/391]	Time 0.310 (0.306)	Data 0.000 (0.003)	Loss 0.1388 (0.1029)	Prec@1 96.094 (96.315)
Epoch: [58][250/391]	Time 0.295 (0.304)	Data 0.000 (0.002)	Loss 0.1838 (0.1029)	Prec@1 93.750 (96.290)
Epoch: [58][300/391]	Time 0.307 (0.303)	Data 0.000 (0.002)	Loss 0.0700 (0.1051)	Prec@1 97.656 (96.192)
Epoch: [58][350/391]	Time 0.302 (0.304)	Data 0.000 (0.002)	Loss 0.1490 (0.1060)	Prec@1 95.312 (96.189)
Test: [0/79]	Time 0.315 (0.315)	Loss 0.4200 (0.4200)	Prec@1 92.188 (92.188)
Test: [50/79]	Time 0.064 (0.078)	Loss 0.6379 (0.4882)	Prec@1 82.031 (87.898)
 * Prec@1 88.120
current lr 1.00000e-02
Epoch: [59][0/391]	Time 0.658 (0.658)	Data 0.338 (0.338)	Loss 0.0544 (0.0544)	Prec@1 98.438 (98.438)
Epoch: [59][50/391]	Time 0.306 (0.308)	Data 0.001 (0.008)	Loss 0.0875 (0.0977)	Prec@1 95.312 (96.415)
Epoch: [59][100/391]	Time 0.304 (0.305)	Data 0.000 (0.004)	Loss 0.0733 (0.1008)	Prec@1 96.875 (96.465)
Epoch: [59][150/391]	Time 0.303 (0.305)	Data 0.000 (0.003)	Loss 0.0962 (0.1011)	Prec@1 96.094 (96.404)
Epoch: [59][200/391]	Time 0.303 (0.305)	Data 0.000 (0.003)	Loss 0.1552 (0.1011)	Prec@1 93.750 (96.412)
Epoch: [59][250/391]	Time 0.305 (0.306)	Data 0.000 (0.002)	Loss 0.1766 (0.1048)	Prec@1 94.531 (96.358)
Epoch: [59][300/391]	Time 0.305 (0.303)	Data 0.000 (0.002)	Loss 0.1361 (0.1054)	Prec@1 91.406 (96.299)
Epoch: [59][350/391]	Time 0.306 (0.304)	Data 0.000 (0.002)	Loss 0.0589 (0.1057)	Prec@1 98.438 (96.261)
Test: [0/79]	Time 0.362 (0.362)	Loss 0.4982 (0.4982)	Prec@1 85.938 (85.938)
Test: [50/79]	Time 0.056 (0.077)	Loss 0.6181 (0.5105)	Prec@1 85.938 (87.086)
 * Prec@1 87.150
current lr 1.00000e-02
Epoch: [60][0/391]	Time 0.560 (0.560)	Data 0.260 (0.260)	Loss 0.1395 (0.1395)	Prec@1 96.875 (96.875)
Epoch: [60][50/391]	Time 0.296 (0.307)	Data 0.000 (0.006)	Loss 0.0717 (0.0916)	Prec@1 96.875 (96.936)
Epoch: [60][100/391]	Time 0.306 (0.304)	Data 0.000 (0.003)	Loss 0.0640 (0.0947)	Prec@1 98.438 (96.813)
Epoch: [60][150/391]	Time 0.306 (0.305)	Data 0.000 (0.003)	Loss 0.1092 (0.0977)	Prec@1 95.312 (96.606)
Epoch: [60][200/391]	Time 0.303 (0.305)	Data 0.000 (0.002)	Loss 0.0810 (0.1001)	Prec@1 96.875 (96.506)
Epoch: [60][250/391]	Time 0.307 (0.305)	Data 0.000 (0.002)	Loss 0.0716 (0.1008)	Prec@1 96.875 (96.445)
Epoch: [60][300/391]	Time 0.290 (0.304)	Data 0.000 (0.002)	Loss 0.1240 (0.1017)	Prec@1 96.094 (96.416)
Epoch: [60][350/391]	Time 0.308 (0.303)	Data 0.000 (0.002)	Loss 0.0832 (0.1044)	Prec@1 96.875 (96.321)
Test: [0/79]	Time 0.330 (0.330)	Loss 0.6018 (0.6018)	Prec@1 89.844 (89.844)
Test: [50/79]	Time 0.096 (0.078)	Loss 0.7293 (0.5476)	Prec@1 85.156 (86.949)
 * Prec@1 87.090
current lr 1.00000e-02
Epoch: [61][0/391]	Time 0.516 (0.516)	Data 0.256 (0.256)	Loss 0.0413 (0.0413)	Prec@1 99.219 (99.219)
Epoch: [61][50/391]	Time 0.303 (0.309)	Data 0.000 (0.007)	Loss 0.0743 (0.0955)	Prec@1 96.875 (96.615)
Epoch: [61][100/391]	Time 0.306 (0.305)	Data 0.000 (0.004)	Loss 0.0734 (0.0972)	Prec@1 96.094 (96.581)
Epoch: [61][150/391]	Time 0.305 (0.305)	Data 0.000 (0.003)	Loss 0.0590 (0.0959)	Prec@1 99.219 (96.709)
Epoch: [61][200/391]	Time 0.303 (0.306)	Data 0.000 (0.003)	Loss 0.1753 (0.0963)	Prec@1 95.312 (96.634)
Epoch: [61][250/391]	Time 0.305 (0.305)	Data 0.000 (0.002)	Loss 0.1048 (0.0974)	Prec@1 96.094 (96.654)
Epoch: [61][300/391]	Time 0.307 (0.305)	Data 0.000 (0.002)	Loss 0.0699 (0.0985)	Prec@1 98.438 (96.574)
Epoch: [61][350/391]	Time 0.271 (0.304)	Data 0.020 (0.002)	Loss 0.0894 (0.0993)	Prec@1 94.531 (96.519)
Test: [0/79]	Time 0.317 (0.317)	Loss 0.5484 (0.5484)	Prec@1 86.719 (86.719)
Test: [50/79]	Time 0.072 (0.076)	Loss 0.7269 (0.5685)	Prec@1 82.031 (86.520)
 * Prec@1 86.420
current lr 1.00000e-02
Epoch: [62][0/391]	Time 0.631 (0.631)	Data 0.374 (0.374)	Loss 0.0462 (0.0462)	Prec@1 99.219 (99.219)
Epoch: [62][50/391]	Time 0.303 (0.312)	Data 0.000 (0.008)	Loss 0.1972 (0.1048)	Prec@1 94.531 (96.278)
Epoch: [62][100/391]	Time 0.307 (0.305)	Data 0.000 (0.005)	Loss 0.0647 (0.0953)	Prec@1 98.438 (96.635)
Epoch: [62][150/391]	Time 0.304 (0.306)	Data 0.000 (0.004)	Loss 0.0752 (0.0923)	Prec@1 96.875 (96.715)
Epoch: [62][200/391]	Time 0.307 (0.306)	Data 0.000 (0.003)	Loss 0.0969 (0.0954)	Prec@1 96.094 (96.560)
Epoch: [62][250/391]	Time 0.307 (0.306)	Data 0.000 (0.002)	Loss 0.1258 (0.0977)	Prec@1 95.312 (96.480)
Epoch: [62][300/391]	Time 0.301 (0.306)	Data 0.009 (0.002)	Loss 0.1000 (0.0997)	Prec@1 96.875 (96.395)
Epoch: [62][350/391]	Time 0.301 (0.305)	Data 0.000 (0.002)	Loss 0.1446 (0.1018)	Prec@1 96.094 (96.332)
Test: [0/79]	Time 0.338 (0.338)	Loss 0.5955 (0.5955)	Prec@1 88.281 (88.281)
Test: [50/79]	Time 0.093 (0.075)	Loss 0.7145 (0.5541)	Prec@1 82.812 (86.612)
 * Prec@1 86.670
current lr 1.00000e-02
Epoch: [63][0/391]	Time 0.607 (0.607)	Data 0.255 (0.255)	Loss 0.0672 (0.0672)	Prec@1 97.656 (97.656)
Epoch: [63][50/391]	Time 0.306 (0.312)	Data 0.000 (0.007)	Loss 0.0294 (0.1024)	Prec@1 98.438 (96.400)
Epoch: [63][100/391]	Time 0.302 (0.306)	Data 0.000 (0.004)	Loss 0.1065 (0.0962)	Prec@1 96.094 (96.651)
Epoch: [63][150/391]	Time 0.305 (0.306)	Data 0.000 (0.003)	Loss 0.0769 (0.0972)	Prec@1 97.656 (96.570)
Epoch: [63][200/391]	Time 0.302 (0.306)	Data 0.000 (0.003)	Loss 0.0723 (0.0981)	Prec@1 96.875 (96.510)
