['resnet110', 'resnet1202', 'resnet20', 'resnet32', 'resnet44', 'resnet56']
Files already downloaded and verified
current lr 1.00000e-02
Epoch: [0][0/391]	Time 2.949 (2.949)	Data 0.407 (0.407)	Loss 10.8579 (10.8579)	Prec@1 8.594 (8.594)
Epoch: [0][50/391]	Time 0.323 (0.365)	Data 0.013 (0.009)	Loss 2.1333 (3.5870)	Prec@1 17.969 (14.246)
Epoch: [0][100/391]	Time 0.319 (0.339)	Data 0.000 (0.005)	Loss 2.0159 (2.8447)	Prec@1 25.781 (18.804)
Epoch: [0][150/391]	Time 0.317 (0.331)	Data 0.013 (0.004)	Loss 1.8658 (2.5211)	Prec@1 26.562 (22.398)
Epoch: [0][200/391]	Time 0.316 (0.327)	Data 0.000 (0.003)	Loss 1.7040 (2.3356)	Prec@1 34.375 (25.381)
Epoch: [0][250/391]	Time 0.319 (0.324)	Data 0.000 (0.003)	Loss 1.4509 (2.2095)	Prec@1 44.531 (27.574)
Epoch: [0][300/391]	Time 0.317 (0.323)	Data 0.000 (0.002)	Loss 1.5075 (2.1190)	Prec@1 45.312 (29.283)
Epoch: [0][350/391]	Time 0.330 (0.322)	Data 0.015 (0.002)	Loss 1.5255 (2.0431)	Prec@1 43.750 (30.983)
Test: [0/79]	Time 0.384 (0.384)	Loss 1.5702 (1.5702)	Prec@1 46.094 (46.094)
Test: [50/79]	Time 0.051 (0.063)	Loss 1.5503 (1.6288)	Prec@1 46.094 (42.785)
 * Prec@1 42.380
current lr 1.00000e-02
Epoch: [1][0/391]	Time 0.602 (0.602)	Data 0.251 (0.251)	Loss 1.4382 (1.4382)	Prec@1 49.219 (49.219)
Epoch: [1][50/391]	Time 0.318 (0.317)	Data 0.000 (0.006)	Loss 1.4787 (1.5252)	Prec@1 39.844 (43.719)
Epoch: [1][100/391]	Time 0.306 (0.316)	Data 0.000 (0.004)	Loss 1.4519 (1.5016)	Prec@1 47.656 (44.624)
Epoch: [1][150/391]	Time 0.319 (0.315)	Data 0.000 (0.003)	Loss 1.5148 (1.4843)	Prec@1 44.531 (45.318)
Epoch: [1][200/391]	Time 0.306 (0.315)	Data 0.004 (0.002)	Loss 1.5279 (1.4652)	Prec@1 44.531 (46.284)
Epoch: [1][250/391]	Time 0.304 (0.315)	Data 0.000 (0.002)	Loss 1.3500 (1.4516)	Prec@1 48.438 (46.844)
Epoch: [1][300/391]	Time 0.306 (0.314)	Data 0.000 (0.002)	Loss 1.3224 (1.4356)	Prec@1 47.656 (47.498)
Epoch: [1][350/391]	Time 0.317 (0.314)	Data 0.000 (0.002)	Loss 1.5266 (1.4204)	Prec@1 42.188 (48.124)
Test: [0/79]	Time 0.364 (0.364)	Loss 1.2310 (1.2310)	Prec@1 55.469 (55.469)
Test: [50/79]	Time 0.073 (0.077)	Loss 1.2348 (1.2375)	Prec@1 59.375 (55.744)
 * Prec@1 55.730
current lr 1.00000e-02
Epoch: [2][0/391]	Time 0.575 (0.575)	Data 0.273 (0.273)	Loss 1.2588 (1.2588)	Prec@1 56.250 (56.250)
Epoch: [2][50/391]	Time 0.319 (0.309)	Data 0.000 (0.006)	Loss 1.4200 (1.3013)	Prec@1 48.438 (51.930)
Epoch: [2][100/391]	Time 0.308 (0.311)	Data 0.001 (0.003)	Loss 1.1634 (1.2807)	Prec@1 62.500 (53.442)
Epoch: [2][150/391]	Time 0.319 (0.311)	Data 0.000 (0.003)	Loss 1.1484 (1.2502)	Prec@1 56.250 (54.543)
Epoch: [2][200/391]	Time 0.318 (0.312)	Data 0.000 (0.002)	Loss 1.2048 (1.2345)	Prec@1 54.688 (55.410)
Epoch: [2][250/391]	Time 0.306 (0.312)	Data 0.000 (0.002)	Loss 1.1905 (1.2232)	Prec@1 59.375 (55.914)
Epoch: [2][300/391]	Time 0.317 (0.312)	Data 0.000 (0.002)	Loss 1.1246 (1.2057)	Prec@1 61.719 (56.629)
Epoch: [2][350/391]	Time 0.317 (0.312)	Data 0.000 (0.002)	Loss 1.1268 (1.1953)	Prec@1 61.719 (57.009)
Test: [0/79]	Time 0.345 (0.345)	Loss 1.0332 (1.0332)	Prec@1 60.938 (60.938)
Test: [50/79]	Time 0.094 (0.080)	Loss 1.1606 (1.1002)	Prec@1 64.844 (62.577)
 * Prec@1 61.660
current lr 1.00000e-02
Epoch: [3][0/391]	Time 0.689 (0.689)	Data 0.376 (0.376)	Loss 1.1504 (1.1504)	Prec@1 55.469 (55.469)
Epoch: [3][50/391]	Time 0.300 (0.313)	Data 0.000 (0.009)	Loss 1.0221 (1.0856)	Prec@1 64.062 (61.305)
Epoch: [3][100/391]	Time 0.317 (0.312)	Data 0.000 (0.005)	Loss 1.0349 (1.0695)	Prec@1 64.844 (61.634)
Epoch: [3][150/391]	Time 0.305 (0.312)	Data 0.000 (0.004)	Loss 0.9620 (1.0647)	Prec@1 66.406 (61.662)
Epoch: [3][200/391]	Time 0.321 (0.312)	Data 0.000 (0.003)	Loss 0.9932 (1.0483)	Prec@1 63.281 (62.473)
Epoch: [3][250/391]	Time 0.321 (0.312)	Data 0.000 (0.003)	Loss 0.9759 (1.0415)	Prec@1 68.750 (62.802)
Epoch: [3][300/391]	Time 0.320 (0.312)	Data 0.000 (0.002)	Loss 0.8912 (1.0352)	Prec@1 72.656 (63.141)
Epoch: [3][350/391]	Time 0.301 (0.312)	Data 0.001 (0.002)	Loss 1.0270 (1.0291)	Prec@1 65.625 (63.355)
Test: [0/79]	Time 0.293 (0.293)	Loss 0.8375 (0.8375)	Prec@1 64.844 (64.844)
Test: [50/79]	Time 0.081 (0.079)	Loss 1.0410 (0.9339)	Prec@1 66.406 (67.310)
 * Prec@1 67.230
current lr 1.00000e-02
Epoch: [4][0/391]	Time 0.579 (0.579)	Data 0.269 (0.269)	Loss 0.8948 (0.8948)	Prec@1 70.312 (70.312)
Epoch: [4][50/391]	Time 0.317 (0.311)	Data 0.000 (0.006)	Loss 0.7548 (0.9127)	Prec@1 69.531 (68.091)
Epoch: [4][100/391]	Time 0.307 (0.309)	Data 0.002 (0.004)	Loss 1.0282 (0.9109)	Prec@1 62.500 (67.992)
Epoch: [4][150/391]	Time 0.320 (0.310)	Data 0.000 (0.003)	Loss 0.8384 (0.9118)	Prec@1 69.531 (67.850)
Epoch: [4][200/391]	Time 0.303 (0.311)	Data 0.000 (0.002)	Loss 0.8171 (0.9087)	Prec@1 76.562 (67.774)
Epoch: [4][250/391]	Time 0.307 (0.311)	Data 0.000 (0.002)	Loss 0.9909 (0.9043)	Prec@1 65.625 (68.159)
Epoch: [4][300/391]	Time 0.307 (0.311)	Data 0.000 (0.002)	Loss 0.8320 (0.8960)	Prec@1 72.656 (68.493)
Epoch: [4][350/391]	Time 0.295 (0.311)	Data 0.013 (0.002)	Loss 0.9958 (0.8890)	Prec@1 60.938 (68.750)
Test: [0/79]	Time 0.281 (0.281)	Loss 0.8032 (0.8032)	Prec@1 68.750 (68.750)
Test: [50/79]	Time 0.075 (0.080)	Loss 1.0478 (1.0022)	Prec@1 67.969 (66.835)
 * Prec@1 66.800
current lr 1.00000e-02
Epoch: [5][0/391]	Time 0.645 (0.645)	Data 0.340 (0.340)	Loss 0.7541 (0.7541)	Prec@1 71.875 (71.875)
Epoch: [5][50/391]	Time 0.306 (0.314)	Data 0.000 (0.008)	Loss 0.8168 (0.8550)	Prec@1 70.312 (70.144)
Epoch: [5][100/391]	Time 0.312 (0.311)	Data 0.000 (0.004)	Loss 0.8001 (0.8373)	Prec@1 72.656 (70.846)
Epoch: [5][150/391]	Time 0.306 (0.310)	Data 0.000 (0.003)	Loss 0.8643 (0.8404)	Prec@1 72.656 (70.794)
Epoch: [5][200/391]	Time 0.316 (0.311)	Data 0.000 (0.003)	Loss 0.9282 (0.8279)	Prec@1 65.625 (71.164)
Epoch: [5][250/391]	Time 0.307 (0.312)	Data 0.000 (0.002)	Loss 0.8276 (0.8171)	Prec@1 73.438 (71.530)
Epoch: [5][300/391]	Time 0.305 (0.312)	Data 0.000 (0.002)	Loss 0.9173 (0.8108)	Prec@1 69.531 (71.623)
Epoch: [5][350/391]	Time 0.249 (0.310)	Data 0.000 (0.002)	Loss 0.7103 (0.8055)	Prec@1 73.438 (71.753)
Test: [0/79]	Time 0.320 (0.320)	Loss 0.6407 (0.6407)	Prec@1 72.656 (72.656)
Test: [50/79]	Time 0.077 (0.079)	Loss 0.8253 (0.7925)	Prec@1 75.000 (73.055)
 * Prec@1 73.060
current lr 1.00000e-02
Epoch: [6][0/391]	Time 0.573 (0.573)	Data 0.253 (0.253)	Loss 0.8547 (0.8547)	Prec@1 72.656 (72.656)
Epoch: [6][50/391]	Time 0.313 (0.311)	Data 0.011 (0.006)	Loss 0.6368 (0.7797)	Prec@1 79.688 (72.855)
Epoch: [6][100/391]	Time 0.317 (0.311)	Data 0.000 (0.003)	Loss 0.7469 (0.7593)	Prec@1 75.000 (73.499)
Epoch: [6][150/391]	Time 0.306 (0.309)	Data 0.000 (0.002)	Loss 0.6840 (0.7508)	Prec@1 75.781 (73.727)
Epoch: [6][200/391]	Time 0.307 (0.310)	Data 0.000 (0.002)	Loss 0.8219 (0.7453)	Prec@1 73.438 (73.958)
Epoch: [6][250/391]	Time 0.319 (0.311)	Data 0.000 (0.002)	Loss 0.7099 (0.7428)	Prec@1 75.000 (74.051)
Epoch: [6][300/391]	Time 0.314 (0.311)	Data 0.000 (0.002)	Loss 0.8105 (0.7413)	Prec@1 71.094 (74.169)
Epoch: [6][350/391]	Time 0.297 (0.309)	Data 0.000 (0.002)	Loss 0.7006 (0.7386)	Prec@1 74.219 (74.212)
Test: [0/79]	Time 0.290 (0.290)	Loss 0.5450 (0.5450)	Prec@1 81.250 (81.250)
Test: [50/79]	Time 0.078 (0.079)	Loss 0.8984 (0.7548)	Prec@1 67.969 (74.050)
 * Prec@1 74.100
current lr 1.00000e-02
Epoch: [7][0/391]	Time 0.565 (0.565)	Data 0.272 (0.272)	Loss 0.6815 (0.6815)	Prec@1 74.219 (74.219)
Epoch: [7][50/391]	Time 0.331 (0.314)	Data 0.000 (0.006)	Loss 0.8484 (0.6888)	Prec@1 68.750 (75.797)
Epoch: [7][100/391]	Time 0.300 (0.311)	Data 0.000 (0.003)	Loss 0.7163 (0.6961)	Prec@1 77.344 (75.812)
Epoch: [7][150/391]	Time 0.308 (0.311)	Data 0.000 (0.003)	Loss 0.6329 (0.6936)	Prec@1 75.000 (75.880)
Epoch: [7][200/391]	Time 0.306 (0.311)	Data 0.000 (0.002)	Loss 0.6837 (0.6902)	Prec@1 75.000 (75.898)
Epoch: [7][250/391]	Time 0.316 (0.311)	Data 0.000 (0.002)	Loss 0.6556 (0.6841)	Prec@1 77.344 (76.205)
Epoch: [7][300/391]	Time 0.316 (0.311)	Data 0.000 (0.002)	Loss 0.7349 (0.6841)	Prec@1 71.875 (76.090)
Epoch: [7][350/391]	Time 0.319 (0.308)	Data 0.000 (0.002)	Loss 0.5345 (0.6826)	Prec@1 81.250 (76.140)
Test: [0/79]	Time 0.339 (0.339)	Loss 0.6851 (0.6851)	Prec@1 78.906 (78.906)
Test: [50/79]	Time 0.073 (0.080)	Loss 0.8228 (0.9118)	Prec@1 72.656 (71.676)
 * Prec@1 71.650
current lr 1.00000e-02
Epoch: [8][0/391]	Time 0.576 (0.576)	Data 0.270 (0.270)	Loss 0.6715 (0.6715)	Prec@1 76.562 (76.562)
Epoch: [8][50/391]	Time 0.293 (0.318)	Data 0.000 (0.006)	Loss 0.6211 (0.6383)	Prec@1 75.781 (77.711)
Epoch: [8][100/391]	Time 0.318 (0.313)	Data 0.000 (0.004)	Loss 0.6116 (0.6357)	Prec@1 78.125 (77.939)
Epoch: [8][150/391]	Time 0.306 (0.312)	Data 0.000 (0.003)	Loss 0.5381 (0.6450)	Prec@1 81.250 (77.566)
Epoch: [8][200/391]	Time 0.316 (0.311)	Data 0.000 (0.002)	Loss 0.7133 (0.6380)	Prec@1 75.781 (77.690)
Epoch: [8][250/391]	Time 0.316 (0.311)	Data 0.002 (0.002)	Loss 0.6085 (0.6364)	Prec@1 82.031 (77.717)
Epoch: [8][300/391]	Time 0.318 (0.312)	Data 0.000 (0.002)	Loss 0.5437 (0.6345)	Prec@1 85.156 (77.821)
Epoch: [8][350/391]	Time 0.305 (0.309)	Data 0.000 (0.002)	Loss 0.6684 (0.6346)	Prec@1 75.781 (77.894)
Test: [0/79]	Time 0.317 (0.317)	Loss 0.5480 (0.5480)	Prec@1 80.469 (80.469)
Test: [50/79]	Time 0.076 (0.080)	Loss 0.9230 (0.7094)	Prec@1 73.438 (76.532)
 * Prec@1 76.710
current lr 1.00000e-02
Epoch: [9][0/391]	Time 0.567 (0.567)	Data 0.232 (0.232)	Loss 0.5716 (0.5716)	Prec@1 81.250 (81.250)
Epoch: [9][50/391]	Time 0.305 (0.319)	Data 0.000 (0.005)	Loss 0.4692 (0.5710)	Prec@1 82.031 (79.504)
Epoch: [9][100/391]	Time 0.305 (0.312)	Data 0.000 (0.003)	Loss 0.5769 (0.5925)	Prec@1 77.344 (78.960)
Epoch: [9][150/391]	Time 0.319 (0.312)	Data 0.000 (0.003)	Loss 0.5257 (0.5990)	Prec@1 81.250 (78.953)
Epoch: [9][200/391]	Time 0.300 (0.311)	Data 0.000 (0.002)	Loss 0.6243 (0.5977)	Prec@1 76.562 (78.976)
Epoch: [9][250/391]	Time 0.301 (0.311)	Data 0.000 (0.002)	Loss 0.4938 (0.6004)	Prec@1 85.156 (78.962)
Epoch: [9][300/391]	Time 0.275 (0.311)	Data 0.000 (0.002)	Loss 0.5590 (0.6005)	Prec@1 78.125 (78.992)
Epoch: [9][350/391]	Time 0.307 (0.308)	Data 0.000 (0.002)	Loss 0.7108 (0.5990)	Prec@1 78.906 (79.089)
Test: [0/79]	Time 0.341 (0.341)	Loss 0.4762 (0.4762)	Prec@1 82.031 (82.031)
Test: [50/79]	Time 0.075 (0.081)	Loss 0.7566 (0.6649)	Prec@1 72.656 (77.834)
 * Prec@1 77.710
current lr 1.00000e-02
Epoch: [10][0/391]	Time 0.616 (0.616)	Data 0.308 (0.308)	Loss 0.4834 (0.4834)	Prec@1 82.031 (82.031)
Epoch: [10][50/391]	Time 0.318 (0.320)	Data 0.000 (0.007)	Loss 0.6766 (0.5741)	Prec@1 78.125 (80.040)
Epoch: [10][100/391]	Time 0.305 (0.313)	Data 0.000 (0.004)	Loss 0.5709 (0.5655)	Prec@1 82.812 (80.422)
Epoch: [10][150/391]	Time 0.321 (0.313)	Data 0.000 (0.003)	Loss 0.6053 (0.5551)	Prec@1 78.125 (80.929)
Epoch: [10][200/391]	Time 0.306 (0.313)	Data 0.000 (0.003)	Loss 0.6457 (0.5563)	Prec@1 80.469 (80.924)
Epoch: [10][250/391]	Time 0.319 (0.312)	Data 0.000 (0.002)	Loss 0.4434 (0.5556)	Prec@1 85.156 (80.758)
Epoch: [10][300/391]	Time 0.289 (0.311)	Data 0.000 (0.002)	Loss 0.5900 (0.5548)	Prec@1 78.125 (80.804)
Epoch: [10][350/391]	Time 0.326 (0.308)	Data 0.002 (0.002)	Loss 0.4256 (0.5555)	Prec@1 84.375 (80.803)
Test: [0/79]	Time 0.392 (0.392)	Loss 0.5920 (0.5920)	Prec@1 78.906 (78.906)
Test: [50/79]	Time 0.074 (0.082)	Loss 0.9278 (0.7688)	Prec@1 73.438 (75.797)
 * Prec@1 76.100
current lr 1.00000e-02
Epoch: [11][0/391]	Time 0.605 (0.605)	Data 0.297 (0.297)	Loss 0.6096 (0.6096)	Prec@1 75.000 (75.000)
Epoch: [11][50/391]	Time 0.307 (0.318)	Data 0.000 (0.007)	Loss 0.5698 (0.5190)	Prec@1 79.688 (81.419)
Epoch: [11][100/391]	Time 0.297 (0.313)	Data 0.000 (0.004)	Loss 0.5582 (0.5212)	Prec@1 79.688 (81.490)
Epoch: [11][150/391]	Time 0.305 (0.313)	Data 0.000 (0.003)	Loss 0.6015 (0.5246)	Prec@1 80.469 (81.441)
Epoch: [11][200/391]	Time 0.319 (0.312)	Data 0.000 (0.003)	Loss 0.4902 (0.5276)	Prec@1 83.594 (81.398)
Epoch: [11][250/391]	Time 0.312 (0.312)	Data 0.001 (0.002)	Loss 0.4638 (0.5285)	Prec@1 79.688 (81.434)
Epoch: [11][300/391]	Time 0.311 (0.310)	Data 0.020 (0.002)	Loss 0.5981 (0.5268)	Prec@1 78.906 (81.478)
Epoch: [11][350/391]	Time 0.316 (0.308)	Data 0.014 (0.002)	Loss 0.4862 (0.5272)	Prec@1 80.469 (81.484)
Test: [0/79]	Time 0.319 (0.319)	Loss 0.5538 (0.5538)	Prec@1 77.344 (77.344)
Test: [50/79]	Time 0.076 (0.079)	Loss 0.7812 (0.7196)	Prec@1 76.562 (77.558)
 * Prec@1 77.800
current lr 1.00000e-02
Epoch: [12][0/391]	Time 0.615 (0.615)	Data 0.271 (0.271)	Loss 0.4932 (0.4932)	Prec@1 83.594 (83.594)
Epoch: [12][50/391]	Time 0.307 (0.318)	Data 0.000 (0.006)	Loss 0.5387 (0.4921)	Prec@1 83.594 (82.782)
Epoch: [12][100/391]	Time 0.300 (0.315)	Data 0.000 (0.003)	Loss 0.6463 (0.4865)	Prec@1 77.344 (83.130)
Epoch: [12][150/391]	Time 0.322 (0.313)	Data 0.000 (0.002)	Loss 0.4691 (0.4960)	Prec@1 85.156 (82.730)
Epoch: [12][200/391]	Time 0.306 (0.312)	Data 0.000 (0.002)	Loss 0.5067 (0.5024)	Prec@1 85.156 (82.645)
Epoch: [12][250/391]	Time 0.309 (0.312)	Data 0.000 (0.002)	Loss 0.6043 (0.5018)	Prec@1 80.469 (82.657)
Epoch: [12][300/391]	Time 0.288 (0.308)	Data 0.015 (0.002)	Loss 0.3855 (0.5026)	Prec@1 83.594 (82.753)
Epoch: [12][350/391]	Time 0.300 (0.307)	Data 0.000 (0.001)	Loss 0.3411 (0.5048)	Prec@1 88.281 (82.617)
Test: [0/79]	Time 0.316 (0.316)	Loss 0.6105 (0.6105)	Prec@1 82.812 (82.812)
Test: [50/79]	Time 0.076 (0.079)	Loss 0.7825 (0.6705)	Prec@1 80.469 (78.493)
 * Prec@1 78.530
current lr 1.00000e-02
Epoch: [13][0/391]	Time 0.650 (0.650)	Data 0.337 (0.337)	Loss 0.4138 (0.4138)	Prec@1 86.719 (86.719)
Epoch: [13][50/391]	Time 0.302 (0.320)	Data 0.000 (0.007)	Loss 0.3614 (0.4731)	Prec@1 88.281 (83.532)
Epoch: [13][100/391]	Time 0.304 (0.316)	Data 0.000 (0.004)	Loss 0.4901 (0.4807)	Prec@1 79.688 (83.315)
Epoch: [13][150/391]	Time 0.317 (0.313)	Data 0.000 (0.003)	Loss 0.4201 (0.4822)	Prec@1 88.281 (83.247)
Epoch: [13][200/391]	Time 0.307 (0.313)	Data 0.000 (0.002)	Loss 0.3704 (0.4799)	Prec@1 86.719 (83.190)
Epoch: [13][250/391]	Time 0.316 (0.313)	Data 0.000 (0.002)	Loss 0.4396 (0.4795)	Prec@1 85.156 (83.323)
Epoch: [13][300/391]	Time 0.280 (0.310)	Data 0.016 (0.002)	Loss 0.3339 (0.4785)	Prec@1 85.938 (83.236)
Epoch: [13][350/391]	Time 0.317 (0.310)	Data 0.000 (0.002)	Loss 0.4128 (0.4817)	Prec@1 88.281 (83.171)
Test: [0/79]	Time 0.306 (0.306)	Loss 0.5937 (0.5937)	Prec@1 81.250 (81.250)
Test: [50/79]	Time 0.076 (0.080)	Loss 0.8049 (0.6652)	Prec@1 75.781 (78.830)
 * Prec@1 78.950
current lr 1.00000e-02
Epoch: [14][0/391]	Time 0.630 (0.630)	Data 0.334 (0.334)	Loss 0.2982 (0.2982)	Prec@1 88.281 (88.281)
Epoch: [14][50/391]	Time 0.305 (0.319)	Data 0.000 (0.008)	Loss 0.4414 (0.4495)	Prec@1 82.031 (84.222)
Epoch: [14][100/391]	Time 0.307 (0.317)	Data 0.000 (0.005)	Loss 0.2955 (0.4519)	Prec@1 89.062 (83.934)
Epoch: [14][150/391]	Time 0.302 (0.313)	Data 0.000 (0.004)	Loss 0.4893 (0.4558)	Prec@1 84.375 (83.847)
Epoch: [14][200/391]	Time 0.315 (0.313)	Data 0.000 (0.003)	Loss 0.3875 (0.4549)	Prec@1 85.938 (83.967)
Epoch: [14][250/391]	Time 0.304 (0.312)	Data 0.000 (0.003)	Loss 0.4552 (0.4532)	Prec@1 82.812 (84.120)
Epoch: [14][300/391]	Time 0.318 (0.309)	Data 0.000 (0.002)	Loss 0.4574 (0.4551)	Prec@1 82.031 (84.113)
Epoch: [14][350/391]	Time 0.304 (0.309)	Data 0.000 (0.002)	Loss 0.5275 (0.4576)	Prec@1 77.344 (84.079)
Test: [0/79]	Time 0.320 (0.320)	Loss 0.4281 (0.4281)	Prec@1 85.156 (85.156)
Test: [50/79]	Time 0.076 (0.080)	Loss 0.7062 (0.6080)	Prec@1 78.906 (80.591)
 * Prec@1 80.750
current lr 1.00000e-02
Epoch: [15][0/391]	Time 0.584 (0.584)	Data 0.287 (0.287)	Loss 0.4444 (0.4444)	Prec@1 87.500 (87.500)
Epoch: [15][50/391]	Time 0.304 (0.317)	Data 0.000 (0.006)	Loss 0.4639 (0.4403)	Prec@1 82.031 (85.080)
Epoch: [15][100/391]	Time 0.307 (0.315)	Data 0.000 (0.004)	Loss 0.4865 (0.4384)	Prec@1 85.156 (84.878)
Epoch: [15][150/391]	Time 0.298 (0.313)	Data 0.000 (0.003)	Loss 0.5452 (0.4503)	Prec@1 80.469 (84.380)
Epoch: [15][200/391]	Time 0.301 (0.312)	Data 0.002 (0.003)	Loss 0.3196 (0.4477)	Prec@1 89.844 (84.558)
Epoch: [15][250/391]	Time 0.319 (0.312)	Data 0.000 (0.002)	Loss 0.3841 (0.4426)	Prec@1 87.500 (84.795)
Epoch: [15][300/391]	Time 0.316 (0.309)	Data 0.000 (0.002)	Loss 0.3644 (0.4401)	Prec@1 87.500 (84.795)
Epoch: [15][350/391]	Time 0.309 (0.310)	Data 0.000 (0.002)	Loss 0.4928 (0.4396)	Prec@1 84.375 (84.782)
Test: [0/79]	Time 0.344 (0.344)	Loss 0.4066 (0.4066)	Prec@1 85.938 (85.938)
Test: [50/79]	Time 0.071 (0.083)	Loss 0.7331 (0.5824)	Prec@1 76.562 (81.434)
 * Prec@1 81.320
current lr 1.00000e-02
Epoch: [16][0/391]	Time 0.544 (0.544)	Data 0.253 (0.253)	Loss 0.4973 (0.4973)	Prec@1 82.812 (82.812)
Epoch: [16][50/391]	Time 0.327 (0.319)	Data 0.016 (0.006)	Loss 0.3458 (0.4189)	Prec@1 86.719 (85.539)
Epoch: [16][100/391]	Time 0.317 (0.316)	Data 0.000 (0.004)	Loss 0.4975 (0.4161)	Prec@1 80.469 (85.644)
Epoch: [16][150/391]	Time 0.306 (0.314)	Data 0.000 (0.003)	Loss 0.3488 (0.4119)	Prec@1 85.156 (85.751)
Epoch: [16][200/391]	Time 0.309 (0.313)	Data 0.000 (0.002)	Loss 0.4792 (0.4114)	Prec@1 79.688 (85.763)
Epoch: [16][250/391]	Time 0.299 (0.313)	Data 0.000 (0.002)	Loss 0.4853 (0.4171)	Prec@1 82.812 (85.480)
Epoch: [16][300/391]	Time 0.318 (0.310)	Data 0.000 (0.002)	Loss 0.5310 (0.4180)	Prec@1 83.594 (85.416)
Epoch: [16][350/391]	Time 0.317 (0.310)	Data 0.000 (0.002)	Loss 0.3527 (0.4203)	Prec@1 89.844 (85.388)
Test: [0/79]	Time 0.337 (0.337)	Loss 0.4567 (0.4567)	Prec@1 82.031 (82.031)
Test: [50/79]	Time 0.072 (0.079)	Loss 0.6907 (0.5521)	Prec@1 79.688 (81.985)
 * Prec@1 82.050
current lr 1.00000e-02
Epoch: [17][0/391]	Time 0.625 (0.625)	Data 0.272 (0.272)	Loss 0.4487 (0.4487)	Prec@1 84.375 (84.375)
Epoch: [17][50/391]	Time 0.306 (0.319)	Data 0.000 (0.006)	Loss 0.4455 (0.3899)	Prec@1 83.594 (85.983)
Epoch: [17][100/391]	Time 0.318 (0.316)	Data 0.000 (0.003)	Loss 0.5101 (0.3983)	Prec@1 82.812 (85.806)
Epoch: [17][150/391]	Time 0.319 (0.315)	Data 0.000 (0.003)	Loss 0.3843 (0.3958)	Prec@1 85.938 (85.886)
Epoch: [17][200/391]	Time 0.317 (0.312)	Data 0.000 (0.002)	Loss 0.5590 (0.3990)	Prec@1 80.469 (85.899)
Epoch: [17][250/391]	Time 0.283 (0.310)	Data 0.000 (0.002)	Loss 0.4463 (0.3962)	Prec@1 84.375 (85.969)
Epoch: [17][300/391]	Time 0.311 (0.309)	Data 0.000 (0.002)	Loss 0.4044 (0.3983)	Prec@1 85.156 (85.930)
Epoch: [17][350/391]	Time 0.303 (0.309)	Data 0.000 (0.002)	Loss 0.3136 (0.4006)	Prec@1 87.500 (85.833)
Test: [0/79]	Time 0.276 (0.276)	Loss 0.3972 (0.3972)	Prec@1 84.375 (84.375)
Test: [50/79]	Time 0.074 (0.079)	Loss 0.7299 (0.6434)	Prec@1 77.344 (79.350)
 * Prec@1 79.520
current lr 1.00000e-02
Epoch: [18][0/391]	Time 0.637 (0.637)	Data 0.315 (0.315)	Loss 0.4720 (0.4720)	Prec@1 85.156 (85.156)
Epoch: [18][50/391]	Time 0.315 (0.315)	Data 0.000 (0.007)	Loss 0.2953 (0.3817)	Prec@1 87.500 (86.688)
Epoch: [18][100/391]	Time 0.319 (0.314)	Data 0.000 (0.004)	Loss 0.3474 (0.3814)	Prec@1 85.938 (86.510)
Epoch: [18][150/391]	Time 0.316 (0.313)	Data 0.000 (0.003)	Loss 0.3333 (0.3867)	Prec@1 90.625 (86.362)
Epoch: [18][200/391]	Time 0.316 (0.312)	Data 0.000 (0.003)	Loss 0.3149 (0.3874)	Prec@1 88.281 (86.384)
Epoch: [18][250/391]	Time 0.242 (0.309)	Data 0.015 (0.002)	Loss 0.3931 (0.3853)	Prec@1 87.500 (86.557)
Epoch: [18][300/391]	Time 0.316 (0.308)	Data 0.016 (0.002)	Loss 0.4016 (0.3854)	Prec@1 82.812 (86.586)
Epoch: [18][350/391]	Time 0.306 (0.309)	Data 0.000 (0.002)	Loss 0.3328 (0.3867)	Prec@1 87.500 (86.527)
Test: [0/79]	Time 0.316 (0.316)	Loss 0.3565 (0.3565)	Prec@1 84.375 (84.375)
Test: [50/79]	Time 0.078 (0.080)	Loss 0.6800 (0.5206)	Prec@1 80.469 (82.935)
 * Prec@1 83.520
current lr 1.00000e-02
Epoch: [19][0/391]	Time 0.573 (0.573)	Data 0.275 (0.275)	Loss 0.3595 (0.3595)	Prec@1 89.062 (89.062)
Epoch: [19][50/391]	Time 0.317 (0.313)	Data 0.000 (0.008)	Loss 0.3798 (0.3844)	Prec@1 85.938 (86.428)
Epoch: [19][100/391]	Time 0.318 (0.313)	Data 0.000 (0.004)	Loss 0.4109 (0.3809)	Prec@1 87.500 (86.696)
Epoch: [19][150/391]	Time 0.308 (0.313)	Data 0.001 (0.003)	Loss 0.3211 (0.3746)	Prec@1 91.406 (86.983)
Epoch: [19][200/391]	Time 0.315 (0.311)	Data 0.000 (0.003)	Loss 0.3664 (0.3730)	Prec@1 88.281 (87.069)
Epoch: [19][250/391]	Time 0.308 (0.307)	Data 0.000 (0.003)	Loss 0.4554 (0.3744)	Prec@1 85.938 (87.046)
Epoch: [19][300/391]	Time 0.318 (0.308)	Data 0.000 (0.002)	Loss 0.3515 (0.3750)	Prec@1 85.156 (87.007)
Epoch: [19][350/391]	Time 0.307 (0.309)	Data 0.000 (0.002)	Loss 0.3408 (0.3774)	Prec@1 89.062 (86.928)
Test: [0/79]	Time 0.366 (0.366)	Loss 0.5031 (0.5031)	Prec@1 80.469 (80.469)
Test: [50/79]	Time 0.072 (0.080)	Loss 0.6680 (0.6326)	Prec@1 78.906 (80.882)
 * Prec@1 81.380
current lr 1.00000e-02
Epoch: [20][0/391]	Time 0.620 (0.620)	Data 0.310 (0.310)	Loss 0.3072 (0.3072)	Prec@1 88.281 (88.281)
Epoch: [20][50/391]	Time 0.271 (0.317)	Data 0.000 (0.007)	Loss 0.2786 (0.3590)	Prec@1 91.406 (87.132)
Epoch: [20][100/391]	Time 0.316 (0.311)	Data 0.000 (0.004)	Loss 0.3394 (0.3556)	Prec@1 87.500 (87.392)
Epoch: [20][150/391]	Time 0.306 (0.312)	Data 0.000 (0.003)	Loss 0.3316 (0.3541)	Prec@1 86.719 (87.490)
Epoch: [20][200/391]	Time 0.311 (0.311)	Data 0.000 (0.002)	Loss 0.3490 (0.3572)	Prec@1 84.375 (87.376)
Epoch: [20][250/391]	Time 0.317 (0.306)	Data 0.000 (0.002)	Loss 0.4501 (0.3610)	Prec@1 84.375 (87.276)
Epoch: [20][300/391]	Time 0.320 (0.307)	Data 0.000 (0.002)	Loss 0.4663 (0.3582)	Prec@1 85.156 (87.334)
Epoch: [20][350/391]	Time 0.305 (0.308)	Data 0.000 (0.002)	Loss 0.4553 (0.3574)	Prec@1 83.594 (87.404)
Test: [0/79]	Time 0.323 (0.323)	Loss 0.3445 (0.3445)	Prec@1 84.375 (84.375)
Test: [50/79]	Time 0.075 (0.081)	Loss 0.5384 (0.5020)	Prec@1 81.250 (83.563)
 * Prec@1 83.930
current lr 1.00000e-02
Epoch: [21][0/391]	Time 0.577 (0.577)	Data 0.262 (0.262)	Loss 0.5220 (0.5220)	Prec@1 79.688 (79.688)
Epoch: [21][50/391]	Time 0.318 (0.319)	Data 0.000 (0.006)	Loss 0.3733 (0.3279)	Prec@1 87.500 (88.343)
Epoch: [21][100/391]	Time 0.314 (0.315)	Data 0.000 (0.004)	Loss 0.2498 (0.3259)	Prec@1 92.969 (88.498)
Epoch: [21][150/391]	Time 0.306 (0.313)	Data 0.000 (0.003)	Loss 0.3175 (0.3312)	Prec@1 88.281 (88.292)
Epoch: [21][200/391]	Time 0.334 (0.313)	Data 0.013 (0.002)	Loss 0.3400 (0.3376)	Prec@1 89.062 (88.064)
Epoch: [21][250/391]	Time 0.303 (0.306)	Data 0.001 (0.002)	Loss 0.3641 (0.3429)	Prec@1 86.719 (87.842)
Epoch: [21][300/391]	Time 0.317 (0.308)	Data 0.000 (0.002)	Loss 0.2620 (0.3423)	Prec@1 89.062 (87.884)
Epoch: [21][350/391]	Time 0.315 (0.308)	Data 0.000 (0.002)	Loss 0.3974 (0.3427)	Prec@1 79.688 (87.890)
Test: [0/79]	Time 0.368 (0.368)	Loss 0.4328 (0.4328)	Prec@1 85.156 (85.156)
Test: [50/79]	Time 0.076 (0.081)	Loss 0.7848 (0.6085)	Prec@1 77.344 (81.311)
 * Prec@1 81.720
current lr 1.00000e-02
Epoch: [22][0/391]	Time 0.642 (0.642)	Data 0.316 (0.316)	Loss 0.3057 (0.3057)	Prec@1 91.406 (91.406)
Epoch: [22][50/391]	Time 0.308 (0.319)	Data 0.000 (0.007)	Loss 0.2891 (0.3247)	Prec@1 90.625 (88.695)
Epoch: [22][100/391]	Time 0.318 (0.315)	Data 0.005 (0.004)	Loss 0.2467 (0.3262)	Prec@1 90.625 (88.428)
Epoch: [22][150/391]	Time 0.317 (0.313)	Data 0.000 (0.003)	Loss 0.3395 (0.3323)	Prec@1 90.625 (88.157)
Epoch: [22][200/391]	Time 0.253 (0.313)	Data 0.000 (0.003)	Loss 0.3843 (0.3333)	Prec@1 84.375 (88.110)
Epoch: [22][250/391]	Time 0.337 (0.306)	Data 0.013 (0.002)	Loss 0.3118 (0.3342)	Prec@1 88.281 (88.085)
Epoch: [22][300/391]	Time 0.315 (0.307)	Data 0.000 (0.002)	Loss 0.3253 (0.3365)	Prec@1 87.500 (88.032)
Epoch: [22][350/391]	Time 0.317 (0.308)	Data 0.000 (0.002)	Loss 0.4177 (0.3383)	Prec@1 85.156 (87.981)
Test: [0/79]	Time 0.310 (0.310)	Loss 0.3204 (0.3204)	Prec@1 86.719 (86.719)
Test: [50/79]	Time 0.076 (0.080)	Loss 0.5592 (0.5359)	Prec@1 82.031 (82.858)
 * Prec@1 83.030
current lr 1.00000e-02
Epoch: [23][0/391]	Time 0.619 (0.619)	Data 0.312 (0.312)	Loss 0.2259 (0.2259)	Prec@1 93.750 (93.750)
Epoch: [23][50/391]	Time 0.322 (0.319)	Data 0.013 (0.008)	Loss 0.2341 (0.3123)	Prec@1 90.625 (88.940)
Epoch: [23][100/391]	Time 0.320 (0.316)	Data 0.000 (0.005)	Loss 0.2179 (0.3145)	Prec@1 96.094 (88.792)
Epoch: [23][150/391]	Time 0.301 (0.314)	Data 0.000 (0.003)	Loss 0.3569 (0.3221)	Prec@1 88.281 (88.643)
Epoch: [23][200/391]	Time 0.281 (0.312)	Data 0.000 (0.003)	Loss 0.3854 (0.3231)	Prec@1 87.500 (88.678)
Epoch: [23][250/391]	Time 0.318 (0.308)	Data 0.000 (0.003)	Loss 0.2534 (0.3238)	Prec@1 90.625 (88.521)
Epoch: [23][300/391]	Time 0.316 (0.308)	Data 0.000 (0.002)	Loss 0.3092 (0.3246)	Prec@1 87.500 (88.473)
Epoch: [23][350/391]	Time 0.307 (0.309)	Data 0.000 (0.002)	Loss 0.3475 (0.3238)	Prec@1 89.844 (88.533)
Test: [0/79]	Time 0.299 (0.299)	Loss 0.5601 (0.5601)	Prec@1 80.469 (80.469)
Test: [50/79]	Time 0.072 (0.079)	Loss 0.6386 (0.6014)	Prec@1 75.781 (81.633)
 * Prec@1 81.840
current lr 1.00000e-02
Epoch: [24][0/391]	Time 0.567 (0.567)	Data 0.248 (0.248)	Loss 0.3123 (0.3123)	Prec@1 88.281 (88.281)
Epoch: [24][50/391]	Time 0.305 (0.318)	Data 0.000 (0.006)	Loss 0.2706 (0.2906)	Prec@1 91.406 (89.813)
Epoch: [24][100/391]	Time 0.318 (0.315)	Data 0.000 (0.004)	Loss 0.3129 (0.2963)	Prec@1 91.406 (89.596)
Epoch: [24][150/391]	Time 0.315 (0.315)	Data 0.000 (0.003)	Loss 0.4278 (0.3010)	Prec@1 82.812 (89.337)
Epoch: [24][200/391]	Time 0.276 (0.310)	Data 0.000 (0.003)	Loss 0.4481 (0.3016)	Prec@1 90.625 (89.338)
Epoch: [24][250/391]	Time 0.310 (0.308)	Data 0.000 (0.002)	Loss 0.2666 (0.3051)	Prec@1 89.062 (89.196)
Epoch: [24][300/391]	Time 0.316 (0.308)	Data 0.000 (0.002)	Loss 0.2834 (0.3085)	Prec@1 89.062 (89.068)
Epoch: [24][350/391]	Time 0.304 (0.309)	Data 0.000 (0.002)	Loss 0.2857 (0.3112)	Prec@1 90.625 (88.982)
Test: [0/79]	Time 0.321 (0.321)	Loss 0.3563 (0.3563)	Prec@1 88.281 (88.281)
Test: [50/79]	Time 0.074 (0.080)	Loss 0.5645 (0.5138)	Prec@1 80.469 (83.747)
 * Prec@1 83.930
current lr 1.00000e-02
Epoch: [25][0/391]	Time 0.612 (0.612)	Data 0.304 (0.304)	Loss 0.3437 (0.3437)	Prec@1 87.500 (87.500)
Epoch: [25][50/391]	Time 0.315 (0.319)	Data 0.000 (0.007)	Loss 0.3202 (0.2999)	Prec@1 89.844 (89.645)
Epoch: [25][100/391]	Time 0.302 (0.317)	Data 0.000 (0.005)	Loss 0.3812 (0.3012)	Prec@1 85.938 (89.403)
Epoch: [25][150/391]	Time 0.302 (0.316)	Data 0.000 (0.004)	Loss 0.3560 (0.2944)	Prec@1 88.281 (89.683)
Epoch: [25][200/391]	Time 0.215 (0.308)	Data 0.007 (0.003)	Loss 0.4539 (0.2974)	Prec@1 84.375 (89.595)
Epoch: [25][250/391]	Time 0.307 (0.307)	Data 0.000 (0.003)	Loss 0.3605 (0.3041)	Prec@1 88.281 (89.411)
Epoch: [25][300/391]	Time 0.308 (0.307)	Data 0.000 (0.003)	Loss 0.2503 (0.3047)	Prec@1 92.188 (89.343)
Epoch: [25][350/391]	Time 0.318 (0.308)	Data 0.000 (0.002)	Loss 0.2844 (0.3079)	Prec@1 88.281 (89.294)
Test: [0/79]	Time 0.335 (0.335)	Loss 0.3676 (0.3676)	Prec@1 88.281 (88.281)
Test: [50/79]	Time 0.072 (0.079)	Loss 0.5848 (0.5364)	Prec@1 83.594 (83.287)
 * Prec@1 83.450
current lr 1.00000e-02
Epoch: [26][0/391]	Time 0.625 (0.625)	Data 0.299 (0.299)	Loss 0.2850 (0.2850)	Prec@1 89.062 (89.062)
Epoch: [26][50/391]	Time 0.316 (0.319)	Data 0.000 (0.006)	Loss 0.3455 (0.2688)	Prec@1 87.500 (90.411)
Epoch: [26][100/391]	Time 0.307 (0.316)	Data 0.000 (0.004)	Loss 0.4056 (0.2779)	Prec@1 86.719 (90.285)
Epoch: [26][150/391]	Time 0.319 (0.315)	Data 0.000 (0.003)	Loss 0.2177 (0.2769)	Prec@1 89.844 (90.335)
Epoch: [26][200/391]	Time 0.317 (0.309)	Data 0.014 (0.003)	Loss 0.2201 (0.2820)	Prec@1 91.406 (90.225)
Epoch: [26][250/391]	Time 0.320 (0.309)	Data 0.000 (0.002)	Loss 0.2231 (0.2830)	Prec@1 91.406 (90.111)
Epoch: [26][300/391]	Time 0.315 (0.309)	Data 0.000 (0.002)	Loss 0.2567 (0.2842)	Prec@1 93.750 (90.072)
Epoch: [26][350/391]	Time 0.304 (0.309)	Data 0.000 (0.002)	Loss 0.3796 (0.2835)	Prec@1 86.719 (90.122)
Test: [0/79]	Time 0.303 (0.303)	Loss 0.4326 (0.4326)	Prec@1 84.375 (84.375)
Test: [50/79]	Time 0.070 (0.080)	Loss 0.6708 (0.6010)	Prec@1 79.688 (82.475)
 * Prec@1 82.760
current lr 1.00000e-02
Epoch: [27][0/391]	Time 0.612 (0.612)	Data 0.290 (0.290)	Loss 0.2963 (0.2963)	Prec@1 88.281 (88.281)
Epoch: [27][50/391]	Time 0.319 (0.318)	Data 0.000 (0.006)	Loss 0.4141 (0.2810)	Prec@1 85.156 (90.028)
Epoch: [27][100/391]	Time 0.307 (0.315)	Data 0.000 (0.004)	Loss 0.3153 (0.2781)	Prec@1 88.281 (90.053)
Epoch: [27][150/391]	Time 0.306 (0.314)	Data 0.000 (0.003)	Loss 0.2371 (0.2774)	Prec@1 92.188 (89.890)
Epoch: [27][200/391]	Time 0.320 (0.309)	Data 0.000 (0.003)	Loss 0.3242 (0.2804)	Prec@1 89.062 (89.832)
Epoch: [27][250/391]	Time 0.301 (0.309)	Data 0.000 (0.002)	Loss 0.2214 (0.2809)	Prec@1 92.188 (89.800)
Epoch: [27][300/391]	Time 0.317 (0.308)	Data 0.000 (0.002)	Loss 0.2648 (0.2806)	Prec@1 89.844 (89.937)
Epoch: [27][350/391]	Time 0.317 (0.309)	Data 0.000 (0.002)	Loss 0.4561 (0.2806)	Prec@1 86.719 (89.977)
Test: [0/79]	Time 0.361 (0.361)	Loss 0.2542 (0.2542)	Prec@1 91.406 (91.406)
Test: [50/79]	Time 0.070 (0.080)	Loss 0.6266 (0.4829)	Prec@1 80.469 (85.080)
 * Prec@1 85.200
current lr 1.00000e-02
Epoch: [28][0/391]	Time 0.590 (0.590)	Data 0.281 (0.281)	Loss 0.1966 (0.1966)	Prec@1 92.188 (92.188)
Epoch: [28][50/391]	Time 0.319 (0.318)	Data 0.000 (0.007)	Loss 0.3413 (0.2728)	Prec@1 86.719 (90.119)
Epoch: [28][100/391]	Time 0.306 (0.315)	Data 0.000 (0.004)	Loss 0.1967 (0.2712)	Prec@1 93.750 (90.354)
Epoch: [28][150/391]	Time 0.319 (0.314)	Data 0.000 (0.003)	Loss 0.2799 (0.2678)	Prec@1 90.625 (90.496)
Epoch: [28][200/391]	Time 0.318 (0.308)	Data 0.000 (0.003)	Loss 0.2583 (0.2694)	Prec@1 91.406 (90.481)
Epoch: [28][250/391]	Time 0.318 (0.309)	Data 0.000 (0.002)	Loss 0.3096 (0.2722)	Prec@1 90.625 (90.410)
Epoch: [28][300/391]	Time 0.299 (0.308)	Data 0.000 (0.002)	Loss 0.2215 (0.2701)	Prec@1 93.750 (90.493)
Epoch: [28][350/391]	Time 0.307 (0.309)	Data 0.000 (0.002)	Loss 0.1743 (0.2721)	Prec@1 92.188 (90.420)
Test: [0/79]	Time 0.342 (0.342)	Loss 0.5557 (0.5557)	Prec@1 84.375 (84.375)
Test: [50/79]	Time 0.077 (0.081)	Loss 0.6994 (0.6706)	Prec@1 83.594 (80.224)
 * Prec@1 80.690
current lr 1.00000e-02
Epoch: [29][0/391]	Time 0.671 (0.671)	Data 0.352 (0.352)	Loss 0.2538 (0.2538)	Prec@1 89.844 (89.844)
Epoch: [29][50/391]	Time 0.319 (0.321)	Data 0.000 (0.008)	Loss 0.2844 (0.2595)	Prec@1 90.625 (90.794)
Epoch: [29][100/391]	Time 0.302 (0.317)	Data 0.000 (0.005)	Loss 0.2069 (0.2597)	Prec@1 92.969 (90.772)
Epoch: [29][150/391]	Time 0.255 (0.315)	Data 0.000 (0.003)	Loss 0.3170 (0.2557)	Prec@1 89.062 (90.935)
Epoch: [29][200/391]	Time 0.319 (0.309)	Data 0.000 (0.003)	Loss 0.2786 (0.2588)	Prec@1 91.406 (90.847)
Epoch: [29][250/391]	Time 0.304 (0.310)	Data 0.000 (0.002)	Loss 0.2249 (0.2584)	Prec@1 92.188 (90.899)
Epoch: [29][300/391]	Time 0.302 (0.309)	Data 0.004 (0.002)	Loss 0.2570 (0.2570)	Prec@1 89.844 (90.874)
Epoch: [29][350/391]	Time 0.308 (0.309)	Data 0.000 (0.002)	Loss 0.2087 (0.2594)	Prec@1 91.406 (90.765)
Test: [0/79]	Time 0.318 (0.318)	Loss 0.3699 (0.3699)	Prec@1 88.281 (88.281)
Test: [50/79]	Time 0.075 (0.079)	Loss 0.4792 (0.5128)	Prec@1 85.156 (84.605)
 * Prec@1 84.600
current lr 1.00000e-02
Epoch: [30][0/391]	Time 0.609 (0.609)	Data 0.294 (0.294)	Loss 0.2515 (0.2515)	Prec@1 88.281 (88.281)
Epoch: [30][50/391]	Time 0.317 (0.318)	Data 0.005 (0.007)	Loss 0.2453 (0.2526)	Prec@1 92.188 (91.131)
Epoch: [30][100/391]	Time 0.305 (0.316)	Data 0.000 (0.004)	Loss 0.2428 (0.2566)	Prec@1 90.625 (90.927)
Epoch: [30][150/391]	Time 0.285 (0.311)	Data 0.000 (0.003)	Loss 0.4240 (0.2537)	Prec@1 84.375 (91.013)
Epoch: [30][200/391]	Time 0.308 (0.308)	Data 0.000 (0.002)	Loss 0.3592 (0.2542)	Prec@1 87.500 (90.979)
Epoch: [30][250/391]	Time 0.301 (0.309)	Data 0.000 (0.002)	Loss 0.3167 (0.2534)	Prec@1 89.062 (90.989)
Epoch: [30][300/391]	Time 0.319 (0.310)	Data 0.000 (0.002)	Loss 0.2210 (0.2569)	Prec@1 92.188 (90.923)
Epoch: [30][350/391]	Time 0.321 (0.309)	Data 0.000 (0.002)	Loss 0.2975 (0.2570)	Prec@1 89.062 (90.928)
Test: [0/79]	Time 0.306 (0.306)	Loss 0.4127 (0.4127)	Prec@1 85.938 (85.938)
Test: [50/79]	Time 0.084 (0.080)	Loss 0.5334 (0.5512)	Prec@1 84.375 (83.425)
 * Prec@1 83.620
current lr 1.00000e-02
Epoch: [31][0/391]	Time 0.561 (0.561)	Data 0.230 (0.230)	Loss 0.2245 (0.2245)	Prec@1 92.188 (92.188)
Epoch: [31][50/391]	Time 0.313 (0.319)	Data 0.003 (0.006)	Loss 0.2724 (0.2343)	Prec@1 89.844 (91.896)
Epoch: [31][100/391]	Time 0.297 (0.316)	Data 0.000 (0.004)	Loss 0.2422 (0.2399)	Prec@1 89.062 (91.484)
Epoch: [31][150/391]	Time 0.279 (0.310)	Data 0.000 (0.003)	Loss 0.2277 (0.2417)	Prec@1 91.406 (91.391)
Epoch: [31][200/391]	Time 0.303 (0.308)	Data 0.000 (0.002)	Loss 0.2193 (0.2433)	Prec@1 92.969 (91.387)
Epoch: [31][250/391]	Time 0.304 (0.309)	Data 0.000 (0.002)	Loss 0.2398 (0.2426)	Prec@1 89.844 (91.456)
Epoch: [31][300/391]	Time 0.315 (0.309)	Data 0.000 (0.002)	Loss 0.1939 (0.2456)	Prec@1 92.969 (91.341)
Epoch: [31][350/391]	Time 0.321 (0.308)	Data 0.000 (0.002)	Loss 0.1932 (0.2471)	Prec@1 93.750 (91.306)
Test: [0/79]	Time 0.304 (0.304)	Loss 0.3249 (0.3249)	Prec@1 90.625 (90.625)
Test: [50/79]	Time 0.075 (0.079)	Loss 0.5888 (0.5059)	Prec@1 81.250 (84.911)
 * Prec@1 84.950
current lr 1.00000e-02
Epoch: [32][0/391]	Time 0.672 (0.672)	Data 0.353 (0.353)	Loss 0.2650 (0.2650)	Prec@1 89.844 (89.844)
Epoch: [32][50/391]	Time 0.308 (0.320)	Data 0.000 (0.007)	Loss 0.2112 (0.2333)	Prec@1 94.531 (91.881)
Epoch: [32][100/391]	Time 0.305 (0.316)	Data 0.000 (0.004)	Loss 0.1989 (0.2313)	Prec@1 92.188 (91.886)
Epoch: [32][150/391]	Time 0.265 (0.308)	Data 0.000 (0.004)	Loss 0.2986 (0.2267)	Prec@1 89.062 (92.027)
Epoch: [32][200/391]	Time 0.317 (0.309)	Data 0.000 (0.003)	Loss 0.3269 (0.2343)	Prec@1 90.625 (91.842)
Epoch: [32][250/391]	Time 0.317 (0.310)	Data 0.000 (0.003)	Loss 0.2021 (0.2369)	Prec@1 92.188 (91.680)
Epoch: [32][300/391]	Time 0.320 (0.310)	Data 0.000 (0.002)	Loss 0.1584 (0.2372)	Prec@1 95.312 (91.710)
Epoch: [32][350/391]	Time 0.257 (0.310)	Data 0.000 (0.002)	Loss 0.2668 (0.2398)	Prec@1 93.750 (91.564)
Test: [0/79]	Time 0.360 (0.360)	Loss 0.2549 (0.2549)	Prec@1 92.188 (92.188)
Test: [50/79]	Time 0.073 (0.078)	Loss 0.5754 (0.5164)	Prec@1 85.156 (84.942)
 * Prec@1 85.280
current lr 1.00000e-02
Epoch: [33][0/391]	Time 0.580 (0.580)	Data 0.280 (0.280)	Loss 0.2560 (0.2560)	Prec@1 90.625 (90.625)
Epoch: [33][50/391]	Time 0.319 (0.316)	Data 0.000 (0.006)	Loss 0.3972 (0.2283)	Prec@1 88.281 (91.927)
Epoch: [33][100/391]	Time 0.305 (0.314)	Data 0.000 (0.004)	Loss 0.1347 (0.2338)	Prec@1 95.312 (91.592)
Epoch: [33][150/391]	Time 0.318 (0.306)	Data 0.000 (0.003)	Loss 0.1977 (0.2331)	Prec@1 94.531 (91.706)
Epoch: [33][200/391]	Time 0.315 (0.308)	Data 0.000 (0.003)	Loss 0.2010 (0.2352)	Prec@1 93.750 (91.744)
Epoch: [33][250/391]	Time 0.314 (0.308)	Data 0.000 (0.002)	Loss 0.2233 (0.2327)	Prec@1 92.188 (91.817)
Epoch: [33][300/391]	Time 0.305 (0.309)	Data 0.000 (0.002)	Loss 0.2033 (0.2335)	Prec@1 92.969 (91.816)
Epoch: [33][350/391]	Time 0.304 (0.309)	Data 0.010 (0.002)	Loss 0.3313 (0.2361)	Prec@1 89.062 (91.733)
Test: [0/79]	Time 0.283 (0.283)	Loss 0.3909 (0.3909)	Prec@1 89.062 (89.062)
Test: [50/79]	Time 0.072 (0.078)	Loss 0.6588 (0.5490)	Prec@1 81.250 (84.528)
 * Prec@1 84.690
current lr 1.00000e-02
Epoch: [34][0/391]	Time 0.558 (0.558)	Data 0.262 (0.262)	Loss 0.1497 (0.1497)	Prec@1 94.531 (94.531)
Epoch: [34][50/391]	Time 0.305 (0.314)	Data 0.000 (0.006)	Loss 0.3361 (0.2199)	Prec@1 89.062 (91.942)
Epoch: [34][100/391]	Time 0.319 (0.312)	Data 0.000 (0.004)	Loss 0.1826 (0.2211)	Prec@1 94.531 (92.071)
Epoch: [34][150/391]	Time 0.308 (0.305)	Data 0.000 (0.003)	Loss 0.1248 (0.2246)	Prec@1 95.312 (91.934)
Epoch: [34][200/391]	Time 0.321 (0.307)	Data 0.000 (0.003)	Loss 0.1891 (0.2230)	Prec@1 92.969 (92.028)
Epoch: [34][250/391]	Time 0.314 (0.308)	Data 0.000 (0.002)	Loss 0.1792 (0.2224)	Prec@1 92.969 (92.063)
Epoch: [34][300/391]	Time 0.308 (0.309)	Data 0.000 (0.002)	Loss 0.2340 (0.2252)	Prec@1 93.750 (91.946)
Epoch: [34][350/391]	Time 0.317 (0.310)	Data 0.000 (0.002)	Loss 0.1992 (0.2284)	Prec@1 93.750 (91.838)
Test: [0/79]	Time 0.350 (0.350)	Loss 0.2518 (0.2518)	Prec@1 92.188 (92.188)
Test: [50/79]	Time 0.072 (0.080)	Loss 0.5839 (0.5269)	Prec@1 82.031 (84.988)
 * Prec@1 85.150
current lr 1.00000e-02
Epoch: [35][0/391]	Time 0.600 (0.600)	Data 0.282 (0.282)	Loss 0.1604 (0.1604)	Prec@1 93.750 (93.750)
Epoch: [35][50/391]	Time 0.316 (0.313)	Data 0.000 (0.006)	Loss 0.2370 (0.2267)	Prec@1 92.188 (91.942)
Epoch: [35][100/391]	Time 0.255 (0.312)	Data 0.000 (0.004)	Loss 0.1659 (0.2230)	Prec@1 92.969 (91.948)
Epoch: [35][150/391]	Time 0.318 (0.306)	Data 0.000 (0.003)	Loss 0.3351 (0.2228)	Prec@1 89.062 (92.032)
Epoch: [35][200/391]	Time 0.304 (0.307)	Data 0.000 (0.003)	Loss 0.1985 (0.2192)	Prec@1 94.531 (92.277)
Epoch: [35][250/391]	Time 0.316 (0.309)	Data 0.002 (0.002)	Loss 0.1786 (0.2204)	Prec@1 92.969 (92.159)
Epoch: [35][300/391]	Time 0.316 (0.310)	Data 0.000 (0.002)	Loss 0.2383 (0.2175)	Prec@1 92.188 (92.258)
Epoch: [35][350/391]	Time 0.305 (0.310)	Data 0.000 (0.002)	Loss 0.1761 (0.2192)	Prec@1 94.531 (92.221)
Test: [0/79]	Time 0.320 (0.320)	Loss 0.2365 (0.2365)	Prec@1 91.406 (91.406)
Test: [50/79]	Time 0.074 (0.079)	Loss 0.4804 (0.4656)	Prec@1 88.281 (86.336)
 * Prec@1 86.620
current lr 1.00000e-02
Epoch: [36][0/391]	Time 0.619 (0.619)	Data 0.315 (0.315)	Loss 0.2115 (0.2115)	Prec@1 91.406 (91.406)
Epoch: [36][50/391]	Time 0.310 (0.316)	Data 0.000 (0.007)	Loss 0.1079 (0.1895)	Prec@1 96.875 (93.244)
Epoch: [36][100/391]	Time 0.283 (0.308)	Data 0.013 (0.005)	Loss 0.1722 (0.1999)	Prec@1 92.188 (92.837)
Epoch: [36][150/391]	Time 0.305 (0.305)	Data 0.000 (0.004)	Loss 0.2445 (0.1983)	Prec@1 92.188 (92.834)
Epoch: [36][200/391]	Time 0.305 (0.307)	Data 0.000 (0.003)	Loss 0.3025 (0.2041)	Prec@1 86.719 (92.755)
Epoch: [36][250/391]	Time 0.319 (0.308)	Data 0.000 (0.003)	Loss 0.1746 (0.2075)	Prec@1 94.531 (92.642)
Epoch: [36][300/391]	Time 0.307 (0.309)	Data 0.000 (0.002)	Loss 0.2789 (0.2088)	Prec@1 89.062 (92.613)
Epoch: [36][350/391]	Time 0.301 (0.310)	Data 0.000 (0.002)	Loss 0.1906 (0.2091)	Prec@1 92.969 (92.586)
Test: [0/79]	Time 0.290 (0.290)	Loss 0.3520 (0.3520)	Prec@1 88.281 (88.281)
Test: [50/79]	Time 0.075 (0.076)	Loss 0.6170 (0.5416)	Prec@1 82.812 (84.498)
 * Prec@1 84.500
current lr 1.00000e-02
Epoch: [37][0/391]	Time 0.624 (0.624)	Data 0.306 (0.306)	Loss 0.1129 (0.1129)	Prec@1 96.875 (96.875)
Epoch: [37][50/391]	Time 0.309 (0.319)	Data 0.000 (0.007)	Loss 0.1859 (0.1925)	Prec@1 93.750 (93.321)
Epoch: [37][100/391]	Time 0.292 (0.307)	Data 0.000 (0.004)	Loss 0.1538 (0.1853)	Prec@1 95.312 (93.495)
Epoch: [37][150/391]	Time 0.306 (0.305)	Data 0.000 (0.004)	Loss 0.2659 (0.1905)	Prec@1 92.188 (93.233)
Epoch: [37][200/391]	Time 0.308 (0.307)	Data 0.000 (0.003)	Loss 0.1575 (0.1939)	Prec@1 93.750 (93.105)
Epoch: [37][250/391]	Time 0.303 (0.308)	Data 0.000 (0.003)	Loss 0.1545 (0.1976)	Prec@1 94.531 (93.040)
Epoch: [37][300/391]	Time 0.321 (0.309)	Data 0.000 (0.002)	Loss 0.2168 (0.1999)	Prec@1 92.188 (92.956)
Epoch: [37][350/391]	Time 0.319 (0.309)	Data 0.000 (0.002)	Loss 0.2402 (0.2018)	Prec@1 89.062 (92.833)
Test: [0/79]	Time 0.360 (0.360)	Loss 0.4375 (0.4375)	Prec@1 88.281 (88.281)
Test: [50/79]	Time 0.068 (0.079)	Loss 0.7121 (0.5607)	Prec@1 80.469 (84.743)
 * Prec@1 84.560
current lr 1.00000e-02
Epoch: [38][0/391]	Time 0.575 (0.575)	Data 0.252 (0.252)	Loss 0.0994 (0.0994)	Prec@1 96.094 (96.094)
Epoch: [38][50/391]	Time 0.318 (0.318)	Data 0.000 (0.006)	Loss 0.1799 (0.1816)	Prec@1 93.750 (93.536)
Epoch: [38][100/391]	Time 0.163 (0.303)	Data 0.000 (0.003)	Loss 0.1716 (0.1812)	Prec@1 92.188 (93.588)
Epoch: [38][150/391]	Time 0.318 (0.303)	Data 0.000 (0.003)	Loss 0.1782 (0.1838)	Prec@1 93.750 (93.548)
Epoch: [38][200/391]	Time 0.315 (0.306)	Data 0.000 (0.002)	Loss 0.1754 (0.1882)	Prec@1 93.750 (93.311)
Epoch: [38][250/391]	Time 0.329 (0.307)	Data 0.021 (0.002)	Loss 0.0874 (0.1890)	Prec@1 96.875 (93.311)
Epoch: [38][300/391]	Time 0.318 (0.308)	Data 0.000 (0.002)	Loss 0.1290 (0.1886)	Prec@1 95.312 (93.371)
Epoch: [38][350/391]	Time 0.304 (0.309)	Data 0.000 (0.002)	Loss 0.2177 (0.1932)	Prec@1 86.719 (93.185)
Test: [0/79]	Time 0.348 (0.348)	Loss 0.2557 (0.2557)	Prec@1 89.062 (89.062)
Test: [50/79]	Time 0.073 (0.078)	Loss 0.4635 (0.4654)	Prec@1 84.375 (86.014)
 * Prec@1 86.330
current lr 1.00000e-02
Epoch: [39][0/391]	Time 0.611 (0.611)	Data 0.285 (0.285)	Loss 0.1121 (0.1121)	Prec@1 97.656 (97.656)
Epoch: [39][50/391]	Time 0.305 (0.316)	Data 0.000 (0.006)	Loss 0.2608 (0.1838)	Prec@1 90.625 (93.229)
Epoch: [39][100/391]	Time 0.307 (0.302)	Data 0.000 (0.004)	Loss 0.1467 (0.1848)	Prec@1 93.750 (93.201)
Epoch: [39][150/391]	Time 0.255 (0.304)	Data 0.000 (0.003)	Loss 0.1423 (0.1896)	Prec@1 95.312 (93.139)
Epoch: [39][200/391]	Time 0.307 (0.306)	Data 0.000 (0.002)	Loss 0.1939 (0.1940)	Prec@1 93.750 (93.004)
Epoch: [39][250/391]	Time 0.306 (0.307)	Data 0.000 (0.002)	Loss 0.2292 (0.1976)	Prec@1 92.188 (92.910)
Epoch: [39][300/391]	Time 0.317 (0.308)	Data 0.016 (0.002)	Loss 0.2522 (0.2001)	Prec@1 89.062 (92.847)
Epoch: [39][350/391]	Time 0.303 (0.309)	Data 0.000 (0.002)	Loss 0.1355 (0.1998)	Prec@1 93.750 (92.877)
Test: [0/79]	Time 0.334 (0.334)	Loss 0.2411 (0.2411)	Prec@1 90.625 (90.625)
Test: [50/79]	Time 0.073 (0.081)	Loss 0.5919 (0.5641)	Prec@1 86.719 (84.544)
 * Prec@1 84.680
current lr 1.00000e-02
Epoch: [40][0/391]	Time 0.653 (0.653)	Data 0.337 (0.337)	Loss 0.1692 (0.1692)	Prec@1 94.531 (94.531)
Epoch: [40][50/391]	Time 0.307 (0.316)	Data 0.000 (0.008)	Loss 0.2167 (0.1979)	Prec@1 94.531 (93.168)
Epoch: [40][100/391]	Time 0.306 (0.302)	Data 0.000 (0.005)	Loss 0.1184 (0.1936)	Prec@1 96.875 (93.263)
Epoch: [40][150/391]	Time 0.317 (0.306)	Data 0.000 (0.004)	Loss 0.1423 (0.1881)	Prec@1 94.531 (93.388)
Epoch: [40][200/391]	Time 0.319 (0.306)	Data 0.000 (0.003)	Loss 0.1356 (0.1880)	Prec@1 94.531 (93.392)
Epoch: [40][250/391]	Time 0.319 (0.307)	Data 0.000 (0.003)	Loss 0.1616 (0.1901)	Prec@1 92.969 (93.289)
Epoch: [40][300/391]	Time 0.303 (0.308)	Data 0.000 (0.002)	Loss 0.1529 (0.1875)	Prec@1 92.969 (93.371)
Epoch: [40][350/391]	Time 0.304 (0.309)	Data 0.000 (0.002)	Loss 0.2027 (0.1897)	Prec@1 91.406 (93.256)
Test: [0/79]	Time 0.296 (0.296)	Loss 0.2675 (0.2675)	Prec@1 89.844 (89.844)
Test: [50/79]	Time 0.073 (0.079)	Loss 0.4929 (0.5001)	Prec@1 85.938 (85.417)
 * Prec@1 85.500
current lr 1.00000e-02
Epoch: [41][0/391]	Time 0.604 (0.604)	Data 0.295 (0.295)	Loss 0.1861 (0.1861)	Prec@1 93.750 (93.750)
Epoch: [41][50/391]	Time 0.318 (0.313)	Data 0.000 (0.006)	Loss 0.1361 (0.1683)	Prec@1 94.531 (93.750)
Epoch: [41][100/391]	Time 0.317 (0.303)	Data 0.000 (0.004)	Loss 0.1521 (0.1726)	Prec@1 93.750 (93.711)
Epoch: [41][150/391]	Time 0.314 (0.306)	Data 0.000 (0.003)	Loss 0.1492 (0.1756)	Prec@1 94.531 (93.584)
Epoch: [41][200/391]	Time 0.301 (0.307)	Data 0.000 (0.003)	Loss 0.1929 (0.1770)	Prec@1 92.188 (93.517)
Epoch: [41][250/391]	Time 0.309 (0.307)	Data 0.007 (0.002)	Loss 0.1910 (0.1774)	Prec@1 95.312 (93.576)
Epoch: [41][300/391]	Time 0.307 (0.308)	Data 0.000 (0.002)	Loss 0.0823 (0.1783)	Prec@1 96.875 (93.550)
Epoch: [41][350/391]	Time 0.305 (0.309)	Data 0.000 (0.002)	Loss 0.2759 (0.1805)	Prec@1 89.062 (93.519)
Test: [0/79]	Time 0.335 (0.335)	Loss 0.3152 (0.3152)	Prec@1 88.281 (88.281)
Test: [50/79]	Time 0.076 (0.079)	Loss 0.7039 (0.5727)	Prec@1 79.688 (84.191)
 * Prec@1 84.430
current lr 1.00000e-02
Epoch: [42][0/391]	Time 0.635 (0.635)	Data 0.322 (0.322)	Loss 0.0979 (0.0979)	Prec@1 96.875 (96.875)
Epoch: [42][50/391]	Time 0.232 (0.308)	Data 0.000 (0.007)	Loss 0.1505 (0.1617)	Prec@1 93.750 (94.286)
Epoch: [42][100/391]	Time 0.306 (0.302)	Data 0.000 (0.004)	Loss 0.2226 (0.1597)	Prec@1 92.188 (94.369)
Epoch: [42][150/391]	Time 0.304 (0.305)	Data 0.000 (0.003)	Loss 0.2593 (0.1640)	Prec@1 89.062 (94.200)
Epoch: [42][200/391]	Time 0.304 (0.308)	Data 0.000 (0.002)	Loss 0.1106 (0.1635)	Prec@1 97.656 (94.279)
Epoch: [42][250/391]	Time 0.306 (0.307)	Data 0.006 (0.002)	Loss 0.3089 (0.1639)	Prec@1 88.281 (94.204)
Epoch: [42][300/391]	Time 0.317 (0.308)	Data 0.001 (0.002)	Loss 0.1674 (0.1699)	Prec@1 92.188 (94.028)
Epoch: [42][350/391]	Time 0.319 (0.309)	Data 0.000 (0.002)	Loss 0.1359 (0.1737)	Prec@1 96.094 (93.870)
Test: [0/79]	Time 0.375 (0.375)	Loss 0.3437 (0.3437)	Prec@1 89.062 (89.062)
Test: [50/79]	Time 0.076 (0.082)	Loss 0.5190 (0.5342)	Prec@1 82.812 (85.279)
 * Prec@1 85.260
current lr 1.00000e-02
Epoch: [43][0/391]	Time 0.597 (0.597)	Data 0.264 (0.264)	Loss 0.1433 (0.1433)	Prec@1 93.750 (93.750)
Epoch: [43][50/391]	Time 0.272 (0.302)	Data 0.000 (0.006)	Loss 0.1590 (0.1606)	Prec@1 94.531 (94.286)
Epoch: [43][100/391]	Time 0.317 (0.301)	Data 0.000 (0.004)	Loss 0.1795 (0.1625)	Prec@1 92.969 (94.268)
Epoch: [43][150/391]	Time 0.306 (0.305)	Data 0.000 (0.003)	Loss 0.0916 (0.1621)	Prec@1 97.656 (94.273)
Epoch: [43][200/391]	Time 0.316 (0.306)	Data 0.000 (0.003)	Loss 0.2272 (0.1632)	Prec@1 92.969 (94.314)
Epoch: [43][250/391]	Time 0.301 (0.307)	Data 0.000 (0.002)	Loss 0.1491 (0.1647)	Prec@1 94.531 (94.229)
Epoch: [43][300/391]	Time 0.304 (0.307)	Data 0.000 (0.002)	Loss 0.1616 (0.1685)	Prec@1 93.750 (94.064)
Epoch: [43][350/391]	Time 0.315 (0.308)	Data 0.000 (0.002)	Loss 0.1517 (0.1691)	Prec@1 93.750 (94.048)
Test: [0/79]	Time 0.320 (0.320)	Loss 0.3484 (0.3484)	Prec@1 88.281 (88.281)
Test: [50/79]	Time 0.073 (0.080)	Loss 0.5691 (0.4777)	Prec@1 82.812 (86.504)
 * Prec@1 86.670
current lr 1.00000e-02
Epoch: [44][0/391]	Time 0.578 (0.578)	Data 0.272 (0.272)	Loss 0.1304 (0.1304)	Prec@1 96.094 (96.094)
Epoch: [44][50/391]	Time 0.242 (0.299)	Data 0.000 (0.007)	Loss 0.1780 (0.1802)	Prec@1 95.312 (93.704)
Epoch: [44][100/391]	Time 0.317 (0.300)	Data 0.000 (0.005)	Loss 0.1285 (0.1741)	Prec@1 94.531 (93.897)
Epoch: [44][150/391]	Time 0.317 (0.305)	Data 0.000 (0.003)	Loss 0.1061 (0.1689)	Prec@1 96.875 (94.097)
Epoch: [44][200/391]	Time 0.319 (0.307)	Data 0.000 (0.003)	Loss 0.1470 (0.1694)	Prec@1 96.875 (94.038)
Epoch: [44][250/391]	Time 0.307 (0.308)	Data 0.000 (0.002)	Loss 0.1607 (0.1665)	Prec@1 94.531 (94.052)
Epoch: [44][300/391]	Time 0.306 (0.307)	Data 0.001 (0.002)	Loss 0.1927 (0.1684)	Prec@1 92.188 (94.015)
Epoch: [44][350/391]	Time 0.314 (0.308)	Data 0.000 (0.002)	Loss 0.2734 (0.1711)	Prec@1 90.625 (93.926)
Test: [0/79]	Time 0.296 (0.296)	Loss 0.3405 (0.3405)	Prec@1 91.406 (91.406)
Test: [50/79]	Time 0.076 (0.079)	Loss 0.5999 (0.6249)	Prec@1 83.594 (84.329)
 * Prec@1 84.560
current lr 1.00000e-02
Epoch: [45][0/391]	Time 0.619 (0.619)	Data 0.314 (0.314)	Loss 0.2129 (0.2129)	Prec@1 90.625 (90.625)
Epoch: [45][50/391]	Time 0.283 (0.300)	Data 0.000 (0.009)	Loss 0.3174 (0.1709)	Prec@1 91.406 (93.689)
Epoch: [45][100/391]	Time 0.317 (0.303)	Data 0.000 (0.005)	Loss 0.1007 (0.1627)	Prec@1 97.656 (94.036)
Epoch: [45][150/391]	Time 0.316 (0.306)	Data 0.000 (0.004)	Loss 0.1438 (0.1645)	Prec@1 94.531 (94.091)
Epoch: [45][200/391]	Time 0.307 (0.307)	Data 0.000 (0.003)	Loss 0.1497 (0.1648)	Prec@1 95.312 (94.069)
Epoch: [45][250/391]	Time 0.318 (0.309)	Data 0.000 (0.003)	Loss 0.1431 (0.1636)	Prec@1 92.969 (94.102)
Epoch: [45][300/391]	Time 0.304 (0.309)	Data 0.000 (0.002)	Loss 0.2615 (0.1675)	Prec@1 91.406 (93.952)
Epoch: [45][350/391]	Time 0.312 (0.309)	Data 0.000 (0.002)	Loss 0.2655 (0.1661)	Prec@1 89.844 (94.002)
Test: [0/79]	Time 0.284 (0.284)	Loss 0.2890 (0.2890)	Prec@1 89.062 (89.062)
Test: [50/79]	Time 0.075 (0.080)	Loss 0.4764 (0.4793)	Prec@1 85.938 (86.244)
 * Prec@1 86.270
current lr 1.00000e-02
Epoch: [46][0/391]	Time 0.600 (0.600)	Data 0.261 (0.261)	Loss 0.1227 (0.1227)	Prec@1 94.531 (94.531)
Epoch: [46][50/391]	Time 0.314 (0.297)	Data 0.000 (0.007)	Loss 0.1488 (0.1525)	Prec@1 92.188 (94.516)
Epoch: [46][100/391]	Time 0.319 (0.302)	Data 0.000 (0.004)	Loss 0.1489 (0.1548)	Prec@1 94.531 (94.508)
Epoch: [46][150/391]	Time 0.317 (0.305)	Data 0.000 (0.003)	Loss 0.1675 (0.1571)	Prec@1 94.531 (94.376)
Epoch: [46][200/391]	Time 0.315 (0.307)	Data 0.000 (0.003)	Loss 0.2159 (0.1564)	Prec@1 92.969 (94.434)
Epoch: [46][250/391]	Time 0.305 (0.308)	Data 0.000 (0.002)	Loss 0.1761 (0.1571)	Prec@1 92.188 (94.388)
Epoch: [46][300/391]	Time 0.318 (0.309)	Data 0.000 (0.002)	Loss 0.1797 (0.1574)	Prec@1 92.969 (94.378)
Epoch: [46][350/391]	Time 0.300 (0.309)	Data 0.000 (0.002)	Loss 0.1584 (0.1603)	Prec@1 95.312 (94.264)
Test: [0/79]	Time 0.315 (0.315)	Loss 0.3179 (0.3179)	Prec@1 87.500 (87.500)
Test: [50/79]	Time 0.071 (0.079)	Loss 0.4612 (0.5047)	Prec@1 85.156 (85.417)
 * Prec@1 85.580
current lr 1.00000e-02
Epoch: [47][0/391]	Time 0.578 (0.578)	Data 0.266 (0.266)	Loss 0.2669 (0.2669)	Prec@1 92.188 (92.188)
Epoch: [47][50/391]	Time 0.317 (0.291)	Data 0.000 (0.006)	Loss 0.0941 (0.1694)	Prec@1 95.312 (94.041)
Epoch: [47][100/391]	Time 0.299 (0.301)	Data 0.000 (0.004)	Loss 0.0981 (0.1541)	Prec@1 97.656 (94.647)
Epoch: [47][150/391]	Time 0.318 (0.304)	Data 0.000 (0.003)	Loss 0.1099 (0.1533)	Prec@1 96.875 (94.676)
Epoch: [47][200/391]	Time 0.306 (0.306)	Data 0.000 (0.003)	Loss 0.1284 (0.1520)	Prec@1 93.750 (94.687)
Epoch: [47][250/391]	Time 0.306 (0.307)	Data 0.000 (0.002)	Loss 0.1592 (0.1501)	Prec@1 92.969 (94.730)
Epoch: [47][300/391]	Time 0.306 (0.308)	Data 0.000 (0.002)	Loss 0.2527 (0.1527)	Prec@1 90.625 (94.588)
Epoch: [47][350/391]	Time 0.293 (0.309)	Data 0.000 (0.002)	Loss 0.1353 (0.1526)	Prec@1 92.969 (94.587)
Test: [0/79]	Time 0.315 (0.315)	Loss 0.3755 (0.3755)	Prec@1 86.719 (86.719)
Test: [50/79]	Time 0.078 (0.080)	Loss 0.6036 (0.6536)	Prec@1 82.812 (83.701)
 * Prec@1 83.740
current lr 1.00000e-02
Epoch: [48][0/391]	Time 0.539 (0.539)	Data 0.266 (0.266)	Loss 0.2429 (0.2429)	Prec@1 93.750 (93.750)
Epoch: [48][50/391]	Time 0.328 (0.298)	Data 0.015 (0.007)	Loss 0.1340 (0.1418)	Prec@1 94.531 (95.144)
Epoch: [48][100/391]	Time 0.308 (0.305)	Data 0.000 (0.004)	Loss 0.0948 (0.1441)	Prec@1 96.094 (94.933)
Epoch: [48][150/391]	Time 0.318 (0.306)	Data 0.000 (0.003)	Loss 0.1161 (0.1423)	Prec@1 94.531 (94.945)
Epoch: [48][200/391]	Time 0.306 (0.308)	Data 0.000 (0.002)	Loss 0.1834 (0.1410)	Prec@1 93.750 (95.017)
Epoch: [48][250/391]	Time 0.306 (0.309)	Data 0.000 (0.002)	Loss 0.1915 (0.1454)	Prec@1 92.969 (94.836)
Epoch: [48][300/391]	Time 0.319 (0.310)	Data 0.000 (0.002)	Loss 0.1243 (0.1452)	Prec@1 94.531 (94.869)
Epoch: [48][350/391]	Time 0.319 (0.311)	Data 0.008 (0.002)	Loss 0.2462 (0.1465)	Prec@1 92.969 (94.814)
Test: [0/79]	Time 0.300 (0.300)	Loss 0.2298 (0.2298)	Prec@1 92.969 (92.969)
Test: [50/79]	Time 0.070 (0.078)	Loss 0.5799 (0.5393)	Prec@1 84.375 (85.769)
 * Prec@1 86.260
current lr 1.00000e-02
Epoch: [49][0/391]	Time 0.664 (0.664)	Data 0.363 (0.363)	Loss 0.2408 (0.2408)	Prec@1 92.969 (92.969)
Epoch: [49][50/391]	Time 0.319 (0.308)	Data 0.000 (0.009)	Loss 0.1440 (0.1463)	Prec@1 92.969 (95.267)
Epoch: [49][100/391]	Time 0.320 (0.311)	Data 0.000 (0.005)	Loss 0.1179 (0.1422)	Prec@1 96.094 (95.220)
Epoch: [49][150/391]	Time 0.317 (0.309)	Data 0.000 (0.004)	Loss 0.0692 (0.1427)	Prec@1 98.438 (95.090)
Epoch: [49][200/391]	Time 0.304 (0.310)	Data 0.000 (0.003)	Loss 0.1193 (0.1468)	Prec@1 96.094 (94.908)
Epoch: [49][250/391]	Time 0.319 (0.310)	Data 0.000 (0.003)	Loss 0.1069 (0.1488)	Prec@1 96.875 (94.758)
Epoch: [49][300/391]	Time 0.304 (0.311)	Data 0.000 (0.002)	Loss 0.1603 (0.1499)	Prec@1 92.969 (94.770)
Epoch: [49][350/391]	Time 0.308 (0.311)	Data 0.002 (0.002)	Loss 0.1588 (0.1507)	Prec@1 93.750 (94.674)
Test: [0/79]	Time 0.274 (0.274)	Loss 0.3538 (0.3538)	Prec@1 87.500 (87.500)
Test: [50/79]	Time 0.043 (0.066)	Loss 0.6078 (0.5178)	Prec@1 82.031 (86.780)
 * Prec@1 86.830
current lr 1.00000e-02
Epoch: [50][0/391]	Time 0.646 (0.646)	Data 0.371 (0.371)	Loss 0.1200 (0.1200)	Prec@1 93.750 (93.750)
Epoch: [50][50/391]	Time 0.308 (0.306)	Data 0.000 (0.009)	Loss 0.1346 (0.1422)	Prec@1 95.312 (94.792)
Epoch: [50][100/391]	Time 0.318 (0.311)	Data 0.000 (0.005)	Loss 0.1558 (0.1374)	Prec@1 94.531 (95.080)
Epoch: [50][150/391]	Time 0.307 (0.309)	Data 0.000 (0.004)	Loss 0.1355 (0.1365)	Prec@1 92.188 (95.054)
Epoch: [50][200/391]	Time 0.303 (0.310)	Data 0.000 (0.003)	Loss 0.1562 (0.1388)	Prec@1 94.531 (95.005)
Epoch: [50][250/391]	Time 0.317 (0.311)	Data 0.000 (0.003)	Loss 0.1856 (0.1391)	Prec@1 93.750 (94.970)
Epoch: [50][300/391]	Time 0.319 (0.311)	Data 0.000 (0.003)	Loss 0.1222 (0.1386)	Prec@1 97.656 (95.061)
Epoch: [50][350/391]	Time 0.319 (0.311)	Data 0.000 (0.002)	Loss 0.1026 (0.1402)	Prec@1 96.094 (94.990)
Test: [0/79]	Time 0.335 (0.335)	Loss 0.3374 (0.3374)	Prec@1 87.500 (87.500)
Test: [50/79]	Time 0.069 (0.078)	Loss 0.5443 (0.5204)	Prec@1 89.062 (86.734)
 * Prec@1 86.670
current lr 1.00000e-02
Epoch: [51][0/391]	Time 0.554 (0.554)	Data 0.287 (0.287)	Loss 0.1401 (0.1401)	Prec@1 94.531 (94.531)
Epoch: [51][50/391]	Time 0.330 (0.312)	Data 0.012 (0.007)	Loss 0.0726 (0.1187)	Prec@1 97.656 (95.818)
Epoch: [51][100/391]	Time 0.307 (0.313)	Data 0.005 (0.004)	Loss 0.1372 (0.1281)	Prec@1 94.531 (95.514)
Epoch: [51][150/391]	Time 0.318 (0.312)	Data 0.000 (0.003)	Loss 0.0951 (0.1319)	Prec@1 95.312 (95.225)
Epoch: [51][200/391]	Time 0.317 (0.312)	Data 0.000 (0.003)	Loss 0.2053 (0.1337)	Prec@1 93.750 (95.161)
Epoch: [51][250/391]	Time 0.318 (0.312)	Data 0.010 (0.002)	Loss 0.0550 (0.1346)	Prec@1 99.219 (95.123)
Epoch: [51][300/391]	Time 0.308 (0.313)	Data 0.000 (0.002)	Loss 0.1388 (0.1350)	Prec@1 93.750 (95.081)
Epoch: [51][350/391]	Time 0.305 (0.313)	Data 0.000 (0.002)	Loss 0.2787 (0.1357)	Prec@1 92.188 (95.039)
Test: [0/79]	Time 0.369 (0.369)	Loss 0.1549 (0.1549)	Prec@1 92.969 (92.969)
Test: [50/79]	Time 0.076 (0.074)	Loss 0.3765 (0.5266)	Prec@1 89.062 (86.075)
 * Prec@1 86.180
current lr 1.00000e-02
Epoch: [52][0/391]	Time 0.624 (0.624)	Data 0.316 (0.316)	Loss 0.1296 (0.1296)	Prec@1 97.656 (97.656)
Epoch: [52][50/391]	Time 0.314 (0.316)	Data 0.000 (0.007)	Loss 0.2257 (0.1288)	Prec@1 92.188 (95.282)
Epoch: [52][100/391]	Time 0.302 (0.314)	Data 0.000 (0.004)	Loss 0.1515 (0.1303)	Prec@1 92.969 (95.398)
Epoch: [52][150/391]	Time 0.247 (0.311)	Data 0.000 (0.003)	Loss 0.1588 (0.1306)	Prec@1 93.750 (95.426)
Epoch: [52][200/391]	Time 0.303 (0.311)	Data 0.000 (0.002)	Loss 0.1248 (0.1327)	Prec@1 93.750 (95.246)
Epoch: [52][250/391]	Time 0.308 (0.311)	Data 0.000 (0.002)	Loss 0.1047 (0.1354)	Prec@1 96.875 (95.151)
Epoch: [52][300/391]	Time 0.316 (0.312)	Data 0.000 (0.002)	Loss 0.1888 (0.1360)	Prec@1 95.312 (95.141)
Epoch: [52][350/391]	Time 0.315 (0.312)	Data 0.000 (0.002)	Loss 0.0995 (0.1387)	Prec@1 97.656 (95.074)
Test: [0/79]	Time 0.496 (0.496)	Loss 0.2820 (0.2820)	Prec@1 91.406 (91.406)
Test: [50/79]	Time 0.075 (0.082)	Loss 0.4112 (0.5100)	Prec@1 84.375 (86.688)
 * Prec@1 87.000
current lr 1.00000e-02
Epoch: [53][0/391]	Time 0.582 (0.582)	Data 0.282 (0.282)	Loss 0.1705 (0.1705)	Prec@1 92.969 (92.969)
Epoch: [53][50/391]	Time 0.317 (0.321)	Data 0.000 (0.007)	Loss 0.1042 (0.1159)	Prec@1 95.312 (95.895)
Epoch: [53][100/391]	Time 0.303 (0.313)	Data 0.000 (0.004)	Loss 0.0935 (0.1182)	Prec@1 96.094 (95.924)
Epoch: [53][150/391]	Time 0.298 (0.312)	Data 0.000 (0.003)	Loss 0.1034 (0.1233)	Prec@1 96.875 (95.732)
Epoch: [53][200/391]	Time 0.317 (0.311)	Data 0.000 (0.002)	Loss 0.1131 (0.1235)	Prec@1 96.094 (95.655)
Epoch: [53][250/391]	Time 0.318 (0.312)	Data 0.000 (0.002)	Loss 0.1616 (0.1258)	Prec@1 94.531 (95.568)
Epoch: [53][300/391]	Time 0.317 (0.312)	Data 0.000 (0.002)	Loss 0.1624 (0.1282)	Prec@1 92.969 (95.442)
Epoch: [53][350/391]	Time 0.306 (0.312)	Data 0.000 (0.002)	Loss 0.1175 (0.1292)	Prec@1 95.312 (95.399)
Test: [0/79]	Time 0.316 (0.316)	Loss 0.2867 (0.2867)	Prec@1 89.062 (89.062)
Test: [50/79]	Time 0.075 (0.080)	Loss 0.6650 (0.5517)	Prec@1 81.250 (85.463)
 * Prec@1 86.110
current lr 1.00000e-02
Epoch: [54][0/391]	Time 0.617 (0.617)	Data 0.312 (0.312)	Loss 0.0947 (0.0947)	Prec@1 96.875 (96.875)
Epoch: [54][50/391]	Time 0.306 (0.318)	Data 0.000 (0.007)	Loss 0.1062 (0.1072)	Prec@1 95.312 (96.186)
Epoch: [54][100/391]	Time 0.314 (0.314)	Data 0.000 (0.004)	Loss 0.0980 (0.1144)	Prec@1 96.875 (95.854)
Epoch: [54][150/391]	Time 0.317 (0.313)	Data 0.000 (0.003)	Loss 0.2284 (0.1169)	Prec@1 91.406 (95.726)
Epoch: [54][200/391]	Time 0.317 (0.311)	Data 0.000 (0.002)	Loss 0.1570 (0.1181)	Prec@1 93.750 (95.690)
Epoch: [54][250/391]	Time 0.307 (0.311)	Data 0.000 (0.002)	Loss 0.0866 (0.1196)	Prec@1 95.312 (95.686)
Epoch: [54][300/391]	Time 0.316 (0.311)	Data 0.000 (0.002)	Loss 0.1420 (0.1204)	Prec@1 96.094 (95.673)
Epoch: [54][350/391]	Time 0.286 (0.311)	Data 0.000 (0.001)	Loss 0.1053 (0.1219)	Prec@1 96.094 (95.644)
Test: [0/79]	Time 0.404 (0.404)	Loss 0.2708 (0.2708)	Prec@1 89.062 (89.062)
Test: [50/79]	Time 0.075 (0.082)	Loss 0.4789 (0.5683)	Prec@1 86.719 (85.263)
 * Prec@1 85.550
current lr 1.00000e-02
Epoch: [55][0/391]	Time 0.650 (0.650)	Data 0.354 (0.354)	Loss 0.1371 (0.1371)	Prec@1 96.094 (96.094)
Epoch: [55][50/391]	Time 0.317 (0.317)	Data 0.000 (0.008)	Loss 0.0682 (0.1133)	Prec@1 96.875 (95.680)
Epoch: [55][100/391]	Time 0.317 (0.315)	Data 0.000 (0.004)	Loss 0.0281 (0.1122)	Prec@1 100.000 (95.838)
Epoch: [55][150/391]	Time 0.301 (0.312)	Data 0.000 (0.003)	Loss 0.1363 (0.1124)	Prec@1 96.094 (95.871)
Epoch: [55][200/391]	Time 0.317 (0.310)	Data 0.000 (0.003)	Loss 0.2216 (0.1141)	Prec@1 91.406 (95.829)
Epoch: [55][250/391]	Time 0.317 (0.311)	Data 0.000 (0.002)	Loss 0.1029 (0.1169)	Prec@1 96.875 (95.748)
Epoch: [55][300/391]	Time 0.337 (0.311)	Data 0.013 (0.002)	Loss 0.0936 (0.1192)	Prec@1 96.094 (95.642)
Epoch: [55][350/391]	Time 0.223 (0.311)	Data 0.000 (0.002)	Loss 0.1556 (0.1210)	Prec@1 94.531 (95.582)
Test: [0/79]	Time 0.371 (0.371)	Loss 0.2958 (0.2958)	Prec@1 90.625 (90.625)
Test: [50/79]	Time 0.074 (0.081)	Loss 0.4436 (0.4935)	Prec@1 86.719 (87.194)
 * Prec@1 87.350
current lr 1.00000e-02
Epoch: [56][0/391]	Time 0.642 (0.642)	Data 0.318 (0.318)	Loss 0.1305 (0.1305)	Prec@1 95.312 (95.312)
Epoch: [56][50/391]	Time 0.316 (0.319)	Data 0.000 (0.007)	Loss 0.1433 (0.1099)	Prec@1 94.531 (96.201)
Epoch: [56][100/391]	Time 0.308 (0.315)	Data 0.000 (0.004)	Loss 0.1246 (0.1044)	Prec@1 93.750 (96.248)
Epoch: [56][150/391]	Time 0.300 (0.313)	Data 0.000 (0.003)	Loss 0.0917 (0.1075)	Prec@1 93.750 (96.058)
Epoch: [56][200/391]	Time 0.307 (0.310)	Data 0.000 (0.002)	Loss 0.1699 (0.1109)	Prec@1 96.094 (95.927)
Epoch: [56][250/391]	Time 0.316 (0.311)	Data 0.000 (0.002)	Loss 0.0968 (0.1120)	Prec@1 96.094 (95.919)
Epoch: [56][300/391]	Time 0.314 (0.311)	Data 0.000 (0.002)	Loss 0.1430 (0.1158)	Prec@1 96.094 (95.785)
Epoch: [56][350/391]	Time 0.303 (0.310)	Data 0.000 (0.002)	Loss 0.0957 (0.1181)	Prec@1 96.875 (95.715)
Test: [0/79]	Time 0.309 (0.309)	Loss 0.3303 (0.3303)	Prec@1 89.844 (89.844)
Test: [50/79]	Time 0.069 (0.079)	Loss 0.5262 (0.5641)	Prec@1 85.156 (86.213)
 * Prec@1 86.320
current lr 1.00000e-02
Epoch: [57][0/391]	Time 0.583 (0.583)	Data 0.268 (0.268)	Loss 0.0875 (0.0875)	Prec@1 95.312 (95.312)
Epoch: [57][50/391]	Time 0.319 (0.319)	Data 0.000 (0.006)	Loss 0.1498 (0.1157)	Prec@1 94.531 (95.833)
Epoch: [57][100/391]	Time 0.306 (0.316)	Data 0.000 (0.004)	Loss 0.0608 (0.1117)	Prec@1 99.219 (95.947)
Epoch: [57][150/391]	Time 0.308 (0.315)	Data 0.000 (0.003)	Loss 0.1279 (0.1115)	Prec@1 93.750 (95.995)
Epoch: [57][200/391]	Time 0.292 (0.312)	Data 0.000 (0.002)	Loss 0.1468 (0.1135)	Prec@1 93.750 (95.857)
Epoch: [57][250/391]	Time 0.319 (0.311)	Data 0.000 (0.002)	Loss 0.1357 (0.1175)	Prec@1 96.094 (95.702)
Epoch: [57][300/391]	Time 0.309 (0.311)	Data 0.000 (0.002)	Loss 0.0981 (0.1177)	Prec@1 93.750 (95.720)
Epoch: [57][350/391]	Time 0.259 (0.309)	Data 0.000 (0.002)	Loss 0.1821 (0.1196)	Prec@1 91.406 (95.671)
Test: [0/79]	Time 0.327 (0.327)	Loss 0.5111 (0.5111)	Prec@1 88.281 (88.281)
Test: [50/79]	Time 0.072 (0.080)	Loss 0.4911 (0.5387)	Prec@1 86.719 (86.244)
 * Prec@1 86.360
current lr 1.00000e-02
Epoch: [58][0/391]	Time 0.573 (0.573)	Data 0.279 (0.279)	Loss 0.1116 (0.1116)	Prec@1 96.094 (96.094)
Epoch: [58][50/391]	Time 0.320 (0.318)	Data 0.000 (0.007)	Loss 0.0761 (0.1007)	Prec@1 98.438 (96.293)
Epoch: [58][100/391]	Time 0.304 (0.316)	Data 0.000 (0.004)	Loss 0.0933 (0.1036)	Prec@1 96.094 (96.218)
Epoch: [58][150/391]	Time 0.317 (0.315)	Data 0.000 (0.003)	Loss 0.0686 (0.1060)	Prec@1 97.656 (96.156)
Epoch: [58][200/391]	Time 0.303 (0.314)	Data 0.000 (0.003)	Loss 0.1921 (0.1099)	Prec@1 94.531 (96.043)
Epoch: [58][250/391]	Time 0.302 (0.312)	Data 0.000 (0.002)	Loss 0.0567 (0.1117)	Prec@1 97.656 (96.003)
Epoch: [58][300/391]	Time 0.307 (0.312)	Data 0.000 (0.002)	Loss 0.0496 (0.1112)	Prec@1 98.438 (96.042)
Epoch: [58][350/391]	Time 0.308 (0.309)	Data 0.000 (0.002)	Loss 0.1402 (0.1114)	Prec@1 94.531 (96.027)
Test: [0/79]	Time 0.351 (0.351)	Loss 0.2646 (0.2646)	Prec@1 91.406 (91.406)
Test: [50/79]	Time 0.085 (0.081)	Loss 0.4296 (0.5301)	Prec@1 89.844 (86.719)
 * Prec@1 86.960
current lr 1.00000e-02
Epoch: [59][0/391]	Time 0.571 (0.571)	Data 0.268 (0.268)	Loss 0.1060 (0.1060)	Prec@1 94.531 (94.531)
Epoch: [59][50/391]	Time 0.320 (0.318)	Data 0.000 (0.007)	Loss 0.1379 (0.0971)	Prec@1 96.094 (96.523)
Epoch: [59][100/391]	Time 0.318 (0.315)	Data 0.002 (0.004)	Loss 0.0746 (0.1042)	Prec@1 96.094 (96.318)
Epoch: [59][150/391]	Time 0.302 (0.314)	Data 0.000 (0.003)	Loss 0.1394 (0.1032)	Prec@1 95.312 (96.358)
Epoch: [59][200/391]	Time 0.317 (0.314)	Data 0.000 (0.003)	Loss 0.1605 (0.1034)	Prec@1 95.312 (96.327)
Epoch: [59][250/391]	Time 0.307 (0.311)	Data 0.000 (0.003)	Loss 0.0972 (0.1028)	Prec@1 96.094 (96.324)
Epoch: [59][300/391]	Time 0.304 (0.312)	Data 0.000 (0.002)	Loss 0.1368 (0.1044)	Prec@1 96.875 (96.294)
Epoch: [59][350/391]	Time 0.305 (0.309)	Data 0.000 (0.002)	Loss 0.0789 (0.1066)	Prec@1 97.656 (96.207)
Test: [0/79]	Time 0.323 (0.323)	Loss 0.4027 (0.4027)	Prec@1 89.844 (89.844)
Test: [50/79]	Time 0.072 (0.079)	Loss 0.5299 (0.6455)	Prec@1 84.375 (84.651)
 * Prec@1 85.310
current lr 1.00000e-02
Epoch: [60][0/391]	Time 0.597 (0.597)	Data 0.255 (0.255)	Loss 0.0640 (0.0640)	Prec@1 96.875 (96.875)
Epoch: [60][50/391]	Time 0.310 (0.317)	Data 0.000 (0.006)	Loss 0.0791 (0.1158)	Prec@1 96.094 (95.849)
Epoch: [60][100/391]	Time 0.308 (0.316)	Data 0.000 (0.004)	Loss 0.2234 (0.1145)	Prec@1 92.969 (95.908)
Epoch: [60][150/391]	Time 0.317 (0.314)	Data 0.000 (0.003)	Loss 0.1313 (0.1146)	Prec@1 95.312 (95.897)
Epoch: [60][200/391]	Time 0.317 (0.314)	Data 0.000 (0.002)	Loss 0.0649 (0.1166)	Prec@1 97.656 (95.810)
Epoch: [60][250/391]	Time 0.299 (0.312)	Data 0.000 (0.002)	Loss 0.1167 (0.1163)	Prec@1 94.531 (95.798)
Epoch: [60][300/391]	Time 0.318 (0.311)	Data 0.000 (0.002)	Loss 0.1535 (0.1171)	Prec@1 92.969 (95.800)
Epoch: [60][350/391]	Time 0.308 (0.309)	Data 0.000 (0.002)	Loss 0.0848 (0.1171)	Prec@1 97.656 (95.813)
Test: [0/79]	Time 0.348 (0.348)	Loss 0.2722 (0.2722)	Prec@1 92.188 (92.188)
Test: [50/79]	Time 0.072 (0.080)	Loss 0.4831 (0.5495)	Prec@1 87.500 (87.117)
 * Prec@1 87.310
current lr 1.00000e-02
Epoch: [61][0/391]	Time 0.650 (0.650)	Data 0.340 (0.340)	Loss 0.1096 (0.1096)	Prec@1 94.531 (94.531)
Epoch: [61][50/391]	Time 0.317 (0.319)	Data 0.000 (0.008)	Loss 0.1100 (0.1003)	Prec@1 95.312 (96.094)
Epoch: [61][100/391]	Time 0.305 (0.316)	Data 0.000 (0.004)	Loss 0.0370 (0.0995)	Prec@1 100.000 (96.341)
Epoch: [61][150/391]	Time 0.308 (0.315)	Data 0.000 (0.003)	Loss 0.0756 (0.1046)	Prec@1 97.656 (96.311)
Epoch: [61][200/391]	Time 0.313 (0.315)	Data 0.000 (0.003)	Loss 0.0567 (0.1038)	Prec@1 97.656 (96.269)
Epoch: [61][250/391]	Time 0.298 (0.313)	Data 0.000 (0.002)	Loss 0.0824 (0.1031)	Prec@1 96.875 (96.321)
Epoch: [61][300/391]	Time 0.213 (0.310)	Data 0.000 (0.002)	Loss 0.1218 (0.1063)	Prec@1 94.531 (96.182)
Epoch: [61][350/391]	Time 0.305 (0.308)	Data 0.000 (0.002)	Loss 0.1050 (0.1057)	Prec@1 94.531 (96.185)
Test: [0/79]	Time 0.320 (0.320)	Loss 0.1987 (0.1987)	Prec@1 92.969 (92.969)
Test: [50/79]	Time 0.073 (0.080)	Loss 0.4185 (0.5171)	Prec@1 85.938 (86.994)
 * Prec@1 87.460
current lr 1.00000e-02
Epoch: [62][0/391]	Time 0.623 (0.623)	Data 0.318 (0.318)	Loss 0.0701 (0.0701)	Prec@1 97.656 (97.656)
Epoch: [62][50/391]	Time 0.307 (0.318)	Data 0.000 (0.007)	Loss 0.0705 (0.0890)	Prec@1 96.875 (96.952)
Epoch: [62][100/391]	Time 0.306 (0.316)	Data 0.000 (0.005)	Loss 0.0519 (0.0927)	Prec@1 98.438 (96.751)
