['resnet110', 'resnet1202', 'resnet20', 'resnet32', 'resnet44', 'resnet56']
Files already downloaded and verified
current lr 1.00000e-02
Epoch: [0][0/391]	Time 2.370 (2.370)	Data 0.355 (0.355)	Loss 8.3691 (8.3691)	Prec@1 17.188 (17.188)
Epoch: [0][50/391]	Time 0.302 (0.345)	Data 0.000 (0.008)	Loss 2.2314 (2.9183)	Prec@1 16.406 (17.479)
Epoch: [0][100/391]	Time 0.303 (0.325)	Data 0.000 (0.004)	Loss 1.9214 (2.4484)	Prec@1 27.344 (21.952)
Epoch: [0][150/391]	Time 0.302 (0.319)	Data 0.000 (0.003)	Loss 1.8553 (2.2621)	Prec@1 30.469 (24.550)
Epoch: [0][200/391]	Time 0.310 (0.316)	Data 0.000 (0.003)	Loss 1.6759 (2.1352)	Prec@1 37.500 (27.149)
Epoch: [0][250/391]	Time 0.305 (0.314)	Data 0.000 (0.002)	Loss 1.5759 (2.0479)	Prec@1 41.406 (29.074)
Epoch: [0][300/391]	Time 0.305 (0.312)	Data 0.000 (0.002)	Loss 1.6331 (1.9864)	Prec@1 38.281 (30.562)
Epoch: [0][350/391]	Time 0.307 (0.311)	Data 0.000 (0.002)	Loss 1.5136 (1.9348)	Prec@1 44.531 (31.916)
Test: [0/79]	Time 0.362 (0.362)	Loss 1.5924 (1.5924)	Prec@1 39.844 (39.844)
Test: [50/79]	Time 0.069 (0.070)	Loss 1.5139 (1.5924)	Prec@1 44.531 (41.422)
 * Prec@1 41.220
current lr 1.00000e-02
Epoch: [1][0/391]	Time 0.498 (0.498)	Data 0.271 (0.271)	Loss 1.4907 (1.4907)	Prec@1 46.094 (46.094)
Epoch: [1][50/391]	Time 0.309 (0.295)	Data 0.000 (0.007)	Loss 1.6024 (1.5282)	Prec@1 38.281 (43.765)
Epoch: [1][100/391]	Time 0.299 (0.300)	Data 0.000 (0.004)	Loss 1.6564 (1.5017)	Prec@1 41.406 (45.166)
Epoch: [1][150/391]	Time 0.300 (0.302)	Data 0.000 (0.003)	Loss 1.3833 (1.4775)	Prec@1 53.125 (45.747)
Epoch: [1][200/391]	Time 0.309 (0.303)	Data 0.000 (0.003)	Loss 1.2434 (1.4675)	Prec@1 53.125 (46.156)
Epoch: [1][250/391]	Time 0.305 (0.304)	Data 0.000 (0.003)	Loss 1.3541 (1.4538)	Prec@1 48.438 (46.698)
Epoch: [1][300/391]	Time 0.307 (0.304)	Data 0.000 (0.002)	Loss 1.3364 (1.4356)	Prec@1 50.000 (47.301)
Epoch: [1][350/391]	Time 0.305 (0.304)	Data 0.000 (0.002)	Loss 1.4920 (1.4203)	Prec@1 45.312 (47.850)
Test: [0/79]	Time 0.346 (0.346)	Loss 1.4226 (1.4226)	Prec@1 46.875 (46.875)
Test: [50/79]	Time 0.059 (0.075)	Loss 1.3187 (1.3538)	Prec@1 50.781 (51.731)
 * Prec@1 51.620
current lr 1.00000e-02
Epoch: [2][0/391]	Time 0.551 (0.551)	Data 0.306 (0.306)	Loss 1.2679 (1.2679)	Prec@1 57.031 (57.031)
Epoch: [2][50/391]	Time 0.272 (0.295)	Data 0.001 (0.008)	Loss 1.2387 (1.2618)	Prec@1 56.250 (54.703)
Epoch: [2][100/391]	Time 0.305 (0.300)	Data 0.000 (0.004)	Loss 1.0963 (1.2560)	Prec@1 60.156 (55.074)
Epoch: [2][150/391]	Time 0.306 (0.302)	Data 0.000 (0.003)	Loss 0.9357 (1.2412)	Prec@1 71.094 (55.619)
Epoch: [2][200/391]	Time 0.305 (0.303)	Data 0.000 (0.002)	Loss 1.0175 (1.2262)	Prec@1 60.156 (55.826)
Epoch: [2][250/391]	Time 0.307 (0.303)	Data 0.000 (0.002)	Loss 1.2916 (1.2254)	Prec@1 54.688 (55.914)
Epoch: [2][300/391]	Time 0.304 (0.304)	Data 0.000 (0.002)	Loss 1.1984 (1.2143)	Prec@1 61.719 (56.206)
Epoch: [2][350/391]	Time 0.304 (0.304)	Data 0.000 (0.002)	Loss 1.0027 (1.2024)	Prec@1 68.750 (56.666)
Test: [0/79]	Time 0.456 (0.456)	Loss 1.0374 (1.0374)	Prec@1 60.938 (60.938)
Test: [50/79]	Time 0.055 (0.078)	Loss 1.1140 (1.0422)	Prec@1 57.031 (62.699)
 * Prec@1 62.700
current lr 1.00000e-02
Epoch: [3][0/391]	Time 0.583 (0.583)	Data 0.272 (0.272)	Loss 1.0126 (1.0126)	Prec@1 63.281 (63.281)
Epoch: [3][50/391]	Time 0.305 (0.299)	Data 0.000 (0.008)	Loss 1.1785 (1.0643)	Prec@1 56.250 (61.566)
Epoch: [3][100/391]	Time 0.331 (0.301)	Data 0.015 (0.005)	Loss 1.0848 (1.0736)	Prec@1 63.281 (61.417)
Epoch: [3][150/391]	Time 0.305 (0.303)	Data 0.000 (0.004)	Loss 1.0244 (1.0717)	Prec@1 58.594 (61.403)
Epoch: [3][200/391]	Time 0.304 (0.303)	Data 0.000 (0.003)	Loss 0.9271 (1.0584)	Prec@1 65.625 (62.026)
Epoch: [3][250/391]	Time 0.305 (0.304)	Data 0.000 (0.003)	Loss 0.9776 (1.0528)	Prec@1 63.281 (62.083)
Epoch: [3][300/391]	Time 0.299 (0.304)	Data 0.000 (0.003)	Loss 0.9911 (1.0429)	Prec@1 66.406 (62.495)
Epoch: [3][350/391]	Time 0.306 (0.304)	Data 0.000 (0.002)	Loss 0.8836 (1.0337)	Prec@1 62.500 (62.743)
Test: [0/79]	Time 0.343 (0.343)	Loss 0.9503 (0.9503)	Prec@1 62.500 (62.500)
Test: [50/79]	Time 0.069 (0.075)	Loss 1.1256 (1.0487)	Prec@1 63.281 (63.787)
 * Prec@1 64.090
current lr 1.00000e-02
Epoch: [4][0/391]	Time 0.620 (0.620)	Data 0.296 (0.296)	Loss 0.9137 (0.9137)	Prec@1 69.531 (69.531)
Epoch: [4][50/391]	Time 0.304 (0.303)	Data 0.005 (0.007)	Loss 0.8476 (0.9561)	Prec@1 68.750 (66.100)
Epoch: [4][100/391]	Time 0.301 (0.302)	Data 0.000 (0.005)	Loss 1.1071 (0.9574)	Prec@1 64.062 (65.811)
Epoch: [4][150/391]	Time 0.306 (0.301)	Data 0.000 (0.003)	Loss 0.9662 (0.9513)	Prec@1 63.281 (66.453)
Epoch: [4][200/391]	Time 0.305 (0.302)	Data 0.000 (0.003)	Loss 0.8572 (0.9478)	Prec@1 68.750 (66.573)
Epoch: [4][250/391]	Time 0.303 (0.303)	Data 0.000 (0.002)	Loss 0.9344 (0.9415)	Prec@1 66.406 (66.696)
Epoch: [4][300/391]	Time 0.303 (0.303)	Data 0.000 (0.002)	Loss 0.9132 (0.9371)	Prec@1 64.844 (66.751)
Epoch: [4][350/391]	Time 0.301 (0.304)	Data 0.000 (0.002)	Loss 0.8000 (0.9328)	Prec@1 68.750 (66.934)
Test: [0/79]	Time 0.336 (0.336)	Loss 0.8450 (0.8450)	Prec@1 69.531 (69.531)
Test: [50/79]	Time 0.073 (0.077)	Loss 0.8533 (0.8617)	Prec@1 64.844 (69.899)
 * Prec@1 69.880
current lr 1.00000e-02
Epoch: [5][0/391]	Time 0.554 (0.554)	Data 0.269 (0.269)	Loss 0.8596 (0.8596)	Prec@1 67.188 (67.188)
Epoch: [5][50/391]	Time 0.299 (0.303)	Data 0.000 (0.006)	Loss 0.8728 (0.8612)	Prec@1 67.969 (69.501)
Epoch: [5][100/391]	Time 0.304 (0.301)	Data 0.000 (0.004)	Loss 0.8158 (0.8617)	Prec@1 72.656 (69.516)
Epoch: [5][150/391]	Time 0.296 (0.301)	Data 0.000 (0.003)	Loss 0.7361 (0.8585)	Prec@1 72.656 (69.624)
Epoch: [5][200/391]	Time 0.324 (0.302)	Data 0.000 (0.002)	Loss 0.8384 (0.8547)	Prec@1 67.188 (69.792)
Epoch: [5][250/391]	Time 0.303 (0.303)	Data 0.000 (0.002)	Loss 0.7148 (0.8469)	Prec@1 75.781 (70.141)
Epoch: [5][300/391]	Time 0.306 (0.303)	Data 0.000 (0.002)	Loss 0.8569 (0.8425)	Prec@1 69.531 (70.432)
Epoch: [5][350/391]	Time 0.304 (0.303)	Data 0.000 (0.002)	Loss 0.9197 (0.8383)	Prec@1 68.750 (70.515)
Test: [0/79]	Time 0.347 (0.347)	Loss 0.8479 (0.8479)	Prec@1 65.625 (65.625)
Test: [50/79]	Time 0.083 (0.076)	Loss 0.9103 (0.8870)	Prec@1 66.406 (69.577)
 * Prec@1 69.550
current lr 1.00000e-02
Epoch: [6][0/391]	Time 0.567 (0.567)	Data 0.265 (0.265)	Loss 0.8695 (0.8695)	Prec@1 70.312 (70.312)
Epoch: [6][50/391]	Time 0.286 (0.307)	Data 0.000 (0.006)	Loss 0.8265 (0.7654)	Prec@1 75.781 (72.748)
Epoch: [6][100/391]	Time 0.277 (0.303)	Data 0.000 (0.004)	Loss 0.7399 (0.7824)	Prec@1 74.219 (72.478)
Epoch: [6][150/391]	Time 0.297 (0.304)	Data 0.000 (0.004)	Loss 0.8310 (0.7829)	Prec@1 66.406 (72.361)
Epoch: [6][200/391]	Time 0.319 (0.303)	Data 0.015 (0.003)	Loss 0.6928 (0.7786)	Prec@1 77.344 (72.532)
Epoch: [6][250/391]	Time 0.304 (0.303)	Data 0.001 (0.002)	Loss 0.7959 (0.7751)	Prec@1 71.094 (72.578)
Epoch: [6][300/391]	Time 0.308 (0.304)	Data 0.000 (0.002)	Loss 0.9132 (0.7733)	Prec@1 67.188 (72.693)
Epoch: [6][350/391]	Time 0.303 (0.304)	Data 0.000 (0.002)	Loss 0.6444 (0.7673)	Prec@1 75.000 (72.943)
Test: [0/79]	Time 0.336 (0.336)	Loss 0.6956 (0.6956)	Prec@1 78.125 (78.125)
Test: [50/79]	Time 0.067 (0.079)	Loss 0.9688 (0.7730)	Prec@1 73.438 (74.341)
 * Prec@1 74.160
current lr 1.00000e-02
Epoch: [7][0/391]	Time 0.580 (0.580)	Data 0.292 (0.292)	Loss 0.6401 (0.6401)	Prec@1 81.250 (81.250)
Epoch: [7][50/391]	Time 0.290 (0.308)	Data 0.000 (0.007)	Loss 0.5386 (0.7176)	Prec@1 78.125 (75.460)
Epoch: [7][100/391]	Time 0.312 (0.305)	Data 0.000 (0.004)	Loss 0.7673 (0.7236)	Prec@1 76.562 (74.714)
Epoch: [7][150/391]	Time 0.317 (0.304)	Data 0.002 (0.003)	Loss 0.6472 (0.7236)	Prec@1 78.125 (74.772)
Epoch: [7][200/391]	Time 0.302 (0.304)	Data 0.000 (0.003)	Loss 0.9784 (0.7144)	Prec@1 67.188 (75.175)
Epoch: [7][250/391]	Time 0.303 (0.304)	Data 0.000 (0.002)	Loss 0.6892 (0.7089)	Prec@1 78.125 (75.336)
Epoch: [7][300/391]	Time 0.306 (0.304)	Data 0.000 (0.002)	Loss 0.6012 (0.7099)	Prec@1 78.125 (75.223)
Epoch: [7][350/391]	Time 0.302 (0.304)	Data 0.000 (0.002)	Loss 0.5242 (0.7053)	Prec@1 78.125 (75.329)
Test: [0/79]	Time 0.360 (0.360)	Loss 0.7443 (0.7443)	Prec@1 75.000 (75.000)
Test: [50/79]	Time 0.061 (0.074)	Loss 0.8903 (0.8384)	Prec@1 71.875 (71.783)
 * Prec@1 71.540
current lr 1.00000e-02
Epoch: [8][0/391]	Time 0.588 (0.588)	Data 0.292 (0.292)	Loss 0.6889 (0.6889)	Prec@1 80.469 (80.469)
Epoch: [8][50/391]	Time 0.290 (0.308)	Data 0.000 (0.006)	Loss 0.6261 (0.6767)	Prec@1 79.688 (76.348)
Epoch: [8][100/391]	Time 0.297 (0.305)	Data 0.000 (0.003)	Loss 0.5607 (0.6587)	Prec@1 82.031 (77.251)
Epoch: [8][150/391]	Time 0.305 (0.303)	Data 0.000 (0.003)	Loss 0.6742 (0.6672)	Prec@1 77.344 (76.883)
Epoch: [8][200/391]	Time 0.303 (0.304)	Data 0.000 (0.002)	Loss 0.4932 (0.6648)	Prec@1 85.156 (77.083)
Epoch: [8][250/391]	Time 0.295 (0.304)	Data 0.000 (0.002)	Loss 0.6422 (0.6589)	Prec@1 75.000 (77.260)
Epoch: [8][300/391]	Time 0.303 (0.304)	Data 0.000 (0.002)	Loss 0.6709 (0.6561)	Prec@1 74.219 (77.276)
Epoch: [8][350/391]	Time 0.306 (0.304)	Data 0.001 (0.002)	Loss 0.7239 (0.6553)	Prec@1 73.438 (77.235)
Test: [0/79]	Time 0.411 (0.411)	Loss 0.6743 (0.6743)	Prec@1 77.344 (77.344)
Test: [50/79]	Time 0.071 (0.075)	Loss 0.7715 (0.6891)	Prec@1 78.906 (76.869)
 * Prec@1 76.600
current lr 1.00000e-02
Epoch: [9][0/391]	Time 0.596 (0.596)	Data 0.297 (0.297)	Loss 0.5260 (0.5260)	Prec@1 81.250 (81.250)
Epoch: [9][50/391]	Time 0.307 (0.311)	Data 0.000 (0.006)	Loss 0.6018 (0.5878)	Prec@1 78.906 (79.350)
Epoch: [9][100/391]	Time 0.305 (0.305)	Data 0.000 (0.003)	Loss 0.5029 (0.6155)	Prec@1 85.156 (78.752)
Epoch: [9][150/391]	Time 0.295 (0.304)	Data 0.000 (0.003)	Loss 0.5281 (0.6102)	Prec@1 82.031 (79.077)
Epoch: [9][200/391]	Time 0.303 (0.304)	Data 0.000 (0.002)	Loss 0.6861 (0.6171)	Prec@1 75.000 (78.677)
Epoch: [9][250/391]	Time 0.303 (0.304)	Data 0.000 (0.002)	Loss 0.5693 (0.6134)	Prec@1 82.812 (78.797)
Epoch: [9][300/391]	Time 0.253 (0.304)	Data 0.000 (0.002)	Loss 0.5127 (0.6084)	Prec@1 82.812 (78.958)
Epoch: [9][350/391]	Time 0.305 (0.304)	Data 0.000 (0.002)	Loss 0.6874 (0.6094)	Prec@1 76.562 (78.842)
Test: [0/79]	Time 0.378 (0.378)	Loss 0.6751 (0.6751)	Prec@1 78.125 (78.125)
Test: [50/79]	Time 0.073 (0.079)	Loss 0.8326 (0.6925)	Prec@1 74.219 (77.788)
 * Prec@1 77.740
current lr 1.00000e-02
Epoch: [10][0/391]	Time 0.569 (0.569)	Data 0.260 (0.260)	Loss 0.5737 (0.5737)	Prec@1 78.906 (78.906)
Epoch: [10][50/391]	Time 0.305 (0.311)	Data 0.000 (0.006)	Loss 0.6203 (0.5775)	Prec@1 78.125 (79.703)
Epoch: [10][100/391]	Time 0.303 (0.305)	Data 0.000 (0.003)	Loss 0.6082 (0.5597)	Prec@1 74.219 (80.283)
Epoch: [10][150/391]	Time 0.306 (0.305)	Data 0.000 (0.002)	Loss 0.3896 (0.5661)	Prec@1 87.500 (80.091)
Epoch: [10][200/391]	Time 0.305 (0.304)	Data 0.000 (0.002)	Loss 0.6320 (0.5643)	Prec@1 75.781 (80.263)
Epoch: [10][250/391]	Time 0.303 (0.304)	Data 0.000 (0.002)	Loss 0.5754 (0.5665)	Prec@1 80.469 (80.313)
Epoch: [10][300/391]	Time 0.305 (0.304)	Data 0.000 (0.002)	Loss 0.5278 (0.5677)	Prec@1 81.250 (80.329)
Epoch: [10][350/391]	Time 0.306 (0.303)	Data 0.000 (0.002)	Loss 0.5416 (0.5698)	Prec@1 82.031 (80.266)
Test: [0/79]	Time 0.424 (0.424)	Loss 0.5096 (0.5096)	Prec@1 85.156 (85.156)
Test: [50/79]	Time 0.081 (0.078)	Loss 0.7513 (0.6301)	Prec@1 75.000 (79.075)
 * Prec@1 78.730
current lr 1.00000e-02
Epoch: [11][0/391]	Time 0.674 (0.674)	Data 0.350 (0.350)	Loss 0.5628 (0.5628)	Prec@1 80.469 (80.469)
Epoch: [11][50/391]	Time 0.306 (0.313)	Data 0.000 (0.008)	Loss 0.6411 (0.5267)	Prec@1 77.344 (81.556)
Epoch: [11][100/391]	Time 0.305 (0.306)	Data 0.000 (0.005)	Loss 0.4662 (0.5283)	Prec@1 82.031 (81.320)
Epoch: [11][150/391]	Time 0.309 (0.306)	Data 0.000 (0.003)	Loss 0.5858 (0.5373)	Prec@1 80.469 (81.090)
Epoch: [11][200/391]	Time 0.271 (0.304)	Data 0.000 (0.003)	Loss 0.4879 (0.5386)	Prec@1 82.812 (81.075)
Epoch: [11][250/391]	Time 0.305 (0.304)	Data 0.000 (0.002)	Loss 0.6513 (0.5393)	Prec@1 77.344 (81.048)
Epoch: [11][300/391]	Time 0.306 (0.305)	Data 0.002 (0.002)	Loss 0.5915 (0.5415)	Prec@1 82.031 (81.003)
Epoch: [11][350/391]	Time 0.295 (0.305)	Data 0.000 (0.002)	Loss 0.5955 (0.5438)	Prec@1 75.781 (80.983)
Test: [0/79]	Time 0.442 (0.442)	Loss 0.6147 (0.6147)	Prec@1 80.469 (80.469)
Test: [50/79]	Time 0.075 (0.078)	Loss 0.7399 (0.5787)	Prec@1 75.000 (80.484)
 * Prec@1 80.480
current lr 1.00000e-02
Epoch: [12][0/391]	Time 0.662 (0.662)	Data 0.368 (0.368)	Loss 0.4492 (0.4492)	Prec@1 84.375 (84.375)
Epoch: [12][50/391]	Time 0.306 (0.314)	Data 0.000 (0.008)	Loss 0.5026 (0.5003)	Prec@1 82.031 (82.567)
Epoch: [12][100/391]	Time 0.303 (0.307)	Data 0.000 (0.005)	Loss 0.4939 (0.5100)	Prec@1 78.125 (82.132)
Epoch: [12][150/391]	Time 0.306 (0.306)	Data 0.000 (0.003)	Loss 0.5323 (0.5117)	Prec@1 84.375 (82.238)
Epoch: [12][200/391]	Time 0.289 (0.306)	Data 0.000 (0.003)	Loss 0.4835 (0.5147)	Prec@1 82.812 (82.136)
Epoch: [12][250/391]	Time 0.310 (0.305)	Data 0.000 (0.003)	Loss 0.5842 (0.5131)	Prec@1 80.469 (82.162)
Epoch: [12][300/391]	Time 0.306 (0.305)	Data 0.000 (0.002)	Loss 0.5830 (0.5106)	Prec@1 80.469 (82.210)
Epoch: [12][350/391]	Time 0.304 (0.305)	Data 0.000 (0.002)	Loss 0.6606 (0.5121)	Prec@1 77.344 (82.176)
Test: [0/79]	Time 0.353 (0.353)	Loss 0.6066 (0.6066)	Prec@1 81.250 (81.250)
Test: [50/79]	Time 0.069 (0.073)	Loss 0.6900 (0.6142)	Prec@1 78.906 (79.979)
 * Prec@1 79.700
current lr 1.00000e-02
Epoch: [13][0/391]	Time 0.558 (0.558)	Data 0.233 (0.233)	Loss 0.4236 (0.4236)	Prec@1 84.375 (84.375)
Epoch: [13][50/391]	Time 0.318 (0.311)	Data 0.000 (0.006)	Loss 0.4763 (0.4918)	Prec@1 85.156 (82.920)
Epoch: [13][100/391]	Time 0.309 (0.306)	Data 0.015 (0.003)	Loss 0.4933 (0.4957)	Prec@1 82.031 (82.495)
Epoch: [13][150/391]	Time 0.305 (0.305)	Data 0.000 (0.003)	Loss 0.5572 (0.4896)	Prec@1 83.594 (82.730)
Epoch: [13][200/391]	Time 0.307 (0.305)	Data 0.000 (0.002)	Loss 0.5181 (0.4883)	Prec@1 80.469 (82.933)
Epoch: [13][250/391]	Time 0.308 (0.304)	Data 0.000 (0.002)	Loss 0.4346 (0.4898)	Prec@1 85.938 (82.862)
Epoch: [13][300/391]	Time 0.305 (0.304)	Data 0.000 (0.002)	Loss 0.4981 (0.4892)	Prec@1 82.812 (82.922)
Epoch: [13][350/391]	Time 0.301 (0.305)	Data 0.000 (0.002)	Loss 0.3930 (0.4887)	Prec@1 87.500 (82.935)
Test: [0/79]	Time 0.355 (0.355)	Loss 0.6108 (0.6108)	Prec@1 81.250 (81.250)
Test: [50/79]	Time 0.072 (0.077)	Loss 0.7264 (0.6107)	Prec@1 75.000 (79.657)
 * Prec@1 79.260
current lr 1.00000e-02
Epoch: [14][0/391]	Time 0.560 (0.560)	Data 0.259 (0.259)	Loss 0.5459 (0.5459)	Prec@1 78.906 (78.906)
Epoch: [14][50/391]	Time 0.299 (0.304)	Data 0.000 (0.007)	Loss 0.3820 (0.4742)	Prec@1 84.375 (82.567)
Epoch: [14][100/391]	Time 0.296 (0.304)	Data 0.000 (0.004)	Loss 0.4299 (0.4662)	Prec@1 87.500 (83.408)
Epoch: [14][150/391]	Time 0.306 (0.303)	Data 0.000 (0.003)	Loss 0.5443 (0.4659)	Prec@1 82.812 (83.464)
Epoch: [14][200/391]	Time 0.310 (0.304)	Data 0.000 (0.003)	Loss 0.4909 (0.4681)	Prec@1 85.156 (83.431)
Epoch: [14][250/391]	Time 0.296 (0.304)	Data 0.000 (0.002)	Loss 0.5342 (0.4697)	Prec@1 80.469 (83.494)
Epoch: [14][300/391]	Time 0.306 (0.304)	Data 0.000 (0.003)	Loss 0.5355 (0.4684)	Prec@1 80.469 (83.672)
Epoch: [14][350/391]	Time 0.305 (0.304)	Data 0.000 (0.002)	Loss 0.4421 (0.4687)	Prec@1 85.156 (83.667)
Test: [0/79]	Time 0.397 (0.397)	Loss 0.4665 (0.4665)	Prec@1 84.375 (84.375)
Test: [50/79]	Time 0.075 (0.078)	Loss 0.5880 (0.5762)	Prec@1 78.125 (80.913)
 * Prec@1 80.790
current lr 1.00000e-02
Epoch: [15][0/391]	Time 0.563 (0.563)	Data 0.260 (0.260)	Loss 0.4419 (0.4419)	Prec@1 84.375 (84.375)
Epoch: [15][50/391]	Time 0.302 (0.308)	Data 0.000 (0.006)	Loss 0.3608 (0.4540)	Prec@1 85.156 (83.793)
Epoch: [15][100/391]	Time 0.277 (0.304)	Data 0.000 (0.004)	Loss 0.4289 (0.4470)	Prec@1 86.719 (84.545)
Epoch: [15][150/391]	Time 0.306 (0.303)	Data 0.000 (0.003)	Loss 0.3703 (0.4432)	Prec@1 86.719 (84.696)
Epoch: [15][200/391]	Time 0.308 (0.304)	Data 0.000 (0.003)	Loss 0.5065 (0.4456)	Prec@1 82.031 (84.694)
Epoch: [15][250/391]	Time 0.305 (0.305)	Data 0.000 (0.002)	Loss 0.5416 (0.4455)	Prec@1 80.469 (84.792)
Epoch: [15][300/391]	Time 0.305 (0.304)	Data 0.000 (0.002)	Loss 0.3991 (0.4450)	Prec@1 87.500 (84.770)
Epoch: [15][350/391]	Time 0.307 (0.304)	Data 0.001 (0.002)	Loss 0.4005 (0.4445)	Prec@1 87.500 (84.713)
Test: [0/79]	Time 0.377 (0.377)	Loss 0.4844 (0.4844)	Prec@1 82.031 (82.031)
Test: [50/79]	Time 0.073 (0.075)	Loss 0.7445 (0.5899)	Prec@1 78.125 (80.928)
 * Prec@1 80.700
current lr 1.00000e-02
Epoch: [16][0/391]	Time 0.578 (0.578)	Data 0.261 (0.261)	Loss 0.3824 (0.3824)	Prec@1 88.281 (88.281)
Epoch: [16][50/391]	Time 0.303 (0.310)	Data 0.000 (0.006)	Loss 0.3588 (0.4163)	Prec@1 89.844 (85.600)
Epoch: [16][100/391]	Time 0.324 (0.305)	Data 0.000 (0.003)	Loss 0.4926 (0.4215)	Prec@1 81.250 (85.149)
Epoch: [16][150/391]	Time 0.307 (0.303)	Data 0.000 (0.002)	Loss 0.4084 (0.4228)	Prec@1 87.500 (85.167)
Epoch: [16][200/391]	Time 0.304 (0.304)	Data 0.000 (0.002)	Loss 0.4180 (0.4211)	Prec@1 87.500 (85.102)
Epoch: [16][250/391]	Time 0.304 (0.304)	Data 0.000 (0.002)	Loss 0.4155 (0.4239)	Prec@1 85.156 (84.976)
Epoch: [16][300/391]	Time 0.304 (0.303)	Data 0.000 (0.002)	Loss 0.3301 (0.4214)	Prec@1 90.625 (85.058)
Epoch: [16][350/391]	Time 0.306 (0.304)	Data 0.000 (0.001)	Loss 0.3995 (0.4209)	Prec@1 84.375 (85.121)
Test: [0/79]	Time 0.300 (0.300)	Loss 0.5900 (0.5900)	Prec@1 81.250 (81.250)
Test: [50/79]	Time 0.071 (0.075)	Loss 0.8007 (0.6401)	Prec@1 80.469 (80.147)
 * Prec@1 80.200
current lr 1.00000e-02
Epoch: [17][0/391]	Time 0.596 (0.596)	Data 0.273 (0.273)	Loss 0.5144 (0.5144)	Prec@1 83.594 (83.594)
Epoch: [17][50/391]	Time 0.305 (0.312)	Data 0.000 (0.007)	Loss 0.4082 (0.3961)	Prec@1 82.031 (85.830)
Epoch: [17][100/391]	Time 0.305 (0.309)	Data 0.000 (0.005)	Loss 0.4108 (0.3921)	Prec@1 88.281 (86.177)
Epoch: [17][150/391]	Time 0.302 (0.304)	Data 0.001 (0.003)	Loss 0.4406 (0.3968)	Prec@1 82.812 (85.912)
Epoch: [17][200/391]	Time 0.305 (0.304)	Data 0.000 (0.003)	Loss 0.5427 (0.3923)	Prec@1 80.469 (86.144)
Epoch: [17][250/391]	Time 0.305 (0.305)	Data 0.000 (0.003)	Loss 0.3421 (0.3979)	Prec@1 88.281 (85.931)
Epoch: [17][300/391]	Time 0.298 (0.304)	Data 0.000 (0.002)	Loss 0.4831 (0.4004)	Prec@1 84.375 (85.828)
Epoch: [17][350/391]	Time 0.310 (0.304)	Data 0.000 (0.002)	Loss 0.4692 (0.4049)	Prec@1 83.594 (85.724)
Test: [0/79]	Time 0.345 (0.345)	Loss 0.4876 (0.4876)	Prec@1 82.812 (82.812)
Test: [50/79]	Time 0.076 (0.075)	Loss 0.6441 (0.5883)	Prec@1 81.250 (81.342)
 * Prec@1 80.920
current lr 1.00000e-02
Epoch: [18][0/391]	Time 0.582 (0.582)	Data 0.280 (0.280)	Loss 0.4326 (0.4326)	Prec@1 86.719 (86.719)
Epoch: [18][50/391]	Time 0.305 (0.313)	Data 0.000 (0.008)	Loss 0.2725 (0.3821)	Prec@1 90.625 (86.673)
Epoch: [18][100/391]	Time 0.307 (0.310)	Data 0.000 (0.005)	Loss 0.2921 (0.3768)	Prec@1 89.844 (86.603)
Epoch: [18][150/391]	Time 0.301 (0.306)	Data 0.000 (0.004)	Loss 0.3415 (0.3828)	Prec@1 89.062 (86.724)
Epoch: [18][200/391]	Time 0.305 (0.305)	Data 0.000 (0.003)	Loss 0.3877 (0.3884)	Prec@1 85.156 (86.353)
Epoch: [18][250/391]	Time 0.297 (0.305)	Data 0.000 (0.003)	Loss 0.3112 (0.3894)	Prec@1 89.062 (86.367)
Epoch: [18][300/391]	Time 0.302 (0.306)	Data 0.000 (0.003)	Loss 0.4335 (0.3927)	Prec@1 86.719 (86.254)
Epoch: [18][350/391]	Time 0.301 (0.305)	Data 0.000 (0.002)	Loss 0.3733 (0.3911)	Prec@1 87.500 (86.311)
Test: [0/79]	Time 0.410 (0.410)	Loss 0.4713 (0.4713)	Prec@1 86.719 (86.719)
Test: [50/79]	Time 0.069 (0.076)	Loss 0.7605 (0.5855)	Prec@1 75.781 (80.744)
 * Prec@1 81.040
current lr 1.00000e-02
Epoch: [19][0/391]	Time 0.559 (0.559)	Data 0.258 (0.258)	Loss 0.3522 (0.3522)	Prec@1 88.281 (88.281)
Epoch: [19][50/391]	Time 0.310 (0.310)	Data 0.000 (0.006)	Loss 0.4781 (0.3648)	Prec@1 82.812 (87.117)
Epoch: [19][100/391]	Time 0.300 (0.308)	Data 0.000 (0.003)	Loss 0.3253 (0.3703)	Prec@1 88.281 (87.152)
Epoch: [19][150/391]	Time 0.297 (0.306)	Data 0.000 (0.003)	Loss 0.2923 (0.3757)	Prec@1 87.500 (86.993)
Epoch: [19][200/391]	Time 0.301 (0.304)	Data 0.000 (0.002)	Loss 0.4089 (0.3777)	Prec@1 86.719 (86.839)
Epoch: [19][250/391]	Time 0.304 (0.304)	Data 0.000 (0.002)	Loss 0.5229 (0.3782)	Prec@1 78.125 (86.765)
Epoch: [19][300/391]	Time 0.309 (0.304)	Data 0.000 (0.002)	Loss 0.3746 (0.3762)	Prec@1 85.156 (86.838)
Epoch: [19][350/391]	Time 0.298 (0.304)	Data 0.000 (0.002)	Loss 0.3520 (0.3764)	Prec@1 85.156 (86.843)
Test: [0/79]	Time 0.353 (0.353)	Loss 0.5851 (0.5851)	Prec@1 81.250 (81.250)
Test: [50/79]	Time 0.067 (0.074)	Loss 0.4453 (0.5476)	Prec@1 82.812 (82.154)
 * Prec@1 81.980
current lr 1.00000e-02
Epoch: [20][0/391]	Time 0.636 (0.636)	Data 0.309 (0.309)	Loss 0.3218 (0.3218)	Prec@1 90.625 (90.625)
Epoch: [20][50/391]	Time 0.303 (0.312)	Data 0.000 (0.007)	Loss 0.4089 (0.3501)	Prec@1 84.375 (87.960)
Epoch: [20][100/391]	Time 0.307 (0.309)	Data 0.001 (0.004)	Loss 0.2809 (0.3635)	Prec@1 91.406 (87.469)
Epoch: [20][150/391]	Time 0.297 (0.307)	Data 0.000 (0.003)	Loss 0.4086 (0.3664)	Prec@1 85.938 (87.231)
Epoch: [20][200/391]	Time 0.306 (0.306)	Data 0.000 (0.003)	Loss 0.4408 (0.3668)	Prec@1 83.594 (87.177)
Epoch: [20][250/391]	Time 0.320 (0.304)	Data 0.000 (0.003)	Loss 0.2685 (0.3692)	Prec@1 89.062 (87.027)
Epoch: [20][300/391]	Time 0.309 (0.305)	Data 0.000 (0.002)	Loss 0.3576 (0.3697)	Prec@1 85.156 (87.048)
Epoch: [20][350/391]	Time 0.304 (0.305)	Data 0.000 (0.002)	Loss 0.2941 (0.3701)	Prec@1 89.062 (87.037)
Test: [0/79]	Time 0.514 (0.514)	Loss 0.4480 (0.4480)	Prec@1 86.719 (86.719)
Test: [50/79]	Time 0.069 (0.078)	Loss 0.5645 (0.5045)	Prec@1 81.250 (84.115)
 * Prec@1 84.020
current lr 1.00000e-02
Epoch: [21][0/391]	Time 0.628 (0.628)	Data 0.319 (0.319)	Loss 0.4639 (0.4639)	Prec@1 83.594 (83.594)
Epoch: [21][50/391]	Time 0.306 (0.313)	Data 0.000 (0.007)	Loss 0.2765 (0.3693)	Prec@1 90.625 (87.178)
Epoch: [21][100/391]	Time 0.309 (0.309)	Data 0.000 (0.004)	Loss 0.3195 (0.3553)	Prec@1 90.625 (87.554)
Epoch: [21][150/391]	Time 0.300 (0.307)	Data 0.000 (0.003)	Loss 0.3235 (0.3453)	Prec@1 84.375 (87.966)
Epoch: [21][200/391]	Time 0.315 (0.306)	Data 0.015 (0.003)	Loss 0.1769 (0.3486)	Prec@1 92.188 (87.823)
Epoch: [21][250/391]	Time 0.296 (0.305)	Data 0.000 (0.002)	Loss 0.3762 (0.3504)	Prec@1 89.062 (87.824)
Epoch: [21][300/391]	Time 0.305 (0.305)	Data 0.000 (0.002)	Loss 0.3317 (0.3492)	Prec@1 89.844 (87.918)
Epoch: [21][350/391]	Time 0.305 (0.305)	Data 0.000 (0.002)	Loss 0.3215 (0.3491)	Prec@1 89.844 (87.896)
Test: [0/79]	Time 0.401 (0.401)	Loss 0.5231 (0.5231)	Prec@1 84.375 (84.375)
Test: [50/79]	Time 0.072 (0.074)	Loss 0.6505 (0.5484)	Prec@1 80.469 (83.119)
 * Prec@1 82.790
current lr 1.00000e-02
Epoch: [22][0/391]	Time 0.561 (0.561)	Data 0.261 (0.261)	Loss 0.1764 (0.1764)	Prec@1 94.531 (94.531)
Epoch: [22][50/391]	Time 0.308 (0.310)	Data 0.000 (0.006)	Loss 0.2803 (0.3315)	Prec@1 89.844 (88.404)
Epoch: [22][100/391]	Time 0.306 (0.308)	Data 0.000 (0.003)	Loss 0.3878 (0.3286)	Prec@1 87.500 (88.405)
Epoch: [22][150/391]	Time 0.305 (0.307)	Data 0.000 (0.002)	Loss 0.3065 (0.3257)	Prec@1 91.406 (88.488)
Epoch: [22][200/391]	Time 0.307 (0.305)	Data 0.000 (0.002)	Loss 0.3272 (0.3264)	Prec@1 89.062 (88.460)
Epoch: [22][250/391]	Time 0.310 (0.305)	Data 0.002 (0.002)	Loss 0.2726 (0.3283)	Prec@1 91.406 (88.353)
Epoch: [22][300/391]	Time 0.299 (0.305)	Data 0.000 (0.002)	Loss 0.3780 (0.3317)	Prec@1 86.719 (88.286)
Epoch: [22][350/391]	Time 0.308 (0.304)	Data 0.000 (0.002)	Loss 0.3426 (0.3342)	Prec@1 88.281 (88.259)
Test: [0/79]	Time 0.344 (0.344)	Loss 0.4983 (0.4983)	Prec@1 83.594 (83.594)
Test: [50/79]	Time 0.070 (0.073)	Loss 0.6418 (0.5430)	Prec@1 82.812 (83.042)
 * Prec@1 82.940
current lr 1.00000e-02
Epoch: [23][0/391]	Time 0.551 (0.551)	Data 0.258 (0.258)	Loss 0.2308 (0.2308)	Prec@1 90.625 (90.625)
Epoch: [23][50/391]	Time 0.307 (0.307)	Data 0.000 (0.006)	Loss 0.3588 (0.3246)	Prec@1 88.281 (88.741)
Epoch: [23][100/391]	Time 0.305 (0.306)	Data 0.000 (0.003)	Loss 0.2775 (0.3182)	Prec@1 90.625 (88.970)
Epoch: [23][150/391]	Time 0.305 (0.306)	Data 0.000 (0.003)	Loss 0.3160 (0.3208)	Prec@1 91.406 (89.047)
Epoch: [23][200/391]	Time 0.305 (0.305)	Data 0.000 (0.002)	Loss 0.3351 (0.3168)	Prec@1 86.719 (89.234)
Epoch: [23][250/391]	Time 0.309 (0.305)	Data 0.000 (0.002)	Loss 0.2277 (0.3167)	Prec@1 92.188 (89.175)
Epoch: [23][300/391]	Time 0.305 (0.305)	Data 0.000 (0.002)	Loss 0.4888 (0.3215)	Prec@1 82.812 (88.974)
Epoch: [23][350/391]	Time 0.304 (0.304)	Data 0.000 (0.002)	Loss 0.2718 (0.3243)	Prec@1 89.844 (88.889)
Test: [0/79]	Time 0.290 (0.290)	Loss 0.4439 (0.4439)	Prec@1 84.375 (84.375)
Test: [50/79]	Time 0.065 (0.075)	Loss 0.6188 (0.5027)	Prec@1 78.906 (83.885)
 * Prec@1 83.720
current lr 1.00000e-02
Epoch: [24][0/391]	Time 0.612 (0.612)	Data 0.312 (0.312)	Loss 0.2484 (0.2484)	Prec@1 91.406 (91.406)
Epoch: [24][50/391]	Time 0.305 (0.306)	Data 0.000 (0.007)	Loss 0.4570 (0.3004)	Prec@1 85.938 (89.246)
Epoch: [24][100/391]	Time 0.306 (0.305)	Data 0.000 (0.004)	Loss 0.2903 (0.3016)	Prec@1 87.500 (89.264)
Epoch: [24][150/391]	Time 0.305 (0.305)	Data 0.000 (0.003)	Loss 0.3233 (0.3196)	Prec@1 85.156 (88.669)
Epoch: [24][200/391]	Time 0.308 (0.304)	Data 0.000 (0.002)	Loss 0.3124 (0.3159)	Prec@1 89.062 (88.767)
Epoch: [24][250/391]	Time 0.307 (0.304)	Data 0.003 (0.002)	Loss 0.2634 (0.3173)	Prec@1 92.188 (88.795)
Epoch: [24][300/391]	Time 0.303 (0.305)	Data 0.000 (0.002)	Loss 0.3393 (0.3170)	Prec@1 86.719 (88.904)
Epoch: [24][350/391]	Time 0.302 (0.305)	Data 0.000 (0.001)	Loss 0.2160 (0.3155)	Prec@1 91.406 (89.002)
Test: [0/79]	Time 0.389 (0.389)	Loss 0.4180 (0.4180)	Prec@1 87.500 (87.500)
Test: [50/79]	Time 0.060 (0.078)	Loss 0.6096 (0.5172)	Prec@1 82.812 (84.421)
 * Prec@1 84.080
current lr 1.00000e-02
Epoch: [25][0/391]	Time 0.664 (0.664)	Data 0.335 (0.335)	Loss 0.2622 (0.2622)	Prec@1 93.750 (93.750)
Epoch: [25][50/391]	Time 0.307 (0.308)	Data 0.000 (0.008)	Loss 0.2702 (0.2956)	Prec@1 92.969 (89.675)
Epoch: [25][100/391]	Time 0.307 (0.307)	Data 0.000 (0.005)	Loss 0.3668 (0.2915)	Prec@1 85.156 (89.921)
Epoch: [25][150/391]	Time 0.306 (0.307)	Data 0.000 (0.004)	Loss 0.2860 (0.3011)	Prec@1 87.500 (89.559)
Epoch: [25][200/391]	Time 0.255 (0.305)	Data 0.000 (0.003)	Loss 0.3020 (0.3024)	Prec@1 87.500 (89.533)
Epoch: [25][250/391]	Time 0.304 (0.305)	Data 0.000 (0.003)	Loss 0.3273 (0.3017)	Prec@1 89.062 (89.554)
Epoch: [25][300/391]	Time 0.336 (0.305)	Data 0.000 (0.002)	Loss 0.2738 (0.3016)	Prec@1 91.406 (89.462)
Epoch: [25][350/391]	Time 0.307 (0.305)	Data 0.001 (0.002)	Loss 0.2513 (0.3041)	Prec@1 92.969 (89.385)
Test: [0/79]	Time 0.402 (0.402)	Loss 0.3793 (0.3793)	Prec@1 85.156 (85.156)
Test: [50/79]	Time 0.056 (0.075)	Loss 0.5777 (0.5011)	Prec@1 84.375 (84.406)
 * Prec@1 84.250
current lr 1.00000e-02
Epoch: [26][0/391]	Time 0.528 (0.528)	Data 0.262 (0.262)	Loss 0.2380 (0.2380)	Prec@1 93.750 (93.750)
Epoch: [26][50/391]	Time 0.298 (0.306)	Data 0.000 (0.007)	Loss 0.2876 (0.2833)	Prec@1 89.844 (89.660)
Epoch: [26][100/391]	Time 0.306 (0.304)	Data 0.000 (0.004)	Loss 0.3587 (0.2861)	Prec@1 84.375 (89.565)
Epoch: [26][150/391]	Time 0.299 (0.304)	Data 0.000 (0.003)	Loss 0.2659 (0.2923)	Prec@1 90.625 (89.451)
Epoch: [26][200/391]	Time 0.310 (0.304)	Data 0.000 (0.002)	Loss 0.3626 (0.2898)	Prec@1 85.156 (89.665)
Epoch: [26][250/391]	Time 0.301 (0.304)	Data 0.000 (0.002)	Loss 0.2911 (0.2872)	Prec@1 90.625 (89.803)
Epoch: [26][300/391]	Time 0.299 (0.304)	Data 0.000 (0.002)	Loss 0.2830 (0.2886)	Prec@1 92.188 (89.826)
Epoch: [26][350/391]	Time 0.315 (0.304)	Data 0.013 (0.002)	Loss 0.3605 (0.2889)	Prec@1 87.500 (89.815)
Test: [0/79]	Time 0.342 (0.342)	Loss 0.3602 (0.3602)	Prec@1 86.719 (86.719)
Test: [50/79]	Time 0.072 (0.076)	Loss 0.5123 (0.4887)	Prec@1 86.719 (85.600)
 * Prec@1 85.200
current lr 1.00000e-02
Epoch: [27][0/391]	Time 0.575 (0.575)	Data 0.285 (0.285)	Loss 0.3235 (0.3235)	Prec@1 87.500 (87.500)
Epoch: [27][50/391]	Time 0.305 (0.304)	Data 0.001 (0.006)	Loss 0.2574 (0.2683)	Prec@1 91.406 (90.610)
Epoch: [27][100/391]	Time 0.305 (0.302)	Data 0.000 (0.004)	Loss 0.2178 (0.2680)	Prec@1 92.969 (90.586)
Epoch: [27][150/391]	Time 0.306 (0.303)	Data 0.000 (0.003)	Loss 0.2890 (0.2706)	Prec@1 85.156 (90.428)
Epoch: [27][200/391]	Time 0.297 (0.303)	Data 0.000 (0.002)	Loss 0.4670 (0.2696)	Prec@1 85.156 (90.466)
Epoch: [27][250/391]	Time 0.303 (0.303)	Data 0.003 (0.002)	Loss 0.4478 (0.2744)	Prec@1 82.031 (90.367)
Epoch: [27][300/391]	Time 0.305 (0.303)	Data 0.000 (0.002)	Loss 0.3619 (0.2798)	Prec@1 83.594 (90.116)
Epoch: [27][350/391]	Time 0.304 (0.304)	Data 0.000 (0.002)	Loss 0.2812 (0.2805)	Prec@1 91.406 (90.089)
Test: [0/79]	Time 0.343 (0.343)	Loss 0.6044 (0.6044)	Prec@1 78.906 (78.906)
Test: [50/79]	Time 0.071 (0.076)	Loss 0.7559 (0.5329)	Prec@1 78.906 (83.578)
 * Prec@1 83.400
current lr 1.00000e-02
Epoch: [28][0/391]	Time 0.560 (0.560)	Data 0.260 (0.260)	Loss 0.3413 (0.3413)	Prec@1 87.500 (87.500)
Epoch: [28][50/391]	Time 0.260 (0.309)	Data 0.000 (0.007)	Loss 0.3338 (0.2633)	Prec@1 88.281 (90.794)
Epoch: [28][100/391]	Time 0.299 (0.303)	Data 0.000 (0.004)	Loss 0.1965 (0.2612)	Prec@1 92.969 (90.772)
Epoch: [28][150/391]	Time 0.306 (0.303)	Data 0.000 (0.003)	Loss 0.2562 (0.2580)	Prec@1 89.844 (90.966)
Epoch: [28][200/391]	Time 0.306 (0.304)	Data 0.000 (0.002)	Loss 0.2345 (0.2594)	Prec@1 92.969 (90.897)
Epoch: [28][250/391]	Time 0.304 (0.303)	Data 0.000 (0.002)	Loss 0.2888 (0.2643)	Prec@1 89.062 (90.721)
Epoch: [28][300/391]	Time 0.304 (0.303)	Data 0.000 (0.002)	Loss 0.2520 (0.2650)	Prec@1 89.844 (90.739)
Epoch: [28][350/391]	Time 0.306 (0.304)	Data 0.000 (0.002)	Loss 0.4084 (0.2667)	Prec@1 85.156 (90.638)
Test: [0/79]	Time 0.397 (0.397)	Loss 0.5203 (0.5203)	Prec@1 79.688 (79.688)
Test: [50/79]	Time 0.071 (0.078)	Loss 0.6487 (0.5732)	Prec@1 84.375 (83.195)
 * Prec@1 83.000
current lr 1.00000e-02
Epoch: [29][0/391]	Time 0.572 (0.572)	Data 0.272 (0.272)	Loss 0.3316 (0.3316)	Prec@1 90.625 (90.625)
Epoch: [29][50/391]	Time 0.302 (0.311)	Data 0.000 (0.006)	Loss 0.2924 (0.2586)	Prec@1 90.625 (91.085)
Epoch: [29][100/391]	Time 0.246 (0.306)	Data 0.000 (0.003)	Loss 0.3717 (0.2583)	Prec@1 85.938 (90.942)
Epoch: [29][150/391]	Time 0.306 (0.304)	Data 0.000 (0.003)	Loss 0.2384 (0.2574)	Prec@1 92.188 (91.003)
Epoch: [29][200/391]	Time 0.305 (0.304)	Data 0.000 (0.003)	Loss 0.4717 (0.2541)	Prec@1 84.375 (91.060)
Epoch: [29][250/391]	Time 0.307 (0.303)	Data 0.000 (0.003)	Loss 0.3253 (0.2592)	Prec@1 91.406 (90.846)
Epoch: [29][300/391]	Time 0.307 (0.304)	Data 0.010 (0.002)	Loss 0.2734 (0.2622)	Prec@1 89.062 (90.672)
Epoch: [29][350/391]	Time 0.304 (0.304)	Data 0.000 (0.002)	Loss 0.2991 (0.2649)	Prec@1 89.844 (90.612)
Test: [0/79]	Time 0.350 (0.350)	Loss 0.4628 (0.4628)	Prec@1 84.375 (84.375)
Test: [50/79]	Time 0.068 (0.077)	Loss 0.8341 (0.6812)	Prec@1 77.344 (81.112)
 * Prec@1 81.040
current lr 1.00000e-02
Epoch: [30][0/391]	Time 0.640 (0.640)	Data 0.328 (0.328)	Loss 0.3427 (0.3427)	Prec@1 84.375 (84.375)
Epoch: [30][50/391]	Time 0.328 (0.312)	Data 0.003 (0.007)	Loss 0.2598 (0.2546)	Prec@1 93.750 (91.268)
Epoch: [30][100/391]	Time 0.305 (0.308)	Data 0.001 (0.004)	Loss 0.3517 (0.2545)	Prec@1 89.844 (91.306)
Epoch: [30][150/391]	Time 0.301 (0.303)	Data 0.000 (0.003)	Loss 0.2368 (0.2485)	Prec@1 90.625 (91.344)
Epoch: [30][200/391]	Time 0.304 (0.304)	Data 0.000 (0.002)	Loss 0.3122 (0.2533)	Prec@1 88.281 (91.091)
Epoch: [30][250/391]	Time 0.306 (0.303)	Data 0.000 (0.002)	Loss 0.3223 (0.2541)	Prec@1 88.281 (91.055)
Epoch: [30][300/391]	Time 0.307 (0.303)	Data 0.000 (0.002)	Loss 0.3989 (0.2539)	Prec@1 83.594 (91.064)
Epoch: [30][350/391]	Time 0.305 (0.304)	Data 0.000 (0.002)	Loss 0.2863 (0.2533)	Prec@1 87.500 (91.126)
Test: [0/79]	Time 0.400 (0.400)	Loss 0.4110 (0.4110)	Prec@1 86.719 (86.719)
Test: [50/79]	Time 0.067 (0.078)	Loss 0.6652 (0.5406)	Prec@1 82.812 (84.176)
 * Prec@1 84.100
current lr 1.00000e-02
Epoch: [31][0/391]	Time 0.600 (0.600)	Data 0.302 (0.302)	Loss 0.2588 (0.2588)	Prec@1 90.625 (90.625)
Epoch: [31][50/391]	Time 0.307 (0.311)	Data 0.000 (0.007)	Loss 0.2599 (0.2515)	Prec@1 93.750 (91.391)
Epoch: [31][100/391]	Time 0.306 (0.308)	Data 0.000 (0.004)	Loss 0.4245 (0.2500)	Prec@1 84.375 (91.252)
Epoch: [31][150/391]	Time 0.300 (0.306)	Data 0.000 (0.003)	Loss 0.3800 (0.2469)	Prec@1 85.156 (91.236)
Epoch: [31][200/391]	Time 0.306 (0.303)	Data 0.000 (0.002)	Loss 0.1171 (0.2439)	Prec@1 96.875 (91.278)
Epoch: [31][250/391]	Time 0.260 (0.303)	Data 0.000 (0.002)	Loss 0.2288 (0.2443)	Prec@1 87.500 (91.263)
Epoch: [31][300/391]	Time 0.306 (0.303)	Data 0.000 (0.002)	Loss 0.3446 (0.2459)	Prec@1 89.844 (91.170)
Epoch: [31][350/391]	Time 0.318 (0.303)	Data 0.000 (0.002)	Loss 0.2919 (0.2479)	Prec@1 89.062 (91.128)
Test: [0/79]	Time 0.362 (0.362)	Loss 0.3517 (0.3517)	Prec@1 84.375 (84.375)
Test: [50/79]	Time 0.069 (0.077)	Loss 0.7260 (0.5157)	Prec@1 82.812 (84.697)
 * Prec@1 84.590
current lr 1.00000e-02
Epoch: [32][0/391]	Time 0.573 (0.573)	Data 0.280 (0.280)	Loss 0.0906 (0.0906)	Prec@1 97.656 (97.656)
Epoch: [32][50/391]	Time 0.307 (0.311)	Data 0.000 (0.007)	Loss 0.2449 (0.2413)	Prec@1 91.406 (91.789)
Epoch: [32][100/391]	Time 0.306 (0.308)	Data 0.000 (0.004)	Loss 0.1566 (0.2325)	Prec@1 94.531 (91.747)
Epoch: [32][150/391]	Time 0.305 (0.308)	Data 0.000 (0.003)	Loss 0.2300 (0.2358)	Prec@1 91.406 (91.587)
Epoch: [32][200/391]	Time 0.301 (0.305)	Data 0.000 (0.003)	Loss 0.2491 (0.2354)	Prec@1 90.625 (91.519)
Epoch: [32][250/391]	Time 0.297 (0.304)	Data 0.000 (0.003)	Loss 0.2407 (0.2375)	Prec@1 91.406 (91.556)
Epoch: [32][300/391]	Time 0.306 (0.304)	Data 0.000 (0.002)	Loss 0.2883 (0.2386)	Prec@1 89.844 (91.507)
Epoch: [32][350/391]	Time 0.315 (0.304)	Data 0.000 (0.002)	Loss 0.1534 (0.2380)	Prec@1 95.312 (91.544)
Test: [0/79]	Time 0.335 (0.335)	Loss 0.3677 (0.3677)	Prec@1 86.719 (86.719)
Test: [50/79]	Time 0.068 (0.076)	Loss 0.4919 (0.4702)	Prec@1 85.156 (85.922)
 * Prec@1 86.010
current lr 1.00000e-02
Epoch: [33][0/391]	Time 0.668 (0.668)	Data 0.367 (0.367)	Loss 0.2428 (0.2428)	Prec@1 93.750 (93.750)
Epoch: [33][50/391]	Time 0.300 (0.313)	Data 0.000 (0.008)	Loss 0.1813 (0.2307)	Prec@1 92.969 (92.065)
Epoch: [33][100/391]	Time 0.304 (0.310)	Data 0.000 (0.005)	Loss 0.2220 (0.2242)	Prec@1 92.188 (92.133)
Epoch: [33][150/391]	Time 0.306 (0.308)	Data 0.000 (0.004)	Loss 0.2596 (0.2222)	Prec@1 91.406 (92.151)
Epoch: [33][200/391]	Time 0.297 (0.307)	Data 0.000 (0.003)	Loss 0.3380 (0.2261)	Prec@1 89.844 (92.032)
Epoch: [33][250/391]	Time 0.293 (0.305)	Data 0.000 (0.003)	Loss 0.3034 (0.2277)	Prec@1 89.062 (91.979)
Epoch: [33][300/391]	Time 0.306 (0.304)	Data 0.000 (0.002)	Loss 0.3118 (0.2299)	Prec@1 90.625 (91.866)
Epoch: [33][350/391]	Time 0.306 (0.304)	Data 0.000 (0.002)	Loss 0.2486 (0.2305)	Prec@1 91.406 (91.891)
Test: [0/79]	Time 0.386 (0.386)	Loss 0.4743 (0.4743)	Prec@1 83.594 (83.594)
Test: [50/79]	Time 0.073 (0.079)	Loss 0.6703 (0.5706)	Prec@1 81.250 (84.053)
 * Prec@1 83.790
current lr 1.00000e-02
Epoch: [34][0/391]	Time 0.572 (0.572)	Data 0.249 (0.249)	Loss 0.2030 (0.2030)	Prec@1 94.531 (94.531)
Epoch: [34][50/391]	Time 0.308 (0.312)	Data 0.000 (0.006)	Loss 0.1527 (0.2050)	Prec@1 95.312 (92.708)
Epoch: [34][100/391]	Time 0.304 (0.310)	Data 0.000 (0.005)	Loss 0.2201 (0.2191)	Prec@1 90.625 (92.195)
Epoch: [34][150/391]	Time 0.306 (0.308)	Data 0.000 (0.003)	Loss 0.2328 (0.2142)	Prec@1 92.188 (92.420)
Epoch: [34][200/391]	Time 0.308 (0.308)	Data 0.000 (0.003)	Loss 0.2336 (0.2151)	Prec@1 89.844 (92.456)
Epoch: [34][250/391]	Time 0.304 (0.306)	Data 0.000 (0.002)	Loss 0.2301 (0.2176)	Prec@1 89.844 (92.393)
Epoch: [34][300/391]	Time 0.304 (0.304)	Data 0.000 (0.002)	Loss 0.2216 (0.2205)	Prec@1 92.969 (92.286)
Epoch: [34][350/391]	Time 0.308 (0.304)	Data 0.001 (0.002)	Loss 0.2988 (0.2244)	Prec@1 89.844 (92.130)
Test: [0/79]	Time 0.383 (0.383)	Loss 0.3148 (0.3148)	Prec@1 86.719 (86.719)
Test: [50/79]	Time 0.073 (0.077)	Loss 0.6936 (0.4771)	Prec@1 84.375 (86.213)
 * Prec@1 86.130
current lr 1.00000e-02
Epoch: [35][0/391]	Time 0.564 (0.564)	Data 0.256 (0.256)	Loss 0.2741 (0.2741)	Prec@1 91.406 (91.406)
Epoch: [35][50/391]	Time 0.304 (0.311)	Data 0.000 (0.006)	Loss 0.3223 (0.2094)	Prec@1 91.406 (92.785)
Epoch: [35][100/391]	Time 0.318 (0.308)	Data 0.000 (0.003)	Loss 0.2240 (0.2152)	Prec@1 95.312 (92.458)
Epoch: [35][150/391]	Time 0.308 (0.307)	Data 0.002 (0.003)	Loss 0.1572 (0.2096)	Prec@1 93.750 (92.565)
Epoch: [35][200/391]	Time 0.301 (0.307)	Data 0.000 (0.002)	Loss 0.2276 (0.2101)	Prec@1 87.500 (92.576)
Epoch: [35][250/391]	Time 0.302 (0.305)	Data 0.000 (0.002)	Loss 0.1587 (0.2111)	Prec@1 92.969 (92.514)
Epoch: [35][300/391]	Time 0.295 (0.304)	Data 0.000 (0.002)	Loss 0.1904 (0.2144)	Prec@1 93.750 (92.424)
Epoch: [35][350/391]	Time 0.303 (0.303)	Data 0.000 (0.002)	Loss 0.2409 (0.2166)	Prec@1 92.969 (92.319)
Test: [0/79]	Time 0.386 (0.386)	Loss 0.4563 (0.4563)	Prec@1 86.719 (86.719)
Test: [50/79]	Time 0.067 (0.077)	Loss 0.5995 (0.4735)	Prec@1 88.281 (86.259)
 * Prec@1 85.990
current lr 1.00000e-02
Epoch: [36][0/391]	Time 0.617 (0.617)	Data 0.318 (0.318)	Loss 0.2345 (0.2345)	Prec@1 90.625 (90.625)
Epoch: [36][50/391]	Time 0.305 (0.311)	Data 0.000 (0.007)	Loss 0.1903 (0.2077)	Prec@1 93.750 (92.754)
Epoch: [36][100/391]	Time 0.305 (0.308)	Data 0.000 (0.004)	Loss 0.2657 (0.2002)	Prec@1 90.625 (92.698)
Epoch: [36][150/391]	Time 0.305 (0.308)	Data 0.000 (0.003)	Loss 0.2348 (0.2012)	Prec@1 91.406 (92.700)
Epoch: [36][200/391]	Time 0.306 (0.307)	Data 0.000 (0.002)	Loss 0.2398 (0.2041)	Prec@1 89.062 (92.666)
Epoch: [36][250/391]	Time 0.299 (0.306)	Data 0.001 (0.002)	Loss 0.1636 (0.2037)	Prec@1 93.750 (92.710)
Epoch: [36][300/391]	Time 0.315 (0.304)	Data 0.013 (0.002)	Loss 0.1309 (0.2076)	Prec@1 96.094 (92.535)
Epoch: [36][350/391]	Time 0.299 (0.304)	Data 0.000 (0.002)	Loss 0.1931 (0.2071)	Prec@1 92.969 (92.593)
Test: [0/79]	Time 0.474 (0.474)	Loss 0.4464 (0.4464)	Prec@1 85.938 (85.938)
Test: [50/79]	Time 0.057 (0.079)	Loss 0.6263 (0.4725)	Prec@1 82.031 (86.474)
 * Prec@1 86.450
current lr 1.00000e-02
Epoch: [37][0/391]	Time 0.618 (0.618)	Data 0.289 (0.289)	Loss 0.1772 (0.1772)	Prec@1 92.188 (92.188)
Epoch: [37][50/391]	Time 0.309 (0.313)	Data 0.000 (0.007)	Loss 0.2799 (0.1931)	Prec@1 92.188 (92.969)
Epoch: [37][100/391]	Time 0.302 (0.310)	Data 0.000 (0.004)	Loss 0.2058 (0.1997)	Prec@1 92.188 (93.031)
Epoch: [37][150/391]	Time 0.307 (0.308)	Data 0.000 (0.003)	Loss 0.1815 (0.2001)	Prec@1 93.750 (93.062)
Epoch: [37][200/391]	Time 0.303 (0.308)	Data 0.000 (0.002)	Loss 0.1947 (0.2080)	Prec@1 92.969 (92.767)
Epoch: [37][250/391]	Time 0.306 (0.307)	Data 0.000 (0.002)	Loss 0.1859 (0.2063)	Prec@1 92.188 (92.854)
Epoch: [37][300/391]	Time 0.306 (0.305)	Data 0.000 (0.002)	Loss 0.1509 (0.2053)	Prec@1 96.875 (92.842)
Epoch: [37][350/391]	Time 0.309 (0.305)	Data 0.000 (0.002)	Loss 0.2805 (0.2066)	Prec@1 91.406 (92.820)
Test: [0/79]	Time 0.353 (0.353)	Loss 0.4971 (0.4971)	Prec@1 84.375 (84.375)
Test: [50/79]	Time 0.070 (0.075)	Loss 0.5216 (0.5541)	Prec@1 84.375 (84.222)
 * Prec@1 84.160
current lr 1.00000e-02
Epoch: [38][0/391]	Time 0.590 (0.590)	Data 0.262 (0.262)	Loss 0.1724 (0.1724)	Prec@1 93.750 (93.750)
Epoch: [38][50/391]	Time 0.304 (0.311)	Data 0.000 (0.006)	Loss 0.1980 (0.1743)	Prec@1 91.406 (93.980)
Epoch: [38][100/391]	Time 0.303 (0.309)	Data 0.000 (0.003)	Loss 0.2542 (0.1779)	Prec@1 93.750 (93.843)
Epoch: [38][150/391]	Time 0.303 (0.308)	Data 0.000 (0.002)	Loss 0.2003 (0.1816)	Prec@1 93.750 (93.734)
Epoch: [38][200/391]	Time 0.307 (0.307)	Data 0.000 (0.002)	Loss 0.1128 (0.1826)	Prec@1 95.312 (93.637)
Epoch: [38][250/391]	Time 0.305 (0.307)	Data 0.000 (0.002)	Loss 0.2687 (0.1874)	Prec@1 89.062 (93.395)
Epoch: [38][300/391]	Time 0.289 (0.305)	Data 0.000 (0.002)	Loss 0.1296 (0.1909)	Prec@1 94.531 (93.259)
Epoch: [38][350/391]	Time 0.309 (0.305)	Data 0.012 (0.002)	Loss 0.1524 (0.1937)	Prec@1 96.094 (93.169)
Test: [0/79]	Time 0.381 (0.381)	Loss 0.4418 (0.4418)	Prec@1 85.156 (85.156)
Test: [50/79]	Time 0.070 (0.077)	Loss 0.5866 (0.5209)	Prec@1 84.375 (85.999)
 * Prec@1 85.630
current lr 1.00000e-02
Epoch: [39][0/391]	Time 0.580 (0.580)	Data 0.247 (0.247)	Loss 0.1482 (0.1482)	Prec@1 96.094 (96.094)
Epoch: [39][50/391]	Time 0.307 (0.308)	Data 0.000 (0.006)	Loss 0.2073 (0.1937)	Prec@1 91.406 (93.061)
Epoch: [39][100/391]	Time 0.309 (0.307)	Data 0.000 (0.003)	Loss 0.1494 (0.1857)	Prec@1 93.750 (93.286)
Epoch: [39][150/391]	Time 0.307 (0.306)	Data 0.000 (0.002)	Loss 0.1982 (0.1837)	Prec@1 90.625 (93.393)
Epoch: [39][200/391]	Time 0.305 (0.306)	Data 0.002 (0.002)	Loss 0.2333 (0.1887)	Prec@1 91.406 (93.249)
Epoch: [39][250/391]	Time 0.303 (0.306)	Data 0.000 (0.002)	Loss 0.1606 (0.1898)	Prec@1 94.531 (93.236)
Epoch: [39][300/391]	Time 0.242 (0.305)	Data 0.000 (0.002)	Loss 0.2002 (0.1913)	Prec@1 92.969 (93.197)
Epoch: [39][350/391]	Time 0.297 (0.304)	Data 0.000 (0.002)	Loss 0.2629 (0.1927)	Prec@1 91.406 (93.153)
Test: [0/79]	Time 0.380 (0.380)	Loss 0.3698 (0.3698)	Prec@1 87.500 (87.500)
Test: [50/79]	Time 0.072 (0.078)	Loss 0.5127 (0.4815)	Prec@1 87.500 (86.933)
 * Prec@1 86.390
current lr 1.00000e-02
Epoch: [40][0/391]	Time 0.616 (0.616)	Data 0.301 (0.301)	Loss 0.1341 (0.1341)	Prec@1 95.312 (95.312)
Epoch: [40][50/391]	Time 0.295 (0.308)	Data 0.000 (0.007)	Loss 0.1272 (0.1759)	Prec@1 93.750 (93.873)
Epoch: [40][100/391]	Time 0.304 (0.306)	Data 0.000 (0.004)	Loss 0.1845 (0.1762)	Prec@1 92.969 (93.765)
Epoch: [40][150/391]	Time 0.305 (0.306)	Data 0.000 (0.003)	Loss 0.0901 (0.1789)	Prec@1 96.875 (93.610)
Epoch: [40][200/391]	Time 0.304 (0.306)	Data 0.000 (0.002)	Loss 0.1689 (0.1817)	Prec@1 91.406 (93.509)
Epoch: [40][250/391]	Time 0.316 (0.306)	Data 0.000 (0.002)	Loss 0.2061 (0.1850)	Prec@1 93.750 (93.439)
Epoch: [40][300/391]	Time 0.262 (0.305)	Data 0.000 (0.002)	Loss 0.2321 (0.1859)	Prec@1 94.531 (93.426)
Epoch: [40][350/391]	Time 0.307 (0.304)	Data 0.006 (0.002)	Loss 0.1589 (0.1866)	Prec@1 94.531 (93.392)
Test: [0/79]	Time 0.307 (0.307)	Loss 0.4867 (0.4867)	Prec@1 86.719 (86.719)
Test: [50/79]	Time 0.078 (0.078)	Loss 0.5699 (0.5242)	Prec@1 85.156 (85.723)
 * Prec@1 85.460
current lr 1.00000e-02
Epoch: [41][0/391]	Time 0.570 (0.570)	Data 0.228 (0.228)	Loss 0.1698 (0.1698)	Prec@1 92.188 (92.188)
Epoch: [41][50/391]	Time 0.303 (0.313)	Data 0.000 (0.007)	Loss 0.1337 (0.1718)	Prec@1 96.094 (93.919)
Epoch: [41][100/391]	Time 0.316 (0.306)	Data 0.018 (0.004)	Loss 0.1406 (0.1706)	Prec@1 94.531 (93.920)
Epoch: [41][150/391]	Time 0.302 (0.306)	Data 0.000 (0.004)	Loss 0.2550 (0.1786)	Prec@1 92.188 (93.693)
Epoch: [41][200/391]	Time 0.303 (0.306)	Data 0.000 (0.003)	Loss 0.1366 (0.1807)	Prec@1 94.531 (93.567)
Epoch: [41][250/391]	Time 0.305 (0.306)	Data 0.000 (0.003)	Loss 0.1307 (0.1818)	Prec@1 96.094 (93.541)
Epoch: [41][300/391]	Time 0.303 (0.306)	Data 0.000 (0.002)	Loss 0.2274 (0.1814)	Prec@1 93.750 (93.561)
Epoch: [41][350/391]	Time 0.295 (0.305)	Data 0.000 (0.002)	Loss 0.2925 (0.1840)	Prec@1 91.406 (93.450)
Test: [0/79]	Time 0.297 (0.297)	Loss 0.5198 (0.5198)	Prec@1 85.156 (85.156)
Test: [50/79]	Time 0.070 (0.077)	Loss 0.5918 (0.5795)	Prec@1 84.375 (84.544)
 * Prec@1 84.610
current lr 1.00000e-02
Epoch: [42][0/391]	Time 0.608 (0.608)	Data 0.306 (0.306)	Loss 0.1390 (0.1390)	Prec@1 95.312 (95.312)
Epoch: [42][50/391]	Time 0.305 (0.312)	Data 0.000 (0.007)	Loss 0.1201 (0.1608)	Prec@1 96.875 (94.210)
Epoch: [42][100/391]	Time 0.290 (0.308)	Data 0.002 (0.004)	Loss 0.2176 (0.1591)	Prec@1 91.406 (94.361)
Epoch: [42][150/391]	Time 0.303 (0.305)	Data 0.000 (0.002)	Loss 0.1455 (0.1599)	Prec@1 96.875 (94.340)
Epoch: [42][200/391]	Time 0.303 (0.305)	Data 0.000 (0.002)	Loss 0.1415 (0.1608)	Prec@1 96.094 (94.314)
Epoch: [42][250/391]	Time 0.307 (0.305)	Data 0.000 (0.002)	Loss 0.1271 (0.1625)	Prec@1 95.312 (94.285)
Epoch: [42][300/391]	Time 0.307 (0.305)	Data 0.000 (0.002)	Loss 0.1801 (0.1650)	Prec@1 95.312 (94.194)
Epoch: [42][350/391]	Time 0.305 (0.304)	Data 0.000 (0.002)	Loss 0.1823 (0.1675)	Prec@1 95.312 (94.075)
Test: [0/79]	Time 0.438 (0.438)	Loss 0.4455 (0.4455)	Prec@1 85.938 (85.938)
Test: [50/79]	Time 0.069 (0.079)	Loss 0.5316 (0.5200)	Prec@1 85.156 (86.075)
 * Prec@1 85.700
current lr 1.00000e-02
Epoch: [43][0/391]	Time 0.643 (0.643)	Data 0.311 (0.311)	Loss 0.1159 (0.1159)	Prec@1 96.875 (96.875)
Epoch: [43][50/391]	Time 0.303 (0.312)	Data 0.000 (0.008)	Loss 0.1110 (0.1466)	Prec@1 97.656 (95.190)
Epoch: [43][100/391]	Time 0.306 (0.309)	Data 0.000 (0.004)	Loss 0.1435 (0.1492)	Prec@1 95.312 (94.910)
Epoch: [43][150/391]	Time 0.298 (0.307)	Data 0.000 (0.003)	Loss 0.1024 (0.1456)	Prec@1 96.875 (94.971)
Epoch: [43][200/391]	Time 0.306 (0.306)	Data 0.000 (0.002)	Loss 0.1982 (0.1524)	Prec@1 92.969 (94.675)
Epoch: [43][250/391]	Time 0.306 (0.306)	Data 0.000 (0.002)	Loss 0.1472 (0.1598)	Prec@1 95.312 (94.419)
Epoch: [43][300/391]	Time 0.305 (0.305)	Data 0.000 (0.002)	Loss 0.1967 (0.1643)	Prec@1 92.188 (94.160)
Epoch: [43][350/391]	Time 0.307 (0.305)	Data 0.000 (0.002)	Loss 0.1641 (0.1661)	Prec@1 90.625 (94.068)
Test: [0/79]	Time 0.410 (0.410)	Loss 0.5469 (0.5469)	Prec@1 86.719 (86.719)
Test: [50/79]	Time 0.072 (0.077)	Loss 0.4626 (0.5165)	Prec@1 84.375 (85.815)
 * Prec@1 85.980
current lr 1.00000e-02
Epoch: [44][0/391]	Time 0.702 (0.702)	Data 0.402 (0.402)	Loss 0.1720 (0.1720)	Prec@1 93.750 (93.750)
Epoch: [44][50/391]	Time 0.302 (0.313)	Data 0.003 (0.009)	Loss 0.1637 (0.1727)	Prec@1 93.750 (93.842)
Epoch: [44][100/391]	Time 0.301 (0.310)	Data 0.000 (0.005)	Loss 0.2001 (0.1701)	Prec@1 94.531 (93.943)
Epoch: [44][150/391]	Time 0.305 (0.308)	Data 0.003 (0.004)	Loss 0.1747 (0.1692)	Prec@1 95.312 (93.926)
Epoch: [44][200/391]	Time 0.304 (0.306)	Data 0.000 (0.003)	Loss 0.1923 (0.1678)	Prec@1 93.750 (93.933)
Epoch: [44][250/391]	Time 0.306 (0.306)	Data 0.000 (0.002)	Loss 0.1613 (0.1675)	Prec@1 92.188 (93.946)
Epoch: [44][300/391]	Time 0.305 (0.306)	Data 0.000 (0.002)	Loss 0.1021 (0.1673)	Prec@1 96.875 (93.973)
Epoch: [44][350/391]	Time 0.296 (0.305)	Data 0.000 (0.002)	Loss 0.1899 (0.1682)	Prec@1 95.312 (93.933)
Test: [0/79]	Time 0.348 (0.348)	Loss 0.3678 (0.3678)	Prec@1 86.719 (86.719)
Test: [50/79]	Time 0.070 (0.074)	Loss 0.5520 (0.4773)	Prec@1 85.156 (86.688)
 * Prec@1 86.770
current lr 1.00000e-02
Epoch: [45][0/391]	Time 0.576 (0.576)	Data 0.281 (0.281)	Loss 0.1801 (0.1801)	Prec@1 94.531 (94.531)
Epoch: [45][50/391]	Time 0.304 (0.307)	Data 0.000 (0.006)	Loss 0.1219 (0.1593)	Prec@1 96.094 (94.409)
Epoch: [45][100/391]	Time 0.302 (0.307)	Data 0.000 (0.004)	Loss 0.0949 (0.1558)	Prec@1 97.656 (94.485)
Epoch: [45][150/391]	Time 0.316 (0.306)	Data 0.013 (0.003)	Loss 0.1020 (0.1549)	Prec@1 97.656 (94.567)
Epoch: [45][200/391]	Time 0.306 (0.306)	Data 0.000 (0.002)	Loss 0.0797 (0.1560)	Prec@1 96.875 (94.492)
Epoch: [45][250/391]	Time 0.306 (0.305)	Data 0.001 (0.002)	Loss 0.1774 (0.1580)	Prec@1 92.969 (94.363)
Epoch: [45][300/391]	Time 0.308 (0.306)	Data 0.000 (0.002)	Loss 0.1666 (0.1569)	Prec@1 92.188 (94.409)
Epoch: [45][350/391]	Time 0.298 (0.305)	Data 0.000 (0.002)	Loss 0.1252 (0.1558)	Prec@1 95.312 (94.480)
Test: [0/79]	Time 0.382 (0.382)	Loss 0.5138 (0.5138)	Prec@1 85.156 (85.156)
Test: [50/79]	Time 0.067 (0.077)	Loss 0.6785 (0.5237)	Prec@1 83.594 (85.294)
 * Prec@1 85.490
current lr 1.00000e-02
Epoch: [46][0/391]	Time 0.536 (0.536)	Data 0.240 (0.240)	Loss 0.1050 (0.1050)	Prec@1 96.875 (96.875)
Epoch: [46][50/391]	Time 0.305 (0.303)	Data 0.000 (0.005)	Loss 0.1165 (0.1589)	Prec@1 96.094 (94.271)
Epoch: [46][100/391]	Time 0.307 (0.304)	Data 0.000 (0.003)	Loss 0.1367 (0.1522)	Prec@1 94.531 (94.431)
Epoch: [46][150/391]	Time 0.307 (0.305)	Data 0.000 (0.002)	Loss 0.1303 (0.1523)	Prec@1 96.875 (94.485)
Epoch: [46][200/391]	Time 0.299 (0.305)	Data 0.000 (0.002)	Loss 0.1615 (0.1539)	Prec@1 95.312 (94.461)
Epoch: [46][250/391]	Time 0.294 (0.305)	Data 0.000 (0.002)	Loss 0.1374 (0.1539)	Prec@1 96.094 (94.413)
Epoch: [46][300/391]	Time 0.305 (0.304)	Data 0.000 (0.002)	Loss 0.1024 (0.1535)	Prec@1 94.531 (94.435)
Epoch: [46][350/391]	Time 0.308 (0.304)	Data 0.013 (0.002)	Loss 0.1806 (0.1544)	Prec@1 93.750 (94.413)
Test: [0/79]	Time 0.390 (0.390)	Loss 0.3786 (0.3786)	Prec@1 85.938 (85.938)
Test: [50/79]	Time 0.073 (0.077)	Loss 0.6569 (0.5380)	Prec@1 85.156 (86.029)
 * Prec@1 86.260
current lr 1.00000e-02
Epoch: [47][0/391]	Time 0.651 (0.651)	Data 0.338 (0.338)	Loss 0.1850 (0.1850)	Prec@1 92.969 (92.969)
Epoch: [47][50/391]	Time 0.315 (0.307)	Data 0.000 (0.009)	Loss 0.1577 (0.1453)	Prec@1 92.969 (94.593)
Epoch: [47][100/391]	Time 0.305 (0.307)	Data 0.000 (0.006)	Loss 0.2041 (0.1494)	Prec@1 93.750 (94.539)
Epoch: [47][150/391]	Time 0.335 (0.307)	Data 0.015 (0.004)	Loss 0.2760 (0.1540)	Prec@1 89.844 (94.392)
Epoch: [47][200/391]	Time 0.305 (0.307)	Data 0.000 (0.003)	Loss 0.1302 (0.1547)	Prec@1 95.312 (94.426)
Epoch: [47][250/391]	Time 0.306 (0.306)	Data 0.000 (0.003)	Loss 0.2023 (0.1554)	Prec@1 92.188 (94.366)
Epoch: [47][300/391]	Time 0.304 (0.305)	Data 0.000 (0.003)	Loss 0.1813 (0.1581)	Prec@1 94.531 (94.347)
Epoch: [47][350/391]	Time 0.307 (0.305)	Data 0.000 (0.002)	Loss 0.1351 (0.1575)	Prec@1 95.312 (94.369)
Test: [0/79]	Time 0.283 (0.283)	Loss 0.4887 (0.4887)	Prec@1 86.719 (86.719)
Test: [50/79]	Time 0.068 (0.076)	Loss 0.5887 (0.4837)	Prec@1 83.594 (86.703)
 * Prec@1 86.840
current lr 1.00000e-02
Epoch: [48][0/391]	Time 0.582 (0.582)	Data 0.277 (0.277)	Loss 0.2107 (0.2107)	Prec@1 92.969 (92.969)
Epoch: [48][50/391]	Time 0.299 (0.309)	Data 0.000 (0.006)	Loss 0.1082 (0.1260)	Prec@1 96.094 (95.757)
Epoch: [48][100/391]	Time 0.306 (0.305)	Data 0.000 (0.004)	Loss 0.1667 (0.1319)	Prec@1 94.531 (95.359)
Epoch: [48][150/391]	Time 0.306 (0.305)	Data 0.000 (0.003)	Loss 0.0974 (0.1385)	Prec@1 95.312 (95.100)
Epoch: [48][200/391]	Time 0.301 (0.305)	Data 0.000 (0.002)	Loss 0.1298 (0.1389)	Prec@1 94.531 (95.110)
Epoch: [48][250/391]	Time 0.304 (0.305)	Data 0.000 (0.002)	Loss 0.2683 (0.1448)	Prec@1 91.406 (94.923)
Epoch: [48][300/391]	Time 0.307 (0.305)	Data 0.000 (0.002)	Loss 0.1609 (0.1475)	Prec@1 90.625 (94.817)
Epoch: [48][350/391]	Time 0.306 (0.304)	Data 0.000 (0.001)	Loss 0.1261 (0.1470)	Prec@1 95.312 (94.794)
Test: [0/79]	Time 0.340 (0.340)	Loss 0.4079 (0.4079)	Prec@1 85.156 (85.156)
Test: [50/79]	Time 0.101 (0.079)	Loss 0.6412 (0.5468)	Prec@1 85.938 (86.229)
 * Prec@1 85.900
current lr 1.00000e-02
Epoch: [49][0/391]	Time 0.615 (0.615)	Data 0.304 (0.304)	Loss 0.1195 (0.1195)	Prec@1 96.875 (96.875)
Epoch: [49][50/391]	Time 0.315 (0.313)	Data 0.000 (0.008)	Loss 0.1502 (0.1327)	Prec@1 93.750 (95.175)
Epoch: [49][100/391]	Time 0.306 (0.306)	Data 0.000 (0.004)	Loss 0.1208 (0.1387)	Prec@1 96.875 (94.926)
Epoch: [49][150/391]	Time 0.304 (0.306)	Data 0.000 (0.003)	Loss 0.2678 (0.1385)	Prec@1 89.062 (94.966)
Epoch: [49][200/391]	Time 0.305 (0.306)	Data 0.000 (0.003)	Loss 0.1118 (0.1371)	Prec@1 94.531 (95.029)
Epoch: [49][250/391]	Time 0.307 (0.306)	Data 0.000 (0.002)	Loss 0.1445 (0.1371)	Prec@1 95.312 (95.076)
Epoch: [49][300/391]	Time 0.307 (0.306)	Data 0.000 (0.002)	Loss 0.1484 (0.1391)	Prec@1 96.875 (94.965)
Epoch: [49][350/391]	Time 0.298 (0.305)	Data 0.000 (0.002)	Loss 0.2915 (0.1435)	Prec@1 88.281 (94.805)
Test: [0/79]	Time 0.336 (0.336)	Loss 0.4199 (0.4199)	Prec@1 84.375 (84.375)
Test: [50/79]	Time 0.063 (0.073)	Loss 0.7287 (0.5109)	Prec@1 82.812 (86.428)
 * Prec@1 86.550
current lr 1.00000e-02
Epoch: [50][0/391]	Time 0.633 (0.633)	Data 0.289 (0.289)	Loss 0.1292 (0.1292)	Prec@1 96.094 (96.094)
Epoch: [50][50/391]	Time 0.314 (0.313)	Data 0.000 (0.006)	Loss 0.2113 (0.1303)	Prec@1 92.188 (95.221)
Epoch: [50][100/391]	Time 0.297 (0.308)	Data 0.000 (0.004)	Loss 0.0863 (0.1313)	Prec@1 95.312 (95.297)
Epoch: [50][150/391]	Time 0.306 (0.306)	Data 0.000 (0.003)	Loss 0.0604 (0.1306)	Prec@1 97.656 (95.359)
Epoch: [50][200/391]	Time 0.307 (0.306)	Data 0.000 (0.002)	Loss 0.2096 (0.1327)	Prec@1 90.625 (95.293)
Epoch: [50][250/391]	Time 0.304 (0.306)	Data 0.000 (0.002)	Loss 0.1675 (0.1333)	Prec@1 92.188 (95.291)
Epoch: [50][300/391]	Time 0.305 (0.306)	Data 0.001 (0.002)	Loss 0.1233 (0.1347)	Prec@1 96.875 (95.235)
Epoch: [50][350/391]	Time 0.302 (0.306)	Data 0.000 (0.002)	Loss 0.2070 (0.1378)	Prec@1 89.062 (95.085)
Test: [0/79]	Time 0.488 (0.488)	Loss 0.4096 (0.4096)	Prec@1 88.281 (88.281)
Test: [50/79]	Time 0.065 (0.076)	Loss 0.9180 (0.6669)	Prec@1 81.250 (83.946)
 * Prec@1 83.900
current lr 1.00000e-02
Epoch: [51][0/391]	Time 0.578 (0.578)	Data 0.272 (0.272)	Loss 0.1284 (0.1284)	Prec@1 95.312 (95.312)
Epoch: [51][50/391]	Time 0.302 (0.311)	Data 0.000 (0.006)	Loss 0.1319 (0.1311)	Prec@1 95.312 (95.389)
Epoch: [51][100/391]	Time 0.325 (0.308)	Data 0.020 (0.004)	Loss 0.0886 (0.1309)	Prec@1 94.531 (95.282)
Epoch: [51][150/391]	Time 0.305 (0.305)	Data 0.000 (0.003)	Loss 0.1129 (0.1295)	Prec@1 95.312 (95.292)
Epoch: [51][200/391]	Time 0.307 (0.305)	Data 0.000 (0.003)	Loss 0.1495 (0.1310)	Prec@1 95.312 (95.274)
Epoch: [51][250/391]	Time 0.308 (0.305)	Data 0.000 (0.002)	Loss 0.1290 (0.1299)	Prec@1 94.531 (95.316)
Epoch: [51][300/391]	Time 0.305 (0.305)	Data 0.000 (0.002)	Loss 0.1144 (0.1320)	Prec@1 96.094 (95.253)
Epoch: [51][350/391]	Time 0.305 (0.305)	Data 0.000 (0.002)	Loss 0.1303 (0.1331)	Prec@1 94.531 (95.261)
Test: [0/79]	Time 0.381 (0.381)	Loss 0.6595 (0.6595)	Prec@1 85.938 (85.938)
Test: [50/79]	Time 0.070 (0.077)	Loss 0.7703 (0.7110)	Prec@1 82.812 (83.104)
 * Prec@1 83.040
current lr 1.00000e-02
Epoch: [52][0/391]	Time 0.689 (0.689)	Data 0.377 (0.377)	Loss 0.1431 (0.1431)	Prec@1 93.750 (93.750)
Epoch: [52][50/391]	Time 0.300 (0.307)	Data 0.000 (0.008)	Loss 0.0666 (0.1240)	Prec@1 96.875 (95.650)
Epoch: [52][100/391]	Time 0.307 (0.306)	Data 0.000 (0.004)	Loss 0.1390 (0.1263)	Prec@1 93.750 (95.490)
Epoch: [52][150/391]	Time 0.303 (0.303)	Data 0.000 (0.003)	Loss 0.0972 (0.1310)	Prec@1 96.094 (95.333)
Epoch: [52][200/391]	Time 0.305 (0.304)	Data 0.000 (0.002)	Loss 0.1522 (0.1304)	Prec@1 93.750 (95.363)
Epoch: [52][250/391]	Time 0.317 (0.304)	Data 0.000 (0.002)	Loss 0.1848 (0.1325)	Prec@1 96.094 (95.263)
Epoch: [52][300/391]	Time 0.302 (0.304)	Data 0.000 (0.002)	Loss 0.2241 (0.1341)	Prec@1 92.188 (95.242)
Epoch: [52][350/391]	Time 0.299 (0.305)	Data 0.000 (0.002)	Loss 0.0789 (0.1351)	Prec@1 97.656 (95.199)
Test: [0/79]	Time 0.368 (0.368)	Loss 0.5169 (0.5169)	Prec@1 83.594 (83.594)
Test: [50/79]	Time 0.052 (0.077)	Loss 0.6006 (0.5352)	Prec@1 84.375 (86.765)
 * Prec@1 86.720
current lr 1.00000e-02
Epoch: [53][0/391]	Time 0.654 (0.654)	Data 0.368 (0.368)	Loss 0.1089 (0.1089)	Prec@1 96.094 (96.094)
Epoch: [53][50/391]	Time 0.295 (0.307)	Data 0.000 (0.008)	Loss 0.0726 (0.1083)	Prec@1 99.219 (96.232)
Epoch: [53][100/391]	Time 0.302 (0.304)	Data 0.000 (0.004)	Loss 0.1008 (0.1126)	Prec@1 96.094 (96.047)
Epoch: [53][150/391]	Time 0.295 (0.304)	Data 0.000 (0.003)	Loss 0.0832 (0.1175)	Prec@1 96.875 (95.918)
Epoch: [53][200/391]	Time 0.308 (0.303)	Data 0.000 (0.002)	Loss 0.1213 (0.1239)	Prec@1 96.094 (95.651)
Epoch: [53][250/391]	Time 0.304 (0.304)	Data 0.000 (0.002)	Loss 0.1623 (0.1262)	Prec@1 95.312 (95.549)
Epoch: [53][300/391]	Time 0.303 (0.304)	Data 0.000 (0.002)	Loss 0.1562 (0.1299)	Prec@1 95.312 (95.437)
Epoch: [53][350/391]	Time 0.305 (0.304)	Data 0.000 (0.002)	Loss 0.2233 (0.1338)	Prec@1 92.969 (95.279)
Test: [0/79]	Time 0.411 (0.411)	Loss 0.4043 (0.4043)	Prec@1 89.844 (89.844)
Test: [50/79]	Time 0.064 (0.077)	Loss 0.6079 (0.4860)	Prec@1 84.375 (87.209)
 * Prec@1 87.480
current lr 1.00000e-02
Epoch: [54][0/391]	Time 0.559 (0.559)	Data 0.253 (0.253)	Loss 0.2240 (0.2240)	Prec@1 92.969 (92.969)
Epoch: [54][50/391]	Time 0.307 (0.305)	Data 0.000 (0.006)	Loss 0.0897 (0.1354)	Prec@1 97.656 (95.221)
Epoch: [54][100/391]	Time 0.304 (0.302)	Data 0.000 (0.003)	Loss 0.1420 (0.1244)	Prec@1 93.750 (95.591)
Epoch: [54][150/391]	Time 0.307 (0.303)	Data 0.000 (0.003)	Loss 0.1613 (0.1206)	Prec@1 93.750 (95.726)
Epoch: [54][200/391]	Time 0.304 (0.303)	Data 0.000 (0.002)	Loss 0.1681 (0.1228)	Prec@1 95.312 (95.701)
Epoch: [54][250/391]	Time 0.302 (0.303)	Data 0.000 (0.002)	Loss 0.0851 (0.1243)	Prec@1 97.656 (95.590)
Epoch: [54][300/391]	Time 0.326 (0.304)	Data 0.026 (0.002)	Loss 0.2408 (0.1247)	Prec@1 89.844 (95.533)
Epoch: [54][350/391]	Time 0.304 (0.304)	Data 0.000 (0.002)	Loss 0.1084 (0.1254)	Prec@1 96.094 (95.502)
Test: [0/79]	Time 0.329 (0.329)	Loss 0.5086 (0.5086)	Prec@1 83.594 (83.594)
Test: [50/79]	Time 0.061 (0.077)	Loss 0.7890 (0.5967)	Prec@1 86.719 (85.233)
 * Prec@1 85.220
current lr 1.00000e-02
Epoch: [55][0/391]	Time 0.596 (0.596)	Data 0.294 (0.294)	Loss 0.1193 (0.1193)	Prec@1 94.531 (94.531)
Epoch: [55][50/391]	Time 0.306 (0.304)	Data 0.000 (0.007)	Loss 0.1216 (0.1222)	Prec@1 96.094 (95.512)
Epoch: [55][100/391]	Time 0.308 (0.305)	Data 0.000 (0.004)	Loss 0.1637 (0.1134)	Prec@1 94.531 (95.846)
Epoch: [55][150/391]	Time 0.303 (0.303)	Data 0.004 (0.003)	Loss 0.1089 (0.1170)	Prec@1 96.094 (95.768)
Epoch: [55][200/391]	Time 0.295 (0.303)	Data 0.000 (0.002)	Loss 0.1275 (0.1169)	Prec@1 95.312 (95.744)
Epoch: [55][250/391]	Time 0.304 (0.303)	Data 0.000 (0.002)	Loss 0.1300 (0.1188)	Prec@1 95.312 (95.689)
Epoch: [55][300/391]	Time 0.304 (0.303)	Data 0.000 (0.002)	Loss 0.1283 (0.1183)	Prec@1 96.875 (95.759)
Epoch: [55][350/391]	Time 0.311 (0.304)	Data 0.000 (0.002)	Loss 0.1354 (0.1203)	Prec@1 95.312 (95.702)
Test: [0/79]	Time 0.394 (0.394)	Loss 0.3110 (0.3110)	Prec@1 89.844 (89.844)
Test: [50/79]	Time 0.061 (0.078)	Loss 0.6909 (0.5371)	Prec@1 85.156 (86.734)
 * Prec@1 86.610
current lr 1.00000e-02
Epoch: [56][0/391]	Time 0.655 (0.655)	Data 0.343 (0.343)	Loss 0.0993 (0.0993)	Prec@1 96.094 (96.094)
Epoch: [56][50/391]	Time 0.304 (0.306)	Data 0.000 (0.008)	Loss 0.0739 (0.1046)	Prec@1 96.875 (96.431)
Epoch: [56][100/391]	Time 0.306 (0.306)	Data 0.005 (0.005)	Loss 0.1042 (0.1134)	Prec@1 96.875 (96.171)
Epoch: [56][150/391]	Time 0.302 (0.305)	Data 0.000 (0.003)	Loss 0.0987 (0.1161)	Prec@1 94.531 (96.042)
Epoch: [56][200/391]	Time 0.268 (0.305)	Data 0.000 (0.003)	Loss 0.0750 (0.1146)	Prec@1 98.438 (96.098)
Epoch: [56][250/391]	Time 0.305 (0.304)	Data 0.000 (0.002)	Loss 0.1918 (0.1146)	Prec@1 90.625 (96.022)
Epoch: [56][300/391]	Time 0.304 (0.304)	Data 0.000 (0.002)	Loss 0.1251 (0.1161)	Prec@1 92.969 (95.967)
Epoch: [56][350/391]	Time 0.306 (0.304)	Data 0.002 (0.002)	Loss 0.0958 (0.1167)	Prec@1 96.094 (95.907)
Test: [0/79]	Time 0.352 (0.352)	Loss 0.6348 (0.6348)	Prec@1 81.250 (81.250)
Test: [50/79]	Time 0.044 (0.075)	Loss 0.8352 (0.5561)	Prec@1 85.938 (86.474)
 * Prec@1 86.320
current lr 1.00000e-02
Epoch: [57][0/391]	Time 0.631 (0.631)	Data 0.309 (0.309)	Loss 0.0716 (0.0716)	Prec@1 96.094 (96.094)
Epoch: [57][50/391]	Time 0.306 (0.305)	Data 0.000 (0.007)	Loss 0.1483 (0.1127)	Prec@1 94.531 (95.879)
Epoch: [57][100/391]	Time 0.307 (0.305)	Data 0.000 (0.004)	Loss 0.0773 (0.1146)	Prec@1 98.438 (95.838)
Epoch: [57][150/391]	Time 0.307 (0.305)	Data 0.000 (0.003)	Loss 0.0797 (0.1114)	Prec@1 97.656 (95.990)
Epoch: [57][200/391]	Time 0.314 (0.305)	Data 0.023 (0.003)	Loss 0.1121 (0.1085)	Prec@1 97.656 (96.133)
Epoch: [57][250/391]	Time 0.305 (0.303)	Data 0.000 (0.002)	Loss 0.1247 (0.1104)	Prec@1 95.312 (96.053)
Epoch: [57][300/391]	Time 0.305 (0.304)	Data 0.000 (0.002)	Loss 0.1270 (0.1119)	Prec@1 96.094 (95.998)
Epoch: [57][350/391]	Time 0.306 (0.304)	Data 0.000 (0.002)	Loss 0.0821 (0.1141)	Prec@1 96.875 (95.889)
Test: [0/79]	Time 0.394 (0.394)	Loss 0.6194 (0.6194)	Prec@1 83.594 (83.594)
Test: [50/79]	Time 0.047 (0.077)	Loss 0.5569 (0.5801)	Prec@1 83.594 (86.581)
 * Prec@1 86.510
current lr 1.00000e-02
Epoch: [58][0/391]	Time 0.639 (0.639)	Data 0.307 (0.307)	Loss 0.0839 (0.0839)	Prec@1 97.656 (97.656)
Epoch: [58][50/391]	Time 0.294 (0.306)	Data 0.000 (0.007)	Loss 0.1116 (0.1129)	Prec@1 96.094 (96.216)
Epoch: [58][100/391]	Time 0.304 (0.305)	Data 0.000 (0.004)	Loss 0.1440 (0.1087)	Prec@1 93.750 (96.357)
Epoch: [58][150/391]	Time 0.308 (0.306)	Data 0.001 (0.003)	Loss 0.0680 (0.1077)	Prec@1 98.438 (96.270)
Epoch: [58][200/391]	Time 0.304 (0.306)	Data 0.000 (0.003)	Loss 0.1771 (0.1103)	Prec@1 93.750 (96.175)
Epoch: [58][250/391]	Time 0.299 (0.304)	Data 0.000 (0.002)	Loss 0.2009 (0.1161)	Prec@1 92.188 (95.904)
Epoch: [58][300/391]	Time 0.305 (0.303)	Data 0.000 (0.002)	Loss 0.0978 (0.1165)	Prec@1 96.094 (95.878)
Epoch: [58][350/391]	Time 0.317 (0.304)	Data 0.000 (0.002)	Loss 0.1531 (0.1175)	Prec@1 95.312 (95.833)
Test: [0/79]	Time 0.428 (0.428)	Loss 0.5175 (0.5175)	Prec@1 87.500 (87.500)
Test: [50/79]	Time 0.056 (0.076)	Loss 0.5249 (0.5610)	Prec@1 85.156 (86.305)
 * Prec@1 86.300
current lr 1.00000e-02
Epoch: [59][0/391]	Time 0.601 (0.601)	Data 0.294 (0.294)	Loss 0.0708 (0.0708)	Prec@1 98.438 (98.438)
Epoch: [59][50/391]	Time 0.297 (0.307)	Data 0.000 (0.006)	Loss 0.1253 (0.1063)	Prec@1 94.531 (96.216)
Epoch: [59][100/391]	Time 0.304 (0.305)	Data 0.000 (0.004)	Loss 0.0380 (0.0955)	Prec@1 99.219 (96.604)
Epoch: [59][150/391]	Time 0.308 (0.305)	Data 0.000 (0.002)	Loss 0.0979 (0.0998)	Prec@1 96.875 (96.435)
Epoch: [59][200/391]	Time 0.305 (0.305)	Data 0.000 (0.002)	Loss 0.0745 (0.1037)	Prec@1 96.875 (96.315)
Epoch: [59][250/391]	Time 0.266 (0.305)	Data 0.000 (0.002)	Loss 0.1688 (0.1069)	Prec@1 96.094 (96.200)
Epoch: [59][300/391]	Time 0.306 (0.303)	Data 0.000 (0.002)	Loss 0.1625 (0.1104)	Prec@1 92.969 (96.063)
Epoch: [59][350/391]	Time 0.301 (0.303)	Data 0.000 (0.002)	Loss 0.1552 (0.1125)	Prec@1 95.312 (95.969)
Test: [0/79]	Time 0.372 (0.372)	Loss 0.4021 (0.4021)	Prec@1 89.062 (89.062)
Test: [50/79]	Time 0.058 (0.077)	Loss 0.7071 (0.4980)	Prec@1 83.594 (88.097)
 * Prec@1 87.800
current lr 1.00000e-02
Epoch: [60][0/391]	Time 0.637 (0.637)	Data 0.308 (0.308)	Loss 0.1150 (0.1150)	Prec@1 96.094 (96.094)
Epoch: [60][50/391]	Time 0.306 (0.309)	Data 0.006 (0.007)	Loss 0.0688 (0.0966)	Prec@1 98.438 (96.615)
Epoch: [60][100/391]	Time 0.305 (0.306)	Data 0.000 (0.004)	Loss 0.1333 (0.0969)	Prec@1 96.875 (96.635)
Epoch: [60][150/391]	Time 0.304 (0.305)	Data 0.000 (0.003)	Loss 0.0847 (0.0981)	Prec@1 96.094 (96.590)
Epoch: [60][200/391]	Time 0.306 (0.305)	Data 0.000 (0.002)	Loss 0.1139 (0.1012)	Prec@1 96.094 (96.490)
Epoch: [60][250/391]	Time 0.305 (0.305)	Data 0.000 (0.002)	Loss 0.1385 (0.1028)	Prec@1 94.531 (96.433)
Epoch: [60][300/391]	Time 0.287 (0.304)	Data 0.000 (0.002)	Loss 0.2123 (0.1049)	Prec@1 92.188 (96.348)
Epoch: [60][350/391]	Time 0.305 (0.303)	Data 0.000 (0.002)	Loss 0.0997 (0.1045)	Prec@1 95.312 (96.359)
Test: [0/79]	Time 0.355 (0.355)	Loss 0.5328 (0.5328)	Prec@1 89.062 (89.062)
Test: [50/79]	Time 0.058 (0.076)	Loss 0.4911 (0.4998)	Prec@1 86.719 (87.500)
 * Prec@1 87.420
current lr 1.00000e-02
Epoch: [61][0/391]	Time 0.599 (0.599)	Data 0.296 (0.296)	Loss 0.2187 (0.2187)	Prec@1 92.188 (92.188)
Epoch: [61][50/391]	Time 0.306 (0.310)	Data 0.000 (0.006)	Loss 0.1474 (0.1013)	Prec@1 94.531 (96.400)
Epoch: [61][100/391]	Time 0.306 (0.305)	Data 0.000 (0.004)	Loss 0.1689 (0.0969)	Prec@1 93.750 (96.519)
Epoch: [61][150/391]	Time 0.304 (0.305)	Data 0.000 (0.003)	Loss 0.1303 (0.0978)	Prec@1 95.312 (96.518)
Epoch: [61][200/391]	Time 0.313 (0.306)	Data 0.013 (0.003)	Loss 0.0506 (0.1003)	Prec@1 98.438 (96.533)
Epoch: [61][250/391]	Time 0.306 (0.306)	Data 0.000 (0.002)	Loss 0.1043 (0.1005)	Prec@1 96.875 (96.501)
Epoch: [61][300/391]	Time 0.304 (0.306)	Data 0.000 (0.002)	Loss 0.1168 (0.1013)	Prec@1 95.312 (96.478)
Epoch: [61][350/391]	Time 0.304 (0.303)	Data 0.000 (0.002)	Loss 0.0486 (0.1025)	Prec@1 97.656 (96.423)
Test: [0/79]	Time 0.335 (0.335)	Loss 0.4164 (0.4164)	Prec@1 89.062 (89.062)
Test: [50/79]	Time 0.060 (0.078)	Loss 0.6717 (0.5095)	Prec@1 85.938 (87.975)
 * Prec@1 87.780
current lr 1.00000e-02
Epoch: [62][0/391]	Time 0.586 (0.586)	Data 0.268 (0.268)	Loss 0.0750 (0.0750)	Prec@1 97.656 (97.656)
Epoch: [62][50/391]	Time 0.303 (0.312)	Data 0.000 (0.007)	Loss 0.0732 (0.0930)	Prec@1 97.656 (96.814)
Epoch: [62][100/391]	Time 0.302 (0.306)	Data 0.000 (0.004)	Loss 0.0493 (0.0901)	Prec@1 98.438 (96.844)
Epoch: [62][150/391]	Time 0.305 (0.306)	Data 0.000 (0.003)	Loss 0.1339 (0.0922)	Prec@1 92.969 (96.735)
Epoch: [62][200/391]	Time 0.304 (0.306)	Data 0.000 (0.003)	Loss 0.0811 (0.0972)	Prec@1 98.438 (96.549)
Epoch: [62][250/391]	Time 0.304 (0.306)	Data 0.000 (0.002)	Loss 0.1431 (0.0990)	Prec@1 96.094 (96.520)
Epoch: [62][300/391]	Time 0.306 (0.306)	Data 0.000 (0.002)	Loss 0.0840 (0.1013)	Prec@1 97.656 (96.418)
Epoch: [62][350/391]	Time 0.305 (0.305)	Data 0.000 (0.002)	Loss 0.0599 (0.1018)	Prec@1 98.438 (96.363)
Test: [0/79]	Time 0.415 (0.415)	Loss 0.6073 (0.6073)	Prec@1 83.594 (83.594)
Test: [50/79]	Time 0.069 (0.078)	Loss 0.9288 (0.6259)	Prec@1 82.812 (85.309)
 * Prec@1 85.420
current lr 1.00000e-02
Epoch: [63][0/391]	Time 0.638 (0.638)	Data 0.340 (0.340)	Loss 0.1134 (0.1134)	Prec@1 97.656 (97.656)
Epoch: [63][50/391]	Time 0.306 (0.311)	Data 0.000 (0.007)	Loss 0.0444 (0.0938)	Prec@1 98.438 (96.599)
Epoch: [63][100/391]	Time 0.294 (0.305)	Data 0.001 (0.004)	Loss 0.1185 (0.0919)	Prec@1 94.531 (96.566)
Epoch: [63][150/391]	Time 0.304 (0.305)	Data 0.000 (0.003)	Loss 0.2478 (0.0910)	Prec@1 92.188 (96.621)
Epoch: [63][200/391]	Time 0.304 (0.305)	Data 0.000 (0.002)	Loss 0.0849 (0.0930)	Prec@1 96.875 (96.564)
