['resnet110', 'resnet1202', 'resnet20', 'resnet32', 'resnet44', 'resnet56']
Files already downloaded and verified
current lr 1.00000e-02
Epoch: [0][0/391]	Time 1.994 (1.994)	Data 0.337 (0.337)	Loss 9.3359 (9.3359)	Prec@1 7.031 (7.031)
Epoch: [0][50/391]	Time 0.064 (0.119)	Data 0.000 (0.008)	Loss 2.2421 (3.2736)	Prec@1 23.438 (15.089)
Epoch: [0][100/391]	Time 0.063 (0.092)	Data 0.000 (0.004)	Loss 1.9246 (2.6936)	Prec@1 24.219 (19.114)
Epoch: [0][150/391]	Time 0.064 (0.082)	Data 0.000 (0.003)	Loss 1.7399 (2.4210)	Prec@1 35.156 (22.605)
Epoch: [0][200/391]	Time 0.064 (0.078)	Data 0.000 (0.002)	Loss 1.6229 (2.2552)	Prec@1 40.625 (25.532)
Epoch: [0][250/391]	Time 0.064 (0.075)	Data 0.000 (0.002)	Loss 1.6718 (2.1433)	Prec@1 46.094 (27.780)
Epoch: [0][300/391]	Time 0.064 (0.073)	Data 0.000 (0.001)	Loss 1.5769 (2.0561)	Prec@1 41.406 (30.046)
Epoch: [0][350/391]	Time 0.064 (0.072)	Data 0.000 (0.001)	Loss 1.5244 (1.9929)	Prec@1 35.156 (31.597)
Test: [0/79]	Time 0.153 (0.153)	Loss 1.4868 (1.4868)	Prec@1 48.438 (48.438)
Test: [50/79]	Time 0.014 (0.018)	Loss 1.5769 (1.5186)	Prec@1 46.875 (46.783)
 * Prec@1 46.510
current lr 1.00000e-02
Epoch: [1][0/391]	Time 0.270 (0.270)	Data 0.164 (0.164)	Loss 1.6997 (1.6997)	Prec@1 37.500 (37.500)
Epoch: [1][50/391]	Time 0.064 (0.068)	Data 0.000 (0.003)	Loss 1.5810 (1.5403)	Prec@1 46.094 (43.765)
Epoch: [1][100/391]	Time 0.064 (0.066)	Data 0.000 (0.002)	Loss 1.1963 (1.5090)	Prec@1 53.906 (44.524)
Epoch: [1][150/391]	Time 0.064 (0.065)	Data 0.000 (0.001)	Loss 1.4631 (1.4754)	Prec@1 49.219 (45.576)
Epoch: [1][200/391]	Time 0.064 (0.065)	Data 0.000 (0.001)	Loss 1.3460 (1.4490)	Prec@1 49.219 (46.700)
Epoch: [1][250/391]	Time 0.064 (0.065)	Data 0.000 (0.001)	Loss 1.3820 (1.4216)	Prec@1 53.125 (47.915)
Epoch: [1][300/391]	Time 0.064 (0.065)	Data 0.000 (0.001)	Loss 1.1080 (1.4030)	Prec@1 60.156 (48.572)
Epoch: [1][350/391]	Time 0.064 (0.065)	Data 0.000 (0.001)	Loss 1.1113 (1.3837)	Prec@1 59.375 (49.359)
Test: [0/79]	Time 0.151 (0.151)	Loss 1.2330 (1.2330)	Prec@1 57.812 (57.812)
Test: [50/79]	Time 0.015 (0.017)	Loss 1.3653 (1.2297)	Prec@1 48.438 (55.990)
 * Prec@1 55.690
current lr 1.00000e-02
Epoch: [2][0/391]	Time 0.251 (0.251)	Data 0.170 (0.170)	Loss 1.3943 (1.3943)	Prec@1 49.219 (49.219)
Epoch: [2][50/391]	Time 0.064 (0.068)	Data 0.000 (0.003)	Loss 1.2253 (1.2196)	Prec@1 53.906 (55.867)
Epoch: [2][100/391]	Time 0.064 (0.066)	Data 0.000 (0.002)	Loss 0.9585 (1.1926)	Prec@1 70.312 (56.296)
Epoch: [2][150/391]	Time 0.064 (0.065)	Data 0.000 (0.001)	Loss 1.0830 (1.1801)	Prec@1 64.062 (56.928)
Epoch: [2][200/391]	Time 0.064 (0.065)	Data 0.000 (0.001)	Loss 1.1363 (1.1706)	Prec@1 53.906 (57.400)
Epoch: [2][250/391]	Time 0.064 (0.065)	Data 0.000 (0.001)	Loss 1.1468 (1.1641)	Prec@1 64.062 (57.750)
Epoch: [2][300/391]	Time 0.064 (0.065)	Data 0.000 (0.001)	Loss 1.0280 (1.1575)	Prec@1 64.844 (58.025)
Epoch: [2][350/391]	Time 0.064 (0.065)	Data 0.000 (0.001)	Loss 1.1381 (1.1497)	Prec@1 60.156 (58.494)
Test: [0/79]	Time 0.157 (0.157)	Loss 1.0505 (1.0505)	Prec@1 65.625 (65.625)
Test: [50/79]	Time 0.014 (0.018)	Loss 1.3132 (1.2208)	Prec@1 57.031 (59.023)
 * Prec@1 58.200
current lr 1.00000e-02
Epoch: [3][0/391]	Time 0.254 (0.254)	Data 0.165 (0.165)	Loss 1.0147 (1.0147)	Prec@1 64.844 (64.844)
Epoch: [3][50/391]	Time 0.064 (0.068)	Data 0.000 (0.003)	Loss 0.9285 (1.0666)	Prec@1 65.625 (61.581)
Epoch: [3][100/391]	Time 0.064 (0.066)	Data 0.000 (0.002)	Loss 1.1488 (1.0481)	Prec@1 59.375 (62.330)
Epoch: [3][150/391]	Time 0.064 (0.066)	Data 0.000 (0.001)	Loss 0.9919 (1.0483)	Prec@1 61.719 (62.340)
Epoch: [3][200/391]	Time 0.064 (0.065)	Data 0.000 (0.001)	Loss 0.9594 (1.0410)	Prec@1 66.406 (62.593)
Epoch: [3][250/391]	Time 0.064 (0.065)	Data 0.000 (0.001)	Loss 0.9515 (1.0359)	Prec@1 64.844 (62.842)
Epoch: [3][300/391]	Time 0.064 (0.065)	Data 0.000 (0.001)	Loss 1.0838 (1.0298)	Prec@1 57.812 (62.985)
Epoch: [3][350/391]	Time 0.064 (0.065)	Data 0.000 (0.001)	Loss 1.0045 (1.0218)	Prec@1 60.938 (63.239)
Test: [0/79]	Time 0.162 (0.162)	Loss 0.9944 (0.9944)	Prec@1 62.500 (62.500)
Test: [50/79]	Time 0.014 (0.018)	Loss 1.2395 (0.9902)	Prec@1 60.938 (64.691)
 * Prec@1 64.520
current lr 1.00000e-02
Epoch: [4][0/391]	Time 0.244 (0.244)	Data 0.152 (0.152)	Loss 1.1718 (1.1718)	Prec@1 57.812 (57.812)
Epoch: [4][50/391]	Time 0.064 (0.069)	Data 0.000 (0.003)	Loss 1.0942 (0.9151)	Prec@1 65.625 (67.969)
Epoch: [4][100/391]	Time 0.064 (0.067)	Data 0.000 (0.002)	Loss 0.9762 (0.9210)	Prec@1 65.625 (67.350)
Epoch: [4][150/391]	Time 0.064 (0.066)	Data 0.000 (0.001)	Loss 0.9421 (0.9258)	Prec@1 69.531 (67.286)
Epoch: [4][200/391]	Time 0.064 (0.065)	Data 0.000 (0.001)	Loss 0.8854 (0.9169)	Prec@1 67.969 (67.386)
Epoch: [4][250/391]	Time 0.064 (0.065)	Data 0.000 (0.001)	Loss 0.9403 (0.9214)	Prec@1 66.406 (67.259)
Epoch: [4][300/391]	Time 0.064 (0.065)	Data 0.000 (0.001)	Loss 0.9238 (0.9186)	Prec@1 64.062 (67.325)
Epoch: [4][350/391]	Time 0.064 (0.065)	Data 0.000 (0.001)	Loss 0.7980 (0.9141)	Prec@1 72.656 (67.501)
Test: [0/79]	Time 0.152 (0.152)	Loss 0.7775 (0.7775)	Prec@1 70.312 (70.312)
Test: [50/79]	Time 0.015 (0.018)	Loss 1.1898 (1.0308)	Prec@1 66.406 (65.411)
 * Prec@1 65.560
current lr 1.00000e-02
Epoch: [5][0/391]	Time 0.259 (0.259)	Data 0.166 (0.166)	Loss 0.8905 (0.8905)	Prec@1 67.188 (67.188)
